ARM GAS  /var/folders/d3/p12xj6d96hx5ptyrkl_lzds40000gn/T//cc8vAMlj.s 			page 1


   1              		.syntax unified
   2              		.cpu cortex-m0
   3              		.fpu softvfp
   4              		.eabi_attribute 20, 1
   5              		.eabi_attribute 21, 1
   6              		.eabi_attribute 23, 3
   7              		.eabi_attribute 24, 1
   8              		.eabi_attribute 25, 1
   9              		.eabi_attribute 26, 1
  10              		.eabi_attribute 30, 2
  11              		.eabi_attribute 34, 0
  12              		.eabi_attribute 18, 4
  13              		.thumb
  14              		.syntax unified
  15              		.file	"board.c"
  16              		.text
  17              	.Ltext0:
  18              		.section	.gnu.lto_.profile.39217d6897f69ac4,"",%progbits
  19 0000 789C6361 		.ascii	"x\234ca`d`a`\000\222|\314\000\000\211\000\034"
  19      60646061 
  19      6000927C 
  19      CC000089 
  19      001C
  20              		.text
  21              		.section	.gnu.lto_.icf.39217d6897f69ac4,"",%progbits
  22 0000 789C6361 		.ascii	"x\234ca`d\000\001\021\006\004`f\230?\363\3201.\306\365"
  22      60640001 
  22      11060460 
  22      66983FF3 
  22      D0312EC6 
  23 0015 331FB430 		.ascii	"3\037\26401-Y\374\3528#\003\000Z\243\010\221"
  23      312D59FC 
  23      EA382303 
  23      005AA308 
  23      91
  24              		.text
  25              		.section	.gnu.lto_.jmpfuncs.39217d6897f69ac4,"",%progbits
  26 0000 789C6361 		.ascii	"x\234ca`d\000\001N\006\004`\002\021 a\000\001\177\000"
  26      60640001 
  26      4E060460 
  26      02112061 
  26      00017F00 
  27 0014 12       		.ascii	"\022"
  28              		.text
  29              		.section	.gnu.lto_.inline.39217d6897f69ac4,"",%progbits
  30 0000 789C6361 		.ascii	"x\234ca`d\000\001m\006\004`b``\341a\004Q\014l\013\344"
  30      60640001 
  30      6D060460 
  30      626060E1 
  30      6104510C 
  31 0017 41140323 		.ascii	"A\024\003#\027\210``fB\025f\000\000-\221\001\350"
  31      17886060 
  31      66421566 
  31      00002D91 
  31      01E8
  32              		.text
  33              		.section	.gnu.lto_.pureconst.39217d6897f69ac4,"",%progbits
ARM GAS  /var/folders/d3/p12xj6d96hx5ptyrkl_lzds40000gn/T//cc8vAMlj.s 			page 2


  34 0000 789C6361 		.ascii	"x\234ca`d`e```b\220`d\000\000\000\315\000&"
  34      60646065 
  34      60606062 
  34      90606400 
  34      0000CD00 
  35              		.text
  36              		.section	.gnu.lto___early_init.39217d6897f69ac4,"",%progbits
  37 0000 789C6361 		.ascii	"x\234ca`d\000\201U@\314\005\304\322@\314\310\314\300"
  37      60640081 
  37      5540CC05 
  37      C4D240CC 
  37      C8CCC0
  38 0013 C834E11C 		.ascii	"\3104\341\034\003C#\007\023##\210\321\300\301\310P\317"
  38      03432307 
  38      13232388 
  38      D1C0C1C8 
  38      50CF
  39 0025 C458CFF8 		.ascii	"\304X\317\370\225\351/\023\343\241\366g;\2314\2277\000"
  39      95E92F13 
  39      E3A1F667 
  39      3B993497 
  39      3700
  40 0037 C183A7CF 		.ascii	"\301\203\247\317\014\032V\034`lef`\370\317\0046\211"
  40      0C1A561C 
  40      606C6566 
  40      60F8CF04 
  40      3689
  41 0049 817139A3 		.ascii	"\201q9\243&\003P\331\243\215\377\246\362\262\265\200"
  41      260350D9 
  41      A38DFFA6 
  41      F2B2B580 
  42 0059 94294024 		.ascii	"\224)@$\031W0\262\201\254[\037t\240\341\377\377\346"
  42      195730B2 
  42      81AC5B1F 
  42      74A0E1FF 
  42      FFE6
  43 006b 8686CF06 		.ascii	"\206\206\317\006\363\224\201:?\000%A\326|db\002\321"
  43      F394813A 
  43      3F002541 
  43      D67C6462 
  43      02D1
  44 007d CC2F189B 		.ascii	"\314/\030\233\017\354>\306\010R\0162h\347\3167\267\331"
  44      0FEC3EC6 
  44      08520E32 
  44      68E7CE37 
  44      B7D9
  45 008f EBFF3674 		.ascii	"\353\3776t44\010\26423\376g\002\232\301\270\222\261"
  45      343408B4 
  45      3233FE67 
  45      029AC1B8 
  45      92B1
  46 00a1 9EA19599 		.ascii	"\236\241\225\231\211\341\025c\323\201\275n`\245 \360"
  46      89E11563 
  46      D381BD6E 
  46      60A520F0 
  47 00b1 01280934 		.ascii	"\001(\0114\002h GR~bQ\212^2\003\000S\315A\243"
  47      02682047 
ARM GAS  /var/folders/d3/p12xj6d96hx5ptyrkl_lzds40000gn/T//cc8vAMlj.s 			page 3


  47      527E6251 
  47      8A5E3203 
  47      0053CD41 
  48              		.text
  49              		.section	.gnu.lto_boardInit.39217d6897f69ac4,"",%progbits
  50 0000 789C6361 		.ascii	"x\234ca`d\000\201j \346\002bi fdf`d\232p\216\201\241"
  50      60640081 
  50      6A20E602 
  50      62692066 
  50      64666064 
  51 0019 91838991 		.ascii	"\221\203\211\221\021\304h\340`d\250gb\254g\374\312\364"
  51      11C468E0 
  51      6064A867 
  51      62AC67FC 
  51      CAF4
  52 002b 9789F150 		.ascii	"\227\211\361P\373\263\235L\232\313\033\200\340\301\321"
  52      FBB39D4C 
  52      9ACB1B80 
  52      E0C1D1
  53 003a 6F060D2B 		.ascii	"o\006\015+\0160\266230\374g\002\233\304\300\270\234"
  53      0E30B632 
  53      3330FC67 
  53      029BC4C0 
  53      B89C
  54 004c 519301A8 		.ascii	"Q\223\001\250\354\321\306\177Sy\331Z@\312\024 \222\214"
  54      ECD1C67F 
  54      5379D95A 
  54      40CA1420 
  54      928C
  55 005e 2B18D940 		.ascii	"+\030\331@\326\255\017:\320\360\377\177sC\303]\203\333"
  55      D6AD0F3A 
  55      D0F0FF7F 
  55      7343C35D 
  55      83DB
  56 0070 CA40890F 		.ascii	"\312@\211\017@\014\262\346#\023\023\210f~\305\310\004"
  56      400CB2E6 
  56      23131388 
  56      667EC5C8 
  56      04
  57 0081 520A36ED 		.ascii	"R\0126\355\003\023#H\014\250\202#)?\261(E/\231\001\000"
  57      03132348 
  57      0CA88223 
  57      293FB128 
  57      452F9901 
  58 0096 ADD72FD6 		.ascii	"\255\327/\326"
  59              		.text
  60              		.section	.gnu.lto_pal_default_config.39217d6897f69ac4,"",%progbits
  61 0000 789C6361 		.ascii	"x\234ca`d\000\001E&\006(\213\201\341/\023\343\3727;"
  61      60640001 
  61      45260628 
  61      8B81E12F 
  61      13E3FA37 
  62 0015 7FF27E61 		.ascii	"\177\362~aje\006\012\002\271\377_\337\274\304\015\341"
  62      6A65060A 
  62      02B9FF5F 
  62      DFBCC40D 
  62      E1
ARM GAS  /var/folders/d3/p12xj6d96hx5ptyrkl_lzds40000gn/T//cc8vAMlj.s 			page 4


  63 0026 5EE8BAB2 		.ascii	"^\350\272\262\212\025(t\367\304\312\325\314\020\241"
  63      8A152874 
  63      F7C4CAD5 
  63      CC10A1
  64 0035 FF40C00F 		.ascii	"\377@\300\017\024jX\361u\016\217\305\266\206\216\005"
  64      146A58F1 
  64      750E8FC5 
  64      B6868E05 
  65 0045 0D05ADCC 		.ascii	"\015\005\255\314\214\377\230\030\030\2273\312\374cb"
  65      8CFF9818 
  65      189733CA 
  65      FC6362
  66 0054 84504C8C 		.ascii	"\204PL\214+A\0243\343\012\020\305\002\021d\205Pl \012"
  66      2B411433 
  66      E30A10C5 
  66      02116485 
  66      506C200A 
  67 0068 64D3A575 		.ascii	"d\323\245uK;X \306^]u\025l\323\272o-\355\314D\030\273"
  67      4B3B5820 
  67      C65E5D75 
  67      156CD3BA 
  67      6F2DEDCC 
  68 007f 1A8FB17F 		.ascii	"\032\217\261\177g\356\373\311\0067\226\013(2y\362\244"
  68      67EEFBC9 
  68      0637960B 
  68      283279F2 
  68      A4
  69 0090 9B7C4498 		.ascii	"\233|D\230\272\026\217\251\227\233\332\367@\035\333"
  69      BA168FA9 
  69      979BDAF7 
  69      401DDB
  70 009f 00042C40 		.ascii	"\000\004,@\241\025\347\017\376Fs\354zl\306\256\307c"
  70      A115E70F 
  70      FE4673EC 
  70      7A6CC6AE 
  70      C763
  71 00b1 ECAD55E7 		.ascii	"\354\255U\347\236\302\303`\352*6\240\320\231\337S\377"
  71      9EC2C360 
  71      EA2A36A0 
  71      D099DF53 
  71      FF
  72 00c2 F0228440 		.ascii	"\360\"\204@\301\322w\350\324bVT\2336a\263i#\036\233"
  72      C1D277E8 
  72      D4625654 
  72      9B3661B3 
  72      69231E9B 
  73 00d6 161E5DD9 		.ascii	"\026\036]\331\315\0101#\240\225\231\351\037\023;\343"
  73      CD083123 
  73      A09599E9 
  73      1F133BE3 
  74 00e6 66468B7F 		.ascii	"fF\213\177L\034\214\033@\024'\343:\020\305\305\270\006"
  74      4C1C8C1B 
  74      401427E3 
  74      3A10C5C5 
  74      B806
  75 00f8 447133AE 		.ascii	"Dq3\256b\264``\334\002$\000%'\271F"
  75      62B46060 
ARM GAS  /var/folders/d3/p12xj6d96hx5ptyrkl_lzds40000gn/T//cc8vAMlj.s 			page 5


  75      DC022400 
  75      2527B946 
  76              		.text
  77              		.section	.gnu.lto_.symbol_nodes.39217d6897f69ac4,"",%progbits
  78 0000 789C6361 		.ascii	"x\234ca`d\360`\000\002\246m\214\365\014\014\023\316"
  78      6064F060 
  78      0002A66D 
  78      8CF50C0C 
  78      13CE
  79 0012 313000A9 		.ascii	"10\000\251]\015\212@\221\355\214\365\214(\"\254[\031"
  79      5D0D8A40 
  79      91ED8CF5 
  79      8C2822AC 
  79      5B19
  80 0024 191A8580 		.ascii	"\031\032\205\200\212\031w0\3263\201\245\030\030\032"
  80      8A197730 
  80      D63381A5 
  80      18181A
  81 0033 1A141818 		.ascii	"\032\024\030\030\230\201p\311\203\177\214\014\000t\243"
  81      988170C9 
  81      837F8C0C 
  81      0074A3
  82 0042 10C0     		.ascii	"\020\300"
  83              		.text
  84              		.section	.gnu.lto_.refs.39217d6897f69ac4,"",%progbits
  85 0000 789C6361 		.ascii	"x\234ca`\004B \000\000\0009\000\007"
  85      60044220 
  85      00000039 
  85      0007
  86              		.text
  87              		.section	.gnu.lto_.decls.39217d6897f69ac4,"",%progbits
  88 0000 789CA556 		.ascii	"x\234\245VkPSG\024\276'7\204\020\2420\322\351\370\203"
  88      6B505347 
  88      14BE2737 
  88      8410A230 
  88      D2E9F883 
  89 0014 9952278E 		.ascii	"\231R'\216\314t\340J\264\235\376\254\205\321:C+S\255"
  89      CC74E04A 
  89      B49DFEAC 
  89      85D13A43 
  89      2B53AD
  90 0027 FD990949 		.ascii	"\375\231\011I\224LC\222&\241\325\351\217^\204jm\253"
  90      944C4392 
  90      26A1D5E9 
  90      8F5E846A 
  90      6DAB
  91 0039 80769C62 		.ascii	"\200v\234bm\353\203\251\340\203\004\361\011Uc\255\200"
  91      6DEB83A9 
  91      E08304F1 
  91      095563AD 
  91      80
  92 004a C8332848 		.ascii	"\3103(Hy\030\345\351\210\012>\241\255\265gw/\271\020"
  92      7918E5E9 
  92      880A3EA1 
  92      ADB56777 
  92      2FB910
  93 005d D169A73B 		.ascii	"\321i\247;|\273{v\277\375\316\331\263\007.J\0168\322"
ARM GAS  /var/folders/d3/p12xj6d96hx5ptyrkl_lzds40000gn/T//cc8vAMlj.s 			page 6


  93      7CBB7B76 
  93      BFFDCED9 
  93      B3072E4A 
  93      0E38D2
  94 0070 6EA939AE 		.ascii	"n\2519\256\003\247#8\177\212M\211\343jNn<\3420\302\213"
  94      03A72338 
  94      7F8A4D89 
  94      E36A4E6E 
  94      3CE230C2 
  95 0085 A8409053 		.ascii	"\250@\220S\303\334\364vX\342\221s7\021\207\244u\205"
  95      C3DCF476 
  95      58E29173 
  95      371187A4 
  95      7585
  96 0097 B457C13D 		.ascii	"\264W\301=\333\274\222\326\244/\220\326\302\333\260"
  96      DBBC92D6 
  96      A42F90D6 
  96      C2DBB0
  97 00a6 A4BD00D1 		.ascii	"\244\275\000\321\201\030Bh\021\315\210\000\242\021\321"
  97      81184268 
  97      11CD8800 
  97      A211D1
  98 00b5 8668405C 		.ascii	"\206h@\\F\264 z\020\275\210k\210 \342\372\014\272\244"
  98      46B4207A 
  98      10BD886B 
  98      8820E2FA 
  98      0CBAA4
  99 00c8 3D51C081 		.ascii	"=Q\300\201\242+U|\027t\002\306\012\261,\022`=Pp\014"
  99      A22B557C 
  99      177402C6 
  99      0AB12C12 
  99      603D5070 
 100 00dd D4C48982 		.ascii	"\324\304\211\202\366\234\274\004\223D\322c\247\000i"
 100      F69CBC04 
 100      9344D263 
 100      A70069
 101 00ec 8D0B89D1 		.ascii	"\215\013\211\321\037\351<\3151mTDV\007\351\020\204\""
 101      1FE93CCD 
 101      316D5444 
 101      5607E910 
 101      8422
 102 00fe A0DB1CDB 		.ascii	"\240\333\034\333\017\251\262A!\037\230\242\307\302\225"
 102      0FA9B241 
 102      211F98A2 
 102      C7C295
 103 010d E4E49843 		.ascii	"\344\344\230Cw\202\311K\217\335.h\212\341\025@\346\327"
 103      7782C94B 
 103      8FDD2E68 
 103      8AE11540 
 103      E6D7
 104 011f 264A9726 		.ascii	"&J\227&\037\022\261\025\212\242\342\02593\255\371\276"
 104      1F12B115 
 104      8AA2E215 
 104      3933ADF9 
 104      BE
 105 0130 5DFC0305 		.ascii	"]\374\003\005\314\321\200\222\234i\334\3317\033\315"
 105      CCD18092 
ARM GAS  /var/folders/d3/p12xj6d96hx5ptyrkl_lzds40000gn/T//cc8vAMlj.s 			page 7


 105      9C69DCD9 
 105      371BCD
 106 013f 97349080 		.ascii	"\2274\220\200\346\223\213\337\357T\314\335A\317\345"
 106      E6938BDF 
 106      EF54CCDD 
 106      41CFE5
 107 014e 89094A58 		.ascii	"\211\011JX\3752\034\204x8\000\361\350\350\020\314\305"
 107      FD321C84 
 107      783800F1 
 107      E8E810CC 
 107      C5
 108 015f 3E53C994 		.ascii	">S\311\224\366\234\253\334\245\234\267[\334\355\023"
 108      F69CABDC 
 108      A59CB75B 
 108      DCED13
 109 016e 836323DA 		.ascii	"\203c#\332\035yb\035\036K ,(\005\036\312 \231D\207S"
 109      1D79621D 
 109      1E4B202C 
 109      28051ECA 
 109      20994487 
 110 0183 32EC872E 		.ascii	"2\354\207.\014\3730\314\303\223\015\203=\237\361\257"
 110      0CFB30CC 
 110      C3930D83 
 110      3D9FF1AF 
 111 0193 D23847CE 		.ascii	"\3228G\316\324\337R\243\210\317'\372\217\326j\305\302"
 111      D4DF52A3 
 111      88CF27FA 
 111      8FD66AC5 
 111      C2
 112 01a4 5C517C8B 		.ascii	"\\Q|\213J\224\313\022\345S%\274TB\034\256\356\216\341"
 112      4A94CB12 
 112      E55325BC 
 112      54421CAE 
 112      EE8EE1
 113 01b7 5FA31AC7 		.ascii	"_\243\032\307\275\225\367g\241FP\024\203\023\247?\315"
 113      BD95F767 
 113      A1465014 
 113      8313A73F 
 113      CD
 114 01c8 DDB7D15F 		.ascii	"\335\267\321_\0104Z\360\311\">*\202\223\012*Pw\276\374"
 114      08345AF0 
 114      C9223E2A 
 114      82930A2A 
 114      5077BEFC 
 115 01dc 5134EFA0 		.ascii	"Q4\357\240\002\371\375w\232\242YN\276\001\264\377\034"
 115      02F9FD77 
 115      9AA2594E 
 115      BE01B4FF 
 115      1C
 116 01ed 3D7E3986 		.ascii	"=~9\206%%\250F\373\351\315\316}Ql\177\224\360O\236\276"
 116      2525A846 
 116      FBE9CDCE 
 116      7D516C7F 
 116      94F04F9E 
 117 0202 AD67663C 		.ascii	"\255gf<ZU=c\376h\211MN\267\015\356\311\327\262\355\026"
 117      5A553D63 
 117      FE68894D 
ARM GAS  /var/folders/d3/p12xj6d96hx5ptyrkl_lzds40000gn/T//cc8vAMlj.s 			page 8


 117      4EB70DEE 
 117      C9D7B2ED 
 118 0217 C2DE5A50 		.ascii	"\302\336ZPY\241\3417\000uu'\177 (\271\232\213f`\264"
 118      59A1E137 
 118      00757527 
 118      7F2028B9 
 118      9A8B6660 
 119 022c E107C98C 		.ascii	"\341\007\311\214E\263{\363\306\037U\374fF\355\251+;"
 119      45B37BF3 
 119      C61F55FC 
 119      6646EDA9 
 119      2B3B
 120 023e 485E6A81 		.ascii	"H^j\201\006H!\304\340\222w\344\324\304,\266D\030\201"
 120      064821C4 
 120      E09277E4 
 120      D4C42CB6 
 120      441881
 121 0251 827B2591 		.ascii	"\202{%\221\374VJW\324l\251<\022\015\211\232\237\311"
 121      FC564A57 
 121      D46CA93C 
 121      120D899A 
 121      9FC9
 122 0263 E305EFD7 		.ascii	"\343\005\357\327\247\025m\302\227\207s\240\201\263r"
 122      A7156DC2 
 122      978773A0 
 122      81B372
 123 0272 161668B0 		.ascii	"\026\026h\260\377R\0247\220\367\235S7\233\013=/\370"
 123      FF521437 
 123      90F79D53 
 123      379B0B3D 
 123      2FF8
 124 0284 21910813 		.ascii	"!\221\010\023\"\234\301\305\323\270\210N\312J\212\366"
 124      229CC1C5 
 124      D3B8884E 
 124      CA4A8AF6 
 125 0294 AAF831E6 		.ascii	"\252\3701\346\244\370\350\201\307\232\220\223\207\005"
 125      A4F8E881 
 125      C79A9093 
 125      8705
 126 02a2 8BB1C462 		.ascii	"\213\261\304b\3417\364\361\253\354\003]>\327\311\371"
 126      E137F4F1 
 126      ABEC035D 
 126      3ED7C9F9 
 127 02b2 999DDCA8 		.ascii	"\231\235\334\250\352\316U\360\265\254vwV?\250\217`I"
 127      EACE55F0 
 127      B5AC7677 
 127      563FA88F 
 127      6049
 128 02c4 21D9BFBB 		.ascii	"!\331\277\273\375B\243\202\277\304\366\006\257\346\025"
 128      FD42A382 
 128      BFC4F606 
 128      AFE615
 129 02d3 ABF85666 		.ascii	"\253\370Vf\024>\351\024U|'3\266\334\035\337\243\344"
 129      143EE914 
 129      557C2733 
 129      B6DC1DDF 
 129      A3E4
ARM GAS  /var/folders/d3/p12xj6d96hx5ptyrkl_lzds40000gn/T//cc8vAMlj.s 			page 9


 130 02e5 83CCE8CC 		.ascii	"\203\314\350\314{\334>\213\037\244FT\371\304\327\375"
 130      7BDC3E8B 
 130      1FA44654 
 130      F9C4D7FD 
 131 02f5 5AD0E9E2 		.ascii	"Z\320\351\342t\272D\235N\267\227\004\026<\321\361\371"
 131      74BA449D 
 131      4EB79704 
 131      163CD1F1 
 131      F9
 132 0306 F6FD1BC5 		.ascii	"\366\375\033\305B#\215\376\002F\337\004qr\234\325\264"
 132      42238DFE 
 132      0246DF04 
 132      71729CD5 
 132      B4
 133 0317 E053B0E3 		.ascii	"\340S\260\343(\337\377\250Y;I\256\013'\327\310\344\""
 133      28DFFFA8 
 133      593B49AE 
 133      0B27D7C8 
 133      E422
 134 0329 E9574E04 		.ascii	"\351WN\004\017\007'\220p\234\356\021:\336\031Z\361\372"
 134      0F072790 
 134      709CEE11 
 134      3ADE195A 
 134      F1FA
 135 033b CDA08300 		.ascii	"\315\240\203\000\242\021\321\206h@\\F\264\200\216\026"
 135      A211D186 
 135      68405C46 
 135      B4808E16 
 136 034b 28F3D72B 		.ascii	"(\363\327+\373\253\017\367'\204\305\266#\020\342^\012"
 136      FBAB0FF7 
 136      2784C5B6 
 136      2310E25E 
 136      0A
 137 035c E756C9B1 		.ascii	"\347V\311\261\321G\363w\241\260\250&$Nz0\331\351\375"
 137      D147F377 
 137      A1B0A826 
 137      244E7A30 
 137      D9E9FD
 138 036f E6F862D1 		.ascii	"\346\370b\321\237\317S\251\2133\272=\010\262\337?\344"
 138      9FCF53A9 
 138      8B33BA3D 
 138      08B2DF3F 
 138      E4
 139 0380 186B67CE 		.ascii	"\030kg\316\311T\36669\312_fN7c\343\363\235\375;\277"
 139      C954F636 
 139      39CA5F66 
 139      4E3763E3 
 139      F39DFD3B 
 140 0395 45C5FFC4 		.ascii	"E\305\377\304\323\232\313+\031+RCb\034\013\2778\000"
 140      D39ACB2B 
 140      192B5243 
 140      621C0BBF 
 140      3800
 141 03a7 24FC0E3C 		.ascii	"$\374\016<}E.9r\233\347$\037\3321\347\377%\377\350\277"
 141      7D452E39 
 141      729BE724 
 141      1FDA31E7 
ARM GAS  /var/folders/d3/p12xj6d96hx5ptyrkl_lzds40000gn/T//cc8vAMlj.s 			page 10


 141      FF25FFE8 
 142 03bc 7470D756 		.ascii	"tp\327V\351W\370M4\2175\236\354\215\340\217\320p\240"
 142      E957F84D 
 142      348F359E 
 142      EC8DE08F 
 142      D070A0
 143 03cf FB5EFBA6 		.ascii	"\373^\373\246h\376\0243\274\177}\273_\305\373\231\321"
 143      68FE1433 
 143      BC7F7DBB 
 143      5FC5FB99 
 143      D1
 144 03e0 F6B86593 		.ascii	"\366\270e\223\206\257\245F\344@MIu$\026\035\266\304"
 144      86AFA546 
 144      E4404D49 
 144      7524161D 
 144      B6C4
 145 03f2 B8BD34F4 		.ascii	"\270\2754\364\326@|.\315.\011\276\013\203\357\3031\024"
 145      D6407C2E 
 145      CD2E09BE 
 145      0B83EFC3 
 145      3114
 146 0404 E6B44745 		.ascii	"\346\264GE\366\325\367I\266\010\365\367pj\325\364\334"
 146      F6D5F749 
 146      B608F5F7 
 146      706AD5F4 
 146      DC
 147 0415 22793444 		.ascii	"\"y4D\356\014'_\2050\341\361\020\367T8\367\3443\302"
 147      EE0C275F 
 147      8530E1F1 
 147      10F75438 
 147      F7E433C2 
 148 0429 DFAD9C24 		.ascii	"\337\255\234$w\207\223\217\205WVu\200VV\337\364\312"
 148      7787938F 
 148      85575675 
 148      805656DF 
 148      F4CA
 149 043b 9AF62847 		.ascii	"\232\366(G\361p%=\327'\275\310\015|\221\036\314~/\342"
 149      F170253D 
 149      D727BDC8 
 149      0D7C911E 
 149      CC7E2FE2 
 150 044f 1A2288B8 		.ascii	"\032\"\210\270.\277\304\271\211\221/b\370&V\011\276"
 150      2EBFC4B9 
 150      89912F62 
 150      F8265609 
 150      BE
 151 0460 FCB27165 		.ascii	"\374\262qe\250\022\036\266\321J\030D\241~\271\022\372"
 151      A8121EB6 
 151      D14A1844 
 151      A17EB912 
 151      FA
 152 0471 9EAD8449 		.ascii	"\236\255\204I\2470\200\276\376\245\337~\337\011\177"
 152      A73080BE 
 152      FEA5DF7E 
 152      DF097F
 153 0480 4C9C24E3 		.ascii	"L\234$\343\177\256\014\367\"\215\232\316\366!\345\374"
 153      7FAE0CF7 
ARM GAS  /var/folders/d3/p12xj6d96hx5ptyrkl_lzds40000gn/T//cc8vAMlj.s 			page 11


 153      228D9ACE 
 153      F621E5FC 
 154 0490 7DA20F3F 		.ascii	"}\242\017?Mc\343\313\267\211\342;0\204\347\216\260h"
 154      4D63E3CB 
 154      B789E23B 
 154      3084E78E 
 154      B068
 155 04a2 A72483AC 		.ascii	"\247$\203\254\254\302\377A\206a>\371\374\014x\207\264"
 155      ACC2FF41 
 155      86613EF9 
 155      FC0C7887 
 155      B4
 156 04b3 DAAFE4BF 		.ascii	"\332\257\344\277\237\364S&\177\206o\202\226~\310\310"
 156      9FF45326 
 156      7F866F82 
 156      967EC8C8 
 157 04c3 A835182C 		.ascii	"\2505\030,F\227m\275\301j\267z\324\313\336\373 !5%\205"
 157      46976DBD 
 157      C16AB77A 
 157      D4CBDEFB 
 157      20213525 
 158 04d8 53673A8C 		.ascii	"Sg:\214.s\262\211\213\242\223\345\270\027\353\366d/"
 158      2E73B289 
 158      8BA293E5 
 158      B817EBF6 
 158      642F
 159 04ea D21B4C36 		.ascii	"\322\033L6\207\351#J\326''\013\251Y\326L\353\212\225"
 159      87E9234A 
 159      D627270B 
 159      A959D64C 
 159      EB8A95
 160 04fd 82C32D64 		.ascii	"\202\303-d\031m\202\323\341\362\270\205\225\253\336"
 160      196D82D3 
 160      E1F2B885 
 160      95ABDE
 161 050c 5DA467FD 		.ascii	"]\244g\375\322\205\353\326\221\035\203\315fN\316\342"
 161      D285EBD6 
 161      911D83CD 
 161      664ECEE2 
 162 051c E638716A 		.ascii	"\3468qj\266\2541\346\330<\006\223\303\276\306\272V\225"
 162      B6AC31E6 
 162      D83C0693 
 162      C3BEC6BA 
 162      5695
 163 052e 919666F4 		.ascii	"\221\226f\364\030\225\3065.\233\306`\310\261\332=\350"
 163      1895C635 
 163      2E9BC660 
 163      C8B1DA3D 
 163      E8
 164 053f C5F3A190 		.ascii	"\305\363\241\220\343v\011\350\013U\327\232LIFWv\222"
 164      E37609E8 
 164      0B55D79A 
 164      4C494657 
 164      7692
 165 0551 DD61B724 		.ascii	"\335a\267$Y\214\231\326\244\327\015\213\223\364\013"
 165      598C99D6 
 165      A4D70D8B 
ARM GAS  /var/folders/d3/p12xj6d96hx5ptyrkl_lzds40000gn/T//cc8vAMlj.s 			page 12


 165      93F40B
 166 0560 53DEF858 		.ascii	"S\336\370X/L\333\020\254v\223-\307l\021\262\215\246"
 166      2F4CDB10 
 166      AC76932D 
 166      C76C11B2 
 166      8DA6
 167 0572 2CABDD22 		.ascii	",\253\335\"\204\234y\326;-n\214@=\351 \375\3779p\257"
 167      849C79D6 
 167      3B2D6E8C 
 167      403DE920 
 167      FDFF3970 
 168 0587 770B06B7 		.ascii	"w\013\006\267\307\214j\250\312;\314\256\010g\216\323"
 168      C78C6AA8 
 168      CA3BCCAE 
 168      08678ED3 
 169 0597 EC8A74B8 		.ascii	"\354\212t\270\235\026\213\331\245r\020\217\256\210l"
 169      9D168BD9 
 169      A572108F 
 169      AE886C
 170 05a6 87D9E222 		.ascii	"\207\331\342\"\227\313Z\364\342t\245\247\247\011\313"
 170      97CB5AF4 
 170      E274A5A7 
 170      A709CB
 171 05b5 3296AFF8 		.ascii	"2\226\257\370D/8\345|\261\234\257uZ\035\006\267\305"
 171      442F38E5 
 171      7CB19CAF 
 171      755A1D06 
 171      B7C5
 172 05c7 93E33478 		.ascii	"\223\3434xT\031\251$_\252\214\267\331\260\204\015K\311"
 172      5419A924 
 172      5FAA8CB7 
 172      D9B0840D 
 172      4BC9
 173 05d9 1095B124 		.ascii	"\020\225\261$=\225f\365\037\333\03075"
 173      3D9566F5 
 173      1FDB1837 
 173      35
 174              		.text
 175              		.section	.gnu.lto_.symtab.39217d6897f69ac4,"",%progbits
 176 0000 5F5F6561 		.ascii	"__early_init\000"
 176      726C795F 
 176      696E6974 
 176      00
 177 000d 00       		.ascii	"\000"
 178 000e 00       		.ascii	"\000"
 179 000f 00       		.ascii	"\000"
 180 0010 00000000 		.ascii	"\000\000\000\000\000\000\000\000"
 180      00000000 
 181 0018 AD000000 		.ascii	"\255\000\000\000"
 182 001c 626F6172 		.ascii	"boardInit\000"
 182      64496E69 
 182      7400
 183 0026 00       		.ascii	"\000"
 184 0027 00       		.ascii	"\000"
 185 0028 00       		.ascii	"\000"
 186 0029 00000000 		.ascii	"\000\000\000\000\000\000\000\000"
 186      00000000 
ARM GAS  /var/folders/d3/p12xj6d96hx5ptyrkl_lzds40000gn/T//cc8vAMlj.s 			page 13


 187 0031 AF000000 		.ascii	"\257\000\000\000"
 188 0035 70616C5F 		.ascii	"pal_default_config\000"
 188      64656661 
 188      756C745F 
 188      636F6E66 
 188      696700
 189 0048 00       		.ascii	"\000"
 190 0049 00       		.ascii	"\000"
 191 004a 00       		.ascii	"\000"
 192 004b 00000000 		.ascii	"\000\000\000\000\000\000\000\000"
 192      00000000 
 193 0053 E8000000 		.ascii	"\350\000\000\000"
 194 0057 73746D33 		.ascii	"stm32_clock_init\000"
 194      325F636C 
 194      6F636B5F 
 194      696E6974 
 194      00
 195 0068 00       		.ascii	"\000"
 196 0069 02       		.ascii	"\002"
 197 006a 00       		.ascii	"\000"
 198 006b 00000000 		.ascii	"\000\000\000\000\000\000\000\000"
 198      00000000 
 199 0073 B1000000 		.ascii	"\261\000\000\000"
 200              		.text
 201              		.section	.gnu.lto_.opts,"",%progbits
 202 0000 272D666D 		.ascii	"'-fmath-errno' '-fsigned-zeros' '-ftrapping-math' '"
 202      6174682D 
 202      6572726E 
 202      6F272027 
 202      2D667369 
 203 0033 2D666E6F 		.ascii	"-fno-trapv' '-fno-openmp' '-fno-openacc' '-mcpu=cor"
 203      2D747261 
 203      70762720 
 203      272D666E 
 203      6F2D6F70 
 204 0066 7465782D 		.ascii	"tex-m0' '-mno-thumb-interwork' '-mthumb' '-ggdb' '-"
 204      6D302720 
 204      272D6D6E 
 204      6F2D7468 
 204      756D622D 
 205 0099 4F322720 		.ascii	"O2' '-fomit-frame-pointer' '-falign-functions=16' '"
 205      272D666F 
 205      6D69742D 
 205      6672616D 
 205      652D706F 
 206 00cc 2D666675 		.ascii	"-ffunction-sections' '-fdata-sections' '-fno-common"
 206      6E637469 
 206      6F6E2D73 
 206      65637469 
 206      6F6E7327 
 207 00ff 2720272D 		.ascii	"' '-flto'\000"
 207      666C746F 
 207      2700
 208              		.text
 209              		.comm	__gnu_lto_v1,1,1
 210              		.comm	__gnu_lto_slim,1,1
 211              		.ident	"GCC: (GNU Tools for ARM Embedded Processors) 5.4.1 20160609 (release) [ARM/embedded-5-bran
ARM GAS  /var/folders/d3/p12xj6d96hx5ptyrkl_lzds40000gn/T//cc8vAMlj.s 			page 14


ARM GAS  /var/folders/d3/p12xj6d96hx5ptyrkl_lzds40000gn/T//cc8vAMlj.s 			page 15


DEFINED SYMBOLS
                            *ABS*:0000000000000000 board.c
                            *COM*:0000000000000001 __gnu_lto_v1
                            *COM*:0000000000000001 __gnu_lto_slim

NO UNDEFINED SYMBOLS
