ARM GAS  /var/folders/d3/p12xj6d96hx5ptyrkl_lzds40000gn/T//cce7a7D0.s 			page 1


   1              		.syntax unified
   2              		.cpu cortex-m0
   3              		.fpu softvfp
   4              		.eabi_attribute 20, 1
   5              		.eabi_attribute 21, 1
   6              		.eabi_attribute 23, 3
   7              		.eabi_attribute 24, 1
   8              		.eabi_attribute 25, 1
   9              		.eabi_attribute 26, 1
  10              		.eabi_attribute 30, 2
  11              		.eabi_attribute 34, 0
  12              		.eabi_attribute 18, 4
  13              		.thumb
  14              		.syntax unified
  15              		.file	"chcore_v6m.c"
  16              		.text
  17              	.Ltext0:
  18              		.section	.gnu.lto_.profile.5aa7dac2a4e10797,"",%progbits
  19 0000 789C6361 		.ascii	"x\234ca`d`a`\000\222J\342\000\000\305\000D"
  19      60646061 
  19      6000924A 
  19      E20000C5 
  19      0044
  20              		.text
  21              		.section	.gnu.lto_.icf.5aa7dac2a4e10797,"",%progbits
  22 0000 789C6361 		.ascii	"x\234ca`d\000\001^\006\004`b8\265d\337On\306\023\007"
  22      60640001 
  22      5E060460 
  22      6238B564 
  22      DF4F6EC6 
  23 0016 E6173300 		.ascii	"\346\0273\000\000)\255\005\340"
  23      0029AD05 
  23      E0
  24              		.text
  25              		.section	.gnu.lto_.jmpfuncs.5aa7dac2a4e10797,"",%progbits
  26 0000 789C6361 		.ascii	"x\234ca`d\000\001n\006\004`\002bF \250g`\000\000\003"
  26      60640001 
  26      6E060460 
  26      02624620 
  26      A8676000 
  27 0016 5E0096   		.ascii	"^\000\226"
  28              		.text
  29              		.section	.gnu.lto_.inline.5aa7dac2a4e10797,"",%progbits
  30 0000 789C6361 		.ascii	"x\234ca`d\000\201x\006\004`b`\340\344`d`\342y\020\313"
  30      60640081 
  30      78060460 
  30      6260E0E4 
  30      606460E2 
  31 0017 C0B6409E 		.ascii	"\300\266@\236\011$\306\310 $\302\310\314\240\220\375"
  31      0924C6C8 
  31      2024C2C8 
  31      CCA090FD 
  32 0027 9789B1AD 		.ascii	"\227\211\261\255\253\365\010\353\027\246Vf\006\306\217"
  32      ABF508EB 
  32      17A65666 
  32      06C68F
  33 0036 FFFFFFE7 		.ascii	"\377\377\377\347g\\\316(\303\300\240\220\005\245\201"
ARM GAS  /var/folders/d3/p12xj6d96hx5ptyrkl_lzds40000gn/T//cce7a7D0.s 			page 2


  33      675CCE28 
  33      C3C0A090 
  33      05A581
  34 0045 06B20075 		.ascii	"\006\262\000u\200u\262,\220\027`\020[U\305\0026\227"
  34      8075B22C 
  34      90176010 
  34      5B55C502 
  34      3697
  35 0057 1B2C0100 		.ascii	"\033,\001\000\220\330\021="
  35      90D8113D 
  36              		.text
  37              		.section	.gnu.lto_.pureconst.5aa7dac2a4e10797,"",%progbits
  38 0000 789C6361 		.ascii	"x\234ca`d`g```b\330\305\310\270\213\021\000\005\321"
  38      60646067 
  38      60606062 
  38      D8C5C8B8 
  38      8B110005 
  39 0015 0186     		.ascii	"\001\206"
  40              		.text
  41              		.section	.gnu.lto_NMI_Handler.5aa7dac2a4e10797,"",%progbits
  42 0000 789C9552 		.ascii	"x\234\225R\337KSq\024?\347~\357\2567\235\366\330CB\333"
  42      DF4B5371 
  42      143FE77E 
  42      EFAE379D 
  42      F6D84342 
  43 0015 830F92ED 		.ascii	"\203\017\222\355\006Ao=\204\021\3640\014\367\007D\335"
  43      06416F3D 
  43      8411F430 
  43      0CF70744 
  43      DD
  44 0026 168ED28D 		.ascii	"\026\216\322\215m\226\321\203\327\351\212\014D(\305"
  44      6D96D183 
  44      D7E98A0C 
  44      4428C5
  45 0035 7E2129A2 		.ascii	"~!)\242\375\320\322\262\314\312V\226\021\246\020T \371"
  45      FDD0D2B2 
  45      CCCA5696 
  45      11A61054 
  45      20F9
  46 0047 20D31492 		.ascii	" \323\024\222\304\205\203\242\324\316\371n\204\316^"
  46      C48583A2 
  46      D4CEF96E 
  46      84CE5E
  47 0056 BAB07BF7 		.ascii	"\272\260{\367=\347s>\337\317\371\234\243\002\002?\011"
  47      3DE7733E 
  47      DFCFF99C 
  47      A302023F 
  47      09
  48 0067 01F099BE 		.ascii	"\001\360\231\276[\351\207\002Pi\034\007\250\321\025"
  48      5BE98702 
  48      50691C07 
  48      A8D115
  49 0076 44FE63E9 		.ascii	"D\376c\351\010\325\012VcRYV\360\345\271\331\307Ja\247"
  49      08D50A56 
  49      63525956 
  49      F0E5B9D9 
  49      C74A61A7 
ARM GAS  /var/folders/d3/p12xj6d96hx5ptyrkl_lzds40000gn/T//cce7a7D0.s 			page 3


  50 008a 45CF5447 		.ascii	"E\317TG\253\260\272b\030\245\362UE2\001vb!\020\354}"
  50      ABB0BA62 
  50      18A5F255 
  50      45320176 
  50      622110EC 
  51 009f DDBD6B62 		.ascii	"\335\275kbI\211\012D\225\216\211\261+\323y|T\320A\307"
  51      49890A44 
  51      958E89B1 
  51      2BD3797C 
  51      54D041C7 
  52 00b3 FAB7336D 		.ascii	"\372\2673m\233\205\013\031\271\2602Yo/h\267\254\210"
  52      9B850B19 
  52      B9B03259 
  52      6F2F68B7 
  52      AC88
  53 00c5 15BB38B2 		.ascii	"\025\2738\262\345\262\025\253sD\205\300[(\210\024ob"
  53      E5B215AB 
  53      734485C0 
  53      5B288814 
  53      6F62
  54 00d7 3E7661BE 		.ascii	">va\276$'t\274w\245)W\253\343\353\035x\033\013R\027"
  54      242774BC 
  54      77A52957 
  54      ABE3EB1D 
  54      781B0B52 
  55 00ec E31DD4A8 		.ascii	"\343\035\324\250\025\205#\004\232\275\360z(K\354\222"
  55      15852304 
  55      9ABDF07A 
  55      284BEC92 
  56 00fc F4B18EFE 		.ascii	"\364\261\216\376O\230\242\237J&vw\367Y\326\371}Q\241"
  56      4F98A29F 
  56      4A267677 
  56      F759D6F9 
  56      7D51A1
  57 010f 62F7467E 		.ascii	"b\367F~\354\301\202\273\2451ku\265\226\232\3336\320"
  57      ECC182BB 
  57      A5316B75 
  57      B5969ADB 
  57      36D0
  58 0121 32A76791 		.ascii	"2\247g\221\035D\252\312\267\015\242\302\246I\030\300"
  58      1D44AACA 
  58      B70DA2C2 
  58      A64918C0 
  59 0131 225DCCF6 		.ascii	"\"]\314\366$\024\205\277b\016k\342\311\237\017\305z"
  59      241485BF 
  59      620E6BE2 
  59      C99F0FC5 
  59      7A
  60 0142 91B1D157 		.ascii	"\221\261\321W/P\223\002W\025\334\320\0013\341]\002\000"
  60      2F509302 
  60      5715DCD0 
  60      0133E15D 
  60      0200
  61 0154 DE631880 		.ascii	"\336c\030\200\217 \315\015\315\255\252\363T\253\325"
  61      8F20CD0D 
  61      CDADAAF3 
  61      54ABD5
ARM GAS  /var/folders/d3/p12xj6d96hx5ptyrkl_lzds40000gn/T//cce7a7D0.s 			page 4


  62 0163 424E685C 		.ascii	"BNh\\\264\034\217NoR\351F\354E\2474b$~\177P\243\010"
  62      B41C8F4E 
  62      6F52E946 
  62      EC45A734 
  62      62247E7F 
  63 017a F6A15A2B 		.ascii	"\366\241Z+\230\340>\252\020\307\310\024\213`6&\347\014"
  63      98E03EAA 
  63      10C7C814 
  63      8B603626 
  63      E70C
  64 018c C73AE253 		.ascii	"\307:\342S\2324IJ\237\305\310\367s\277\025\016\324\012"
  64      9A34494A 
  64      9FC5C8F7 
  64      73BF150E 
  64      D40A
  65 019e 91C2C813 		.ascii	"\221\302\310\0237I\021\002\324^;\273\320\222\227B\020"
  65      37491102 
  65      D45E3BBB 
  65      D0929742 
  65      10
  66 01af BF583B43 		.ascii	"\277X;CD\007> \313\326\025\251)\326\221\313Z\252\310"
  66      44073E20 
  66      CBD615A9 
  66      29D691CB 
  66      5AAAC8
  67 01c2 C6A13482 		.ascii	"\306\2414\202\212\337\314\317\\\327\305\031\351\300"
  67      8ADFCCCF 
  67      5CD7C519 
  67      E9C0
  68 01d0 FC4C6238 		.ascii	"\374Lb8'=\361_\023v\253\261F\347\201\364\377c \017\231"
  68      273DF15F 
  68      1376ABB1 
  68      46E781F4 
  68      FF63200F 
  69 01e5 DA067318 		.ascii	"\332\006s\030\211'\277=\312\364\366\374;dD\332]%\323"
  69      8927BF3D 
  69      CAF4F6FC 
  69      3B6444DA 
  69      5D25D3
  70 01f8 5DC047D2 		.ascii	"]\300G\322\331\001^\016\204z\244|[k\337\217lg\013\246"
  70      D9015E0E 
  70      847AA47C 
  70      5B6BDF8F 
  70      6C670BA6 
  71 020c BCCDE292 		.ascii	"\274\315\342\222\356\351'\226.\275}\234\366v\362\312"
  71      EEE92796 
  71      2EBD7D9C 
  71      F676F2CA 
  72 021c E0A56CF6 		.ascii	"\340\245l\366v\220\275\265Q\346\211\334\342\366\336"
  72      7690BDB5 
  72      51E689DC 
  72      E2F6DE
  73 022b C83BBBF3 		.ascii	"\310;\273\363*\256\031\314xC\344\206]\026?\345b|\206"
  73      2AAE19CC 
  73      7843E486 
  73      5D163FE5 
  73      627C86
ARM GAS  /var/folders/d3/p12xj6d96hx5ptyrkl_lzds40000gn/T//cce7a7D0.s 			page 5


  74 023e 7FBB96D2 		.ascii	"\177\273\226\322\200\327b)Y\224\241\374\355\030\246"
  74      80D76229 
  74      5994A1FC 
  74      ED18A6
  75 024d 558B0CD5 		.ascii	"U\213\014\325\261\345\246\011\264\001\016qR\315HZ\375"
  75      B1E5A609 
  75      B4010E71 
  75      52CD485A 
  75      FD
  76 025e 3B009F73 		.ascii	";\000\237s\306\266\261\331\230l\366\205|\303(7\3335"
  76      C6B6B1D9 
  76      986CF685 
  76      7CC32837 
  76      DB35
  77 0270 34FCC5EE 		.ascii	"4\374\305\356\374\220\326\253s\311\367\236\276\2179"
  77      FC90D6AB 
  77      73C9F79E 
  77      BE8F39
  78 027f 52EF4BA9 		.ascii	"R\357K\251w\230\364~\245\005\211\316\351\254G\272\276"
  78      7798F47E 
  78      A50589CE 
  78      E9AC47BA 
  78      BE
  79 0290 488B4A1B 		.ascii	"H\213J\033M\240\355.\227Q\\\346;\342+\361\030\376\220"
  79      4DA0ED2E 
  79      97515CE6 
  79      3BE22BF1 
  79      18FE90
  80 02a3 110C1B01 		.ascii	"\021\014\033\001\1770\0342\366\226\272\213\335U\206"
  80      7F301C32 
  80      F696BA8B 
  80      DD5586
  81 02b2 5966FA83 		.ascii	"Yf\372\203\336C'w\227\273LP\315pU@\013zC\225'\302\256"
  81      DE432777 
  81      97BB4C50 
  81      CD705540 
  81      0B7A4395 
  82 02c9 F575DEAA 		.ascii	"\365u\336\252\260Q\354\366\034\360\030\276\012\363D"
  82      B051ECF6 
  82      1CF018BE 
  82      0AF344
  83 02d8 E551AF21 		.ascii	"\345Q\257!\353\314\362\375\225\025\246\253\014r\335"
  83      EBCCF2FD 
  83      9515A6AB 
  83      0C72DD
  84 02e7 A51E47C1 		.ascii	"\245\036G\301\316\"G \024\310\006\261'\010ya\177\240"
  84      CE224720 
  84      14C806B1 
  84      27087961 
  84      7FA0
  85 02f9 E4D8C1A0 		.ascii	"\344\330\301\240\337\364\204\017\233\307s\335\236RN"
  85      DFF4840F 
  85      9BC773DD 
  85      9E524E
  86 0308 16112A1B 		.ascii	"\026\021*\033\224 \210P\340?\304\225\201n\006B>\257"
  86      94208850 
  86      E03FC495 
ARM GAS  /var/folders/d3/p12xj6d96hx5ptyrkl_lzds40000gn/T//cce7a7D0.s 			page 6


  86      816E0642 
  86      3EAF
  87 031a C30759E5 		.ascii	"\303\007Y\345\336r\177\3604\374\001\264[\222\314"
  87      DE727FF0 
  87      34FC01B4 
  87      5B92CC
  88              		.text
  89              		.section	.gnu.lto__port_irq_epilogue.5aa7dac2a4e10797,"",%progbits
  90 0000 789C9554 		.ascii	"x\234\225T\377OSW\024\277\347\335\367^K[\300\337\366"
  90      FF4F5357 
  90      14BFE7DD 
  90      F75E4B5B 
  90      C0DFF6
  91 0013 0B59CA0F 		.ascii	"\013Y\312\017\204\230\261\326m\031\376\304\017\013\313"
  91      8498B1D6 
  91      6D19FEC4 
  91      0F0BCB
  92 0022 922D6954 		.ascii	"\222-iT\372\007,\263\262@\006\266i\313\202?\361h\251"
  92      FA072CB3 
  92      B24006B6 
  92      69CB823F 
  92      F168A9
  93 0035 4C4CD87E 		.ascii	"LL\330~\030\204\211\246Ab\2009\020p\312\370\"V\276\310"
  93      188489A6 
  93      41628039 
  93      1070CAF8 
  93      2256BEC8 
  94 0049 140519CC 		.ascii	"\024\005\031\314\230`\010\024d\313t\3062\231\023\002"
  94      98600814 
  94      64CB74C6 
  94      32991302 
  95 0059 DD39F7BD 		.ascii	"\3359\367\275M\251n\211Mz\337\275\347\333\347\334\317"
  95      4DA96E89 
  95      4D7ADFBD 
  95      E7DBE7DC 
  95      CF
  96 006a B9E7C80C 		.ascii	"\271\347\310\014\030\375rU\306\026\360\353\302?\230"
  96      18FD7255 
  96      C616F0EB 
  96      C23F98
  97 0079 18485F4D 		.ascii	"\030H_M1Vm\226$\336\\\3004\213\272\276\213i6.\311C\257"
  97      31566D96 
  97      24DE5CC0 
  97      348BBABE 
  97      8B69362E 
  98 0090 E3499973 		.ascii	"\343I\231s\342I\006U7R\376\331\250\000\264\321\314\300"
  98      E2490655 
  98      3752FED9 
  98      A800B4D1 
  98      CCC0
  99 00a2 AA242E2B 		.ascii	"\252$.+*T\301\272\264%\301H\355j\277\264\273M\303\337"
  99      2A54C1BA 
  99      B425C148 
  99      ED6ABFB4 
  99      BB4DC3DF 
 100 00b6 E2F8933D 		.ascii	"\342\370\223=Z{\014\"\234\261\244$\260\031\264\301n"
 100      5A7B0C22 
ARM GAS  /var/folders/d3/p12xj6d96hx5ptyrkl_lzds40000gn/T//cce7a7D0.s 			page 7


 100      9CB1A424 
 100      B019B4C1 
 100      6E
 101 00c7 B49AA9E9 		.ascii	"\264\232\251\351>\311\037K\021\016 \3431q\363\304r\006"
 101      3EC91F4B 
 101      110E20E3 
 101      3171F3C4 
 101      7206
 102 00d9 1D25B0E3 		.ascii	"\035%\260\343q\241k{H\345\016`\270o\276S\233\233{F\323"
 102      71A16B7B 
 102      48E50E60 
 102      B86FBE53 
 102      9B9B7B46 
 103 00ee 429AD650 		.ascii	"B\232\326P\254\245E8\207o\201c8\350\200,h\207,\206\""
 103      ACA54538 
 103      876F8163 
 103      38E8802C 
 103      68872C86 
 104 0103 06672197 		.ascii	"\006g!\227\254\343=\333\015\351j\015\241\333uL\370\016"
 104      ACE33DDB 
 104      0DE96A0D 
 104      A1DB754C 
 104      F80E
 105 0115 54BC37A5 		.ascii	"T\2747\245Vwm\345t&\177K\204}\270}\267\316\226\323J"
 105      56776DE5 
 105      74267F4B 
 105      847DB87D 
 105      B7CE96D3 
 106 012a 7163B313 		.ascii	"qc\263\023Y\337h\261\032{\204\313\320\2713\266H\271"
 106      59DF68B1 
 106      1A7B84CB 
 106      D0B933B6 
 106      48B9
 107 013c 0B72D063 		.ascii	"\013r\320c\365\370\370\260\211\347\013\357\330\231\013"
 107      F5F8F8B0 
 107      89E70BEF 
 107      D8990B
 108 014b B741F75E 		.ascii	"\267A\367^\334L\344w\366j\332\261\367#\\\201s/q\357"
 108      DC4CE477 
 108      F66ADAB1 
 108      F7235C81 
 108      732F71EF 
 109 015f 869C7345 		.ascii	"\206\234sE1-\231\014##{\227\216\2655@\206\004\224\261"
 109      312D990C 
 109      23237B97 
 109      8EB53540 
 109      860494B1 
 110 0173 2262AB62 		.ascii	"\"b\253b5\341=T\263\260\266\342\326\304\330#L\2378N"
 110      35E13D54 
 110      B3B0B6E2 
 110      D6C4D823 
 110      4C9F384E 
 111 0187 48127DF9 		.ascii	"H\022}\371\022\324\314\207[\277T\351FaN\027:Z\027\031"
 111      12D4CC87 
 111      5BBF54E9 
 111      46614E17 
 111      3A5A1719 
ARM GAS  /var/folders/d3/p12xj6d96hx5ptyrkl_lzds40000gn/T//cce7a7D0.s 			page 8


 112 019b 53883633 		.ascii	"S\21063$\222\311d&\364\030\230\011\211\263\346\002\376"
 112      2492C964 
 112      26F41898 
 112      0989B3E6 
 112      02FE
 113 01ad 0B54C737 		.ascii	"\013T\3077\227:y\0121\004'xa)\224\305&\327\0170\350"
 113      973A790A 
 113      31042778 
 113      612994C5 
 113      26D70F30 
 114 01c2 05352941 		.ascii	"\0055)A\252\352\217\372\313\360.\203\363\244\224R\224"
 114      AAEA8FFA 
 114      CBF02E83 
 114      F3A49452 
 114      94
 115 01d3 5A228FC1 		.ascii	"Z\"\217\301\367\244\341/\024\001.\020\016\\\024+k\002"
 115      F7A4E12F 
 115      14012E10 
 115      0E5C142B 
 115      6B02
 116 01e5 D4B70F8F 		.ascii	"\324\267\017\217\336\263e\267@TkB\316\323\310e\255\253"
 116      DEB365B7 
 116      40546B42 
 116      CED3C865 
 116      ADAB
 117 01f7 F767AB8C 		.ascii	"\367g\253\214\027\206>\310\306\365\007\220\031e\277"
 117      17863EC8 
 117      C6F50790 
 117      1965BF
 118 0206 F1343F25 		.ascii	"\3614?%\217\343OZP\247')\247\242\021{\014\372\005\326"
 118      8FE34F5A 
 118      50A72729 
 118      A7A2117B 
 118      0CFA05D6 
 119 021a 00AE58F8 		.ascii	"\000\256X\370\016Bl\254o\214\312\331}\006\242\205\334"
 119      0E426CAC 
 119      6F8CCAD9 
 119      7D06A285 
 119      DC
 120 022b B6E291E5 		.ascii	"\266\342\221\3454\2018H\210(\271\032??\240\242\004\206"
 120      34813848 
 120      8828B91A 
 120      3F3FA0A2 
 120      0486
 121 023d 400E7333 		.ascii	"@\016s3j.!R\034B\213\233O/r\212G\341IC\262\361\315["
 121      6A2E2152 
 121      1C428B9B 
 121      4F2F728A 
 121      47E14943 
 122 0255 32652120 		.ascii	"2e! \331*\204\326j\347\200\004a\256\3506\222Pw\221\213"
 122      D92A84D6 
 122      6AE78004 
 122      61AEE836 
 122      92507791 
 123 026a 8206E193 		.ascii	"\202\006\341\223GoG\337\326-\310\010\021g\227\306\032"
 123      476F47DF 
 123      D62DC808 
ARM GAS  /var/folders/d3/p12xj6d96hx5ptyrkl_lzds40000gn/T//cce7a7D0.s 			page 9


 123      116797C6 
 123      1A
 124 027b 15BD0B16 		.ascii	"\025\275\013\026E\375\206\261~;\034U=\362\303\250Ew"
 124      45FD86B1 
 124      7E3B1C55 
 124      3DF2C3A8 
 124      4577
 125 028d 3491C8B0 		.ascii	"4\221\310\260\300\000\023\367WN\231\371 \210j\335_I"
 125      C00013F7 
 125      574E99F9 
 125      20886ADD 
 125      5F49
 126 029f 8C5A8D27 		.ascii	"\214Z\215'}\251\226\033OZ\201\313/y\2231\012nB\212C"
 126      7DA9961B 
 126      4F5A81CB 
 126      2F799331 
 126      0A6E428A 
 127 02b4 F1CDDFFB 		.ascii	"\361\315\337\373x\3523\330>@\026\006\313\312\2135\275"
 127      78EA33D8 
 127      3E401606 
 127      CBCA8B35 
 127      BD
 128 02c5 22181EA1 		.ascii	"\"\030\036\241\316\002v\235\030>\035\355\375\313\222"
 128      CE02769D 
 128      183E1DED 
 128      FDCB92
 129 02d4 7DC760D8 		.ascii	"}\307`\330J.\235\313\203\232Y0<j0|\367\304\300\327\026"
 129      4A2E9DCB 
 129      839A5930 
 129      3C6A307C 
 129      F7C4C0D7 
 130 02e9 62788C18 		.ascii	"bx\214\030\306'\016\343\242\375[{B7l\331\363\317\227"
 130      C6270EE3 
 130      A2FD5B7B 
 130      42376CD9 
 130      F3CF97
 131 02fc 67AA3ED4 		.ascii	"g\252>\324b\023\316W\305\203\230\020\245\320\231\211"
 131      6213CE57 
 131      C5839810 
 131      A5D09989 
 132 030c 198C3FEE 		.ascii	"\031\214?\356\036\013)\006\023+mk\015iD\245\254S\211"
 132      1E0B2906 
 132      132B6D6B 
 132      0D6944A5 
 132      AC5389
 133 031f A2B9E999 		.ascii	"\242\271\351\231Ik\024NUS\322\357`O\331\220u\370\221"
 133      496B144E 
 133      5553D2EF 
 133      604FD990 
 133      75F891
 134 0332 2840ED83 		.ascii	"(@\355\203\226\336f\325\371&\315\223k\020\205m1\237"
 134      96DE66D5 
 134      F926CD93 
 134      6B10856D 
 134      319F
 135 0344 E03A3869 		.ascii	"\340:8i:\335\333\230N\323\373\012]\3150\211>\277B8\326"
 135      3ADDDB98 
ARM GAS  /var/folders/d3/p12xj6d96hx5ptyrkl_lzds40000gn/T//cce7a7D0.s 			page 10


 135      4ED3FB0A 
 135      5DCD3089 
 135      3EBF4238 
 136 0359 6454C18A 		.ascii	"dT\301\2126\375\375\017\346MU[\332\027\232\266+\302"
 136      36FDFD0F 
 136      E64D555B 
 136      DA179AB6 
 136      2BC2
 137 036b D3931231 		.ascii	"\323\223\0221r\003\252\020'\203\211V=\370\314\27012"
 137      7203AA10 
 137      27838956 
 137      3DF8CCB8 
 137      3132
 138 037d 326DA280 		.ascii	"2m\242\200&$\354\346\277M*\263G\257q\274\310F\355\237"
 138      2624ECE6 
 138      BF4D2AB3 
 138      47AF71BC 
 138      C846ED9F 
 139 0391 EDFB8D8B 		.ascii	"\355\373\215\213\354\310z\357\377d=%\262\246\221\016"
 139      ECC87AEF 
 139      FF643D25 
 139      B2A6910E 
 140 03a1 D322EBE7 		.ascii	"\323\"\353\3472\322\216DxfR\"\206oaJ\204\245\260\263"
 140      32D28E44 
 140      78665222 
 140      866F614A 
 140      84A5B0B3 
 141 03b5 393AD642 		.ascii	"9:\326B\307+c\315<\303\372\351?\260\250_f\015,U\314"
 141      C72B63CD 
 141      3CC3FAE9 
 141      3FB0A85F 
 141      660D2C55 
 142 03ca ABDF2014 		.ascii	"\253\337 \024\233\375H\2373\214\306\031\220\030y~\303"
 142      9BFD489F 
 142      338CC619 
 142      9018797E 
 142      C3
 143 03db E1701696 		.ascii	"\341p\026\226\224\036,\335\347vz\003N\177\320\351\363"
 143      941E2CDD 
 143      E7767A03 
 143      4E7FD0E9 
 143      F3
 144 03ec FA8301E7 		.ascii	"\372\203\001\347{E\256BW\245\323S\342\361\372\213?\376"
 144      7B45AE42 
 144      57A5D353 
 144      E2F1FA8B 
 144      3FFE
 145 03fe 3CBFDCE1 		.ascii	"<\277\334\341aR\231_\366\004+}\252\2778PQ\026t\354t"
 145      6152995F 
 145      F6042B7D 
 145      AABF3850 
 145      511674EC 
 146 0413 2DAE0C3A 		.ascii	"-\256\014:\013]\356\017\335\316\322\303\236\262\212"
 146      0B5DEE0F 
 146      DDCED2C3 
 146      9EB28A
 147 0422 43C54EE1 		.ascii	"C\305N\341\352)\377\240\342\260\307Q\362\012H%\314\354"
ARM GAS  /var/folders/d3/p12xj6d96hx5ptyrkl_lzds40000gn/T//cce7a7D0.s 			page 11


 147      EA29FFA0 
 147      E2B0C751 
 147      F20A4825 
 147      CCEC
 148 0434 F1054A0F 		.ascii	"\361\005J\017\331K\231\251\274\270\334\353?\302\322"
 148      D94B99A9 
 148      BCB8DCEB 
 148      3FC2D2
 149 0443 5D456E7B 		.ascii	"]En{\316\236<\273/\340\2630^\340g\031A\257o\337\247"
 149      CE9E3CBB 
 149      2FE0B330 
 149      5EE06719 
 149      41AF6FDF 
 150 0458 FBFD5E8F 		.ascii	"\373\375^\217;\370\211\347\263t\227\273\210\224yhea"
 150      3BF889E7 
 150      B37497BB 
 150      88947968 
 150      6561
 151 046a 929FF180 		.ascii	"\222\237\361\200\217\375\015\214\232bV"
 151      8FFD0D8C 
 151      9A6256
 152              		.text
 153              		.section	.gnu.lto_.symbol_nodes.5aa7dac2a4e10797,"",%progbits
 154 0000 789C6361 		.ascii	"x\234ca`dHd\000\002\246\351\214\365\014\014\023\316"
 154      60644864 
 154      0002A6E9 
 154      8CF50C0C 
 154      13CE
 155 0012 313000A9 		.ascii	"10\000\251]\015\212@\221\031\214\365\214(\"\214\263"
 155      5D0D8A40 
 155      91198CF5 
 155      8C28228C 
 155      B3
 156 0023 18EB99C0 		.ascii	"\030\353\231\300\"\014\014\015\013\024\200\002\263\031"
 156      220C0C0D 
 156      0B148002 
 156      B319
 157 0031 EB995104 		.ascii	"\353\231Q\004f2\326\263\300\004\032\200\002\314\214"
 157      6632D6B3 
 157      C0041A80 
 157      02CC8C
 158 0040 2C0C4F8E 		.ascii	",\014O\216\237\227a\000\000m&\026\275"
 158      9F976100 
 158      006D2616 
 158      BD
 159              		.text
 160              		.section	.gnu.lto_.refs.5aa7dac2a4e10797,"",%progbits
 161 0000 789C6361 		.ascii	"x\234ca`d\340d```bdb\022db\026b\000\000\001\227\000"
 161      6064E064 
 161      60606062 
 161      64621264 
 161      62166200 
 162 0018 3E       		.ascii	">"
 163              		.text
 164              		.section	.gnu.lto_.decls.5aa7dac2a4e10797,"",%progbits
 165 0000 789CA556 		.ascii	"x\234\245V}PT\327\025\177\347\275\005\227\335\345c\220"
 165      7D5054D7 
ARM GAS  /var/folders/d3/p12xj6d96hx5ptyrkl_lzds40000gn/T//cce7a7D0.s 			page 12


 165      157FE7BD 
 165      0597DDE5 
 165      6390
 166 0012 76EC0CD3 		.ascii	"v\354\014\323a\034fd\332\201\025I3\375\243\177\264\245"
 166      611C6664 
 166      DA811549 
 166      33FDA37F 
 166      B4A5
 167 0024 93C6999A 		.ascii	"\223\306\231\232:!\332\376\321\351\233uY\331\235,\013"
 167      3A21DAFE 
 167      D1E99B75 
 167      59D99D2C 
 167      0B
 168 0035 EE2E8DFE 		.ascii	"\356.\215\376\325\207  $\01221\200`\020\025\024\345"
 168      D5872020 
 168      240A3231 
 168      80601015 
 168      14E5
 169 0047 23804434 		.ascii	"#\200D4\321\015\024A\214)\242\242\240\024\010\020\022"
 169      D10D1441 
 169      8C29A2A2 
 169      A0140810 
 169      12
 170 0058 05E4ABF2 		.ascii	"\005\344\253\362%\332s\357}\273oA\230\311L\337\354y"
 170      25DA73EF 
 170      7DBB6F41 
 170      98C94CDF 
 170      EC79
 171 006a FBCEBDE7 		.ascii	"\373\316\275\347\376\316\357\234{\357\271W\305\001G"
 171      FECEEF9C 
 171      7BEFB957 
 171      C50147
 172 0079 1EAD3FC7 		.ascii	"\036\255?\307\325\361\034\027\216\352+|\004l\333\215"
 172      D5F11C17 
 172      8EEA2B7C 
 172      046CDB8D 
 173 0089 427A7771 		.ascii	"Bzwq\354\361A\251Bi@iD\271\214\342\342^\177\210\215"
 173      ECF141A9 
 173      42694069 
 173      44B98CE2 
 173      E25E7F88 
 174 009e 9F3C3E18 		.ascii	"\237<>\030%\004\245\007e\020e\013\312S\224\011\224\031"
 174      2504A507 
 174      6510650B 
 174      CA539409 
 174      9419
 175 00b0 D9DE571E 		.ascii	"\331\336W\0363\217\262\214\362\212\370E\307*x\035\233"
 175      338FB28C 
 175      F28AF845 
 175      C72A781D 
 175      9B
 176 00c1 F80E5A85 		.ascii	"\370\016Z\205]\273\012\377\252\314y\306\313W'\341\217"
 176      5DBB0AFF 
 176      AACC79C6 
 176      CB5727E1 
 176      8F
 177 00d2 78D7893F 		.ascii	"x\327\211?\374\307P\271;(\367d\256\004W\215\355\032"
ARM GAS  /var/folders/d3/p12xj6d96hx5ptyrkl_lzds40000gn/T//cce7a7D0.s 			page 13


 177      FCC750B9 
 177      3B28F764 
 177      AE04578D 
 177      ED1A
 178 00e4 147F50B8 		.ascii	"\024\177P\270\270\274b]\375,\363P\231w\377\212\360\010"
 178      B8BC625D 
 178      FD2CF350 
 178      9977FF8A 
 178      F008
 179 00f6 7A00F120 		.ascii	"z\000\361 \210\266\002\2607P\341\230P\025?x\372\346"
 179      88B602B0 
 179      3750E198 
 179      50153F78 
 179      FAE6
 180 0108 9426701B 		.ascii	"\224&p\033\2227\276x\220\3338\017\030\375\311\343\351"
 180      9237BE78 
 180      90DB380F 
 180      18FDC9E3 
 180      E9
 181 0119 DCD08782 		.ascii	"\334\320\207\202(\350 \017\002\017\003\332\315\261~"
 181      28E8200F 
 181      020F03DA 
 181      CDB17E
 182 0128 0F2AFBE3 		.ascii	"\017*\373\343\225\001^x\214\256\014\247p\366\304\004"
 182      95015E78 
 182      8CAE0CA7 
 182      70F6C404 
 183 0138 EEA09F35 		.ascii	"\356\240\2375\017\235\344\005\036\310w\377\302\271\267"
 183      0F9DE405 
 183      1EC877FF 
 183      C2B9B7
 184 0147 A22E4AF8 		.ascii	"\242.J\370\344J\022\377s%3w\322k\213\205Y\036\2025\240"
 184      E44A12FF 
 184      73253377 
 184      D26B8B85 
 184      591E8235 
 185 015c 4275EA76 		.ascii	"Bu\352v\321P\000\252!\032\010Cu\371\346\211\"~\323q"
 185      D15000AA 
 185      211A0843 
 185      75F9E689 
 185      227ED371 
 186 0170 3A2E4D0A 		.ascii	":.M\012S\301\356\237\302\005\010\205J\010EG\027a\023"
 186      53C1EE9F 
 186      C2050885 
 186      4A084547 
 186      176113
 187 0183 BEF7A818 		.ascii	"\276\367\250\030\322b\303\324/6\227J\245\265\322@\377"
 187      D262C3D4 
 187      2F36974A 
 187      A5B5D240 
 187      FF
 188 0194 6C4CA1E4 		.ascii	"lL\241\344J\307Q<1\202s \300y\210\"\344\360\223\374"
 188      4AC7513C 
 188      31827320 
 188      C0798822 
 188      E4F093FC 
 189 01a8 55C02364 		.ascii	"U\300#d]\005\233\011\267\311\2316\255\020Ky~\372x\252"
ARM GAS  /var/folders/d3/p12xj6d96hx5ptyrkl_lzds40000gn/T//cce7a7D0.s 			page 14


 189      5D059B09 
 189      B7C99936 
 189      AD104B79 
 189      7EFA78AA 
 190 01bc 6A83B09B 		.ascii	"j\203\260\233|\363\243y\345\365\032\320EdK\322A\342"
 190      7CF3A379 
 190      E5F51AD0 
 190      45644BD2 
 190      41E2
 191 01ce 3EB83DC0 		.ascii	">\270=\300\333?|\006\021\260K'\003\227\023\216\003\257"
 191      DB3F7C06 
 191      11B04B27 
 191      0397138E 
 191      03AF
 192 01e0 6EEC9D4A 		.ascii	"n\354\235J#^kA\0075\212\327]:\306\361ho\373a\265\212"
 192      235E6B41 
 192      07358AD7 
 192      5D3AC6F1 
 192      686FFB61 
 193 01f6 2C026280 		.ascii	",\002b\200\314\261m\344~{\211\260n\214\3654\306:\220"
 193      CCB16DE4 
 193      7E7B89B0 
 193      6E8CF534 
 193      C63A90
 194 0209 832C39F5 		.ascii	"\203,9\365\315\264\332\035\345|\300\3614\251\035\307"
 194      CDB4DA1D 
 194      E57CC0F1 
 194      34A91DC7 
 195 0219 851133A8 		.ascii	"\205\0213\250V\374U{G\331@\243\034\277]W\027(d\002\015"
 195      56FC557B 
 195      47D940A3 
 195      1CBF5D57 
 195      17286402 
 196 022e B3BCF0C5 		.ascii	"\263\274\360\3055-\302\014 \347\245\354\367\322Og\270"
 196      352DC20C 
 196      20E7A5EC 
 196      F7D24F67 
 196      B8
 197 023f 72812614 		.ascii	"r\201&\024.)(\227(\012~4R\204\301\201\263\323Z\341&"
 197      2E292897 
 197      280A7E34 
 197      5284C181 
 197      B3D35AE1 
 198 0254 43987AE0 		.ascii	"C\230z\340Z\362g\010\256\256.\035\016\247\243?WF\177"
 198      5AF26708 
 198      AEAE2E1D 
 198      0EA7A33F 
 198      57467F
 199 0267 EE1E7D99 		.ascii	"\356\036}\231\216.-x\376\203\257\320\307F\337n\275["
 199      8E2E2D78 
 199      FE83AFD0 
 199      C746DF6E 
 199      BD5B
 200 0279 B04198A3 		.ascii	"\260A\230\243\212j\270\272\241[\000\277P\300\240!\""
 200      8A6AB8BA 
 200      A15B00BF 
 200      50C0A021 
ARM GAS  /var/folders/d3/p12xj6d96hx5ptyrkl_lzds40000gn/T//cce7a7D0.s 			page 15


 200      22
 201 028a 93647BF2 		.ascii	"\223d{\362`i\330>\016bBa+&\372\032&\372*\340\366\203"
 201      6069D83E 
 201      0E624261 
 201      2B26FA1A 
 201      26FA2AE0 
 202 02a0 2FD0E44B 		.ascii	"/\320\344K\314K\221\244\246-ER\226$\005\321\317r\367"
 202      CC4B91A4 
 202      A62D4552 
 202      962405D1 
 202      CF72F7
 203 02b3 E2E2880A 		.ascii	"\342\342\210\012Wd\357,mw'\206\\>\3369&&J\222\257\257"
 203      5764EF2C 
 203      6D772786 
 203      5C3EDE39 
 203      26264A92 
 204 02c9 58486597 		.ascii	"XHe\227\013\272\344\320\006\026\217\376\255\240NJ\367"
 204      0BBAE4D0 
 204      06168FFE 
 204      ADA04E4A 
 204      F7
 205 02da 2326D0A4 		.ascii	"#&\320\244\004\327\344\016\316E\203\233H\037\031\320"
 205      04D7E40E 
 205      CE45839B 
 205      481F19D0 
 206 02ea B255BC09 		.ascii	"\262U\274\011\325\324K\247\217\352\204R\266\364\217"
 206      D5D44BA7 
 206      8FEA8452 
 206      B6F48F
 207 02f9 7F52F9D0 		.ascii	"\177R\371\320O8\313\224\256\311\257Kd\303 T\237\026"
 207      4F38CB94 
 207      AEC9AF4B 
 207      64C32054 
 207      9F16
 208 030b F7F6EA84 		.ascii	"\367\366\352\204s\254\257\276m\252\315O\250aJ\321\325"
 208      73ACAFBE 
 208      6DAACD4F 
 208      A8614AD1 
 208      D5
 209 031c D90E1F66 		.ascii	"\331\016\037f\250F\265\247\2636'@\250g}\031\247[\026"
 209      A846B5A7 
 209      B3362740 
 209      A8677D19 
 209      A75B16
 210 032f FC8546A6 		.ascii	"\374\205F\246\234{\322\377B\020\232\230\262\324\324"
 210      9C7BD2FF 
 210      42109A98 
 210      B2D4D4
 211 033e 2AA9852F 		.ascii	"*\251\205/\230R\321\326\323\026(\\g\212{c\005\263\215"
 211      9852D1D6 
 211      D316285C 
 211      678A7B63 
 211      05B38D
 212 0351 55FDFDF5 		.ascii	"U\375\375\365b\015\333g\022\277\314krrg;U\020\2761\034"
 212      620DDB67 
 212      12BFCC6B 
 212      7272673B 
ARM GAS  /var/folders/d3/p12xj6d96hx5ptyrkl_lzds40000gn/T//cce7a7D0.s 			page 16


 212      5510BE31 
 213 0366 9F089432 		.ascii	"\237\010\22422\013\2704\304cg3\244\\\003]\25670\374"
 213      320BB834 
 213      C4636733 
 213      A45C035D 
 213      AE3730FC 
 214 037a 4ED8A86C 		.ascii	"N\330\250l\200\177\321\344E\343\213\313\223\263/\201"
 214      807FD1E4 
 214      45E38BCB 
 214      93B32F81 
 215 038a 93836FD0 		.ascii	"\223\203o\320\34061\370Z\036\201I\203\3738\211]\020"
 215      E03631F8 
 215      5A1E8149 
 215      83FB3889 
 215      5D10
 216 039c 0EDD2877 		.ascii	"\016\335(wQ\036\242\374\033\345\001\312=\224;\020N3"
 216      511EA2FC 
 216      1BE501CA 
 216      3D943B10 
 216      4E33
 217 03ae 4A3DBB8E 		.ascii	"J=\273\216\335\322\271\3356\257v\373\025u{\201\274e"
 217      DDD2B9DD 
 217      36AF76FB 
 217      15757B81 
 217      BC65
 218 03c0 EBD90E8F 		.ascii	"\353\331\016\217\365\255\325\326z\017Gf;\257\330\336"
 218      F5ADD5D6 
 218      7A0F4766 
 218      3BAFD8DE 
 219 03d0 5C6DDB06 		.ascii	"\\m\333\006\253\214s\025\032-k\323\240\306t\355\271"
 219      AB8C7315 
 219      1A2D6BD3 
 219      A0C674ED 
 219      B9
 220 03e1 66B27512 		.ascii	"f\262u\022\256K4\342\344e\242\3043\327\021B*\222@\241"
 220      AE4B34E2 
 220      E465A2C4 
 220      33D71142 
 220      2A9240A1 
 221 03f5 3AD6E4E8 		.ascii	":\326\344\350\035\320K\205d\353\332Y\367\266^T\254\333"
 221      1DD04B85 
 221      64EBDA59 
 221      F7B65E54 
 221      ACDB
 222 0407 D70E8959 		.ascii	"\327\016\211Y\343\274\267\034\311yO\347]\320\274\215"
 222      E3BCB71C 
 222      C9794FE7 
 222      5DD0BC8D 
 223 0417 393CA074 		.ascii	"9<\240ttU\343?\032\367\265\237\277@j\363\026\015\220"
 223      7455E33F 
 223      1AF7B59F 
 223      BF406AF3 
 223      160D90
 224 042a D21F884D 		.ascii	"\322\037\210M5cM\013\376\254\211.\347\243\323g6\010"
 224      35634D0B 
 224      FEAC892E 
 224      E7A3D367 
ARM GAS  /var/folders/d3/p12xj6d96hx5ptyrkl_lzds40000gn/T//cce7a7D0.s 			page 17


 224      3608
 225 043c B7E812E3 		.ascii	"\267\350\022\343o|T_\247\205\010\015+\205}\335\177\310"
 225      6F7C545F 
 225      A785080D 
 225      2B857DDD 
 225      7FC8
 226 044e CB24A5F0 		.ascii	"\313$\245\360?\240\201\307\312\316\331\242\301w\226"
 226      3FA081C7 
 226      CACED9A2 
 226      C17796
 227 045d C28053B8 		.ascii	"\302\200S\270\366\341\022A`b\210\205+\024z\261\021\235"
 227      F6E11241 
 227      60628885 
 227      2B147AB1 
 227      119D
 228 046f 9C3F9357 		.ascii	"\234?\223W\346+T\013\324IaC\345\234\306\343\244\377"
 228      E62B540B 
 228      D4496143 
 228      E59CC6E3 
 228      A4FF
 229 0481 C41B1749 		.ascii	"\304\033\027I\001\030D\037\375\212\017t\271\256\223"
 229      0118441F 
 229      FD8A0F74 
 229      B9AE93
 230 0490 81359C90 		.ascii	"\2015\234\220\361\350\250\365\325\234+\220\355\021\334"
 230      F1E8A8F5 
 230      D59C2B90 
 230      ED11DC
 231 049f 13F0C964 		.ascii	"\023\360\311dg\227F\223%\027\015\222,\354Pr5D\234\340"
 231      67974693 
 231      25170D92 
 231      2CEC5072 
 231      35449CE0 
 232 04b3 D4C1B78C 		.ascii	"\324\301\267\214f\363tm\205\216\215\026\274JB\010+\011"
 232      66F3746D 
 232      858E8D16 
 232      BC4A4208 
 232      2B09
 233 04c5 F7E7BF5C 		.ascii	"\367\347\277\\\324\011\351*Z\361\352\017\366\237\012"
 233      D409E92A 
 233      5AF1EA0F 
 233      F69F0A
 234 04d4 800856F1 		.ascii	"\200\010V\3614^\225\353\011\306\361\235R\271hy\233\374"
 234      345E95EB 
 234      09C6F19D 
 234      52B96879 
 234      9BFC
 235 04e6 2769A625 		.ascii	"'i\246%\217\374\323\250&\313$\337M\236\3728\212!=\241"
 235      8FFCD3A8 
 235      26CB24DF 
 235      4D9EFA38 
 235      8A213DA1 
 236 04fa 6C7E40C0 		.ascii	"l~@\300\357\031\235\262\217\347\007!8W\306\376-P\354"
 236      EF199DB2 
 236      8FE70721 
 236      3857C6FE 
 236      2D50EC
ARM GAS  /var/folders/d3/p12xj6d96hx5ptyrkl_lzds40000gn/T//cce7a7D0.s 			page 18


 237 050d 11EC1FA6 		.ascii	"\021\354\037\246\354\237B\260;\006\252\340\210K%\335"
 237      EC9F42B0 
 237      3B06AAE0 
 237      884B25DD 
 238 051d 27B5EBC7 		.ascii	"'\265\353\307;\346\216wk\250w%\013a\225\354\341\\\377"
 238      3BE68E77 
 238      6BA87725 
 238      0B6195EC 
 238      E15CFF
 239 0530 9CBFECCE 		.ascii	"\234\277\354\316\345v7\016,;\034LPwc\314\335\004u7\274"
 239      E576370E 
 239      2C3B1C4C 
 239      507763CC 
 239      DD047537 
 240 0545 547545AE 		.ascii	"TuE\256H\276\344\26604\367\255z}\357\223n\357\317Xx"
 240      48BEE4B6 
 240      3034F7AD 
 240      7A7DEF93 
 240      6EEFCF58 
 241 055a B3D987E6 		.ascii	"\263\331\207\346\344{\303\006R\005\277+>\242cl~M*d\351"
 241      E47BC306 
 241      5205BF2B 
 241      3EA2636C 
 241      7E4D2A64 
 242 056f F167DAD5 		.ascii	"\361g\332\325\301O#\330\024\005\233\241l&\031\233\031"
 242      C14F23D8 
 242      14059BA1 
 242      6C26199B 
 242      19
 243 0580 CAA6FB71 		.ascii	"\312\246\373qW\201\237p\230\316\017TV\235\254\015\020"
 243      57819F70 
 243      98CE0F54 
 243      569DAC0D 
 243      10
 244 0591 F29992D3 		.ascii	"\362\231\222\323\334R\354\213g6\374\227N\014\266\\M"
 244      DC52EC8B 
 244      6736FC97 
 244      4E0CB65C 
 244      4D
 245 05a2 6D0CF43E 		.ascii	"m\014\364>L\310\352S\230\316\2558LJ\312:\3634x\230\270"
 245      4CC8EA53 
 245      98CEAD38 
 245      4C4ACA3A 
 245      F3347898 
 246 05b7 F0C0CE1F 		.ascii	"\360\300\316\037\3329\2768\"I\307$)\035B\210!\314\272"
 246      DA39BE38 
 246      2249C724 
 246      291D4288 
 246      21CCBA
 247 05ca 172D3C07 		.ascii	"\027-<\007\025\321\224c{\236\236,c\345\017\202\204\316"
 247      15D19463 
 247      7B9E9E2C 
 247      63E50F82 
 247      84CE
 248 05dc F598648E 		.ascii	"\365\230d\216\235\351\346\351}\202p`\367\211\236\356"
 248      9DE9E6E9 
 248      7D827060 
ARM GAS  /var/folders/d3/p12xj6d96hx5ptyrkl_lzds40000gn/T//cce7a7D0.s 			page 19


 248      F7899EEE 
 249 05ec B29875AF 		.ascii	"\262\230u\257\023/(\271%\367u\342\343\264\361\021\231"
 249      132F28B9 
 249      25F775E2 
 249      E3B4F111 
 249      99
 250 05fd 9D6BE6D1 		.ascii	"\235k\346\321o\330\245\351\224\206\230\301\202\207\332"
 250      6FD8A5E9 
 250      948698C1 
 250      8287DA
 251 060c 22525BF0 		.ascii	"\"R[\360\246\266L\251\335\034\256j\016\020z\031\267"
 251      A6B64CA9 
 251      DD1CAE6A 
 251      0E107A19 
 251      B7
 252 061d AEBCE7ED 		.ascii	"\256\274\347\355\3568\227:\022Z\311\261\221*\225\276"
 252      EE38973A 
 252      125AC9B1 
 252      912A95BE 
 253 062d CD2E152F 		.ascii	"\315.\025/\225\275\371\322\033\350\025\005\032\370t"
 253      95BDF9D2 
 253      1BE81505 
 253      1AF874
 254 063c 34DF5F78 		.ascii	"4\337_x\306\200\256\035*,W\311\224\272\273u\014\205"
 254      C680AE1D 
 254      2A2C57C9 
 254      94BABB75 
 254      0C85
 255 064e 8248BC07 		.ascii	"\202H\274\007\004?\025\220T\236\200T\014\036\301R\264"
 255      043F1590 
 255      549E8054 
 255      0C1EC152 
 255      B4
 256 065f B45EA6F2 		.ascii	"\264^\246\362\033[\232|<\363\360\327\236ie\036\010\366"
 256      1B5B9A7C 
 256      3CF3F0D7 
 256      9E69651E 
 256      08F6
 257 0671 413736A4 		.ascii	"A76\244\361*\242)\360\351\024\376\336\360\205\317t+"
 257      F12AA229 
 257      F0E914FE 
 257      DEF085CF 
 257      742B
 258 0683 2A27B911 		.ascii	"*'\271\021(\211=\304\263\312\211\377\344\034\036\251"
 258      28893DC4 
 258      B3CA89FF 
 258      E41C1EA9 
 259 0693 195D697D 		.ascii	"\031]i}q\205u\206l\235A\255[\236w\343\2453\313\207R"
 259      71857586 
 259      6C9D41AD 
 259      5B9E77E3 
 259      A533CB87 
 260 06a8 EF93960B 		.ascii	"\357\223\226\013\003=\211\374\373\252Df*9\310\364&\231"
 260      033D89FC 
 260      FBAA4466 
 260      2A39C8F4 
 260      2699
ARM GAS  /var/folders/d3/p12xj6d96hx5ptyrkl_lzds40000gn/T//cce7a7D0.s 			page 20


 261 06ba 454996CF 		.ascii	"EI\226\317\315\343-\341\004\003\032u}x\336_Nd\303\212"
 261      CDE32DE1 
 261      04031A75 
 261      7D78DE5F 
 261      4E64C38A 
 262 06ce 441E5640 		.ascii	"D\036V@\016{\203dS\220\331\324\374\032\265p\326g\235"
 262      0E7B8364 
 262      5390D9D4 
 262      FC1AB570 
 262      D6679D
 263 06e1 443E1C6F 		.ascii	"D>\034o\255\020<\211L\356]\225\310\034O\"?\304D\346"
 263      AD103C89 
 263      4CEE5D95 
 263      C81C4F22 
 263      3FC444E6 
 264 06f5 78C37FC4 		.ascii	"x\303\177\304o\346\264\357\354\330.\276m\260\305[Mv"
 264      6FE6B4EF 
 264      ECD82EBE 
 264      6DB0C55B 
 264      4D76
 265 0707 F51FDFD9 		.ascii	"\365\037\337\331\025\026\033\035\315\3752*J\037k\266"
 265      15161B1D 
 265      CDFD322A 
 265      4A1F6BB6 
 266 0717 ECB1FC39 		.ascii	"\354\261\3749N\237\344\320\333\235\372\344$\273\323"
 266      4E9FE4D0 
 266      DB9DFAE4 
 266      24BBD3
 267 0726 A1FFDDBB 		.ascii	"\241\377\335\273;bw\354\327\033\315\306$\273I\374\307"
 267      3B6277EC 
 267      D71BCDC6 
 267      24BB49FC 
 267      C7
 268 0737 9B895146 		.ascii	"\233\211QF.X$}\242\305\276O4%[\254I\011)&\265\335\224"
 268      2E58247D 
 268      A2C5BE4F 
 268      34255BAC 
 268      49092926 
 269 074e 60B0278A 		.ascii	"`\260'\212\316-?\006'\312\314\375\204a8>\2608\215fq"
 269      CE2D3F06 
 269      27CACCFD 
 269      8461383E 
 269      B0388D66 
 270 0763 AF3D2951 		.ascii	"\257=)Q\2648\354?\236\205\231\333\310\020L\373-N\317"
 270      B438EC3F 
 270      9E8599DB 
 270      C8104CFB 
 270      2D4ECF
 271 0776 F89F19CD 		.ascii	"\370\237\031\315qF\363v\307N\273\311\224\230\354\264"
 271      7146F376 
 271      C74EBBC9 
 271      9498ECB4 
 272 0786 24D9DE35 		.ascii	"$\331\3365\355K\261\330M\361>\342\357\223\222\254\233"
 272      ED4BB1D8 
 272      4DF13EE2 
 272      EF9392AC 
 272      9B
ARM GAS  /var/folders/d3/p12xj6d96hx5ptyrkl_lzds40000gn/T//cce7a7D0.s 			page 21


 273 0797 5FC3B7D8 		.ascii	"_\303\267\330\214\326\224x\023B;\214\346x\204U\355O"
 273      8CD69478 
 273      13423B8C 
 273      E6788455 
 273      ED4F
 274 07a9 76D8F964 		.ascii	"v\330\371d\243\257\325.:\315\361\202=z\033o\217\341"
 274      A3AFD52E 
 274      3ACDF182 
 274      3D7A1B6F 
 274      8FE1
 275 07bb EDF88EE6 		.ascii	"\355\370\216\346\355[\265\262S\247\321\271_#\212)\026"
 275      ED5BB5B2 
 275      53A7D1B9 
 275      5F238A29 
 275      16
 276 07cc 9B33669B 		.ascii	"\2333f\233"
 277 07d0 E8FC8B3E 		.ascii	"\350\374\213>\305a\327[\223\214\006\253>\301h\214\304"
 277      C561D75B 
 277      938C06AB 
 277      3EC1688C 
 277      C4
 278 07e1 5C44DA92 		.ascii	"\\D\332\222l\246H\223a\217%\362W\342\033\221\333\266"
 278      6CA64893 
 278      618F25F2 
 278      57E21B91 
 278      DBB6
 279 07f3 46BFB96F 		.ascii	"F\277\271o\233~E\207\307{\242\301h\266\330Lz1\336\264"
 279      9B7E4587 
 279      C77BA2C1 
 279      68B6D84C 
 279      7A31DEB4 
 280 0807 D7906275 		.ascii	"\327\220bu\212\316\003\311&\007\262Q\273\035\374\351"
 280      8ACE03C9 
 280      2607B251 
 280      BB1DFCE9 
 281 0817 FF73E038 		.ascii	"\377s\3408\340\320\213\016g<\242\221\030\215f\203\335"
 281      E0D08B0E 
 281      673CA291 
 281      188D6683 
 281      DD
 282 0828 4F14134C 		.ascii	"O\024\023LNqg\334N\177\203\365\003\303\001\207h\261"
 282      4E7167DC 
 282      4E7F83F5 
 282      03C30187 
 282      68B1
 283 083a 599144D4 		.ascii	"Y\221D\324\312\034a\250\372\330\035q\333\343\224T\221"
 283      CA1C61A8 
 283      FAD81D71 
 283      DBE39454 
 283      91
 284 084b 393026BE 		.ascii	"90&\276\225b3\"\026\3028\030L\010MM\212\015I\276\357"
 284      95623322 
 284      16C23818 
 284      4C084D4D 
 284      8A0D49BE 
 285 0860 9911AD57 		.ascii	"\231\021\255W\243N\024M6\303\036\253\211,\235`\332\261"
 285      A34E144D 
ARM GAS  /var/folders/d3/p12xj6d96hx5ptyrkl_lzds40000gn/T//cce7a7D0.s 			page 22


 285      36C31EAB 
 285      892C9D60 
 285      DAB1
 286 0872 C2D6CFD3 		.ascii	"\302\326\317\323\344/\212\361\026\207\333\364\177\266"
 286      E42F8AF1 
 286      1687DBF4 
 286      7FB6
 287 0880 1EDD08   		.ascii	"\036\335\010"
 288              		.text
 289              		.section	.gnu.lto_.symtab.5aa7dac2a4e10797,"",%progbits
 290 0000 4E4D495F 		.ascii	"NMI_Handler\000"
 290      48616E64 
 290      6C657200 
 291 000c 00       		.ascii	"\000"
 292 000d 00       		.ascii	"\000"
 293 000e 00       		.ascii	"\000"
 294 000f 00000000 		.ascii	"\000\000\000\000\000\000\000\000"
 294      00000000 
 295 0017 AD000000 		.ascii	"\255\000\000\000"
 296 001b 5F706F72 		.ascii	"_port_irq_epilogue\000"
 296      745F6972 
 296      715F6570 
 296      696C6F67 
 296      756500
 297 002e 00       		.ascii	"\000"
 298 002f 00       		.ascii	"\000"
 299 0030 00       		.ascii	"\000"
 300 0031 00000000 		.ascii	"\000\000\000\000\000\000\000\000"
 300      00000000 
 301 0039 B4000000 		.ascii	"\264\000\000\000"
 302 003d 5F706F72 		.ascii	"_port_switch_from_isr\000"
 302      745F7377 
 302      69746368 
 302      5F66726F 
 302      6D5F6973 
 303 0053 00       		.ascii	"\000"
 304 0054 02       		.ascii	"\002"
 305 0055 00       		.ascii	"\000"
 306 0056 00000000 		.ascii	"\000\000\000\000\000\000\000\000"
 306      00000000 
 307 005e B6000000 		.ascii	"\266\000\000\000"
 308 0062 5F706F72 		.ascii	"_port_exit_from_isr\000"
 308      745F6578 
 308      69745F66 
 308      726F6D5F 
 308      69737200 
 309 0076 00       		.ascii	"\000"
 310 0077 02       		.ascii	"\002"
 311 0078 00       		.ascii	"\000"
 312 0079 00000000 		.ascii	"\000\000\000\000\000\000\000\000"
 312      00000000 
 313 0081 B8000000 		.ascii	"\270\000\000\000"
 314 0085 63685363 		.ascii	"chSchIsPreemptionRequired\000"
 314      68497350 
 314      7265656D 
 314      7074696F 
 314      6E526571 
ARM GAS  /var/folders/d3/p12xj6d96hx5ptyrkl_lzds40000gn/T//cce7a7D0.s 			page 23


 315 009f 00       		.ascii	"\000"
 316 00a0 02       		.ascii	"\002"
 317 00a1 00       		.ascii	"\000"
 318 00a2 00000000 		.ascii	"\000\000\000\000\000\000\000\000"
 318      00000000 
 319 00aa C0000000 		.ascii	"\300\000\000\000"
 320              		.text
 321              		.section	.gnu.lto_.opts,"",%progbits
 322 0000 272D666D 		.ascii	"'-fmath-errno' '-fsigned-zeros' '-ftrapping-math' '"
 322      6174682D 
 322      6572726E 
 322      6F272027 
 322      2D667369 
 323 0033 2D666E6F 		.ascii	"-fno-trapv' '-fno-openmp' '-fno-openacc' '-mcpu=cor"
 323      2D747261 
 323      70762720 
 323      272D666E 
 323      6F2D6F70 
 324 0066 7465782D 		.ascii	"tex-m0' '-mno-thumb-interwork' '-mthumb' '-ggdb' '-"
 324      6D302720 
 324      272D6D6E 
 324      6F2D7468 
 324      756D622D 
 325 0099 4F322720 		.ascii	"O2' '-fomit-frame-pointer' '-falign-functions=16' '"
 325      272D666F 
 325      6D69742D 
 325      6672616D 
 325      652D706F 
 326 00cc 2D666675 		.ascii	"-ffunction-sections' '-fdata-sections' '-fno-common"
 326      6E637469 
 326      6F6E2D73 
 326      65637469 
 326      6F6E7327 
 327 00ff 2720272D 		.ascii	"' '-flto'\000"
 327      666C746F 
 327      2700
 328              		.text
 329              		.comm	__gnu_lto_v1,1,1
 330              		.comm	__gnu_lto_slim,1,1
 331              		.ident	"GCC: (GNU Tools for ARM Embedded Processors) 5.4.1 20160609 (release) [ARM/embedded-5-bran
ARM GAS  /var/folders/d3/p12xj6d96hx5ptyrkl_lzds40000gn/T//cce7a7D0.s 			page 24


DEFINED SYMBOLS
                            *ABS*:0000000000000000 chcore_v6m.c
                            *COM*:0000000000000001 __gnu_lto_v1
                            *COM*:0000000000000001 __gnu_lto_slim

NO UNDEFINED SYMBOLS
