ARM GAS  /var/folders/d3/p12xj6d96hx5ptyrkl_lzds40000gn/T//ccQYRgKq.s 			page 1


   1              		.syntax unified
   2              		.cpu cortex-m0
   3              		.fpu softvfp
   4              		.eabi_attribute 20, 1
   5              		.eabi_attribute 21, 1
   6              		.eabi_attribute 23, 3
   7              		.eabi_attribute 24, 1
   8              		.eabi_attribute 25, 1
   9              		.eabi_attribute 26, 1
  10              		.eabi_attribute 30, 2
  11              		.eabi_attribute 34, 0
  12              		.eabi_attribute 18, 4
  13              		.thumb
  14              		.syntax unified
  15              		.file	"chmemcore.c"
  16              		.text
  17              	.Ltext0:
  18              		.section	.gnu.lto_.profile.4b72e39ca46753b0,"",%progbits
  19 0000 789C6361 		.ascii	"x\234ca`d`a`\000\222*\012\000\000\322\000O"
  19      60646061 
  19      6000922A 
  19      0A0000D2 
  19      004F
  20              		.text
  21              		.section	.gnu.lto_.icf.4b72e39ca46753b0,"",%progbits
  22 0000 789C6361 		.ascii	"x\234ca`d\000\0015\006\004`cX\377q\326~>\246\275\017"
  22      60640001 
  22      35060460 
  22      6358FF71 
  22      D67E3EA6 
  23 0016 DFB5B3B2 		.ascii	"\337\265\263\262\200I\326+\207\236]`c;\271\250\263\231"
  23      8049D62B 
  23      879E5D60 
  23      633BB9A8 
  23      B399
  24 0028 9FFD4BDB 		.ascii	"\237\375K\333\247\373\034\014\000r'\022\254"
  24      A7FB1C0C 
  24      00722712 
  24      AC
  25              		.text
  26              		.section	.gnu.lto_.jmpfuncs.4b72e39ca46753b0,"",%progbits
  27 0000 789C6361 		.ascii	"x\234ca`d\000\001!\006\004`\001bVFF\306z6\020\301\016"
  27      60640001 
  27      21060460 
  27      01625646 
  27      46C67A36 
  28 0017 E401000B 		.ascii	"\344\001\000\013\210\0012"
  28      880132
  29              		.text
  30              		.section	.gnu.lto_.inline.4b72e39ca46753b0,"",%progbits
  31 0000 789C6361 		.ascii	"x\234ca`d\000\201d\006\004`a``ead`bY \317\300\266@\236"
  31      60640081 
  31      64060460 
  31      61606065 
  31      61646062 
  32 001b 0924C6CA 		.ascii	"\011$\306\312\300\307\313\310\310\240\000T\315,t\240"
  32      C0C7CBC8 
ARM GAS  /var/folders/d3/p12xj6d96hx5ptyrkl_lzds40000gn/T//ccQYRgKq.s 			page 2


  32      C8A00054 
  32      CD2C74A0 
  33 002b 93112201 		.ascii	"\223\021\"\001T\301\002\222ec\340\341\206\311\362-\310"
  33      54C10292 
  33      6563E0E1 
  33      86C9F22D 
  33      C8
  34 003c 42956467 		.ascii	"B\225dg`c\005\232\306\366A\017n\032\003\000\370n\012"
  34      6063059A 
  34      C6F6410F 
  34      6E1A0300 
  34      F86E0A
  35 004f 1C       		.ascii	"\034"
  36              		.text
  37              		.section	.gnu.lto_.pureconst.4b72e39ca46753b0,"",%progbits
  38 0000 789C6361 		.ascii	"x\234ca`d\340b```a\220`\335\305\310&\301\316\002\000"
  38      6064E062 
  38      60606061 
  38      9060DDC5 
  38      C826C1CE 
  39 0016 06D40115 		.ascii	"\006\324\001\025"
  40              		.text
  41              		.section	.gnu.lto__core_init.4b72e39ca46753b0,"",%progbits
  42 0000 789C7552 		.ascii	"x\234uR\317O\023A\024\236o\246t\267J\203\027Oz\300\304"
  42      CF4F1341 
  42      149E6FA6 
  42      74B74A83 
  42      174F7AC0 
  43 0015 1EB8B4FA 		.ascii	"\036\270\264\372\017x1\341j\242w7P\233\224\003BZ\357"
  43      0F7831E1 
  43      6AA27737 
  43      509B9403 
  43      425AEF
  44 0028 9D525684 		.ascii	"\235RV\204\223\027{ 1`4\001Q)U\374\261&\306M\2437#&"
  44      93177B20 
  44      31603401 
  44      512955FC 
  44      B126C64D 
  45 0040 4A3C9810 		.ascii	"J<\230\0204X\023B\024\025\"\032q}og\021\023\353\034"
  45      34581342 
  45      1415221A 
  45      717D6F67 
  45      1113EB1C 
  46 0054 66DEBCF9 		.ascii	"f\336\274\371\276\357\275\357eb\002\202\027\224\020"
  46      BEEFBDEF 
  46      65620282 
  46      179410
  47 0063 C7E83C60 		.ascii	"\307\350<`b\310\213\317\205(\333\022\340@\333\020%\211"
  47      62C88BCF 
  47      8528DB12 
  47      E040DB10 
  47      2589
  48 0075 1236E5B6 		.ascii	"\0226\345\266Dc\244\351\311\256)Mk\371\351\207#z\332"
  48      4463A4E9 
  48      C9AE294D 
  48      6BF9E987 
  48      237ADA
ARM GAS  /var/folders/d3/p12xj6d96hx5ptyrkl_lzds40000gn/T//ccQYRgKq.s 			page 3


  49 0088 874BF440 		.ascii	"\207K\364@\012#5\205.A\260\315\261\257\357\223\3520"
  49      0A233585 
  49      2E41B0CD 
  49      B1AFEF93 
  49      EA30
  50 009a 389E7CDC 		.ascii	"8\236|\334X\350H]\325\313Z\373/\317\357/\353F\271\323"
  50      58E8485D 
  50      D5CB5AFB 
  50      2FCFEF2F 
  50      EB46B9D3 
  51 00ae 55C03454 		.ascii	"U\3004TD\343P0\364\365\312|\035\352hH[\362f\353\361"
  51      44E35030 
  51      F4F5CA7C 
  51      1DEA6848 
  51      5BF266EB 
  52 00c3 88F6A2DB 		.ascii	"\210\366\242\333\237\3236\223fvI3\021\351]\375\327\245"
  52      9FD33693 
  52      66764933 
  52      11E95DFD 
  52      D7A5
  53 00d5 647C985B 		.ascii	"d|\230[\352\304\015\244p\035)\323\020n\"\316\026k'}"
  53      EAC40DA4 
  53      701D29D3 
  53      106E22CE 
  53      166B277D 
  54 00e9 1D0415ED 		.ascii	"\035\004\025\355?\212\327\266>\331{!\\%%o\212\267\030"
  54      3F8AD7B6 
  54      3ED97B21 
  54      5C25256F 
  54      8AB718
  55 00fc 6DCAE2C8 		.ascii	"m\312\342\310\346-\301W!\326I\201\375\177&$\235\252"
  55      E62DC157 
  55      21D64981 
  55      FD7F2624 
  55      9DAA
  56 010e 89A12F23 		.ascii	"\211\241/#\315\361A\026\255(P\341\252\333X\2606\244"
  56      CDF14116 
  56      AD2850E1 
  56      AADB58B0 
  56      36A4
  57 0120 AB6261C3 		.ascii	"\253ba\303\236\267\366\306*m\353\013Z\357\243\334(i"
  57      9EB7F6C6 
  57      2A6DEB0B 
  57      5AEFA3DC 
  57      2869
  58 0132 707AF5D9 		.ascii	"pz\365\331\342\223=\023\270\\\326a\036\230\245Y\336"
  58      E2933D13 
  58      B85CD661 
  58      1E98A559 
  58      DE
  59 0143 C2C1F071 		.ascii	"\302\301\360q\362\307\367\305v\342\330,R\303\004u\213"
  59      F2C7F7C5 
  59      76E2D82C 
  59      52C30475 
  59      8B
  60 0154 39944413 		.ascii	"9\224D\023\225j\334T\222\246\330\306\230\373Mq1\011"
  60      956ADC54 
ARM GAS  /var/folders/d3/p12xj6d96hx5ptyrkl_lzds40000gn/T//ccQYRgKq.s 			page 4


  60      92A6D8C6 
  60      98FB4D71 
  60      3109
  61 0166 0B75A213 		.ascii	"\013u\242\023\344g\004Q\204\"\310\253\341kK\011\003"
  61      E4670451 
  61      8422C8AB 
  61      E16B4B09 
  61      03
  62 0177 D90A82A0 		.ascii	"\331\012\202\240\003\267C\030\265\275\006\003\214\021"
  62      03B74318 
  62      B5BD0603 
  62      8C11
  63 0185 9633D5B7 		.ascii	"\2263\325\267IN\374\355\241\255\205\207\266Q\205V\036"
  63      494EFCED 
  63      A1AD8587 
  63      B6518556 
  63      1E
  64 0196 14E6C9C3 		.ascii	"\024\346\311\303\035\366\200\273\3244\011\233:\037\307"
  64      1DF680BB 
  64      D434099B 
  64      3A1FC7
  65 01a5 4F9B4256 		.ascii	"O\233BV\253y\310\326\363\270\367\277y\3347\363x`\346"
  65      AB79C8D6 
  65      F3B8F7BF 
  65      79DC37F3 
  65      7860E6
  66 01b8 B163D626 		.ascii	"\261c\326&\365]g+\221\263\004=\204\316\256\3548\373"
  66      F55D672B 
  66      91B3043D 
  66      84CEAEEC 
  66      38FB
  67 01ca C78A6A6D 		.ascii	"\307\212jm\305\373c\345ah%!V1\344\007\335,\023~\264"
  67      C5FB63E5 
  67      61682521 
  67      5631E407 
  67      DD2C137E 
  68 01df 7509FE00 		.ascii	"u\011\376\000\324\375\241t:s<\337\327\333w\342Tf\240"
  68      D4FDA174 
  68      3A733CDF 
  68      D7DB77E2 
  68      5466A0
  69 01f2 98299CCB 		.ascii	"\230)\234\313\024\013\331L6\337\237\353\317\016\024"
  69      140BD94C 
  69      36DF9FEB 
  69      CF0E14
  70 0201 72E9AC68 		.ascii	"r\351\254hw\234|\256g\320\311\235=\3438\311\350\322"
  70      779C7CAE 
  70      67D0C99D 
  70      3DE338C9 
  70      E8D2
  71 0213 DB53CC39 		.ascii	"\333S\3149\316o\025\252\032\322"
  71      CE6F15AA 
  71      1AD2
  72              		.text
  73              		.section	.gnu.lto_chCoreAlloc.4b72e39ca46753b0,"",%progbits
  74 0000 789C9554 		.ascii	"x\234\225T\335KTQ\020?s\317\375X\327u\253\327\360A)"
  74      DD4B5451 
ARM GAS  /var/folders/d3/p12xj6d96hx5ptyrkl_lzds40000gn/T//ccQYRgKq.s 			page 5


  74      103F73CF 
  74      FD58D775 
  74      ABD7F041 
  75 0015 0909F616 		.ascii	"\011\011\366\026T\364\320K\010A\017\022\344\037\020"
  75      54F4D04B 
  75      08410F12 
  75      E41F10
  76 0024 B42EEC82 		.ascii	"\264.\354\202_\354jd/\036\335]\323 \252\207D\303\020"
  76      5FEC6A64 
  76      2F1EDD5D 
  76      D320AA87 
  76      44C310
  77 0037 2A712DCD 		.ascii	"*q-\315\354\313,\265\233\232\206i\037\224\020\024\221"
  77      ECCB2CB5 
  77      9B9A8669 
  77      1F941014 
  77      91
  78 0048 461F5A41 		.ascii	"F\037ZA\212RP\271\315\234\253\222\273Bx\340\336{\316"
  78      8A5250B9 
  78      CD9CAB92 
  78      BB4278E0 
  78      DE7BCE
  79 005b CC6F667E 		.ascii	"\314of~3g\346\252\014\030\255\002\215\261\007\370\335"
  79      3367E6AA 
  79      0C18AD02 
  79      8DB107F8 
  79      DD
  80 006c 890F680C 		.ascii	"\211\017h\014\224\323O\030\253t(\212\372\331`\302\311"
  80      94D34F18 
  80      AB74288A 
  80      FAD960C2 
  80      C9
  81 007d 63438C09 		.ascii	"cC\214\011\027\007\325\226\253\000\264\021\016`\025"
  81      1707D596 
  81      AB00B411 
  81      0E6015
  82 008c 0A57A102 		.ascii	"\012W\241\002\346\225?\012<\217\\k\344sJ\2243P\3618"
  82      E6953F0A 
  82      3C8F5C6B 
  82      E4734A94 
  82      3350F138 
  83 00a0 3376EEBD 		.ascii	"3v\356\275\233\216\000\031\244\235\376\024I\315n\021"
  83      9B8E0019 
  83      A49DFE14 
  83      49CD6E11 
  84 00b0 A24ABC6B 		.ascii	"\242J\274k\376\261\273!f\251Q\256\260\270\302 \006\351"
  84      FEB1BB21 
  84      66A951AE 
  84      B0B8C220 
  84      06E9
  85 00c2 D002E914 		.ascii	"\320\002\351\024\274\025\262\021{\241r\374q\032\337"
  85      BC15B211 
  85      7BA172FC 
  85      711ADF
  86 00d1 0C0CF7C7 		.ascii	"\014\014\367\307\333{\247\334[\232\311N\314\347\213"
  86      DB7BA7DC 
  86      5B9AC94E 
ARM GAS  /var/folders/d3/p12xj6d96hx5ptyrkl_lzds40000gn/T//ccQYRgKq.s 			page 6


  86      CCE78B
  87 00e0 9428E770 		.ascii	"\224(\347p\031\370\277v(bp\005\266\020|\324\252\355"
  87      19F8BF76 
  87      28627005 
  87      B6107CD4 
  87      AAED
  88 00f2 70F26C69 		.ascii	"p\362li\372\246f\241K\315\272H\246V\357\260\253AX\221"
  88      FAA666A1 
  88      4BCDBA48 
  88      A656EFB0 
  88      AB415891 
  89 0106 0C8C096D 		.ascii	"\014\214\011m+\315i!z\262s\341l\232\036\021\2702\240"
  89      2BCD6921 
  89      7AB273E1 
  89      6C9A1E11 
  89      B832A0
  90 0119 1DB2881A 		.ascii	"\035\262\210\0322\272\012:\026\011\020P\367\371\347"
  90      32BA0A3A 
  90      16091050 
  90      F7F9E7
  91 0128 82B1E8EE 		.ascii	"\202\261\350\356\3360_t\227\304\206\026t@V\307AK\304"
  91      DE305F74 
  91      97C48616 
  91      744056C7 
  91      414BC4
  92 013b E36121CE 		.ascii	"\343a!\316l\377\266i\003V\001\031j\310U\325\245\332"
  92      6CFFB669 
  92      03560119 
  92      6AC855D5 
  92      A5DA
  93 014d C0ADE6C0 		.ascii	"\300\255\346\300\227\236B;'\355R\351\345\"L\032\311"
  93      979E423B 
  93      27ED52E9 
  93      E5224C1A 
  93      C9
  94 015e DC8C2AC4 		.ascii	"\334\214*\304\276\343C\365\236Q\024\372\362OP9\3315"
  94      BEE343F5 
  94      9E5114FA 
  94      F24F5039 
  94      D935
  95 0170 D1CE5772 		.ascii	"\321\316Wr\266j\347@\262\215+\220\220\2165u\262\207"
  95      B66AE740 
  95      B28D2B90 
  95      908E3575 
  95      B287
  96 0182 AEF51A29 		.ascii	"\256\365\032)\225D\345\314\251FRv\222\222'\026\202\301"
  96      9544E5CC 
  96      A9465276 
  96      92922716 
  96      82C1
  97 0194 75D0319F 		.ascii	"u\3201\237\033\362\315bT\207X\337\300\007Wf'4\211z\314"
  97      1BF2CD62 
  97      548758DF 
  97      C0075766 
  97      2734897A 
  98 01a9 DF2093D9 		.ascii	"\337 \223\331\253\327\307SU\344\0117!\023\337\267@e"
  98      ABD7C753 
ARM GAS  /var/folders/d3/p12xj6d96hx5ptyrkl_lzds40000gn/T//ccQYRgKq.s 			page 7


  98      55E40937 
  98      2113DFB7 
  98      4065
  99 01bb 9350F52E 		.ascii	"\223P\365.rL\326\017\323\015\343\035}\204p]\365P\353"
  99      724CD60F 
  99      D30DE31D 
  99      7D84705D 
  99      F550EB
 100 01ce 8E953144 		.ascii	"\216\2251D\313)\215\020\213\344\325\304\233k\030Y\323"
 100      CB298D10 
 100      8BE4D5C4 
 100      9B6B1859 
 100      D3
 101 01df CD7591A7 		.ascii	"\315u\221\247\333\222\356\035\320\303\\\303\310\210"
 101      DB92EE1D 
 101      D0C35CC3 
 101      C888
 102 01ed 993B11FD 		.ascii	"\231;\021\375!\233S\005\003\272\321\026\311\374F2\333"
 102      219B5305 
 102      03BAD116 
 102      C9FC4632 
 102      DB
 103 01fe 6C140111 		.ascii	"l\024\001\021\3652r\351m\212\215\372\031\217\307\327"
 103      F53272E9 
 103      6D8A8DFA 
 103      198FC7D7 
 104 020e C15D444E 		.ascii	"\301]DN\202B ;\013\035\015\253\352:\307f5\333\320\240"
 104      8242203B 
 104      0B1D0DAB 
 104      EA3AC766 
 104      35DBD0A0 
 105 0222 C688F63F 		.ascii	"\306\210\366?5\310\312!+\337\335\375\365\265Q\361G\324"
 105      35C8CA21 
 105      2BDFDDFD 
 105      F5B551F1 
 105      47D4
 106 0234 08B11E65 		.ascii	"\010\261\036e\265\334f9=:>\350l\202\363\225B\3125\350"
 106      B5DC6639 
 106      3D3A3EE8 
 106      6C82F395 
 106      42CA35E8 
 107 0248 C1C1B947 		.ascii	"\301\301\271GY@/4\001\371\2355l\247\016\364+\343\200"
 107      59402F34 
 107      01F99D35 
 107      6CA70EF4 
 107      2BE380
 108 025b 7D4E59CD 		.ascii	"}NY\315+\254\356\265o\331\353\375\004\257NtDi\327\353"
 108      2BACEEB5 
 108      6FD9EBFD 
 108      04AF4E74 
 108      4469D7EB 
 109 026f F6395506 		.ascii	"\3669U\006rJ\310\361=\266\314\205b6\001\221W\341\215"
 109      724AC8F1 
 109      3DB6CC85 
 109      62360191 
 109      57E18D
 110 0282 CB8571C9 		.ascii	"\313\205q\311:\317`s\340\177\200\343\265Z\275#vE\272"
ARM GAS  /var/folders/d3/p12xj6d96hx5ptyrkl_lzds40000gn/T//ccQYRgKq.s 			page 8


 110      3ACF6073 
 110      E07F80E3 
 110      B55ABD23 
 110      7645BA
 111 0295 A822D267 		.ascii	"\250\"\322gc\365B\353.\333\"\015EKu\222\374\327@\336"
 111      63F542EB 
 111      2EDB220D 
 111      454B7592 
 111      FCD740DE 
 112 02a9 5A26FF00 		.ascii	"Z&\377\000\311\243/\031X\225mO\201_\014+K\015\305\344"
 112      C9A32F19 
 112      58956D4F 
 112      815F0C2B 
 112      4B0DC5E4 
 113 02bd BDD08166 		.ascii	"\275\320\201f\225\311\241\230oK\032\212\371\245\241"
 113      95C9A198 
 113      6F4B1A8A 
 113      F9A5A1
 114 02cc D0925BBB 		.ascii	"\320\222[\273\237\272$iT\276\3204\014\220\211\236<*"
 114      9FBA2469 
 114      54BED034 
 114      0C90899E 
 114      3C2A
 115 02de EDA41C24 		.ascii	"\355\244\034$\245\221\354\357\241\354\272!{T\272\377"
 115      A591ECEF 
 115      A1ECBA21 
 115      7B54BAFF 
 116 02ee 3B2AC372 		.ascii	";*\303rT\036\341\250L\343\250D\177=\003b\032\346nLz"
 116      541EE1A8 
 116      4CE3A844 
 116      7F3D0362 
 116      1AE66E4C 
 117 0303 16DCE049 		.ascii	"\026\334\340IWF_\224`5y\343\270\037\377\002@e@\303L"
 117      57465F94 
 117      603579E3 
 117      B81FFF02 
 117      406540C3 
 118 0318 8FC7CCF1 		.ascii	"\217\307\314\361\007\016\007\016\344\231\305!3Xj\206"
 118      070E070E 
 118      E499C521 
 118      33586A86 
 119 0328 825ED3EB 		.ascii	"\202^\323\353/\364\025z\213\203>\217\227\251\241\300"
 119      2FF4157A 
 119      8B833E8F 
 119      97A9A1C0 
 120 0338 311F9478 		.ascii	"1\037\224xV\002}GK\315\234\334\274\375yf\240\310[P\226"
 120      56027D47 
 120      4BCD9CDC 
 120      BCFD7966 
 120      A0C85B50 
 121 034d EF33097E 		.ascii	"\3573\011~\310[\270\257\254\310\353\361\257\342w\031"
 121      C85BB8AF 
 121      ACC8EBF1 
 121      AFE27719 
 122 035d E70F9587 		.ascii	"\347\017\225\207\020\2615\011QR\034,\015\231{\017\346"
 122      10B13509 
 122      51521C2C 
ARM GAS  /var/folders/d3/p12xj6d96hx5ptyrkl_lzds40000gn/T//ccQYRgKq.s 			page 9


 122      0D997B0F 
 122      E6
 123 036e E6E41E45 		.ascii	"\346\344\036E\230txdW!b\035\336\222P ?#\300\014\344"
 123      98747864 
 123      5721621D 
 123      DE925020 
 123      3F23C00C 
 124 0383 551C2CB7 		.ascii	"U\034,\267\005>\024\374\005B\201\017\351"
 124      053E14FC 
 124      0542810F 
 124      E9
 125              		.text
 126              		.section	.gnu.lto_chCoreAllocI.4b72e39ca46753b0,"",%progbits
 127 0000 789C9552 		.ascii	"x\234\225RMkSA\024\235;3\311K^\222\266k\311\"\202\245"
 127      4D6B5341 
 127      149D3B33 
 127      C94B5E92 
 127      B66BC922 
 128 0016 C445B251 		.ascii	"\304E\262Q\241\340\316\037 \350?0\006\222EiI\\\271\311"
 128      A1E0CE1F 
 128      20E83F30 
 128      06924569 
 128      495CB9C9 
 129 002a E4B3AD2B 		.ascii	"\344\263\255+7F#\221BU\232Tk\032\277J\027\205\207\224"
 129      37462391 
 129      42559A54 
 129      6B1ABF4A 
 129      17858794 
 130 003e 82355544 		.ascii	"\2025UD\003\005E4\342WqaB\245.l\342\275\363jP\351\306"
 130      03054534 
 130      E2577161 
 130      42A52E6C 
 130      E2BDF36A 
 131 0055 81BC77E7 		.ascii	"\201\274w\347\346\234s\317;3\222\001\2435*\030;\214"
 131      E69C73CF 
 131      3B339201 
 131      A3352A18 
 131      3B8C
 132 0067 EFA3F803 		.ascii	"\357\243\370\003\007\003~\361)ci\027\347\362\263\301"
 132      07037EF1 
 132      29636917 
 132      E7F2B3C1 
 133 0077 94292A6B 		.ascii	"\224)*k\214)\257\000i\367%\000\025\312\005,\305\205"
 133      8C29AF00 
 133      69F72500 
 133      15CA052C 
 133      C585
 134 0089 84147CE7 		.ascii	"\204\024|\347\273\034\236\347\026\313b\233\347\005\003"
 134      BB1C9EE7 
 134      16CB629B 
 134      E70503
 135 0098 89DBF6C6 		.ascii	"\211\333\366\306\325\367\003\264\005\010\320\277[\237"
 135      D5F703B4 
 135      0508D0BF 
 135      5B9F
 136 00a6 729EE09C 		.ascii	"r\236\340\234R\031\365\366\303\354h\251b\311\274\340"
 136      5219F5F6 
ARM GAS  /var/folders/d3/p12xj6d96hx5ptyrkl_lzds40000gn/T//ccQYRgKq.s 			page 10


 136      C3EC68A9 
 136      62C9BCE0 
 137 00b6 ACC71954 		.ascii	"\254\307\031T\300\017s\340\247\341U\010\"v6\335|\342"
 137      C00F73E0 
 137      A7E15508 
 137      227636DD 
 137      7CE2
 138 00c8 13878061 		.ascii	"\023\207\200a=\271\260\362e`\344&\361\324\316Y\345\316"
 138      3DB9B0F2 
 138      6560E426 
 138      F1D4CE59 
 138      E5CE
 139 00da 0B01F320 		.ascii	"\013\001\363 \376\344a\213\301-\030!x\303\232\256\231"
 139      FEE4618B 
 139      C12D1821 
 139      78C39AAE 
 139      99
 140 00eb 22A8A9AF 		.ascii	"\"\250\251\257\247\272Kr\370:Q\255\322\272\267\244\254"
 140      A7BA4B72 
 140      F83A51AD 
 140      D2BAB7A4 
 140      AC
 141 00fc 5C0067C2 		.ascii	"\\\000g\302\355\277\351\264\020\335\252w/\371\2349\205"
 141      EDBFE9B4 
 141      10DDAA77 
 141      2FF99C39 
 141      85
 142 010d 2B000B30 		.ascii	"+\000\0130L\326\320\321\035pRH\265S\226\352\365\262"
 142      4CD6D0D1 
 142      1D705248 
 142      B55396EA 
 142      F5B2
 143 011f CABA6C3E 		.ascii	"\312\272l>\336\234w\017\002N\345\370i8Vb)\035\332\201"
 143      DE9C770F 
 143      024EE5F8 
 143      69385662 
 143      291DDA81 
 144 0133 81A5C385 		.ascii	"\201\245\303\205\017\247\233*\223*\017=\274\204\361"
 144      0FA79B2A 
 144      932A0F3D 
 144      BC84F1
 145 0142 518FB16F 		.ascii	"Q\217\261o\250K\371\2659\247\267\370\010\331ba\255z"
 145      A84BF9B5 
 145      39A7B7F8 
 145      08D96261 
 145      AD7A
 146 0154 84466585 		.ascii	"\204Fe\205\314\012\201n\266/\344wt\230\022\014\250\241"
 146      CC0A816E 
 146      B62FE477 
 146      7498120C 
 146      A8A1
 147 0166 4B44FD2C 		.ascii	"KD\375,\254\202\015r \016A/s7\336\270m\320\217^\257"
 147      AC820D72 
 147      200E412F 
 147      7337DEB8 
 147      6DD08F5E 
 148 017b 37088B08 		.ascii	"7\010\213\010l\001\327\246\321\016\002\221\227)\326"
ARM GAS  /var/folders/d3/p12xj6d96hx5ptyrkl_lzds40000gn/T//ccQYRgKq.s 			page 11


 148      6C01D7A6 
 148      D10E0291 
 148      9729D6
 149 018a 373A0E9B 		.ascii	"7:\016\233h \253\230\177\364\314 \226\241SZ^\376\372"
 149      6820AB98 
 149      7FF4CC20 
 149      96A1535A 
 149      5EFEFA
 150 019d CA48EDAA 		.ascii	"\312H\355\252)\245\206\2607-\3548\266\032\315Us\006"
 150      29A586B0 
 150      372DEC38 
 150      B61ACD55 
 150      7306
 151 01af AEA595EE 		.ascii	"\256\245\225\356;\340.\236s\235\342\202{0\003\244\333"
 151      3BE02E9E 
 151      739DE282 
 151      7B3003A4 
 151      DB
 152 01c0 316C5117 		.ascii	"1lQ\027\352\3529{\356\334\373\251\302\376\252\367\373"
 152      EAEA397B 
 152      EEDCFBA9 
 152      C2FEAAF7 
 152      FB
 153 01d1 AA0FFE51 		.ascii	"\252\017\376Q5Q\210\276\372\212\323\336{\364 SC&\217"
 153      355188BE 
 153      FA8AD3DE 
 153      7BF42053 
 153      43268F
 154 01e4 DB3D2FB6 		.ascii	"\333=/\266\331;\310mf\017\364\203\361\352\003ms\301"
 154      D93BC86D 
 154      660FF483 
 154      F1EA036D 
 154      73C1
 155 01f6 F0DA8A16 		.ascii	"\360\332\212\026d\254\225u;\021<\324=\315r\241[=f3|"
 155      64AC9575 
 155      3B113CD4 
 155      3DCD72A1 
 155      5B3D6633 
 156 020b D8FA9D93 		.ascii	"\330\372\235\223\366\377\037\346\037\366\315/\241y\324"
 156      F6FF1FE6 
 156      1FF6CD2F 
 156      A179D4
 157 021a D283A53E 		.ascii	"\322\203\245>\325-\310\014\261,1Y\007\000B~\336x1\201"
 157      D52DC80C 
 157      B12C3159 
 157      0700427E 
 157      DE783181 
 158 022e B344B919 		.ascii	"\263D\271\031\303+\000\004\302\213p0\024\012\237\210"
 158      C32B0004 
 158      C28B7030 
 158      140A9F88 
 159 023e C5CFC44F 		.ascii	"\305\317\304O\236\016\217'\303\211s\341d\"\022\216\304"
 159      9E0E8F27 
 159      C38973E1 
 159      6422128E 
 159      C4
 160 024f C6A26391 		.ascii	"\306\242c\221\361D4\024a2\031?\037\205\211_\370M\027"
ARM GAS  /var/folders/d3/p12xj6d96hx5ptyrkl_lzds40000gn/T//ccQYRgKq.s 			page 12


 160      F1443414 
 160      6132193F 
 160      1F85895F 
 160      F84D17
 161 0262 67       		.ascii	"g"
 162              		.text
 163              		.section	.gnu.lto_chCoreGetStatusX.4b72e39ca46753b0,"",%progbits
 164 0000 789C6D91 		.ascii	"x\234m\221=K\003A\020\206gv\357#\010\212\275)\"b\221"
 164      3D4B0341 
 164      10866776 
 164      EF23088A 
 164      BD292262 
 165 0015 26E75F10 		.ascii	"&\347_\020\033;A\377\201G )B\340b\237M.\207\246\323"
 165      1B3B41FF 
 165      81472029 
 165      42E0629F 
 165      4D2E87A6 
 166 002a C243FC20 		.ascii	"\302C\374 \220&\03251e:\021\013\013?P\264\262P\024-"
 166      90261A35 
 166      31653A11 
 166      0B0B3F50 
 166      B4B25014 
 167 003f 8245225A 		.ascii	"\202E\"Z\306s&\011\026\222\205\335\231wvx\336\331;\015"
 167      C6732609 
 167      169285DD 
 167      99777678 
 167      DED93B0D 
 168 0053 10789529 		.ascii	"\020x\225)LQ\234\240\215\022P\254_\003\344B\002\221"
 168      4C519CA0 
 168      8D1250AC 
 168      5F03E442 
 168      0291
 169 0065 131542C8 		.ascii	"\023\025B\310\012\314\342\267\350\012\274-\234\354\312"
 169      0ACCE2B7 
 169      E80ABC2D 
 169      9CECCA
 170 0074 2FE1519B 		.ascii	"/\341Q\233F\262s\265\375:\306\0221BrG\335\025\315hE"
 170      46B273B5 
 170      FD3AC612 
 170      31427247 
 170      DD15CD68 
 171 0089 A9BC7A7E 		.ascii	"\251\274z~\253\315n\270\336\274'\005\004\002p\037\303"
 171      ABCD6EB8 
 171      DEBC2705 
 171      0402701F 
 171      C3
 172 009a 58C1305B 		.ascii	"X\3010[\034`\024\250\371\245\361\2639j\024\024\255\010"
 172      1C6014A8 
 172      F9A5F1B3 
 172      396A1414 
 172      AD08
 173 00ac B7D04D15 		.ascii	"\267\320M\025\015\036\251\276x\252\202\300U*\230\271"
 173      0D1EA9BE 
 173      78AA82C0 
 173      552A98B9 
 174 00bc 980E09F0 		.ascii	"\230\016\011\360\244\224th\032g:g\006\037&0\034\332"
 174      A4947468 
ARM GAS  /var/folders/d3/p12xj6d96hx5ptyrkl_lzds40000gn/T//ccQYRgKq.s 			page 13


 174      1A673A67 
 174      061F2630 
 174      1CDA
 175 00ce B479D08E 		.ascii	"\264y\320\216\020\034\345;\346\375\306S\331d\232+yh"
 175      101CE53B 
 175      E6FDC653 
 175      D9649A2B 
 175      7968
 176 00e0 DF3BBB31 		.ascii	"\337;\2731yJ\035\331\270\331\374x4\263]\265\246\324"
 176      794A1DD9 
 176      B8D9FC78 
 176      34B35DB5 
 176      A6D4
 177 00f2 38D58A92 		.ascii	"8\325\212\222,\251\334\272|8\037)\341^N\365\352\022"
 177      2CA9DCBA 
 177      7C381F29 
 177      E15E4EF5 
 177      EA12
 178 0104 8FE8D187 		.ascii	"\217\350\321\207<2\036c\011\201\270\237\003\250$.k\037"
 178      3C321E63 
 178      0981B89F 
 178      03A8242E 
 178      6B1F
 179 0116 FB5A1B46 		.ascii	"\373Z\033F\305\341\324\332\037\265\376\217\252\023\210"
 179      C5E1D4DA 
 179      1FB5FE8F 
 179      AA1388
 180 0125 B4BB65F4 		.ascii	"\264\273e\364u\337H\357\265\254\336\017\254L\252C\013"
 180      75DF48EF 
 180      B5ACDE0F 
 180      AC4CAA43 
 180      0B
 181 0136 C540F1FF 		.ascii	"\305@\361\377k\013\344\207\323g\230\214\305\254\271"
 181      6B0BE487 
 181      D367988C 
 181      C5ACB9
 182 0145 447239B9 		.ascii	"Dr9\271\260d\2453\226\263be\034\333\262\023\251x\312"
 182      B064A533 
 182      96B36265 
 182      1CDBB213 
 182      A978CA
 183 0158 4E3BF198 		.ascii	"N;\361\230\015\277\027[\221\253"
 183      0DBF175B 
 183      91AB
 184              		.text
 185              		.section	.gnu.lto_.symbol_nodes.4b72e39ca46753b0,"",%progbits
 186 0000 789C55CB 		.ascii	"x\234U\313K\021\2000\020\203\341?[j\000\005\340\017"
 186      4B118030 
 186      1083E13F 
 186      5B6A0005 
 186      E00F
 187 0012 0F5B09DC 		.ascii	"\017[\011\334\240\274\204 \002M\354\364\326\\2\363e"
 187      A0BC8420 
 187      024DECF4 
 187      D65C32F3 
 187      65
 188 0023 32201622 		.ascii	"2 \026\"V\345\260~\020\365\226\031\362-\246X\362&\225"
ARM GAS  /var/folders/d3/p12xj6d96hx5ptyrkl_lzds40000gn/T//ccQYRgKq.s 			page 14


 188      56E5B07E 
 188      10F59619 
 188      F22DA658 
 188      F22695
 189 0036 11527E64 		.ascii	"\021R~d\015v\245\006v\310\325}\354\224[/\227<u\302\017"
 189      0D76A506 
 189      76C8D57D 
 189      EC945B2F 
 189      973C75C2 
 190 004b 7A2815BC 		.ascii	"z(\025\274"
 191              		.text
 192              		.section	.gnu.lto_.refs.4b72e39ca46753b0,"",%progbits
 193 0000 789C0DC9 		.ascii	"x\234\015\311\301\021\300 \020\003\261\265\317\\\302"
 193      C111C020 
 193      1003B1B5 
 193      CF5CC2
 194 000f 83A112FA 		.ascii	"\203\241\022\372o\017\364U\020\007\010\226\344\341j"
 194      6F0FF455 
 194      10070896 
 194      E4E16A
 195 001e 65D6208D 		.ascii	"e\326 \215\177yW\223\227-/\177D\270\270\026\340\000"
 195      7F795793 
 195      972D2F7F 
 195      44B8B816 
 195      E000
 196 0030 C6       		.ascii	"\306"
 197              		.text
 198              		.section	.gnu.lto_.decls.4b72e39ca46753b0,"",%progbits
 199 0000 789CA554 		.ascii	"x\234\245TkL\024W\024\236\263\263\362\334]\015\261\215"
 199      6B4C1457 
 199      149EB3B3 
 199      F2DC5D0D 
 199      B18D
 200 0012 3FB60D35 		.ascii	"?\266\015551i\330\021\253\306\037\375\241\241\321\232"
 200      353169D8 
 200      11ABC61F 
 200      FDA1A1D1 
 200      9A
 201 0023 48694AB0 		.ascii	"HiJ\260&m3Y\226\255\273qY\220]\254\364O\007\004j\020"
 201      266D3359 
 201      96ADBB71 
 201      59905DAC 
 201      F44F0704 
 202 0039 0D15C5F0 		.ascii	"\015\025\305\360\210\002*/E\260\240\200\370\330\252"
 202      88022A2F 
 202      45B0A080 
 202      F8D8AA
 203 0048 08288848 		.ascii	"\010(\210H\255\002\"(\340\253Z\020\260\250T\355\271"
 203      AD022228 
 203      E0AB5A10 
 203      B0A854ED 
 203      B9
 204 0059 77667766 		.ascii	"wfwf}\265I'{f\357\275s\316\367}\347\234{\257\232\001"
 204      7DB54927 
 204      7B66EFBD 
 204      73CEF77D 
 204      E79C7BAF 
ARM GAS  /var/folders/d3/p12xj6d96hx5ptyrkl_lzds40000gn/T//ccQYRgKq.s 			page 15


 205 006f 863C5D7E 		.ascii	"\206<]~\014\263^\3050\2318}\201\3174\\[\305\310\217"
 205      0CB35EC5 
 205      3099387D 
 205      81CF345C 
 205      5BC5C88F 
 206 0083 1AAD12ED 		.ascii	"\032\255\022\355\010Z=Z\243\264v\026\255\025\355<Z;"
 206      085A3D5A 
 206      A3B47616 
 206      AD15ED3C 
 206      5A3B
 207 0095 E3FD107F 		.ascii	"\343\375\020\177\037\011\247\011-\002\255\005\355\002"
 207      1F09A709 
 207      2D02AD05 
 207      ED02
 208 00a3 5A87E403 		.ascii	"Z\207\344\003\222\337\277a\021^\177\264 \264\231hQh"
 208      92DFBF61 
 208      115E7FB4 
 208      20B49968 
 208      5168
 209 00b5 350ACC2F 		.ascii	"5\012\314/\320\272\025\270~RL/Z\037\332\015I\367 \332"
 209      D0BA15B8 
 209      7E524C2F 
 209      5A1FDA0D 
 209      49F720DA 
 210 00c9 30DA1D34 		.ascii	"0\332\0354\225\304\323\372\022W\275\024\3776.\245\376"
 210      95C4D3FA 
 210      1257BD14 
 210      FF362EA5 
 210      FE
 211 00da FAB76035 		.ascii	"\372\267`5J5pc\325\274\001\243\361-\030\317TP\361\363"
 211      4A357063 
 211      D5BC01A3 
 211      F12D18CF 
 211      5450F1F3 
 212 00ee E5A36C2F 		.ascii	"\345\243l/t\003\372\300\0141\012\3047PcD\243S\034\250"
 212      7403FAC0 
 212      0C310AC4 
 212      37506344 
 212      A3531CA8 
 213 0102 E89B9197 		.ascii	"\350\233\221\227\300\355H\336\370R\201\264\306x\300"
 213      C0ED48DE 
 213      F85281B4 
 213      C678C0
 214 0111 E84F8AA7 		.ascii	"\350O\212\247{\200>\024DF\007)\010<\012\350gF\374\356"
 214      7B803E14 
 214      44460729 
 214      083C0AE8 
 214      6746FCEE 
 215 0125 4115FF54 		.ascii	"A\025\377Tr\200\002O\224+\301\311\232=9\201;\351{\207"
 215      7280024F 
 215      942BC1C9 
 215      9A3D3981 
 215      3BE97B87 
 216 0139 AE15E958 		.ascii	"\256\025\351X\025\220q\377\223\262e\206\003\002>Y\202"
 216      159071FF 
 216      93B26586 
 216      03023E59 
ARM GAS  /var/folders/d3/p12xj6d96hx5ptyrkl_lzds40000gn/T//ccQYRgKq.s 			page 16


 216      82
 217 014a A07A4FAE 		.ascii	"\240zO\256Lgju\001;\241\202\240\000P\343\364a{\336\240"
 217      4C676A75 
 217      013BA182 
 217      A00050E3 
 217      F4617BDE 
 218 015f 0EA73303 		.ascii	"\016\2473\003 \030\247\317Z\363\363T\263rh\334F!X\015"
 218      2018A7CF 
 218      5AF3F354 
 218      B37268DC 
 218      4621580D 
 219 0173 ABDE85FD 		.ascii	"\253\336\205\375\240\207\012\320#\321\001\230\205\357"
 219      A0870AD0 
 219      23D10198 
 219      85EF
 220 0181 68B58824 		.ascii	"h\265\210$\214\217}=\273P(\254\026\006\372\036kr6\012"
 220      8C8F7D3D 
 220      BB5028AC 
 220      1606FA1E 
 220      6B72360A 
 221 0195 2D18154C 		.ascii	"-\030\025L\234\240\014X(\007\003\021\207C\362W\012\275"
 221      9CA00C58 
 221      28070311 
 221      8743F257 
 221      0ABD
 222 01a7 A8BA1266 		.ascii	"\250\272\022fc`WW\365\337\276\354b\252\263\257\245|"
 222      63605757 
 222      F5DFBEEC 
 222      62AAB3AF 
 222      A57C
 223 01b9 3F911311 		.ascii	"?\221\023\021\000$\333\351\270Tu\277\341\211V\\\"\036"
 223      0024DBE9 
 223      B85475BF 
 223      E189565C 
 223      221E
 224 01cb 7B9F8CD4 		.ascii	"{\237\214\324i\330O\311XU\270\245\362\3564\230\033P"
 224      69D84FC9 
 224      5855B8A5 
 224      F2EE3498 
 224      1B50
 225 01dd 42040ED4 		.ascii	"B\004\016\324\245\1773\236\206\331A\015\004\300!\231"
 225      A57F339E 
 225      86D9410D 
 225      04C02199 
 226 01ed 322200DF 		.ascii	"2\"\000\337\233\004!\205\344\020\324\242c<)\300/0\227"
 226      9B042185 
 226      E410D4A2 
 226      633C29C0 
 226      2F3097
 227 0200 E01247A8 		.ascii	"\340\022G\250\306\305*\\D\216\253\307\332&X5\331+\004"
 227      C6C52A5C 
 227      448EABC7 
 227      DA265835 
 227      D92B04
 228 0213 0A13C4B5 		.ascii	"\012\023\304\265\254\321\342T\255\262\024Q\032E)\016"
 228      ACD1E254 
 228      ADB21451 
ARM GAS  /var/folders/d3/p12xj6d96hx5ptyrkl_lzds40000gn/T//ccQYRgKq.s 			page 17


 228      1A45290E 
 229 0223 D352D482 		.ascii	"\323R\324\202T\213\373\207\267m\321\270\2131\241\333"
 229      548BFB87 
 229      B76DD1B8 
 229      8B31A1DB 
 230 0233 E92E06BA 		.ascii	"\351.\006\272\301AY\331Ae1\216\320b\214L\356\232\322"
 230      C14159D9 
 230      4165318E 
 230      D0628C4C 
 230      EE9AD2
 231 0246 B2454073 		.ascii	"\262E@s\035\231\252\035\230\2160\003\325\202+\347\234"
 231      1D99AA1D 
 231      988E3003 
 231      D5822BE7 
 231      9C
 232 0257 46C84A16 		.ascii	"F\310J\026\012\227P\220:\031\244N\011ROA\252\036V\347"
 232      0A975090 
 232      3A19A44E 
 232      09524F41 
 232      AA1E56E7 
 233 026b FBB20745 		.ascii	"\373\262\007E\220{\005\271E^\302IN\262\362\243^M\334"
 233      907B05B9 
 233      455EC249 
 233      4EB2F2A3 
 233      5E4DDC
 234 027e 59385532 		.ascii	"Y8U2]\024\356\232\314\320\344\012\256T\214\013\"^\320"
 234      5D14EE9A 
 234      CCD0E40A 
 234      AE548C0B 
 234      225ED0
 235 0291 20733628 		.ascii	" s6(9\033)\347\225\241Z\254\371I\221\263*m\250\334\017"
 235      391B29E7 
 235      95A15AAC 
 235      F94991B3 
 235      2A6DA8DC 
 236 02a6 7BA6C736 		.ascii	"{\246\3076\202\242\207z\261\207\265\256\361J5\333N}"
 236      82A2877A 
 236      B187B5AE 
 236      F14A35DB 
 236      4E7D
 237 02b8 559D35DD 		.ascii	"U\2355\335M\376\236&\366_x\277^\020f\300\257(\362\244"
 237      4DFE9E26 
 237      F65F78BF 
 237      5E1066C0 
 237      AF28F2A4 
 238 02cc 4CA8F7F4 		.ascii	"L\250\367\364p\264X\360\231\305\300\307z\230\207\015"
 238      70B458F0 
 238      99C5C0C7 
 238      7A98870D 
 239 02dc 746103F5 		.ascii	"ta\003\365R\003O`N\307\305\006\226\357.;\243e\253\350"
 239      52034F60 
 239      4EC7C506 
 239      96EF2E3B 
 239      A365ABE8 
 240 02f0 DE573DD8 		.ascii	"\336W=\330\376\307&V&\310\326\357'\004g\220\340\224"
 240      FEC72656 
 240      26C8D6EF 
ARM GAS  /var/folders/d3/p12xj6d96hx5ptyrkl_lzds40000gn/T//ccQYRgKq.s 			page 18


 240      27046790 
 240      E094
 241 0302 4C807CAF 		.ascii	"L\200|\257g8\375z\206\363\231\317\307TAY\322\211Z\002"
 241      6738FD7A 
 241      86F399CF 
 241      C7544159 
 241      D2895A02 
 242 0316 048F1EC1 		.ascii	"\004\217\036\301&\010\362\034\256\274\276=e\2729{\204"
 242      2608F21C 
 242      AEBCBE3D 
 242      65BA397B 
 242      84
 243 0327 01E4ED2B 		.ascii	"\001\344\355+\324V\244\010\251,q\200c\264~\350M\007"
 243      D456A408 
 243      A92C7180 
 243      63B47EE8 
 243      4D07
 244 0339 7016E690 		.ascii	"p\026\346\220Fm~T\243b\321\203\204n\277\323\354\257"
 244      466D7E54 
 244      A362D183 
 244      846EBFD3 
 244      ECAF
 245 034b C990372D 		.ascii	"\311\2207-\325+w\255\0054n\216\273\305\3175\310!\024"
 245      D52B77AD 
 245      05346E8E 
 245      BBC5CF35 
 245      C82114
 246 035e 0BAE67FB 		.ascii	"\013\256g\373\000;\246&_\241Y\314M\021\323L\271Z)\327"
 246      003BA626 
 246      5FA159CC 
 246      4D11D34C 
 246      B95A29D7 
 247 0372 A38CF161 		.ascii	"\243\214\361a-\233)r\035n\256J\321\2122]]\351\357$\013"
 247      2D9B2972 
 247      1D6EAE4A 
 247      D18A325D 
 247      5DE9EF24 
 248 0387 A780AA3C 		.ascii	"\247\200\252<\347VI\007p\236F>\334\321\235\315\262\271"
 248      E7564907 
 248      709E463E 
 248      DCD19DCD 
 248      B2B9
 249 0399 626473FD 		.ascii	"bds\375\261\247~\022\371\013\005y\333+\344m\024\242"
 249      B1A77E12 
 249      F90B0579 
 249      DB2BE46D 
 249      14A2
 250 03ab 9D428CB5 		.ascii	"\235B\214\265\365\214\200Wr\204M\366\275 &G\376\321"
 250      F58C8057 
 250      72844DF6 
 250      BD202647 
 250      FED1
 251 03bd 3B3FBD2A 		.ascii	";?\275*K\353\345M\030d\357\016\311\273\203z\017MU\036"
 251      4BEBE54D 
 251      1864EF0E 
 251      C9BB837A 
 251      0F4D551E 
ARM GAS  /var/folders/d3/p12xj6d96hx5ptyrkl_lzds40000gn/T//ccQYRgKq.s 			page 19


 252 03d1 D589F799 		.ascii	"\325\211\367\231\0179A\203\2237\375\0026I\233\237\004"
 252      0F394183 
 252      9337FD02 
 252      36499B9F 
 252      04
 253 03e2 0729CBD8 		.ascii	"\007)\313\330I\232\006\234\036.\212]\235\310H\233\224"
 253      499A069C 
 253      1E2E8A5D 
 253      9DC8489B 
 253      94
 254 03f3 6E435F9C 		.ascii	"nC_\234\226\335*\330\252\021o\303\3058\275\374\370\370"
 254      96DD2AD8 
 254      AA116FC3 
 254      C538BDFC 
 254      F8F8
 255 0405 530D5B48 		.ascii	"S\015[HSW\327\244\364\027\351`\256\036\020\014\304\275"
 255      5357D7A4 
 255      F417E960 
 255      AE1E100C 
 255      C4BD
 256 0417 45AE5606 		.ascii	"E\256V\006\256b\243~\223*\207O\236\200\354\243?\222"
 256      AE62A37E 
 256      932A874F 
 256      9E80ECA3 
 256      3F92
 257 0429 651CFBD1 		.ascii	"e\034\373\321\377\327l\263\313\270\315\256R5W\020\360"
 257      FFD76CB3 
 257      CBB8CDAE 
 257      52355710 
 257      F0
 258 043a 77514E7A 		.ascii	"wQNza\316H\240r\223\021\354.\374~\211\252\357&[M\314"
 258      61CE48A0 
 258      729311EC 
 258      2EFC7E89 
 258      AAEF265B 
 259 0450 814E3022 		.ascii	"\201N0\"3\255\"\331\227\335'v\347\\g\307\250?\036f\027"
 259      33AD22D9 
 259      97DD2776 
 259      E75C67C7 
 259      A83F1E66 
 260 0465 DE4227F3 		.ascii	"\336B'\363\277m\332\227No\220\317\350\315\015=\362\346"
 260      BF6DDA97 
 260      4E6F90CF 
 260      E8CD0D3D 
 260      F2E6
 261 0477 EF511EE7 		.ascii	"\357Q\036\347^z\234K&\037o\326\261\235\"\320mWf\271"
 261      5E7A9C4B 
 261      261F6FD6 
 261      B19D22D0 
 261      6D5766B9 
 262 048b 5602FA6B 		.ascii	"V\002\372kW\370\016z\235e}Ha\256\3110\327\2240}\024"
 262      57F80E7A 
 262      9D657D48 
 262      61AEC930 
 262      D794307D 
 263 04a0 662239BB 		.ascii	"f\"9\273\312\217\375IMa**wU\353\330\035\342d\363\251"
 263      CA8FFD49 
ARM GAS  /var/folders/d3/p12xj6d96hx5ptyrkl_lzds40000gn/T//ccQYRgKq.s 			page 20


 263      4D612A2A 
 263      7755EBD8 
 263      1DE264F3 
 264 04b5 D3053E78 		.ascii	"\323\005>x\307B?\215\"\267\356\203\246RVb\3319\030\337"
 264      C7423F8D 
 264      22B7EE83 
 264      A6525662 
 264      D93918DF 
 265 04c9 33362C08 		.ascii	"36,\010\333\004!\025fR\242\353n\"\030\0005\231\311\\"
 265      DB042115 
 265      6652A2EB 
 265      6E221800 
 265      3599C95C 
 266 04dd 3728D7C5 		.ascii	"7(\327\305?\0333\003\331K\"\274P\332\376\211'\3655/"
 266      3F1B3303 
 266      D94B22BC 
 266      50DAFE89 
 266      27F5352F 
 267 04f1 A57E53D6 		.ascii	"\245~S\326|S\2113Hq\006v\337\316\326\262\327E\234\023"
 267      7C538933 
 267      48710676 
 267      DFCED6B2 
 267      D7459C13 
 268 0505 69B9256A 		.ascii	"i\271%jw\352\327\243\274R\037\222a\206\2240\303\024"
 268      77EAD7A3 
 268      BC521F92 
 268      61869430 
 268      C314
 269 0517 A6F4C6D6 		.ascii	"\246\364\306\326\275\276\354\2757e\233}\344t\3034O\266"
 269      BDBEECBD 
 269      37659B7D 
 269      E474C334 
 269      4FB6
 270 0529 ABBB5FCA 		.ascii	"\253\273_\312\366\226'\333\333\230\355-%\374\035\230"
 270      F69627DB 
 270      DB98ED2D 
 270      25FC1D98 
 271 0539 CD04F0A6 		.ascii	"\315\004\360\246\270\0043o\265[\235~\313?\217\012\016"
 271      B804336F 
 271      B55B9D7E 
 271      CB3F8F0A 
 271      0E
 272 054a 0B0D653E 		.ascii	"\013\015e>0\030\2700\2135\332\032\021\311\3059\270\004"
 272      3018B830 
 272      8B35DA1A 
 272      11C9C539 
 272      B804
 273 055c 27E74830 		.ascii	"'\347H0q&K\2549\2268\033LL\240\311\022\206\243\2456"
 273      71264BAC 
 273      3996381B 
 273      4C4CA0C9 
 273      1286A3A5 
 274 0571 5B9CC9C7 		.ascii	"[\234\311\307a\375\301\314;\243\270DG\002\207s\243\215"
 274      61FDC1CC 
 274      3BA3B844 
 274      47028773 
 274      A38D
ARM GAS  /var/folders/d3/p12xj6d96hx5ptyrkl_lzds40000gn/T//ccQYRgKq.s 			page 21


 275 0583 5B633285 		.ascii	"[c2\205\030\023bC\354qvs\210\331\030m\015Y\310/\010"
 275      18136243 
 275      EC717673 
 275      88D9186D 
 275      0D59C82F 
 276 0598 993F2F74 		.ascii	"\231?/t\321\272\371\234\315\032M\0348/\007n\241a\201"
 276      D1BAF99C 
 276      CD1A4D1C 
 276      382F076E 
 276      A16181
 277 05ab 2194B3DA 		.ascii	"!\224\263\332M\266\304\0303\347p\306\304\230\2773X\030"
 277      4DB6C418 
 277      33E770C6 
 277      C498BF33 
 277      5818
 278 05bd 8D8268C5 		.ascii	"\215\202h\305\014q\262\334\354\214t\032\235\211\216"
 278      0C71B2DC 
 278      EC8C741A 
 278      9D898E
 279 05cc D55A9EB7 		.ascii	"\325Z\236\267\230\215\361|\264\321a\346y\177\236O\264"
 279      988DF17C 
 279      B4D161E6 
 279      797F9E4F 
 279      B4
 280 05dd DA9D8B79 		.ascii	"\332\235\213y\347W\377U\213\267\0067{\254\321d\261\332"
 280      E757FF55 
 280      8BB70637 
 280      7BACD164 
 280      B1DA
 281 05ef CD1C8F1A 		.ascii	"\315\034\217\032\214\2116'\357L\2127;P\215\257\204\277"
 281      8C893627 
 281      EF4C8A37 
 281      3B508DAF 
 281      84BF
 282 0601 F2FFE13B 		.ascii	"\362\377\341;\222\034\034\217)\"\030\001\265\23378\261"
 282      921C1C8F 
 282      29221801 
 282      B59B3738 
 282      B1
 283 0612 B41A2919 		.ascii	"\264\032)\031\263=\206\347}\360\215kj\223\305\230\340"
 283      B33D86E7 
 283      7DF08D6B 
 283      6A93C598 
 283      E0
 284 0623 6FB24426 		.ascii	"o\262D&9V\306\231\326\276\332\0307\244\311\202\240\010"
 284      3956C699 
 284      D6BEDA18 
 284      37A4C982 
 284      A008
 285 0635 E61F1F97 		.ascii	"\346\037\037\227\340\344Q\331\332\217^\361%\237\034"
 285      E0E451D9 
 285      DA8F5EF1 
 285      259F1C
 286 0644 DCD22FC3 		.ascii	"\334\322/\303\303\3027`\000\355\373\372E\261\030\205"
 286      C3C23760 
 286      00EDFBFA 
 286      45B11885 
ARM GAS  /var/folders/d3/p12xj6d96hx5ptyrkl_lzds40000gn/T//ccQYRgKq.s 			page 22


 287 0654 758CB13A 		.ascii	"u\214\261:\214\3216\334\010\011\353\264F\333\367\306"
 287      8CD136DC 
 287      0809EBB4 
 287      46DBF7C6 
 288 0664 2407EE09 		.ascii	"$\007\356\011\033V\301\340\215\203Z\271\260\360\310"
 288      1B56C1E0 
 288      8D835AB9 
 288      B0F0C8
 289 0673 15913235 		.ascii	"\025\22125\3011\305.K\264\233\020*\220\212\215\262\023"
 289      C131C52E 
 289      4BB49B10 
 289      2A908A8D 
 289      B213
 290 0685 0981544C 		.ascii	"\011\201TL\"\035cvf\273\233\341\037\342\362\2345"
 290      221D6376 
 290      66BB9BE1 
 290      1FE2F29C 
 290      35
 291              		.text
 292              		.section	.gnu.lto_.symtab.4b72e39ca46753b0,"",%progbits
 293 0000 5F636F72 		.ascii	"_core_init\000"
 293      655F696E 
 293      697400
 294 000b 00       		.ascii	"\000"
 295 000c 00       		.ascii	"\000"
 296 000d 00       		.ascii	"\000"
 297 000e 00000000 		.ascii	"\000\000\000\000\000\000\000\000"
 297      00000000 
 298 0016 AD000000 		.ascii	"\255\000\000\000"
 299 001a 6368436F 		.ascii	"chCoreAlloc\000"
 299      7265416C 
 299      6C6F6300 
 300 0026 00       		.ascii	"\000"
 301 0027 00       		.ascii	"\000"
 302 0028 00       		.ascii	"\000"
 303 0029 00000000 		.ascii	"\000\000\000\000\000\000\000\000"
 303      00000000 
 304 0031 B6000000 		.ascii	"\266\000\000\000"
 305 0035 6368436F 		.ascii	"chCoreAllocI\000"
 305      7265416C 
 305      6C6F6349 
 305      00
 306 0042 00       		.ascii	"\000"
 307 0043 00       		.ascii	"\000"
 308 0044 00       		.ascii	"\000"
 309 0045 00000000 		.ascii	"\000\000\000\000\000\000\000\000"
 309      00000000 
 310 004d B8000000 		.ascii	"\270\000\000\000"
 311 0051 6368436F 		.ascii	"chCoreGetStatusX\000"
 311      72654765 
 311      74537461 
 311      74757358 
 311      00
 312 0062 00       		.ascii	"\000"
 313 0063 00       		.ascii	"\000"
 314 0064 00       		.ascii	"\000"
 315 0065 00000000 		.ascii	"\000\000\000\000\000\000\000\000"
ARM GAS  /var/folders/d3/p12xj6d96hx5ptyrkl_lzds40000gn/T//ccQYRgKq.s 			page 23


 315      00000000 
 316 006d BB000000 		.ascii	"\273\000\000\000"
 317 0071 5F5F6865 		.ascii	"__heap_base__\000"
 317      61705F62 
 317      6173655F 
 317      5F00
 318 007f 00       		.ascii	"\000"
 319 0080 02       		.ascii	"\002"
 320 0081 00       		.ascii	"\000"
 321 0082 00000000 		.ascii	"\000\000\000\000\000\000\000\000"
 321      00000000 
 322 008a C6000000 		.ascii	"\306\000\000\000"
 323 008e 5F5F6865 		.ascii	"__heap_end__\000"
 323      61705F65 
 323      6E645F5F 
 323      00
 324 009b 00       		.ascii	"\000"
 325 009c 02       		.ascii	"\002"
 326 009d 00       		.ascii	"\000"
 327 009e 00000000 		.ascii	"\000\000\000\000\000\000\000\000"
 327      00000000 
 328 00a6 CB000000 		.ascii	"\313\000\000\000"
 329              		.text
 330              		.section	.gnu.lto_.opts,"",%progbits
 331 0000 272D666D 		.ascii	"'-fmath-errno' '-fsigned-zeros' '-ftrapping-math' '"
 331      6174682D 
 331      6572726E 
 331      6F272027 
 331      2D667369 
 332 0033 2D666E6F 		.ascii	"-fno-trapv' '-fno-openmp' '-fno-openacc' '-mcpu=cor"
 332      2D747261 
 332      70762720 
 332      272D666E 
 332      6F2D6F70 
 333 0066 7465782D 		.ascii	"tex-m0' '-mno-thumb-interwork' '-mthumb' '-ggdb' '-"
 333      6D302720 
 333      272D6D6E 
 333      6F2D7468 
 333      756D622D 
 334 0099 4F322720 		.ascii	"O2' '-fomit-frame-pointer' '-falign-functions=16' '"
 334      272D666F 
 334      6D69742D 
 334      6672616D 
 334      652D706F 
 335 00cc 2D666675 		.ascii	"-ffunction-sections' '-fdata-sections' '-fno-common"
 335      6E637469 
 335      6F6E2D73 
 335      65637469 
 335      6F6E7327 
 336 00ff 2720272D 		.ascii	"' '-flto'\000"
 336      666C746F 
 336      2700
 337              		.text
 338              		.comm	__gnu_lto_v1,1,1
 339              		.comm	__gnu_lto_slim,1,1
 340              		.ident	"GCC: (GNU Tools for ARM Embedded Processors) 5.4.1 20160609 (release) [ARM/embedded-5-bran
ARM GAS  /var/folders/d3/p12xj6d96hx5ptyrkl_lzds40000gn/T//ccQYRgKq.s 			page 24


DEFINED SYMBOLS
                            *ABS*:0000000000000000 chmemcore.c
                            *COM*:0000000000000001 __gnu_lto_v1
                            *COM*:0000000000000001 __gnu_lto_slim

NO UNDEFINED SYMBOLS
