ARM GAS  /var/folders/d3/p12xj6d96hx5ptyrkl_lzds40000gn/T//ccj0KtKR.s 			page 1


   1              		.syntax unified
   2              		.cpu cortex-m0
   3              		.fpu softvfp
   4              		.eabi_attribute 20, 1
   5              		.eabi_attribute 21, 1
   6              		.eabi_attribute 23, 3
   7              		.eabi_attribute 24, 1
   8              		.eabi_attribute 25, 1
   9              		.eabi_attribute 26, 1
  10              		.eabi_attribute 30, 2
  11              		.eabi_attribute 34, 0
  12              		.eabi_attribute 18, 4
  13              		.thumb
  14              		.syntax unified
  15              		.file	"chmempools.c"
  16              		.text
  17              	.Ltext0:
  18              		.section	.gnu.lto_.profile.6e5e33468c66a7fa,"",%progbits
  19 0000 789C6361 		.ascii	"x\234ca`d`a`\000\222\341\226\000\001Q\000\233"
  19      60646061 
  19      600092E1 
  19      96000151 
  19      009B
  20              		.text
  21              		.section	.gnu.lto_.icf.6e5e33468c66a7fa,"",%progbits
  22 0000 789C6361 		.ascii	"x\234ca`d\000\0015\006\004`cX\362q\357)F\306mk\336\256"
  22      60640001 
  22      35060460 
  22      6358F271 
  22      EF2946C6 
  23 0018 E365FA3B 		.ascii	"\343e\372;a\357LF\346\265\215\017o\363\263l}re\027;"
  23      61EF4C46 
  23      E6B58D0F 
  23      6FF3B36C 
  23      7D726517 
  24 002d EBFFC619 		.ascii	"\353\377\306\031]\214\014\000l\023\022\026"
  24      5D8C0C00 
  24      6C131216 
  25              		.text
  26              		.section	.gnu.lto_.jmpfuncs.6e5e33468c66a7fa,"",%progbits
  27 0000 789C6361 		.ascii	"x\234ca`d\000\001+\006\004`c`fddd\257\257\257g\2041"
  27      60640001 
  27      2B060460 
  27      63606664 
  27      6464AFAF 
  28 0018 9880743D 		.ascii	"\230\200t=\023HR\352\000X\026\314\251\027`\001J0\327"
  28      134852EA 
  28      005816CC 
  28      A9176001 
  28      4A30D7
  29 002b D7B34228 		.ascii	"\327\263B(\006\000\353\320\007\344"
  29      0600EBD0 
  29      07E4
  30              		.text
  31              		.section	.gnu.lto_.inline.6e5e33468c66a7fa,"",%progbits
  32 0000 789C3D50 		.ascii	"x\234=P\273n\302@\020\234\331;\373\214\225(\261\221"
  32      BB6EC240 
ARM GAS  /var/folders/d3/p12xj6d96hx5ptyrkl_lzds40000gn/T//ccj0KtKR.s 			page 2


  32      109CD93B 
  32      FB8C9528 
  32      B191
  33 0012 A0418A3B 		.ascii	"\240A\212;:DE\355/\340#R\306?\341\306\022\005\022T\210"
  33      3A4445ED 
  33      2FE02352 
  33      C63FE1C6 
  33      12051254 
  34 0027 06892E4A 		.ascii	"\006\211.J\221\026Q\363\003\244t\225:t)\322Fb\3176\254"
  34      911651F3 
  34      03A47495 
  34      3A7429D2 
  34      4662CF36 
  35 003c 4EFB9AD9 		.ascii	"N\373\232\331\233\333\263 \274\015\332\320X\250' \304"
  35      9BDBB320 
  35      BC0DDAD0 
  35      58A82720 
  35      C4
  36 004d 1C87E8D5 		.ascii	"\034\207\350\3253\361=\342\361\002R2\345I\262\372\216"
  36      33F13DE2 
  36      F1025232 
  36      E549B2FA 
  36      8E
  37 005e D1DB2D45 		.ascii	"\321\333-E`\025\023$1\035\262\202\223\221\001\262\267"
  37      60151324 
  37      311DB282 
  37      939101B2 
  37      B7
  38 006f 2E16FFC2 		.ascii	".\026\377\302Mu:\273?\251\214\336\300w\216L\356\361"
  38      4D753ABB 
  38      3FA98CDE 
  38      C0778E4C 
  38      EEF1
  39 0081 2E213C4D 		.ascii	".!<M}\233g\261\027\337\277\010\370\343rA\260\030\347"
  39      7D9B67B1 
  39      17DFBF08 
  39      F8E37241 
  39      B018E7
  40 0094 60CD9291 		.ascii	"`\315\222\221\026\307H#\370\301R\236\265\356\022\230"
  40      16C74823 
  40      F8C1529E 
  40      B5EE1298 
  41 00a4 CFD482AB 		.ascii	"\317\324\202\253\3206\317\014\022h\217\353\271A\377"
  41      D036CF0C 
  41      12688FEB 
  41      B941FF
  42 00b3 4157480F 		.ascii	"AWH\017\257\210\267\323\033\346\021\353\227c+n\345\353"
  42      AF88B7D3 
  42      1BE611EB 
  42      97632B6E 
  42      E5EB
  43 00c5 09D1EFA4 		.ascii	"\011\321\357\244Q\264\255o\250\210\234N\273zv\377\000"
  43      51B4AD6F 
  43      A8889C4E 
  43      BB7A76FF 
  43      00
  44 00d6 5C01F942 		.ascii	"\\\001\371B%#"
ARM GAS  /var/folders/d3/p12xj6d96hx5ptyrkl_lzds40000gn/T//ccj0KtKR.s 			page 3


  44      2523
  45              		.text
  46              		.section	.gnu.lto_.pureconst.6e5e33468c66a7fa,"",%progbits
  47 0000 789C6361 		.ascii	"x\234ca`d\020````c\220b\334\305\310$\305\274\213\221"
  47      60641060 
  47      60606063 
  47      9062DCC5 
  47      C824C5BC 
  48 0016 458A7517 		.ascii	"E\212u\027#\000\024\234\002\252"
  48      2300149C 
  48      02AA
  49              		.text
  50              		.section	.gnu.lto_chPoolObjectInit.6e5e33468c66a7fa,"",%progbits
  51 0000 789C9592 		.ascii	"x\234\225\222\317KTQ\024\307\317\367\336\367\336L4\372"
  51      CF4B5451 
  51      14C7CFF7 
  51      DEF7DE4C 
  51      34FA
  52 0012 0F642041 		.ascii	"\017d A\214.\234\327\246\277 h\033\344\262\235\343\200"
  52      8C2E9CD7 
  52      A6BF2068 
  52      1BE4B29D 
  52      E380
  53 0024 030D33CC 		.ascii	"\003\0153\314\204\2136\336\231\361\241-\002\203\014"
  53      848B36DE 
  53      99F1A12D 
  53      02830C
  54 0033 94540844 		.ascii	"\224T\010D\315\3741\375\324\2050\270\030\241(\211t\325"
  54      CDFC31FD 
  54      D48530B8 
  54      18A12889 
  54      74D5
  55 0045 462B8774 		.ascii	"F+\207t5\017\214V9\235s\231 \\\351\205\313\275\347\276"
  55      350F8C56 
  55      399D7399 
  55      205CE985 
  55      CBBDE7BE 
  56 0059 F3FD9C73 		.ascii	"\363\375\234s\276<\207@\262\356(\242\353|^\342\015M"
  56      BE3C8740 
  56      B2EE28A2 
  56      EB7C5EE2 
  56      0D4D
  57 006b 50639F88 		.ascii	"Pc\237\210\212Q\005\310\305DAC\012C\370\245\376(l\216"
  57      8A5105C8 
  57      C5444143 
  57      0A43F8A5 
  57      FE286C8E 
  58 007f D4D755F7 		.ascii	"\324\327U\367\234\341\265wP\277f\346\253\0104QSY\022"
  58      9CE1B577 
  58      50BF66E6 
  58      AB083451 
  58      535912
  59 0092 610EDD9C 		.ascii	"a\016\335\234\365yx\365\251>V\201\006\034\016\303\217"
  59      F57978F5 
  59      A93E5681 
  59      061C0EC3 
  59      8F
ARM GAS  /var/folders/d3/p12xj6d96hx5ptyrkl_lzds40000gn/T//ccj0KtKR.s 			page 4


  60 00a3 93DFDB25 		.ascii	"\223\337\333%T\350\344\360\347Zm4\252\257\202\370\276"
  60      54E8E4F0 
  60      E75A6D34 
  60      AAAF82F8 
  60      BE
  61 00b4 BF175E8E 		.ascii	"\277\027^\216\317\032S2f*e.\004Z\34394\343\260\200\016"
  61      CF1A5332 
  61      662A652E 
  61      045AE339 
  61      34E3B080 
  62 00c9 CCA383F8 		.ascii	"\314\243\203\370\211\260\2108'?+\356~h\323]V8\262\264"
  62      89B08838 
  62      273F2BEE 
  62      7E68D35D 
  62      5638B2B4 
  63 00dd 71D8DE52 		.ascii	"q\330\336R~\261J\007/N+\035\302\222U~\235\256\035\306"
  63      7EB14A07 
  63      2F4E2B1D 
  63      C292557E 
  63      9DAE1DC6 
  64 00f1 748F551E 		.ascii	"t\217U\036=~t\340\266\224\023\265\230\031\343\011\\"
  64      3D7E74E0 
  64      B69413B5 
  64      9819E309 
  64      5C
  65 0102 2C9FD6BA 		.ascii	",\237\326\272\204\025\304E\360\255r2\336\346\015\313"
  65      8415C445 
  65      F0AD7232 
  65      DEE60DCB 
  66 0112 CC9D0FFE 		.ascii	"\314\235\017\376\015\213Uxb\337\312\355\252i6\313\306"
  66      0D8B5578 
  66      62DFCAED 
  66      AA6936CB 
  66      C6
  67 0123 6C788B0F 		.ascii	"lx\213\017!\246q\257\016\244\256\007K\240\006\347\213"
  67      21A671AF 
  67      0EA4AE07 
  67      4BA006E7 
  67      8B
  68 0134 93A15272 		.ascii	"\223\241Rr\352:J\307\215\355P\013\202\361O\202\315\355"
  68      EA3A4AC7 
  68      8DED500B 
  68      82F14F82 
  68      CDED
  69 0146 88B8A36D 		.ascii	"\210\270\243m{\277\267\336\217\306f0U\224z\027\003\355"
  69      7BBFB7DE 
  69      8FC66630 
  69      55947A17 
  69      03ED
  70 0158 95D9B60A 		.ascii	"\225\331\266\012\267$\037g\177\224\226#~O\240#x\211"
  70      B7241F67 
  70      7F949623 
  70      7E4FA023 
  70      7889
  71 016a 199C58DB 		.ascii	"\031\234X\333\361\012\376\377\234\010\010\257Y\300u"
  71      F10AFEFF 
  71      9C0808AF 
ARM GAS  /var/folders/d3/p12xj6d96hx5ptyrkl_lzds40000gn/T//ccj0KtKR.s 			page 5


  71      59C075
  72 0179 262B3BFB 		.ascii	"&+;\373n\253\316\331\300\016\336X\260\314\206\267\360"
  72      6EABCED9 
  72      C00EDE58 
  72      B0CC86B7 
  72      F0
  73 018a CB6CA280 		.ascii	"\313l\242\200\302\235\312\371@.\336Y\2205kM@\036\035"
  73      C29DCAF9 
  73      402EDE59 
  73      90356B4D 
  73      401E1D
  74 019d A154DDBD 		.ascii	"\241T\335\275)\030\373\2674\270\012\033\302\031W\022"
  74      2918FBB7 
  74      34B80A1B 
  74      C2195712 
  75 01ad 09FFC640 		.ascii	"\011\377\306@\272/}\253\327\317\026\374\374=\277\220"
  75      BA2F7DAB 
  75      D7CF16FC 
  75      FC3DBF90 
  76 01bd 4FFAC981 		.ascii	"O\372\311\201L*\223\313f\357\026\022IR\231\234SH\337"
  76      4C2A93CB 
  76      66EF1612 
  76      4952999C 
  76      5348DF
  77 01d0 4F4573F9 		.ascii	"OEs\371\354`\272?\225\377\013\271\016\330\256"
  77      EC60BA3F 
  77      95FF0BB9 
  77      0ED8AE
  78              		.text
  79              		.section	.gnu.lto_chPoolLoadArray.6e5e33468c66a7fa,"",%progbits
  80 0000 789C8555 		.ascii	"x\234\205U\335O\\E\024\2373s/\273\013\013\345\201DM"
  80      DD4F5C45 
  80      149F3373 
  80      2FBB0B0B 
  80      E581444D 
  81 0014 30010D52 		.ascii	"0\001\015R\320\260\372\240O\306hH4>`c\371\003L\272\335"
  81      D0B0FAA0 
  81      4FC66848 
  81      343E6063 
  81      F9034CBA 
  82 0029 044C6137 		.ascii	"\004La7,5\355S\007v\241\240\015\251\241Pi!\264\032\002"
  82      2C35ED53 
  82      0776A1A0 
  82      0DA9A150 
  82      6921B41A 
  83 003e 5ABEABF2 		.ascii	"Z\276\253\362YzK\013\330\017\240\245\205jh\310\026\013"
  83      597A4B0B 
  83      D80FA0A5 
  83      856A68C8 
  83      160B
  84 0050 D5561396 		.ascii	"\325V\023\226\326\230>\264x\316\334\205\302\335\265"
  84      D6983EB4 
  84      78CEDC85 
  84      C2DDB5
  85 005f BDC9DE9D 		.ascii	"\275\311\336\235;s~\277s\316\357\234\231\321\0300z\246"
  85      3B737EBF 
  85      73CEEF9C 
ARM GAS  /var/folders/d3/p12xj6d96hx5ptyrkl_lzds40000gn/T//ccj0KtKR.s 			page 6


  85      99D11830 
  85      7AA6
  86 0071 6D8CADE2 		.ascii	"m\214\255\342\377\016\374A\034\003~x\212\2612;\007\315"
  86      FF0EFC41 
  86      1C037E78 
  86      8AB1323B 
  86      07CD
  87 0083 1C087370 		.ascii	"\034\010sp\316\256qqh\2021\031\257\007mL:u\000\232\227"
  87      CEAE7171 
  87      68823119 
  87      AF076D4C 
  87      3A75009A 
  88 0098 766007B8 		.ascii	"v`\007\270\320t8\3005\006\206\006k\370lS\324\377\360"
  88      D07438C0 
  88      35068606 
  88      6BF86C53 
  88      D4FFF0
  89 00ab C71C460F 		.ascii	"\307\034F\017.\017\360\254V\211O\250e\365M\331f@\205"
  89      2E0FF0AC 
  89      56894FA8 
  89      65F54DD9 
  89      664085
  90 00be 606C8D2B 		.ascii	"`l\215+\023\006\255\220\205V\327\202\335\215\342!\257"
  90      1306AD90 
  90      8556D782 
  90      DD8DE221 
  90      AF
  91 00cf 10001A7E 		.ascii	"\020\000\032~\206'\217\375\236D\237\034\322\360\363"
  91      86278FFD 
  91      9E449F1C 
  91      D2F0F3
  92 00de 8FFEF12A 		.ascii	"\217\376\361*\273\310\000\206\343\333\241\360\313\231"
  92      BBC80086 
  92      E3DBA1F0 
  92      CB99
  93 00ec 2D52964B 		.ascii	"-R\226Ky\334#\035\025B\300\017 \220\016\276\207Th\203"
  93      79DC231D 
  93      1542C00F 
  93      20900EBE 
  93      87546883 
  94 0100 5486530C 		.ascii	"T\206S\014NA&\032_1\252\273\342\305v\005\0145\017N:"
  94      4E41261A 
  94      5F31AABB 
  94      E2C57605 
  94      0C350F4E 
  95 0115 22C8B30A 		.ascii	"\"\310\263\012\251A\273\025\211)t(\344cy\244>Id+d\303"
  95      A941BB15 
  95      89297428 
  95      E46379A4 
  95      3E49642B 
  96 012b 68DD7C62 		.ascii	"h\335|b\004\371@!u\350\264\"u\006]\220I\346\213=O\352"
  96      04F94021 
  96      75E8B422 
  96      75065D90 
  96      49E68B3D 
  97 0141 12E38294 		.ascii	"\022\343\202\224qZ\365z\252\320\015q$x\327NC\256\255"
  97      715AF57A 
ARM GAS  /var/folders/d3/p12xj6d96hx5ptyrkl_lzds40000gn/T//ccj0KtKR.s 			page 7


  97      AAD00D71 
  97      2478D74E 
  97      43AEAD
  98 0154 05A47CF4 		.ascii	"\005\244|\364\326\255W\223A\271\343\012\252\001\215"
  98      D6AD5793 
  98      41B9E30A 
  98      AA018D
  99 0163 51561CDB 		.ascii	"QV\034\333\200\022p m\\\2742IP&N\234\300r\255 !\326"
  99      80127020 
  99      6D5CBC32 
  99      4950264E 
  99      9CC072AD 
 100 017a 608573FC 		.ascii	"`\205s\374\023a.\030\026F,B\271\3214\301\311\021\006"
 100      13612E18 
 100      16462C42 
 100      B9D134C1 
 100      C91106
 101 018d 71F3DB91 		.ascii	"q\363\333\221\332\244\3546\012\302h\372\244\341\204"
 101      DAA4EC36 
 101      0AC268FA 
 101      A4E184
 102 019c 9D548948 		.ascii	"\235T\211H\336\003\331\001\344\331\012\3703x\270j\233"
 102      DE03D901 
 102      E4D90AF8 
 102      3378B86A 
 102      9B
 103 01ad 7843257C 		.ascii	"xC%|\362\330\243PR\306w\224\260Q{P4H#\230Fr\365nMZ\221"
 103      F2D8A350 
 103      52C67794 
 103      B0517B50 
 103      34482398 
 104 01c8 9D868C80 		.ascii	"\235\206\214\200\000\"Kf\317\361\373#d\223\357\015\333"
 104      00224B66 
 104      CFF1FB23 
 104      6493EF0D 
 104      DB
 105 01d9 91AA1347 		.ascii	"\221\252\023Gu\323M\350\372RJ{\257\224\325\357\307("
 105      75D34DE8 
 105      FA524A7B 
 105      AF94D5EF 
 105      C728
 106 01eb A802FF04 		.ascii	"\250\002\377\004\031D\020\013,\021\010\024al\344\317"
 106      1944100B 
 106      2C110814 
 106      616CE4CF 
 107 01fb 16E4A6EC 		.ascii	"\026\344\246\3546\220\261s\3533s\273\013e\213\341\312"
 107      3690B173 
 107      EB3373BB 
 107      0B658BE1 
 107      CA
 108 020c 5B6F6FAD 		.ascii	"[oo\255\255\361\325\335OUT\250\200*\357\032\007K\371"
 108      ADF1D5DD 
 108      4F5554A8 
 108      802AEF1A 
 108      074BF9
 109 021f 8DD6F92C 		.ascii	"\215\326\371,A,\024\003\203~\262\341V\233\213c\330\256"
 109      412C1403 
ARM GAS  /var/folders/d3/p12xj6d96hx5ptyrkl_lzds40000gn/T//ccj0KtKR.s 			page 8


 109      837EB2E1 
 109      569B8B63 
 109      D8AE
 110 0231 03B424AC 		.ascii	"\003\264$\254Kg\216\014\003\366\325 -j\326\305\245\372"
 110      4B678E0C 
 110      03F6D520 
 110      2D6AD6C5 
 110      A5FA
 111 0243 465A1CA2 		.ascii	"FZ\034\242E\335\332w\014\206q338\243\336l\026p\275m"
 111      45DDDA77 
 111      0C867133 
 111      3338A3DE 
 111      6C1670BD 
 112 0258 E4FC9233 		.ascii	"\344\374\2223}\001\232\3457\230\261\235 \253\235\275"
 112      7D019AE5 
 112      3798B19D 
 112      20AB9DBD 
 113 0268 B3091AB6 		.ascii	"\263\011\032\266\023\214@:\276\317\202F2\205\356,\202"
 113      138C403A 
 113      BECF8246 
 113      3285EE2C 
 113      82
 114 0279 4563A3B6 		.ascii	"Ec\243\266f\275\017b\253l<U\3318:\025\335F5\317n\243"
 114      66BD0F62 
 114      AB6C3C55 
 114      D9383A15 
 114      DD4635CF 
 115 028f 731B6D64 		.ascii	"s\033md\014\\~ak6\362t\243 \003\362\021\221*\216\370"
 115      0C5C7E61 
 115      6B36F274 
 115      A32003F2 
 115      11912A8E 
 116 02a4 E77F5BE8 		.ascii	"\347\177[\350w\212eP\316\352\026\214S\366\2103d\210"
 116      778A6550 
 116      CEEA168C 
 116      53F68833 
 116      6488
 117 02b6 38B3C1F9 		.ascii	"8\263\301\371hg\026\255\340\002\321\216*\245\306p\227"
 117      686716AD 
 117      E002D18E 
 117      2AA5C670 
 117      97
 118 02c7 5E304359 		.ascii	"^0CY\206\362\301\360\303Q\235\346\002\302\211\240\372"
 118      86F2C1F0 
 118      C3519DE6 
 118      02C289A0 
 118      FA
 119 02d8 8AD1691B 		.ascii	"\212\321i\033\235J\016\345\361\337\211KU\316fh*C\222"
 119      9D4A0EE5 
 119      F1DF894B 
 119      55CE6668 
 119      2A4392
 120 02eb 6474857B 		.ascii	"dt\205{\012\306\311\005L@\263\302\327\237L!\364f\250"
 120      0AC6C905 
 120      4C40B3C2 
 120      D79F4C21 
 120      F466A8
ARM GAS  /var/folders/d3/p12xj6d96hx5ptyrkl_lzds40000gn/T//ccj0KtKR.s 			page 9


 121 02fe 2D16341E 		.ascii	"-\0264\036\375\301/\004\305\265\226;\345\2356W\207J"
 121      FDC12F04 
 121      C5B5963B 
 121      E59D3657 
 121      874A
 122 0310 3C910017 		.ascii	"<\221\000\027\221\355\011\325\210B\204K\340\302h\210"
 122      91ED09D5 
 122      8842844B 
 122      E0C26888 
 123 0320 7DE6CBB9 		.ascii	"}\346\313\271\316\367\"\374\377\037\313eD\257+\333\200"
 123      CEF722FC 
 123      FF1FCB65 
 123      44AF2BDB 
 123      80
 124 0331 755122E2 		.ascii	"uQ\"\342\027W\2323\325\334+\343S\272\265+\307\327\273"
 124      17579A33 
 124      D5DC2BE3 
 124      53BAB52B 
 124      C7D7BB
 125 0344 D216DD5B 		.ascii	"\322\026\335[WH\253\250^\275O\3558I\020{t\257v\320\342"
 125      5748ABA8 
 125      5EBD4FED 
 125      3849107B 
 125      74AF76D0 
 126 0359 142D3AA2 		.ascii	"\024-:\242\371\246\225\366W\315^\275\367\334^\275\246"
 126      F9A695F6 
 126      57CD5EBD 
 126      F7DC5EBD 
 126      A6
 127 036a 7A7526D2 		.ascii	"zu&\322\2533\177\247\250=\036I\252\317\034\225\207\306"
 127      AB337FA7 
 127      A83D1E49 
 127      AACF1C95 
 127      87C6
 128 037c 1E6C5787 		.ascii	"\036lW\207.mOU\314\236\277\276v\320L@86WDDUD\036\007"
 128      2E6D4F55 
 128      CC9EBFBE 
 128      76D04C40 
 128      38365744 
 129 0395 3C681348 		.ascii	"<h\023H\303\3531\212R\013t\001\334PU\241#\035f\301\205"
 129      C3EB318A 
 129      520B7401 
 129      DC5055A1 
 129      231D66C1 
 130 03aa 0E028D95 		.ascii	"\016\002\215\225\357\232\364TNtB\361\250\010\360\374"
 130      EF9AF454 
 130      4E7442F1 
 130      A808F0FC 
 131 03ba C64932A9 		.ascii	"\306I2\251\257\234kr\232FHO\327\343\375\341\356_u\012"
 131      AF9C6B72 
 131      9A46484F 
 131      D7E3FDE1 
 131      EE5F750A 
 132 03ce 43372F4E 		.ascii	"C7/N\230C\217\353\300.\002&\240\2130n\177\274m\205:"
 132      98438FEB 
 132      C02E0226 
 132      A08B306E 
ARM GAS  /var/folders/d3/p12xj6d96hx5ptyrkl_lzds40000gn/T//ccj0KtKR.s 			page 10


 132      7FBC6D85 
 133 03e3 C2CC696E 		.ascii	"\302\314in\236g&9\260\333\020\234\017\364\325\274d\222"
 133      9E672639 
 133      B0DB109C 
 133      0FF4D5BC 
 133      6492
 134 03f5 F3CD09EA 		.ascii	"\363\315\011\352X\364\233f\353\257\002\006\246q|\305"
 134      58F49B66 
 134      EBAF0206 
 134      A6717CC5 
 135 0405 8B4343A9 		.ascii	"\213CC\251\253\300\003B\247\317\004\321>\364\"\272\321"
 135      ABC00342 
 135      A7CF04D1 
 135      3EF422BA 
 135      D1
 136 0416 E946B947 		.ascii	"\351F\271G\233\360#bR\333e\005\263\014\332P\370Wrr\\"
 136      9BF02362 
 136      52DB6505 
 136      B30CDA50 
 136      F8577272 
 137 042b B90585BB 		.ascii	"\271\005\205\273\012w\344\273\274~WI\251\313_\342v\271"
 137      0A77E4BB 
 137      BC7E5749 
 137      A9CB5FE2 
 137      76B9
 138 043d 0B8A3C45 		.ascii	"\013\212<E>\257w\217?\307\315x\221\017|P\254yw}\356"
 138      3EAF778F 
 138      3FC7CD78 
 138      910F7C50 
 138      AC79777D 
 139 0452 7B2DCABC 		.ascii	"{-\312\274\260\330\275g\357n\317fH\001\313\331j\346"
 139      B0D8BD67 
 139      EF6ECF66 
 139      4801CBD9 
 139      6AE6
 140 0464 D957EACA 		.ascii	"\331W\352\312\315\313\3778\377\251\265\267\304\363\231"
 140      CDCBFF38 
 140      FFA9B5B7 
 140      C4F399
 141 0473 BBE8C3BD 		.ascii	"\273\350\303\275\305n4O\177\006\253\177?\021\276\036"
 141      C56E344F 
 141      7F06AB7F 
 141      3F11BE1E 
 142 0483 65E1F396 		.ascii	"e\341\363\226\224\372]\037\354\314\313\315\333\207f"
 142      94FA5D1F 
 142      ECCCCBCD 
 142      DB8766
 143 0492 8AF08B77 		.ascii	"\212\360\213w\212\320\326\356\366\371\013w\247\0252"
 143      8AD0D6EE 
 143      F6F90B77 
 143      A71532
 144 04a1 1B46E42D 		.ascii	"\033F\344-\331\317\204\257\300\247&=8\371\037\301\246"
 144      D9CF84AF 
 144      C0A7263D 
 144      38F91FC1 
 144      A6
 145 04b2 E37C     		.ascii	"\343|"
ARM GAS  /var/folders/d3/p12xj6d96hx5ptyrkl_lzds40000gn/T//ccj0KtKR.s 			page 11


 146              		.text
 147              		.section	.gnu.lto_chPoolAllocI.6e5e33468c66a7fa,"",%progbits
 148 0000 789C7552 		.ascii	"x\234uR\315KTQ\024?\277{\337{3\343\214\037\213\226\006"
 148      CD4B5451 
 148      143FBF7B 
 148      DF7B33E3 
 148      8C1F8B96 
 149 0015 12880935 		.ascii	"\022\210\0115\217\026A-\\\265\216\240\376\201P\004\215"
 149      8F16412D 
 149      5CB58EA0 
 149      FE815004 
 149      8D
 150 0026 6C44DB86 		.ascii	"lD\333\206\327\231y`;\027eh\211\204\230\366\341W\237"
 150      D7997960 
 150      3B176568 
 150      898498F6 
 150      E1579F
 151 0039 668B0629 		.ascii	"f\213\006)\205\250\304u\033\235\242LZ4\232D\213\234"
 151      85A8C475 
 151      1B9DA24C 
 151      5A349A44 
 151      8B9C
 152 004b CEB94FF3 		.ascii	"\316\271O\363#\273\360\336\275\367w\357\371\375~\347"
 152      23BBF0DE 
 152      BDF777EF 
 152      F9FD7EE7 
 153 005b 9CEB1048 		.ascii	"\234\353\020H\306UMt\204\347\323\374!BP\335\357\211"
 153      C6554D74 
 153      84E7D3FC 
 153      214250DD 
 153      EF89
 154 006d 3AA34AE9 		.ascii	":\243J\351\376:2%\316Z\005\231\204\206\027\302\216r"
 154      FE3A3225 
 154      CE5A0599 
 154      848617C2 
 154      8E72
 155 007f 6F0AECAD 		.ascii	"o\012\354\255\013\354n\301\036 \013\023\005u(\355\270"
 155      0BEC6EC1 
 155      1E200B13 
 155      057528ED 
 155      B8
 156 0090 1E3AB0AE 		.ascii	"\036:\260\256~+,d'n\351\037*\320\004\207\267\205w}\037"
 156      7E2B2C64 
 156      276EE91F 
 156      2AD00487 
 156      B785777D 
 157 00a5 CB640B54 		.ascii	"\313d\013T\311\351\312\227l\274v\330\230\264Y\0146N"
 157      C9E9CA97 
 157      6CBC76D8 
 157      98B4590C 
 157      364E
 158 00b7 F48EE49C 		.ascii	"\364\216\344\234@+**\302\010*1\214J1u\027\265|wyj\266"
 158      402B2A2A 
 158      C2082A31 
 158      8C4A3175 
 158      17B57C77 
 159 00ce 2BAAAB41 		.ascii	"+\252\253A\274^Z,\034\254\031\2220s\243\321\304\002"
ARM GAS  /var/folders/d3/p12xj6d96hx5ptyrkl_lzds40000gn/T//ccj0KtKR.s 			page 12


 159      BC5E5A2C 
 159      1CAC1992 
 159      3073A3D1 
 159      C402
 160 00e0 AD710F7A 		.ascii	"\255q\017zg\030C\204\373\250\221\333_\263\335]\345\372"
 160      67184384 
 160      FBA891DB 
 160      5FB3DD5D 
 160      E5FA
 161 00f2 B08DBCDD 		.ascii	"\260\215\274\335\367k\261\254zPBsks\211^\223\313V\261"
 161      F76BB1AC 
 161      7A504273 
 161      6B73895E 
 161      93CB56B1 
 162 0106 241EEC0E 		.ascii	"$\036\354\016\227\301\267\363\223\033\327K\275\254\341"
 162      97C1B7F3 
 162      931BD74B 
 162      BDACE1
 163 0115 51855154 		.ascii	"Q\205QTK\255\370\032{\032\203\307\345\203\200\343gs"
 163      4BADF81A 
 163      7B1A83C7 
 163      E58380E3 
 163      6773
 164 0127 A658CC98 		.ascii	"\246X\314\230\\!2?u'\226\000\011\352@\344]\273\366\330"
 164      5C21323F 
 164      75279600 
 164      09EA40E4 
 164      5DBBF6D8 
 165 013b 8E13E59F 		.ascii	"\216\023\345\237\033\343\237\027\267 \321wf\222\252"
 165      1BE39F17 
 165      B720D177 
 165      6692AA
 166 014a 15949259 		.ascii	"\025\224\222Y\177Fzz\262\330\251\205<\243]\326\357\011"
 166      7F467A7A 
 166      B2D8A985 
 166      3CA35DD6 
 166      EF09
 167 015c 66E62352 		.ascii	"f\346#R.m\315\377\234{\323\225\030@\177\247\030:\311"
 167      2E6DCDFF 
 167      9C7BD395 
 167      18407FA7 
 167      183AC9
 168 016f 54918C76 		.ascii	"T\221\214v0.~\371t\350Sz,\342\037e)L`\000\033\342\223"
 168      302E7EF9 
 168      74E8537A 
 168      2CE21F65 
 168      294C6000 
 169 0186 30099FF2 		.ascii	"0\011\237\362H\233c\3262\35323-!\373!3x\315\333TB2\314"
 169      489B63D6 
 169      32EB3233 
 169      2D21FB21 
 169      3378CDDB 
 170 019e B8A034F5 		.ascii	"\270\2404\365\327Y\037\205W\371Hx\352\355\364\341\354"
 170      D7591F85 
 170      57F94878 
 170      EAEDF4E1 
 170      EC
ARM GAS  /var/folders/d3/p12xj6d96hx5ptyrkl_lzds40000gn/T//ccj0KtKR.s 			page 13


 171 01af F2814047 		.ascii	"\362\201@G%\374\341\277\016\036Y\007\362\302\360\230"
 171      25FCE1BF 
 171      0E1E5907 
 171      F2C2F098 
 172 01bf 1D3065CF 		.ascii	"\0350e\317\322\001!\334\233F\371\377\263x\262\235\305"
 172      D20121DC 
 172      9B46F9FF 
 172      B378B29D 
 172      C5
 173 01d0 53F8ECC4 		.ascii	"S\370\354\304Zth\255\"\264\370:\277Y\252\350nO\373\363"
 173      5A7468AD 
 173      22B4F83A 
 173      BF59AAE8 
 173      6E4FFBF3 
 174 01e4 C5F0CCF2 		.ascii	"\305\360\314\362\331\366M\261'[\204K\333\014\177\223"
 174      D9F64DB1 
 174      275B844B 
 174      DB0C7F93 
 175 01f4 8C71079F 		.ascii	"\214q\007\237c\253$.\015\224\206\255\231\235\331\324"
 175      63AB242E 
 175      0D9486AD 
 175      999DD9D4 
 176 0204 8BED4DE2 		.ascii	"\213\355M\342\312\376\275\0305\266Q\201.\301\264\325"
 176      CAFEBD18 
 176      35B65181 
 176      2EC1B4D5 
 177 0214 D6A2FD82 		.ascii	"\326\242\375\202\265\227\2215\307C\2628\253\023s\006"
 177      B5979135 
 177      C743B238 
 177      AB137306 
 178 0224 3ACE8D52 		.ascii	":\316\215R\333m\212[y\317>\015\356`\005\2050h\005\351"
 178      DB6D8A5B 
 178      79CF3E0D 
 178      EE600585 
 178      306805E9 
 179 0238 DC444918 		.ascii	"\334DI\030-\025^\005\270\013\372\333\313\363<9\314\025"
 179      2D155E05 
 179      B80BFADB 
 179      CBF33C39 
 179      CC15
 180 024a 77DF2E34 		.ascii	"w\337.4\361\363\202\304r\276\207\222I\377TSs}\363\231"
 180      F1F382C4 
 180      72BE8792 
 180      49FF5453 
 180      737DF399 
 181 025e 737EAADD 		.ascii	"s~\252\335o\273\354\267\2675\370\015M-\215-\255\251"
 181      6FBBECB7 
 181      B735F80D 
 181      4D2D8D2D 
 181      ADA9
 182 0270 D4C5F664 		.ascii	"\324\305\366d\003\251\226V'U\177\241\365\017\345\364"
 182      03A99656 
 182      27557FA1 
 182      F50FE5F4 
 183 0280 2E61     		.ascii	".a"
 184              		.text
 185              		.section	.gnu.lto_chPoolAlloc.6e5e33468c66a7fa,"",%progbits
ARM GAS  /var/folders/d3/p12xj6d96hx5ptyrkl_lzds40000gn/T//ccj0KtKR.s 			page 14


 186 0000 789C9554 		.ascii	"x\234\225TIkSQ\024\276\347\3367$i\254]\350N\241\025"
 186      496B5351 
 186      14BEE7DE 
 186      372469AC 
 186      5DE84EA1 
 187 0015 8A8A9887 		.ascii	"\212\212\230\207\013\005\027.\244 \270(\202\375\001"
 187      0B05172E 
 187      A420B828 
 187      82FD01
 188 0024 8A319088 		.ascii	"\2121\220\210iBR\245\256\274m\023\254\202\350\302YK"
 188      694252A5 
 188      AEBC6D13 
 188      AC82E8C2 
 188      594B
 189 0036 1529D6A1 		.ascii	"\025)\326\241\251u\254V\353\263\325V\353D\027\202P\205"
 189      A975AC56 
 189      EBB3D556 
 189      EB441782 
 189      5085
 190 0048 36CEC3C2 		.ascii	"6\316\303\302X\213\270\320x\316}\2515\211`}\320\373"
 190      588BB8D0 
 190      78CE7DA9 
 190      3589607D 
 190      D0FB
 191 005a F2CEF09D 		.ascii	"\362\316\360\235\357\234s\277j\014\030=\317t\306\372"
 191      EF9C73BF 
 191      6A0C183D 
 191      CF74C6FA 
 192 006a F15D8D7F 		.ascii	"\361]\215\177`2\340{\0373\326\340\342\\\264\254`\322"
 192      6032E07B 
 192      1F33D6E0 
 192      E25CB4AC 
 192      60D2
 193 007c A38D9731 		.ascii	"\243\215\2271\351\025`8f\215\353G\311lL\220Y\2374\033"
 193      E9156038 
 193      668DEB47 
 193      C96C4C90 
 193      599F341B 
 194 0090 00F443BA 		.ascii	"\000\364C\272\200m\347B\323\015\330\016\023\374\007"
 194      806DE742 
 194      D30DD80E 
 194      13FC07
 195 009f 87E1C4F9 		.ascii	"\207\341\304\371c\342+O\012\006\032~f\036\035yYJ\237"
 195      63E22B4F 
 195      0A061A7E 
 195      661E1D79 
 195      594A9F
 196 00b2 00E5E4FD 		.ascii	"\000\345\344\375\3606Q\262\360\224\224\215r\264\355"
 196      F03651B2 
 196      F094948D 
 196      72B4ED
 197 00c1 ECF2C3ED 		.ascii	"\354\362\303\355\266\226\024\234e9\203v\230\003\247"
 197      B696149C 
 197      65398376 
 197      9803A7
 198 00d0 600E913A 		.ascii	"`\016\221:\015\0131\366]\367@\263KT\002\303\337c\243"
 198      0D0B31F6 
ARM GAS  /var/folders/d3/p12xj6d96hx5ptyrkl_lzds40000gn/T//ccj0KtKR.s 			page 15


 198      5DF740B3 
 198      4B5402C3 
 198      DF63A3
 199 00e3 99B9F3DB 		.ascii	"\231\271\363\333(M\356\017HwR\0108\003\342\3174418\013"
 199      284DEE0F 
 199      48775208 
 199      3803E2CF 
 199      34343138 
 200 00f8 F329FA7D 		.ascii	"\363)\372}bo\363L\261@e\2368\362}\264\264\362$\245\332"
 200      626FF34C 
 200      B140659E 
 200      38F27DB4 
 200      B4F224A5 
 201 010d 2F86BC87 		.ascii	"/\206\274\207\245\235(\307\222p.?\235\036\214Nw\375"
 201      A59D28C7 
 201      92702E3F 
 201      9D1E8C4E 
 201      77FD
 202 011f DC3FC348 		.ascii	"\334?\303HH|\312\241\003*\211\031\022J\201\201\263\003"
 202      487CCAA1 
 202      032A8919 
 202      124A8181 
 202      B303
 203 0131 B274AEB5 		.ascii	"\262t\256\265e6\333$\355\021\317\343\356Nw)6\206UuF"
 203      6536DB24 
 203      ED11CFE3 
 203      EE4E7729 
 203      36865575 
 204 0146 3E035968 		.ascii	">\003Yh&\036\272\013\017\303\255\214\036u2\366\031\221"
 204      261EBA0B 
 204      0FC3AD8C 
 204      1E7532F6 
 204      1991
 205 0158 686419CE 		.ascii	"hd\031\316\351-\336BC\272g\254C\344W\265w>\347\252^"
 205      E92DDE42 
 205      43BA67AC 
 205      43E457B5 
 205      773EE7AA 
 206 016d 96430121 		.ascii	"\226C\001!;\263\373\006`\241Nr\362B\347\367=\307\310"
 206      3BB3FB06 
 206      60A14E72 
 206      F242E7F7 
 206      3DC7C8
 207 0180 799E9CA2 		.ascii	"y\236\234\242\260\025\006]``\003\027\324\311\316\000"
 207      B015065D 
 207      60600317 
 207      D4C9CE00 
 208 0190 FADB7BFB 		.ascii	"\372\333{\373_{+.B\253<\204\0031)\345K\352\302\323\022"
 208      5F7B2B2E 
 208      42AB3C84 
 208      033129E5 
 208      4BEAC2D3 
 209 01a5 0D79C245 		.ascii	"\015y\302E\250\300\363\022h,\015\215\243\211\024\020"
 209      A8C0F312 
 209      682C0D8D 
 209      A3891410 
 210 01b5 258CE86D 		.ascii	"%\214\350m>~P\317MsdH\344\246Y\264\014z\3402T6\341R"
ARM GAS  /var/folders/d3/p12xj6d96hx5ptyrkl_lzds40000gn/T//ccj0KtKR.s 			page 16


 210      3E7E50CF 
 210      4D736448 
 210      E4A659B4 
 210      0C7AE032 
 211 01cd DE40E3F5 		.ascii	"\336@\343\365\256lCA\237\362\365l\012\310\265\252\025"
 211      AE6C4341 
 211      9FF2F56C 
 211      0AC8B5AA 
 211      15
 212 01de 6E6A7CF0 		.ascii	"nj|\360\2776u\225\220\256\250\346\272\301h\022:\006"
 212      BF367595 
 212      90AEA8E6 
 212      BAC16812 
 212      3A06
 213 01f0 1C48F63D 		.ascii	"\034H\366=1\351\346\0115\310o\203C\315\336Vhi\300\204"
 213      31E9E609 
 213      35C86F83 
 213      43CDDE56 
 213      6869C084 
 214 0204 B2A47021 		.ascii	"\262\244p!5\270Fp\350k{\325\2302\255\0165\307\037;J"
 214      35B84670 
 214      E86B7BD5 
 214      9832AD0E 
 214      35C71F3B 
 215 0219 7189701D 		.ascii	"q\211p\035Z\341'M\202P\241\007,\032\204\\B\360T\015"
 215      5AE1274D 
 215      8250A107 
 215      2C1A845C 
 215      42F0540D 
 216 022d 4BB03148 		.ascii	"K\2601H\2144\235\334g\344J\202\317\341\226\301\361\267"
 216      8C349DDC 
 216      67E44A82 
 216      CFE196C1 
 216      F1B7
 217 023f AC10D476 		.ascii	"\254\020\324v\346N\332t\274\306\237\204\264\277\021"
 217      E64EDA74 
 217      BCC69F84 
 217      B4BF11
 218 024e 7213C48D 		.ascii	"r\023\304\215<B\213)\364\246\"\0029\"\275H\004\221\017"
 218      3C428B29 
 218      F4A62202 
 218      3922BD48 
 218      04910F
 219 0261 8CCD22DC 		.ascii	"\214\315\"\334\351\267%g\022\326\255\274\246l\260\220"
 219      E9B72567 
 219      12D6ADBC 
 219      A66CB090 
 220 0271 9862ACB1 		.ascii	"\230b\254\261\3612\207\361\335\264p\030\233\323\002"
 220      F13287F1 
 220      DDB47018 
 220      9BD302
 221 0280 478A1EB8 		.ascii	"G\212\036\270\255`y\016\266\017)\252\321\324N\001\375"
 221      AD60790E 
 221      B60F29AA 
 221      D1D44E01 
 221      FD
 222 0291 6EDD838D 		.ascii	"n\335\203\215\364\303\344\240t\326:C\225\355\032\350"
ARM GAS  /var/folders/d3/p12xj6d96hx5ptyrkl_lzds40000gn/T//ccj0KtKR.s 			page 17


 222      F4C3E4A0 
 222      74D63A43 
 222      95ED1AE8 
 223 02a1 CB95754D 		.ascii	"\313\225uM\267l\011\334QeE\256\354],\373\016\022r\251"
 223      B76C09DC 
 223      516545AE 
 223      EC5D2CFB 
 223      0E1272A9 
 224 02b5 8383E334 		.ascii	"\203\203\3434\031\302%\205\0277\307\247\366\346V\225"
 224      19C22585 
 224      1737C7A7 
 224      F6E65695 
 225 02c5 0D25415C 		.ascii	"\015%A\\i\031s\314\036\332\257=\276\313\253\264N7S\245"
 225      691973CC 
 225      1EDAAF3D 
 225      BECBABB4 
 225      4E3753A5 
 226 02d9 A59CB4A9 		.ascii	"\245\234\264\251\017%e%\335\211sE\322}1)]\275X\200\003"
 226      0F256525 
 226      DD897345 
 226      D27D3129 
 226      5DBD5880 
 227 02ee 743B8B04 		.ascii	"t;\213\004\375\2214;H)F\261\240;\310y\217\234f1\336"
 227      FD91343B 
 227      482946B1 
 227      A03BC879 
 227      8F9C6631 
 228 0303 7D75DB87 		.ascii	"}u\333\207\034A\367\374S\320\017\224\240\037\242\240"
 228      1C41F7FC 
 228      53D00F94 
 228      A01FA2A0 
 229 0313 3FA0A093 		.ascii	"?\240\240\223\235\303J\321\3247c_\300\203\227O|\272"
 229      9DC34AD1 
 229      D437635F 
 229      C083974F 
 229      7CBA
 230 0325 B51E5F1A 		.ascii	"\265\036_\032N\315\255?\034\016\342?,\240)a\366<\237"
 230      4ECDAD3F 
 230      1C0EE23F 
 230      2CA02961 
 230      F63C9F
 231 0338 CFAA0A86 		.ascii	"\317\252\012\2066\204\326\324X\221\270\025\253\263\342"
 231      3684D6D4 
 231      5891B815 
 231      ABB3E2
 232 0347 31BFE50F 		.ascii	"1\277\345\017\206\003\341h$\2629\356\3633\036\216j\221"
 232      8603E168 
 232      24B239EE 
 232      F3331E8E 
 232      6A91
 233 0359 0D9BA2BE 		.ascii	"\015\233\242\276\374\320@}\235UU]\263\272\306\012\325"
 233      FCD0407D 
 233      9D55555D 
 233      B3BAC60A 
 233      D5
 234 036a FA376FD9 		.ascii	"\3727o\331\030\260\374\221X`\235?\274jK\255\337\027"
 234      18B0FC91 
ARM GAS  /var/folders/d3/p12xj6d96hx5ptyrkl_lzds40000gn/T//ccj0KtKR.s 			page 18


 234      58609D3F 
 234      BC6A4BAD 
 234      DF17
 235 037c 641545C8 		.ascii	"d\025E\310\277\343\202\361mq\214XT\024\021\215\304\352"
 235      BFE382F1 
 235      6D718C58 
 235      5414118D 
 235      C4EA
 236 038e E2D6CAB5 		.ascii	"\342\326\312\265\325U\325\365\030\246\000\267.\013c"
 236      D555D5F5 
 236      18A600B7 
 236      2E0B63
 237 039d ACCB1F8D 		.ascii	"\254\313\037\215\2076\226\207\230\211\314\"\261m\216"
 237      87369687 
 237      9889CC22 
 237      B16D8E
 238 03ac 2180865F 		.ascii	"!\200\206_\345\213/\262"
 238      E58B2FB2 
 239              		.text
 240              		.section	.gnu.lto_chPoolFreeI.6e5e33468c66a7fa,"",%progbits
 241 0000 789C7591 		.ascii	"x\234u\221\315k\023Q\024\305\357yw\322\244\266\325\215"
 241      CD6B1351 
 241      14C5EF79 
 241      77D2A4B6 
 241      D58D
 242 0012 E0C20A41 		.ascii	"\340\302\012A\010\261\213f\364\037p\343\322\205\240"
 242      08B18B66 
 242      F41F70E3 
 242      D285A0
 243 0021 FF414321 		.ascii	"\377AC!\025C\206\306}_\223\014FW\205\322\202b)\"\245"
 243      154386C6 
 243      7D5F930C 
 243      465785D2 
 243      82622922 
 244 0036 D56ADAFA 		.ascii	"\325j\332\372\321\244\305\305\220\205\202\242\242\213"
 244      D1A4C5C5 
 244      908582A2 
 244      A28B
 245 0044 8A08A156 		.ascii	"\212\010\241V-\326U\003\025\335\330x\357P\321(>\030"
 245      2DD65503 
 245      15DDD878 
 245      EF50D128 
 245      3E18
 246 0056 DE07F7FC 		.ascii	"\336\007\367\374\356\271g\034\002\351\312\030\242\343"
 246      EEB9671C 
 246      02E9CA18 
 246      A2E3
 247 0064 B21F960F 		.ascii	"\262\037\226\017L0c/\210Fc\006\320\203\215\201F\014"
 247      4C30632F 
 247      88466306 
 247      D0838D81 
 247      460C
 248 0076 46F0D5FC 		.ascii	"F\360\325\3740\250_\332\\1}\263V\326\372\247\345\023"
 248      30A85FDA 
 248      5C317DB3 
 248      56D6FAA7 
 248      E513
ARM GAS  /var/folders/d3/p12xj6d96hx5ptyrkl_lzds40000gn/T//ccj0KtKR.s 			page 19


 249 0088 762E80CF 		.ascii	"v.\200\317D-\023\222\010\263\350\223\252W\245\305\353"
 249      442D1392 
 249      08B3E893 
 249      AA57A5C5 
 249      EB
 250 0099 BC637C06 		.ascii	"\274c|\006\034\2716\237_\373\260_\257\006q\271~\256"
 250      1CB9369F 
 250      5FFBB05F 
 250      AF0671B9 
 250      7EAE
 251 00ab 3D2EC738 		.ascii	"=.\3078\001\222\363\373\365\346\221\344\214\265\005"
 251      0192F3FB 
 251      F5E691E4 
 251      8CB505
 252 00ba 6BC7076D 		.ascii	"k\307\007m\247\317\214\333`\301\341\026z1\207^\222'"
 252      A7CF8CDB 
 252      60C1E116 
 252      7A31875E 
 252      9227
 253 00cc C23C9252 		.ascii	"\302<\222R\274U\032+\037\340c\241pm\252\361h\337\236"
 253      BC551A2B 
 253      1FE063A1 
 253      706DAAF1 
 253      68DF9E
 254 00df B21A2A1D 		.ascii	"\262\032*\035\334\371[\351\020\356\"\251\345\357\336"
 254      DCF95BE9 
 254      10EE22A9 
 254      E5EFDE
 255 00ee 366ADDDC 		.ascii	"6j\335\334\037J'\032\301|,qS\245\301\312\263CWmP\212"
 255      1F4A271A 
 255      C17C2C71 
 255      53A5C1CA 
 255      B343576D 
 256 0104 FB1C41A5 		.ascii	"\373\034A\245]\256K\2527\226v'z:J:q\034\013H\\\3765"
 256      5DAE4BAA 
 256      37967627 
 256      7A3A4A3A 
 256      711C0B48 
 257 011b 2E16D1A1 		.ascii	".\026\321\241\001.\234\015l\253U\264A\265k\353\373j"
 257      012E9C0D 
 257      6CAB55B4 
 257      41B56BEB 
 257      FB6A
 258 012d 6714D0A6 		.ascii	"g\024\320\2462\272\230v\304D\204h[\3525\313\2461\272"
 258      32BA9876 
 258      C4448468 
 258      5BEA35CB 
 258      A631BA
 259 0140 F3060ADA 		.ascii	"\363\006\012\3329$\010\262\310\240M\024V\233;\365\210"
 259      392408B2 
 259      C8A04D14 
 259      569B3BF5 
 259      88
 260 0151 BE155953 		.ascii	"\276\025YS\233\364\353/\243\232\032\207\256\277=yZ\356"
 260      9BF4EB2F 
 260      A39A1A87 
 260      AEBF3D79 
ARM GAS  /var/folders/d3/p12xj6d96hx5ptyrkl_lzds40000gn/T//ccj0KtKR.s 			page 20


 260      5AEE
 261 0163 9EC694E4 		.ascii	"\236\306\224\344-\005\214%\265(\3573\037\013\225\250"
 261      2D058C25 
 261      B528EF33 
 261      1F0B95A8 
 262 0173 DBAF03DC 		.ascii	"\333\257\003\334\3034v\303?\201\373p\0259y\343\240\002"
 262      C33476C3 
 262      3F81FB70 
 262      153979E3 
 262      A002
 263 0185 FFA445DA 		.ascii	"\377\244E\332h\243:W\217\317Q\361\200\007\377\"\037"
 263      68A33A57 
 263      8FCF51F1 
 263      8007FF22 
 263      1F
 264 0196 86481D13 		.ascii	"\206H\035\023\313p\305\230R__Y\253\234\334\343\266\201"
 264      CB70C598 
 264      525F5F59 
 264      AB9CDCE3 
 264      B681
 265 01a8 BAFEEFAD 		.ascii	"\272\376\357\255\372\333[MA\240/\022\302\233\323\212"
 265      FADB5B4D 
 265      41A02F12 
 265      C29BD38A 
 266 01b8 09A3DE96 		.ascii	"\011\243\336\226.\222\215\224\034M\245\334S\231\241"
 266      2E928D94 
 266      1C4DA5DC 
 266      5399A1
 267 01c7 81A133E7 		.ascii	"\201\2413\347\334\\\336\035\276\350\346\207\323n:\223"
 267      DC5CDE1D 
 267      BEE8E687 
 267      D36E3A93 
 268 01d7 1DCC7AB9 		.ascii	"\035\314z\271\334\205|*M&\3539\271\201\363\036{\031"
 268      DC857C2A 
 268      4D26EB39 
 268      B981F31E 
 268      7B19
 269 01e9 EF2750CE 		.ascii	"\357'P\316\331\341"
 269      D9E1
 270              		.text
 271              		.section	.gnu.lto_chPoolFree.6e5e33468c66a7fa,"",%progbits
 272 0000 789C8593 		.ascii	"x\234\205\223\333K\024q\024\307\177g~\263\027\363R\017"
 272      DB4B1471 
 272      14C77F67 
 272      7EB317F3 
 272      520F
 273 0012 410F19AC 		.ascii	"A\017\031\254\201\230T;\370\322c\020B\320\203\004\372"
 273      8198543B 
 273      F8D26310 
 273      42D08304 
 273      FA
 274 0023 0704AE0B 		.ascii	"\007\004\256\013\273\341\272\313\256\206>9^\226\226"
 274      BBE1BACB 
 274      AE863E39 
 274      5E9696
 275 0032 2033424D 		.ascii	" 3BMQLB4m\275\246yK'M\315\"\303 !\002\321\325\354\366"
 275      514C4234 
ARM GAS  /var/folders/d3/p12xj6d96hx5ptyrkl_lzds40000gn/T//ccj0KtKR.s 			page 21


 275      6DBDA679 
 275      4B274DCD 
 275      22C32021 
 276 004b E286123E 		.ascii	"\342\206\022>\244\235\363\3335\332\035\301\201\235\231"
 276      A49DF3DB 
 276      35DA1DC1 
 276      819D99
 277 005a DFEF9CF3 		.ascii	"\337\357\234\3639\337\371\376\316\312\014\030]#2c\363"
 277      39DFF9FE 
 277      CECA0C18 
 277      5D233263 
 277      F3
 278 006b F83C8D3F 		.ascii	"\370<\215?\340\014\244\332E\306*\314\022\000\275\250"
 278      E00CA4DA 
 278      45C62ACC 
 278      1200BDA8 
 279 007b 6660E512 		.ascii	"f`\345\022\224\303\216\364G\202\351\333\233\243Rf\207"
 279      94C38EF4 
 279      4782E9DB 
 279      9BA35266 
 279      87
 280 008c 8AD76A7B 		.ascii	"\212\327j{(K\355\324\300\317\031\333\227\004\211A\007"
 280      284BEDD4 
 280      C0CF19DB 
 280      97048941 
 280      07
 281 009d 6462D652 		.ascii	"db\326Ru_3\337\226\374\034@\306e\370]\323z\012-%\260"
 281      755F33DF 
 281      96FC1C40 
 281      C665F85D 
 281      D37A0A2D 
 282 00b3 E0F2DBC8 		.ascii	"\340\362\333\310\\\300\314\323\201\341\373\332j\370"
 282      5CC0CCD3 
 282      81E1FBDA 
 282      6AF8
 283 00c1 4C46BBAA 		.ascii	"LF\273\252V\252\352}\273\232\340\347\034\272\200#\016"
 283      56AAEA7D 
 283      BB9AE0E7 
 283      1CBA8023 
 283      0E
 284 00d2 9E402A74 		.ascii	"\236@*tB*\303-\006\335\220\201\311\337\253k\003\307"
 284      422AC32D 
 284      06DD9081 
 284      C9DFAB6B 
 284      03C7
 285 00e4 F93951B8 		.ascii	"\3719Q\270\334\2622q,Z9$*ex\032_)3\010B\006\245\207"
 285      DCB23271 
 285      2C5A3924 
 285      2A65781A 
 285      5F293308 
 286 00fc FAF7EA92 		.ascii	"\372\367\352\222\215\325\244\333\022Q\013=`\244\357"
 286      8DD5A4DB 
 286      12510B3D 
 286      60A4EF
 287 010b EFCDD5D4 		.ascii	"\357\315\325\324\375\375*U]\312\252\311H@\305\330K\006"
 287      FDFD2A55 
 287      5DCAAAC9 
ARM GAS  /var/folders/d3/p12xj6d96hx5ptyrkl_lzds40000gn/T//ccj0KtKR.s 			page 22


 287      4840C5D8 
 287      4B06
 288 011d AA3322C1 		.ascii	"\2523\"\301\300\330\026f\223\021aI\242'\377\012\025"
 288      C0D81666 
 288      93116149 
 288      A227FF0A 
 288      15
 289 012e A1F1B520 		.ascii	"\241\361\265 \217\245j\013\263\\0\367%\210k\250\205"
 289      8FA56A0B 
 289      B35C30F7 
 289      25886BA8 
 289      85
 290 013f EF4E8081 		.ascii	"\357N\200\201A/\005\245\370\340\356\275f\012\366Q\220"
 290      412F05A5 
 290      F8E0EEBD 
 290      660AF651 
 290      90
 291 0150 EBA4423F 		.ascii	"\353\244B?\030Q\353\200\270\263.\300x\347\344\314\227"
 291      1851EB80 
 291      B8B32EC0 
 291      78E7E4CC 
 291      97
 292 0161 A4B44168 		.ascii	"\244\264AhU\037Z\374\334H%\277z\006>&\312\250\023\006"
 292      551F5AFC 
 292      DC4825BF 
 292      7A063E26 
 292      CAA81306 
 293 0175 210DEFCF 		.ascii	"!\015\357\317@f!\250\\\335\010\001I\302\214\311\300"
 293      406621A8 
 293      5CDD0801 
 293      49C28CC9 
 293      C0
 294 0186 A30643FA 		.ascii	"\243\006C\372c\262K{P\303\033U\255\332r\210\331\342"
 294      63B24B7B 
 294      50C31B55 
 294      ADDA7288 
 294      D9E2
 295 0198 0C8720BD 		.ascii	"\014\207 \275\012MG\200\326\260x\000hk\332]M\321\001"
 295      0A4D4780 
 295      D6B07800 
 295      686BDA5D 
 295      4DD101
 296 01ab 749E0BC0 		.ascii	"t\236\013\3000\001\204\002m\364\355\251\330OR\007\233"
 296      30018402 
 296      6DF4EDA9 
 296      D84F5207 
 296      9B
 297 01bc 39255097 		.ascii	"9%P\227\250_2}\302\347O+#I|\034\204yu+Z\2679\332\014"
 297      A85F327D 
 297      C2E74F2B 
 297      23497C1C 
 297      8479752B 
 298 01d5 09D16606 		.ascii	"\011\321f\006\030\3217\2133\014F\011\373\\\3305\206"
 298      18D1378B 
 298      330C4609 
 298      FB5CD835 
 298      86
ARM GAS  /var/folders/d3/p12xj6d96hx5ptyrkl_lzds40000gn/T//ccj0KtKR.s 			page 23


 299 01e6 073C1A91 		.ascii	"\007<\032\221\262\011\225c\341\355i\003\355Uq\372\236"
 299      B2099563 
 299      E1ED6903 
 299      ED5571FA 
 299      9E
 300 01f7 7AFFF47B 		.ascii	"z\377\364{\023\315$\027\035\177\317\277\011$\265BK\005"
 300      13CD2417 
 300      1D7FCFBF 
 300      0924B542 
 300      4B05
 301 0209 424EF8B9 		.ascii	"BN\370\271\011\015\200qj\201\261\366\215\312\036\223"
 301      090D8071 
 301      6A81B1F6 
 301      8DCA1E93 
 302 0219 7291044C 		.ascii	"r\221\004L@+\354\221\317\324\001^\200B\344\372\266\223"
 302      402BEC91 
 302      CFD4015E 
 302      8042E4FA 
 302      B693
 303 022b C4FD1F6A 		.ascii	"\304\375\037j8\014jF%0\031\003\015\012K\222\251`J\240"
 303      380C6A46 
 303      25301903 
 303      0D0A4B92 
 303      A9604AA0 
 304 023f 218AD640 		.ascii	"!\212\326@A\235D\377pg\271\347r\224\177\264\312\010"
 304      419D44FF 
 304      7067B9E7 
 304      72947FB4 
 304      CA08
 305 0251 3091802F 		.ascii	"0\221\200/c\264N\0230r&\215\221C\025'\200\033\222X\014"
 305      63B44E13 
 305      3072268D 
 305      91431527 
 305      801B9258 
 306 0266 D382467B 		.ascii	"\323\202F{l\347B\374d\317\035L\266A?\2373d\265n\336"
 306      6CE742FC 
 306      64CF1D4C 
 306      B6413F9F 
 306      3364B56E 
 307 027b 7FD248BF 		.ascii	"\177\322H\277\242\022\243~\336\203\024\234\245\240I"
 307      A212A37E 
 307      DE83149C 
 307      A5A049
 308 028a CF9B1347 		.ascii	"\317\233\023G7\037\231\367\251#\347\375\265\230\367"
 308      371F99F7 
 308      A923E7FD 
 308      B598F7
 309 0299 059CF71F 		.ascii	"\005\234\367\0378\357\263\353\011$T\014\306\026z\211"
 309      38EFB3EB 
 309      0924540C 
 309      C6167A89 
 310 02a9 7F574C3A 		.ascii	"\177WL:k\265*\331\016g\276\363z\236\342\366)\336b\305"
 310      6BB52AD9 
 310      0E67BEF3 
 310      7A9EE2F6 
 310      29DE62C5 
 311 02bd E7B52936 		.ascii	"\347\265)6\207\313\356\362\270\335\205>\253\215I.\217"
ARM GAS  /var/folders/d3/p12xj6d96hx5ptyrkl_lzds40000gn/T//ccj0KtKR.s 			page 24


 311      87CBEEF2 
 311      B8DD853E 
 311      AB8D492E 
 311      8F
 312 02ce ECCEBFE9 		.ascii	"\354\316\277\351\261\306\246\332K\213\225\354\234\274"
 312      B1C6A6DA 
 312      4B8B95EC 
 312      9CBC
 313 02dc 6B798AB3 		.ascii	"ky\212\263\310VXR`Wln\257\375\206\315u\265\244\310f"
 313      C8565852 
 313      60576C6E 
 313      AFFD86CD 
 313      75B5A4C8 
 314 02f1 75B0341D 		.ascii	"u\2604\035\371_\236\303W\346\303\214\363\272\014\217"
 314      F95F9EC3 
 314      57E6C38C 
 314      F3BA0C8F 
 315 0301 DB5BEC53 		.ascii	"\333[\354S\256\344\346d\347\224b\232\000\336\272\344"
 315      AEE4E664 
 315      E794629A 
 315      00DEBAE4 
 316 0311 C25CB3CD 		.ascii	"\302\\\263\315\343s\026X\234\314\204\312\334\3362\306"
 316      E3731658 
 316      9CCC84CA 
 316      DCDE32C6 
 317 0321 3D0E8FD8 		.ascii	"=\016\217\330\264\343\346_'h\332j"
 317      B4E3E65F 
 317      2768DA6A 
 318              		.text
 319              		.section	.gnu.lto_.symbol_nodes.6e5e33468c66a7fa,"",%progbits
 320 0000 789C55C8 		.ascii	"x\234U\310\273\021\2000\014\004\321;Y\024B\243\034%"
 320      BB118030 
 320      0C04D13B 
 320      591442A3 
 320      1C25
 321 0012 90F1315D 		.ascii	"\220\3611]8s\001\204TBF\003\210P\233\354\314s\020\023"
 321      38730184 
 321      54424603 
 321      88509BEC 
 321      CC731013 
 322 0026 225B2960 		.ascii	"\"[)`\271\201X\237\307\220\215b\226\235\262,\007U\262"
 322      B981589F 
 322      C7908D62 
 322      969DB22C 
 322      0755B2
 323 0039 54CAB39C 		.ascii	"T\312\263\234\324\220\304\015\355z\014^\360\376\307"
 323      D490C40D 
 323      ED7A0C5E 
 323      F0FEC7
 324 0048 07C0501F 		.ascii	"\007\300P\037\243"
 324      A3
 325              		.text
 326              		.section	.gnu.lto_.refs.6e5e33468c66a7fa,"",%progbits
 327 0000 789C6361 		.ascii	"x\234ca`\004B \000\000\0009\000\007"
 327      60044220 
 327      00000039 
 327      0007
ARM GAS  /var/folders/d3/p12xj6d96hx5ptyrkl_lzds40000gn/T//ccj0KtKR.s 			page 25


 328              		.text
 329              		.section	.gnu.lto_.decls.6e5e33468c66a7fa,"",%progbits
 330 0000 789C9557 		.ascii	"x\234\225WiPT\331\025~\367\275\007\335\364\002\016Z"
 330      695054D9 
 330      157EF7BD 
 330      07DDF402 
 330      0E5A
 331 0012 297F3829 		.ascii	")\1778)ca\212\252\224\264L\304\311\217\371\241e\225"
 331      63618AAA 
 331      94B44CC4 
 331      C98FF9A1 
 331      6595
 332 0024 132B1A53 		.ascii	"\023+\032S1L\345GR]M\323#\235\001\232\351n'c\376\344"
 332      314CE547 
 332      525D4DD3 
 332      239D019A 
 332      E96E2763 
 333 003a B18A8A0E 		.ascii	"\261\212\212\016\213\013\213:\340\250\210\"\3422:\200"
 333      8B0B8B3A 
 333      E0A88822 
 333      E2323A80 
 334 004a 4B0B4A23 		.ascii	"K\013J#\213\"#\312\242ln\270\203\242\010\014\232s\227"
 334      8B2223CA 
 334      A26C6EB8 
 334      83A2080C 
 334      9A7397
 335 005d EEF7686D 		.ascii	"\356\367hm\255\274\342\366{\367\336s\276\363}\347\336"
 335      ADBCE2F6 
 335      7BF7DE73 
 335      BEF37DE7 
 335      DE
 336 006e 7BDE43E4 		.ascii	"{\336C\344\020\207\257=!\034\267\203\3478\027\2647p"
 336      1087AF3D 
 336      211CB783 
 336      E73817B4 
 336      3770
 337 0080 A960EC0B 		.ascii	"\251`\354\013hx\3668G\257@h\255\320\256A\353\202v\003"
 337      6878F638 
 337      47AF4068 
 337      ADD0AE41 
 337      EB827603 
 338 0094 5A3FB45B 		.ascii	"Z?\264[\334\333\027\266S3\214Ph3\240\265@\253`x\315"
 338      DCDB17B6 
 338      53338C50 
 338      6833A0B5 
 338      40AB6078 
 339 00a9 D0CE4213 		.ascii	"\320\316B\023\240]\200\346\206V\317\342\265\262\373"
 339      A05D80E6 
 339      8656CFE2 
 339      B5B2FB
 340 00b8 331F4C1C 		.ascii	"3\037L\034W\367\016\314h\206\273\222a\216B{\005\355"
 340      57F70ECC 
 340      6886BB92 
 340      618E427B 
 340      05ED
 341 00ca 0C8B0392 		.ascii	"\014\213\003\2228\027\213\241a8\343\214\367$\2647\230"
 341      38178BA1 
ARM GAS  /var/folders/d3/p12xj6d96hx5ptyrkl_lzds40000gn/T//ccj0KtKR.s 			page 26


 341      6138E38C 
 341      F724B437 
 341      98
 342 00db 07A25A02 		.ascii	"\007\242Z\002\340\256\202\246A\224\303Gh*\207.\306\301"
 342      E0AE82A6 
 342      4194C347 
 342      682A872E 
 342      C6C1
 343 00ed 133F9A71 		.ascii	"\023?\232q\300q\2170\016\315,\366q\306\253\022\232\310"
 343      C0718F30 
 343      0ECD2CF6 
 343      71C6AB12 
 343      9AC8
 344 00ff 74BA984E 		.ascii	"t\272\230N7\323\330\305\3563}\342\340\334\352?\020g"
 344      37D3D8C5 
 344      EE337DE2 
 344      E0DCEA3F 
 344      1067
 345 0111 F4FF88A5 		.ascii	"\364\377\210\245f\230J\275]>z}\257~\356\335k\030\315"
 345      66984ABD 
 345      5D3E7A7D 
 345      AF7EEEDD 
 345      6B18CD
 346 0124 787862F3 		.ascii	"xxb\363\212x\210\371\341\373\257}0q\276\203\336\203"
 346      8A7888F9 
 346      E1FBAF7D 
 346      3071BE83 
 346      DE83
 347 0136 37EA0753 		.ascii	"7\352\007S\315}x\255|\257I\036\365\216\355_\032Q.\301"
 347      CD7D78AD 
 347      7CAF491E 
 347      F58EED5F 
 347      1A512EC1 
 348 014a 952D493C 		.ascii	"\225-I</O\\I\253\334!\214\360(T\203D\350\016\267\024"
 348      2F4F5C49 
 348      ABDC218C 
 348      F0285483 
 348      44E80EB7 
 349 015f DE0A86EE 		.ascii	"\336\012\206\356\014\015\232\015\335\233\015e\007\361"
 349      0C0D9A0D 
 349      DD9B0D65 
 349      07F1
 350 016d EC4A0DC2 		.ascii	"\354J\015\302\007!\004\206\016?\252\032\323\323!\354"
 350      07210486 
 350      0E3FAA1A 
 350      D3D321EC 
 351 017d BF67ECE9 		.ascii	"\277g\354\351I\235\240\305\317|\361\246C\367\003P\270"
 351      499DA0C5 
 351      CF7CF1A6 
 351      43F70350 
 351      B8
 352 018e 661F8ED3 		.ascii	"f\037\216\323\327\336\367\361aI\232\206*\220\006\225"
 352      D7DEF7F1 
 352      61499A86 
 352      2A900695 
 353 019e 230195A2 		.ascii	"#\001\225\242\010\234\213\225x\327eJR\212\224\235*\205"
 353      089C8B95 
ARM GAS  /var/folders/d3/p12xj6d96hx5ptyrkl_lzds40000gn/T//ccj0KtKR.s 			page 27


 353      78D7654A 
 353      528A949D 
 353      2A85
 354 01b0 360473A8 		.ascii	"6\004s\250\014\315B\373\321,\016\035B\341\030\026\033"
 354      0CCD42FB 
 354      D12C0E1D 
 354      42E11816 
 354      1B
 355 01c1 A2833078 		.ascii	"\242\2030x\000\006!D\307\251\346\021A\004\316\004*F"
 355      00062144 
 355      C7A9E611 
 355      4104CE04 
 355      2A46
 356 01d3 C463D943 		.ascii	"\304c\331C\273\323\3643\267\021A\251\322l\021E\353\274"
 356      BBD3F433 
 356      B71141A9 
 356      D26C1145 
 356      EBBC
 357 01e5 381CAA44 		.ascii	"8\034\252D3\341\3670\022\251\306\246'\225\305*\335\006"
 357      33E1F730 
 357      12A9C6A6 
 357      2795C52A 
 357      DD06
 358 01f7 39263650 		.ascii	"9&6P\230\037A:\306\016\214\217\365l\256\323\013qDP\276"
 358      981F413A 
 358      C60E8C8F 
 358      F56CAED3 
 358      0B714450 
 359 020c 94DC24A0 		.ascii	"\224\334$\240p\035\025\324\275na\031\026t\034\314\217"
 359      701D15D4 
 359      BD6E6119 
 359      16741CCC 
 359      8F
 360 021d CA82C01B 		.ascii	"\312\202\300\033n\376\320\3211\020%\007\300\316\020"
 360      6EFED0D1 
 360      31102507 
 360      C0CE10
 361 022c E4404E7B 		.ascii	"\344@N{\265\320\215:\021V5\215\254\005B\364\027\221"
 361      B5D08D3A 
 361      1156358D 
 361      AC0542F4 
 361      1791
 362 023e C6D146BA 		.ascii	"\306\321F\272\360\300s\354\010z\206\220\307\020\377"
 362      F0C073EC 
 362      087A8690 
 362      C710FF
 363 024d C20F8FD8 		.ascii	"\302\017\217\330\030\347\005#\177\314\237\2241r\021"
 363      18E70523 
 363      7FCC9F94 
 363      317211
 364 025c 10191D31 		.ascii	"\020\031\0351'\344e@\2469:\357E\2457^vP\340Q\272\014"
 364      27E46540 
 364      A6393AEF 
 364      45A5375E 
 364      7650E051 
 365 0272 4EE6ECD5 		.ascii	"N\346\354\325\204<[m\362\304\2518\241\010\221m\223\345"
 365      843C5B6D 
ARM GAS  /var/folders/d3/p12xj6d96hx5ptyrkl_lzds40000gn/T//ccj0KtKR.s 			page 28


 365      F2C4A938 
 365      A108916D 
 365      93E5
 366 0284 CECA10C9 		.ascii	"\316\312\020\311\232\342l\3225\255\030o\025\275\313"
 366      9AE26CD2 
 366      35AD186F 
 366      15BDCB
 367 0293 7C1291B1 		.ascii	"|\022\221\261\302\232\221\306\000\272=\325\320-\032"
 367      C29A91C6 
 367      00BA3DD5 
 367      D02D1A
 368 02a2 2BF88750 		.ascii	"+\370\207PN!\334\265\247\267\007\0135\264\223\331\231"
 368      4E21DCB5 
 368      A7B7070B 
 368      35B493D9 
 368      99
 369 02b3 FAB34EA8 		.ascii	"\372\263N\250\243\235\374\334\362*$4\221\216x5\327m"
 369      A39DFCDC 
 369      F22A2434 
 369      918E7835 
 369      D76D
 370 02c5 40D37561 		.ascii	"@\323ua\3419l\263H\310\251\330s\247a!\317\240\351xy"
 370      E1396CB3 
 370      48C8A9D8 
 370      73A76121 
 370      CFA0E978 
 371 02da D039582A 		.ascii	"\3209X*\027\012#|\225\353\211\347\345\335r\226\2547"
 371      170A237C 
 371      95EB89E7 
 371      E5DD7296 
 371      AC37
 372 02ec B71B1BF4 		.ascii	"\267\033\033\364\365^\372\254\372\250$\255\017\304\303"
 372      F55EFAAC 
 372      FAA824AD 
 372      0FC4C3
 373 02fb E81403F3 		.ascii	"\350\024\003\363\242\033\260C$\374pd\013\271\206M\222"
 373      A21BB043 
 373      24FC7064 
 373      0BB9864D 
 373      92
 374 030c A4C6261C 		.ascii	"\244\306&\034\333\017,5\023\203[:\021\225\211\267GJ"
 374      DB0F2C35 
 374      13835B3A 
 374      119589B7 
 374      474A
 375 031e 4D674E08 		.ascii	"MgN\010=\205}x\372\350\265\264SZ\3415\021\024\360c\357"
 375      3D857D78 
 375      FAE8B5B4 
 375      535AE135 
 375      1114F063 
 376 0333 B12A150A 		.ascii	"\261*\025\012\013\013\233\036N8\270\3622>.\220\\i\002"
 376      0B0B9B1E 
 376      4E38B8F2 
 376      323E2E90 
 376      5C6902
 377 0346 A1500314 		.ascii	"\241P\003\024\032\336M\201Z\027\324\317\242\3268\361"
 377      1ADE4D81 
ARM GAS  /var/folders/d3/p12xj6d96hx5ptyrkl_lzds40000gn/T//ccj0KtKR.s 			page 29


 377      5A17D4CF 
 377      A2D638F1 
 378 0356 E77DADAB 		.ascii	"\347}\255\253\220\217\371\226z\235\224m\"KR\375N\350"
 378      908FF996 
 378      7A9D946D 
 378      224B52FD 
 378      4EE8
 379 0368 32ECC1E5 		.ascii	"2\354\301\345\260\322B\222[\007\006\265\004\250\201"
 379      B0D24292 
 379      5B0706B5 
 379      04A881
 380 0377 65F62264 		.ascii	"e\366\"d\366\002\012Cnh\365,\3034#9\200\017)ix+%m\333"
 380      F6020A43 
 380      6E68F52C 
 380      C3342339 
 380      800F2969 
 381 0390 2E1C5409 		.ascii	".\034T\011\033xr\0207e^\355\326\241\360\351\324gg=\302"
 381      1B787210 
 381      37655EED 
 381      D6A1F0E9 
 381      D467673D 
 382 03a5 3ECD00DE 		.ascii	">\315\000\336(\237C\014\341\207\010j\202\370\357\343"
 382      289F430C 
 382      E187086A 
 382      82F8EFE3 
 383 03b5 02F1D64F 		.ascii	"\002\361\326O^.\327M)\022\315S\226\275\205.;Xn-\251"
 383      5E2ED74D 
 383      2912CD53 
 383      96BD852E 
 383      3B586E2D 
 384 03ca 19D2908D 		.ascii	"\031\322\220\215\012c\350'\272Q\3177\\,\321(\013\322"
 384      0A63E827 
 384      BA51CF37 
 384      5C2CD128 
 384      0BD2
 385 03dc 17BF5238 		.ascii	"\027\277R8_&\005\351\222\247 \365\335\034\037\321\315"
 385      5F2605E9 
 385      92A720F5 
 385      DD1C1FD1 
 385      CD
 386 03ed 29968A2B 		.ascii	")\226\212+\245\276\341\266\025\375x\007\201\243\210"
 386      A5BEE1B6 
 386      15FD7807 
 386      81A388
 387 03fc EDD00959 		.ascii	"\355\320\011Y\022<\342\333\217\250\033\216T+\232\003"
 387      123CE2DB 
 387      8FA81B8E 
 387      542B9A03 
 388 040c AE237BF2 		.ascii	"\256#{\362\317k\204\032\222\226wV\306\216\376\332\373"
 388      CF6B841A 
 388      92967756 
 388      C68EFEDA 
 388      FB
 389 041d F4184149 		.ascii	"\364\030AIl\243\344v?k\230\357%\3743\035;\222_\274Q"
 389      6CA3E476 
 389      3F6B98EF 
 389      25FC331D 
ARM GAS  /var/folders/d3/p12xj6d96hx5ptyrkl_lzds40000gn/T//ccj0KtKR.s 			page 30


 389      3B925FBC 
 390 0432 EF97703B 		.ascii	"\357\227p;!|\325C8\275\255\243Z\244\204]\271n\330\021"
 390      217CD543 
 390      38BDADA3 
 390      5AA4845D 
 390      B96ED811 
 391 0446 C992B408 		.ascii	"\311\222\264\010\033\241+2\333+J\266\327\010\333[\327"
 391      1BA12B32 
 391      DB2B4AB6 
 391      D708DB5B 
 391      D7
 392 0457 0706F542 		.ascii	"\007\006\365B\023e\233U\321?\242\366\322\240l\267\226"
 392      13659B55 
 392      D13FA2F6 
 392      D2A06CB7 
 392      96
 393 0468 650D887E 		.ascii	"e\015\210~\353x'a\321\341aq\377I\3068\002\026}\300b"
 393      EB782761 
 393      D1E16171 
 393      FF49C638 
 393      02167DC0 
 394 047d D82DE06D 		.ascii	"\330-\340m,I\311<6C\327e\036\327\225<\272\010\217s/"
 394      2C49C93C 
 394      3643D765 
 394      1ED7953C 
 394      BA088F73 
 395 0492 D66FD208 		.ascii	"\326o\322\010\035\224GAMV\251\236\211\351j\364\210\301"
 395      1D944741 
 395      4D56A99E 
 395      89E96AF4 
 395      88C1
 396 04a4 20DD3248 		.ascii	" \3352H\267\022\344\006\001\031\256\336\367\\\020nS"
 396      B712E406 
 396      0119AEDE 
 396      F75C106E 
 396      53
 397 04b5 908AF289 		.ascii	"\220\212\362\211J\215'\315TK\356D\313N\336\253\257\207"
 397      4A8D27CD 
 397      544BEE44 
 397      CB4EDEAB 
 397      AF87
 398 04c7 A6F9CEF7 		.ascii	"\246\371\316\367\311\307\202\374\246\271\217\010\354"
 398      C9C782FC 
 398      A6B98F08 
 398      EC
 399 04d4 F508BCFA 		.ascii	"\365\010\274\372\370\310\265\000&\360\344FY \230\241"
 399      F8C8B500 
 399      26F0E446 
 399      592098A1 
 400 04e4 9B32B79B 		.ascii	"\2332\267\233Jn\375\204[^\331\331,Q\030b\211n\232lW"
 400      4A6EFD84 
 400      5B5ED9D9 
 400      2C511862 
 400      896E9A6C 
 401 04f9 3198DC4B 		.ascii	"1\230\334KD`\361\"\0022 \203\014(An\021\220\224\302"
 401      4460F122 
 401      02322083 
ARM GAS  /var/folders/d3/p12xj6d96hx5ptyrkl_lzds40000gn/T//ccj0KtKR.s 			page 31


 401      0C28416E 
 401      119094C2 
 402 050d 970F35C2 		.ascii	"\227\0175\302\004\005\311t\367\264\263\222\364\021t"
 402      0405C974 
 402      F7B4B392 
 402      F41174
 403 051c CB5BDC37 		.ascii	"\313[\3347\004Z\2222\021\364KZ\236o\323\010\353\005"
 403      045A9232 
 403      11F44B5A 
 403      9E6FD308 
 403      EB05
 404 052e 62DB36D4 		.ascii	"b\3336\324\274SKm\247\341\242-eT\010\232L\246\031\037"
 404      BC534B6D 
 404      A7E1A22D 
 404      6554089A 
 404      4CA6191F 
 405 0542 25989045 		.ascii	"%\230\220E\337G\360\011\000\305\003\015\322\367{\373"
 405      DF47F009 
 405      00C5030D 
 405      D2F77BFB 
 406 0552 ABD3E33A 		.ascii	"\253\323\343:!\227@\211\307RzK\202Q\370,\004\346\210"
 406      21974089 
 406      C7527A4B 
 406      8251F82C 
 406      04E688
 407 0565 7E49E02F 		.ascii	"~I\340/\026\016=\201\035\376\200p&W\241\004\370C\377"
 407      160E3D81 
 407      1DFE8070 
 407      2657A104 
 407      F843FF
 408 0578 C5C3F0AC 		.ascii	"\305\303\360\254&w\362U1\264[\012\234\311\241\337\317"
 408      2677F255 
 408      31B45B0A 
 408      9CC9A1DF 
 408      CF
 409 0589 42F3E1E0 		.ascii	"B\363\341\340?\204\303\376\204\304{\014\200\217h\300"
 409      3F84C3FE 
 409      84C47B0C 
 409      808F68C0 
 410 0599 73F9432F 		.ascii	"s\371C/\203C\263\031\366\"D\260\357\302\374\035\302"
 410      8343B319 
 410      F62244B0 
 410      EFC2FC1D 
 410      C2
 411 05aa EF290AF5 		.ascii	"\357)\012\365\260\304\326]\356\346\264@\015\303\316"
 411      B0C4D65D 
 411      EEE6B440 
 411      0DC3CE
 412 05b9 FE10F6A5 		.ascii	"\376\020\366\245\264\356\306\020%\366\320\373\260\335"
 412      B4EEC610 
 412      25F6D0FB 
 412      B0DD
 413 05c7 97F7DED7 		.ascii	"\227\367\336\327\316\375Aj-\226\\5\365(\271\330\225"
 413      CEFD416A 
 413      2D965C35 
 413      F528B9D8 
 413      95
ARM GAS  /var/folders/d3/p12xj6d96hx5ptyrkl_lzds40000gn/T//ccj0KtKR.s 			page 32


 414 05d8 3C1B0DA3 		.ascii	"<\033\015\243Pt\017\026\012\016\274\302\3636\214\374"
 414      50740F16 
 414      0A0EBCC2 
 414      F3368CFC 
 415 05e8 0DF2F00C 		.ascii	"\015\362\360\014\315\005\307\333\023\207\252\203i\306"
 415      CD05C7DB 
 415      1387AA83 
 415      69C6
 416 05f6 03A1FBF4 		.ascii	"\003\241\373\364\326\350\200\332\177\306G<\031\177N"
 416      D6E880DA 
 416      7FC6473C 
 416      197F4E
 417 0605 498E6C48 		.ascii	"I\216lH\037e\037}*\350\356\277\273c\263\216\256\355"
 417      1F651F7D 
 417      2AE8EEBF 
 417      BB63B38E 
 417      AEED
 418 0617 1FA09B51 		.ascii	"\037\240\233Q\274\355\251\3267=/\001\354\005\001\033"
 418      BCEDA9D6 
 418      373D2F01 
 418      EC05011B 
 419 0627 25120824 		.ascii	"%\022\010$\351\340\027ns\325\013\355\224\332\211_Er"
 419      E9E0176E 
 419      73D50BED 
 419      94DA895F 
 419      4572
 420 0639 FC57B476 		.ascii	"\374W\264v\342;\266\036\254\320\013\333\351\316\031"
 420      E23BB61E 
 420      ACD00BDB 
 420      E9CE19
 421 0648 6C7B5116 		.ascii	"l{Q\026\002[\325U\211\337\245\313k\367f\220\335\372"
 421      025BD555 
 421      89DFA5CB 
 421      6BF76690 
 421      DDFA
 422 065a 477234D0 		.ascii	"Gr4\320\230\274]\307\224\333u\234l\327\254\364\003\311"
 422      98BC5DC7 
 422      94DB759C 
 422      6CD7ACF4 
 422      03C9
 423 066c 2AA18402 		.ascii	"*\241\204\002M^,*\344\375\236\263_\3109\213a\307\254"
 423      4D5E2C2A 
 423      E4FD9EB3 
 423      5FC8398B 
 423      61C7AC
 424 067f F1CAE5A1 		.ascii	"\361\312\345\241 \026\364D\321?\267\246J\015\340\025"
 424      2016F444 
 424      D13FB7A6 
 424      4A0DE015 
 425 068f 86ADD084 		.ascii	"\206\255\320\204\034rB\031r\222\204\3347\372jc\260\320"
 425      1C724219 
 425      729284DC 
 425      37FA6A63 
 425      B0D0
 426 06a1 4243DE73 		.ascii	"BC\336se\225\351\031L\317\256\025S`^\3130\257\2250o"
 426      6595E919 
 426      4CCFAE15 
ARM GAS  /var/folders/d3/p12xj6d96hx5ptyrkl_lzds40000gn/T//ccj0KtKR.s 			page 33


 426      53605ECB 
 426      30AF9530 
 427 06b6 68114FCE 		.ascii	"h\021O\316;\254\026RE\002s\340\320\256\312`!\207v6\326"
 427      3BAC1652 
 427      450273E0 
 427      D0AECA60 
 427      21877636 
 428 06cb D6ED0884 		.ascii	"\326\355\010\204\032\202\222y\201\222\355x|\241T`Q\336"
 428      1A829279 
 428      8192ED78 
 428      7CA15460 
 428      51DE
 429 06dd 0C24753D 		.ascii	"\014$u=\273#I\271\222\224\206f\220@\022\317\002\241"
 429      BB2349B9 
 429      92948666 
 429      904012CF 
 429      02A1
 430 06ef 145EC43D 		.ascii	"\024^\304=9V*\217c\265>\251\311\322\012\227(\274T\332"
 430      39562A8F 
 430      63B53EA9 
 430      C9D20A97 
 430      28BC54DA 
 431 0703 F219C33A 		.ascii	"\362\031\303:Y\264\372\202\234m\014\225\306{9\247)q"
 431      59B4FA82 
 431      9C6D0C95 
 431      C67B39A7 
 431      2971
 432 0715 D2094EDF 		.ascii	"\322\011N\337\367\367\362\364B\027\3059\223^\260O\364"
 432      F7F7F2F4 
 432      4217C539 
 432      935EB04F 
 432      F4
 433 0726 48EF899E 		.ascii	"H\357\211\236\"=C\206\311P\302\254#0\245\375\233\367"
 433      223D4386 
 433      C950C2AC 
 433      2330A5FD 
 433      9BF7
 434 0738 A884BBFE 		.ascii	"\250\204\273\376\324\346\235\250\253\012\360\252\375"
 434      D4E69DA8 
 434      AB0AF0AA 
 434      FD
 435 0745 7BA78FDA 		.ascii	"{\247\217\332L\257\332\365\2406S\011\277\201\300\237"
 435      4CAFDAF5 
 435      A0365309 
 435      BF81C09F 
 436 0755 2BCDE8D1 		.ascii	"+\315\350\321\012\317)\374\211\273\027\3535t_K\270f"
 436      0ACF29FC 
 436      89BB17EB 
 436      35745F4B 
 436      B866
 437 0767 553C1BA9 		.ascii	"U<\033\251\010\244\333\036\377's\267a\370\027\255\377"
 437      08A4DB1E 
 437      FF2773B7 
 437      61F817AD 
 437      FF
 438 0778 43B39967 		.ascii	"C\263\231g\207f\023O\016M\361\203\256\303\242\357\261"
 438      8766134F 
ARM GAS  /var/folders/d3/p12xj6d96hx5ptyrkl_lzds40000gn/T//ccj0KtKR.s 			page 34


 438      0E4DF183 
 438      AEC3A2EF 
 438      B1
 439 0789 C8E26919 		.ascii	"\310\342i\031\343\320w|\250\307\211\274\342\357\274"
 439      E3D0777C 
 439      A8C789BC 
 439      E2EFBC
 440 0798 3CA0F7AD 		.ascii	"<\240\367\255\003~\255+\036\365\036W\321:\000\037\004"
 440      037EAD2B 
 440      1EF51E57 
 440      D13A001F 
 440      04
 441 07a9 9623292E 		.ascii	"\226#).)u\021\312\346i!\200w\251\302u#O\013A\016\217"
 441      297511CA 
 441      E6692180 
 441      77A9C275 
 441      234F0B41 
 442 07bf 0BC1F8C3 		.ascii	"\013\301\370\303\241k*!9\200\010\376\341AU\035\373"
 442      A16B2A21 
 442      398008FE 
 442      E141551D 
 442      FB
 443 07d0 5AD643F7 		.ascii	"Z\326C\367\306\356-{E\252\177\020Og\344\327\237\014"
 443      C6EE2D7B 
 443      45AA7F10 
 443      4F67E4D7 
 443      9F0C
 444 07e2 F22F78AB 		.ascii	"\362/x\253Gp-\253\022=w\302|\365n\001\032y<\266\336"
 444      47702DAB 
 444      123D77C2 
 444      7CF56E01 
 444      1A793CB6 
 445 07f7 46146CF5 		.ascii	"F\024l\365(\250\251\276\321\031\340\253\327\257\365"
 445      28A8A9BE 
 445      D119E0AB 
 445      D7AFF5
 446 0806 E9C6F281 		.ascii	"\351\306\362\201\020V\367^}\236Y\011\005|;\023\013/"
 446      1056F75E 
 446      7D9E5909 
 446      057C3B13 
 446      0B2F
 447 0818 6C855F2E 		.ascii	"l\205_.\023\233O\304\226\024\234O\325\013\337Q\261\327"
 447      139B4FC4 
 447      96149C4F 
 447      D50BDF51 
 447      B1D7
 448 082a 3BD3AAD8 		.ascii	";\323\252\330\013J\013\335\324\356\327\265!\376\305"
 448      0B4A0BDD 
 448      D4EED7B5 
 448      21FEC5
 449 0839 1579C415 		.ascii	"\025y\304\025\322\325L\225\326M\"_u\362\207\353\016"
 449      D2D54C95 
 449      D64D225F 
 449      75F287EB 
 449      0E
 450 084a C2B7C8C3 		.ascii	"\302\267\310\303\367\247M\345\247\003}\325\371\265\336"
 450      F7A74DE5 
ARM GAS  /var/folders/d3/p12xj6d96hx5ptyrkl_lzds40000gn/T//ccj0KtKR.s 			page 35


 450      A7037DD5 
 450      F9B5DE
 451 0859 B221BD52 		.ascii	"\262!\275R\317\324\235\371\023Q\267\223\251\203\267"
 451      CFD49DF9 
 451      1351B793 
 451      A983B7
 452 0868 B5C2AF80 		.ascii	"\265\302\257\200\251\333\305\317\345\324\237\3779z\366"
 452      A9DBC5CF 
 452      E5D49FFF 
 452      397AF6
 453 0877 92C8482E 		.ascii	"\222\310H.\320a\375\217\305\350\2146\254q\330\015\361"
 453      D061FD8F 
 453      C5E88C36 
 453      AC71D80D 
 453      F1
 454 0888 36B329DE 		.ascii	"6\263)\336\260\332l\236g\262'\314K\264%Z\346YL1\326"
 454      B0DA6C9E 
 454      67B227CC 
 454      4BB4255A 
 454      E6594C31 
 455 089d 7951C605 		.ascii	"yQ\306\005\363>\231\037\271\360\353O\014\361\326\030"
 455      F33E991F 
 455      B9F0EB4F 
 455      0CF1D618 
 456 08ad 6C609862 		.ascii	"l`\230b`\210\212X\020\021i\260&\232\343\327\304Z\014"
 456      60888A58 
 456      101169B0 
 456      269AE3D7 
 456      C45A0C
 457 08c0 0E676CAC 		.ascii	"\016gl\254\345\313\2108N\227`IXmq~\271&\321lt\316\215"
 457      E5CB8838 
 457      4E976049 
 457      586D717E 
 457      B926D16C 
 458 08d7 88302C89 		.ascii	"\2100,\211\263\306XW\2562\330\034\006\273\323ko\216"
 458      B3C65857 
 458      AE32D81C 
 458      06BBD36B 
 458      6F8E
 459 08e9 033BB3CD 		.ascii	"\003;\263\315n\001\227i\346\270\277\330l\361+c\376e"
 459      6E019769 
 459      E6B8BFD8 
 459      6CF12B63 
 459      FE65
 460 08fb 313B9725 		.ascii	"1;\227%Z\235\301\011IF\033\351\0311U\025t\023-\337:"
 460      5A9DC109 
 460      49461BE9 
 460      19315515 
 460      74132DDF 
 461 0910 554971E4 		.ascii	"UIq\344\256M\002kc\234\305\024k\261\377\366\375\021"
 461      AE4D026B 
 461      639CC514 
 461      6BB1FFF6 
 461      FD11
 462 0922 B0A50342 		.ascii	"\260\245\003Bh\001\"\311n\373\306\012.z\030\267\331"
 462      680122C9 
 462      6EFBC60A 
ARM GAS  /var/folders/d3/p12xj6d96hx5ptyrkl_lzds40000gn/T//ccj0KtKR.s 			page 36


 462      2E7A18B7 
 462      D9
 463 0933 D71A098A 		.ascii	"\327\032\011\212s\316[\000\016\273Y\351l\346B(\277\345"
 463      73CE5B00 
 463      0EBB59E9 
 463      6CE64228 
 463      BFE5
 464 0945 3653EC62 		.ascii	"6S\354b\273\335\264VG\373\213\343!w\313\264\212\016"
 464      BBDDB456 
 464      47FB8BE3 
 464      2177CBB4 
 464      8A0E
 465 0957 7B5E6AB7 		.ascii	"{^j\267X\226i\344g\275\321H\322a\214\210\372tA\244\332"
 465      589669E4 
 465      67BDD148 
 465      D2618C88 
 465      FA7441A4 
 466 096c D313CD71 		.ascii	"\323\023\315q&{\020s\217\215\205\247Uk\035\313m\346"
 466      267B1073 
 466      8F8D85A7 
 466      556B1DCB 
 466      6DE6
 467 097e AF7EF31E 		.ascii	"\257~\363\036M\216\265XNP\222\315\3564B\304\257~\367"
 467      4D8EB558 
 467      4E5092CD 
 467      EE3442C4 
 467      AF7EF7
 468 0991 962D9E72 		.ascii	"\226-\236r\030\026\377u\305\222\025\337\202\003\316"
 468      1816FF75 
 468      C59215DF 
 468      8203CE
 469 09a0 B1F19B85 		.ascii	"\261\361\233\205\011\340\005<b\255\016SL\274\305h\265"
 469      09E0053C 
 469      62AD0E53 
 469      4CBCC568 
 469      B5
 470 09b1 7FAD37C5 		.ascii	"\177\2557\305\377\333\264\326a\264&\306[\023-\021Sq"
 470      FFDBB4D6 
 470      61B426C6 
 470      5B132D11 
 470      5371
 471 09c3 20CB8625 		.ascii	" \313\206%+V-[%\207\3068\346\204\245@\035\347\223\220"
 471      2B562D5B 
 471      2587C638 
 471      E684A540 
 471      1DE79390 
 472 09d7 8D4EC414 		.ascii	"\215N\304\024\264\204\314\032\362\2543\032-\211\336"
 472      B484CC1A 
 472      F2AC331A 
 472      2D89DE
 473 09e6 084ADD9F 		.ascii	"\010J\335\237*{QQ\312\336\302\250\377\001\000\330\304"
 473      2A7B5151 
 473      CADEC2A8 
 473      FF0100D8 
 473      C4
 474 09f7 FE       		.ascii	"\376"
 475              		.text
ARM GAS  /var/folders/d3/p12xj6d96hx5ptyrkl_lzds40000gn/T//ccj0KtKR.s 			page 37


 476              		.section	.gnu.lto_.symtab.6e5e33468c66a7fa,"",%progbits
 477 0000 6368506F 		.ascii	"chPoolObjectInit\000"
 477      6F6C4F62 
 477      6A656374 
 477      496E6974 
 477      00
 478 0011 00       		.ascii	"\000"
 479 0012 00       		.ascii	"\000"
 480 0013 00       		.ascii	"\000"
 481 0014 00000000 		.ascii	"\000\000\000\000\000\000\000\000"
 481      00000000 
 482 001c D0000000 		.ascii	"\320\000\000\000"
 483 0020 6368506F 		.ascii	"chPoolLoadArray\000"
 483      6F6C4C6F 
 483      61644172 
 483      72617900 
 484 0030 00       		.ascii	"\000"
 485 0031 00       		.ascii	"\000"
 486 0032 00       		.ascii	"\000"
 487 0033 00000000 		.ascii	"\000\000\000\000\000\000\000\000"
 487      00000000 
 488 003b D6000000 		.ascii	"\326\000\000\000"
 489 003f 6368506F 		.ascii	"chPoolAllocI\000"
 489      6F6C416C 
 489      6C6F6349 
 489      00
 490 004c 00       		.ascii	"\000"
 491 004d 00       		.ascii	"\000"
 492 004e 00       		.ascii	"\000"
 493 004f 00000000 		.ascii	"\000\000\000\000\000\000\000\000"
 493      00000000 
 494 0057 DA000000 		.ascii	"\332\000\000\000"
 495 005b 6368506F 		.ascii	"chPoolAlloc\000"
 495      6F6C416C 
 495      6C6F6300 
 496 0067 00       		.ascii	"\000"
 497 0068 00       		.ascii	"\000"
 498 0069 00       		.ascii	"\000"
 499 006a 00000000 		.ascii	"\000\000\000\000\000\000\000\000"
 499      00000000 
 500 0072 DC000000 		.ascii	"\334\000\000\000"
 501 0076 6368506F 		.ascii	"chPoolFreeI\000"
 501      6F6C4672 
 501      65654900 
 502 0082 00       		.ascii	"\000"
 503 0083 00       		.ascii	"\000"
 504 0084 00       		.ascii	"\000"
 505 0085 00000000 		.ascii	"\000\000\000\000\000\000\000\000"
 505      00000000 
 506 008d E1000000 		.ascii	"\341\000\000\000"
 507 0091 6368506F 		.ascii	"chPoolFree\000"
 507      6F6C4672 
 507      656500
 508 009c 00       		.ascii	"\000"
 509 009d 00       		.ascii	"\000"
 510 009e 00       		.ascii	"\000"
 511 009f 00000000 		.ascii	"\000\000\000\000\000\000\000\000"
ARM GAS  /var/folders/d3/p12xj6d96hx5ptyrkl_lzds40000gn/T//ccj0KtKR.s 			page 38


 511      00000000 
 512 00a7 E3000000 		.ascii	"\343\000\000\000"
 513              		.text
 514              		.section	.gnu.lto_.opts,"",%progbits
 515 0000 272D666D 		.ascii	"'-fmath-errno' '-fsigned-zeros' '-ftrapping-math' '"
 515      6174682D 
 515      6572726E 
 515      6F272027 
 515      2D667369 
 516 0033 2D666E6F 		.ascii	"-fno-trapv' '-fno-openmp' '-fno-openacc' '-mcpu=cor"
 516      2D747261 
 516      70762720 
 516      272D666E 
 516      6F2D6F70 
 517 0066 7465782D 		.ascii	"tex-m0' '-mno-thumb-interwork' '-mthumb' '-ggdb' '-"
 517      6D302720 
 517      272D6D6E 
 517      6F2D7468 
 517      756D622D 
 518 0099 4F322720 		.ascii	"O2' '-fomit-frame-pointer' '-falign-functions=16' '"
 518      272D666F 
 518      6D69742D 
 518      6672616D 
 518      652D706F 
 519 00cc 2D666675 		.ascii	"-ffunction-sections' '-fdata-sections' '-fno-common"
 519      6E637469 
 519      6F6E2D73 
 519      65637469 
 519      6F6E7327 
 520 00ff 2720272D 		.ascii	"' '-flto'\000"
 520      666C746F 
 520      2700
 521              		.text
 522              		.comm	__gnu_lto_v1,1,1
 523              		.comm	__gnu_lto_slim,1,1
 524              		.ident	"GCC: (GNU Tools for ARM Embedded Processors) 5.4.1 20160609 (release) [ARM/embedded-5-bran
ARM GAS  /var/folders/d3/p12xj6d96hx5ptyrkl_lzds40000gn/T//ccj0KtKR.s 			page 39


DEFINED SYMBOLS
                            *ABS*:0000000000000000 chmempools.c
                            *COM*:0000000000000001 __gnu_lto_v1
                            *COM*:0000000000000001 __gnu_lto_slim

NO UNDEFINED SYMBOLS
