ARM GAS  /var/folders/d3/p12xj6d96hx5ptyrkl_lzds40000gn/T//ccJodJ62.s 			page 1


   1              		.syntax unified
   2              		.cpu cortex-m0
   3              		.fpu softvfp
   4              		.eabi_attribute 20, 1
   5              		.eabi_attribute 21, 1
   6              		.eabi_attribute 23, 3
   7              		.eabi_attribute 24, 1
   8              		.eabi_attribute 25, 1
   9              		.eabi_attribute 26, 1
  10              		.eabi_attribute 30, 2
  11              		.eabi_attribute 34, 0
  12              		.eabi_attribute 18, 4
  13              		.thumb
  14              		.syntax unified
  15              		.file	"chmsg.c"
  16              		.text
  17              	.Ltext0:
  18              		.section	.gnu.lto_.profile.e21d4f8c154ca6c3,"",%progbits
  19 0000 789C6361 		.ascii	"x\234ca`d`a`\000\222\376\032\000\0010\000\202"
  19      60646061 
  19      600092FE 
  19      1A000130 
  19      0082
  20              		.text
  21              		.section	.gnu.lto_.icf.e21d4f8c154ca6c3,"",%progbits
  22 0000 789C6361 		.ascii	"x\234ca`d\000\001\021\006\004`f\230\270\372\325L6\246"
  22      60640001 
  22      11060460 
  22      6698B8FA 
  22      D54C36A6 
  23 0014 935757AF 		.ascii	"\223WW\257df\336\376\362\367Tf\006\000_#\011\017"
  23      6466DEFE 
  23      F2F75466 
  23      06005F23 
  23      090F
  24              		.text
  25              		.section	.gnu.lto_.jmpfuncs.e21d4f8c154ca6c3,"",%progbits
  26 0000 789C6361 		.ascii	"x\234ca`d\000\201P\006\004`f`bdd\256\257gb\374\313\304"
  26      60640081 
  26      50060460 
  26      66606264 
  26      64AEAF67 
  27 0018 F8FBC594 		.ascii	"\370\373\305\224\233\214_\230Z\231\031\030y\030\227"
  27      9B8C5F98 
  27      5A991918 
  27      791897
  28 0027 33CA3030 		.ascii	"3\3120001U\202T1\001\021H\301\337;\215\377\230 \012"
  28      30315582 
  28      54310111 
  28      48C1DF3B 
  28      8DFF9820 
  29 003c F8185780 		.ascii	"\370\030W\200\0240\203\26432\262@\325U\202m\000\000"
  29      143083B4 
  29      3332B240 
  29      D555826D 
  29      0000
  30 004e 503C103D 		.ascii	"P<\020="
ARM GAS  /var/folders/d3/p12xj6d96hx5ptyrkl_lzds40000gn/T//ccJodJ62.s 			page 2


  31              		.text
  32              		.section	.gnu.lto_.inline.e21d4f8c154ca6c3,"",%progbits
  33 0000 789C6361 		.ascii	"x\234ca`d\000\2018\006\004`f`\020\225eddP\000J1I\256"
  33      60640081 
  33      38060460 
  33      66601095 
  33      65646450 
  34 0019 38CCC8C0 		.ascii	"8\314\310\300y\303\214\011$\303\304\315\000T\017&'\370"
  34      79C38C09 
  34      24C3C4CD 
  34      00540F26 
  34      27F8
  35 002b 313108F2 		.ascii	"11\010\362\0039\022\007v32\260-\220GR\300\314\300!\000"
  35      03391207 
  35      763332B0 
  35      2D904752 
  35      C0CCC021 
  36 0040 94615920 		.ascii	"\224aY \017\227`\346\001JN\360\233\340\307\000\000\346"
  36      0F9760E6 
  36      014A4EF0 
  36      9BE0C700 
  36      00E6
  37 0052 730A59   		.ascii	"s\012Y"
  38              		.text
  39              		.section	.gnu.lto_.pureconst.e21d4f8c154ca6c3,"",%progbits
  40 0000 789C6361 		.ascii	"x\234ca`d\340b```f\330\305\310\264\213\221y\027#\000"
  40      6064E062 
  40      60606066 
  40      D8C5C8B4 
  40      8B917917 
  41 0016 0C1B0249 		.ascii	"\014\033\002I"
  42              		.text
  43              		.section	.gnu.lto_chMsgSend.e21d4f8c154ca6c3,"",%progbits
  44 0000 789C9555 		.ascii	"x\234\225U{lSe\024\377\316\375n\333\333\265[\247\321"
  44      7B6C5365 
  44      14FFCEFD 
  44      6EDBDBB5 
  44      5BA7D1
  45 0013 C498996C 		.ascii	"\304\230\231l\0322\211q7&\306G0$f\211\211\177,&,\321"
  45      1A328971 
  45      3726C647 
  45      30246689 
  45      897F2C26 
  46 0029 44494CEC 		.ascii	"DIL\354\032\267\304\261G\213\201\277v\367(\262D\005"
  46      1AB7C4B1 
  46      478B81BF 
  46      76F728B2 
  46      4405
  47 003b 15716C93 		.ascii	"\025ql\223\3058\262\011{\362\020\212\210\035{\3116\030"
  47      C538B209 
  47      7BF2108A 
  47      881D7BC9 
  47      3618
  48 004d 03E760CF 		.ascii	"\003\347`\317n\354\005\223H\235@\024\326z\316w/\260"
  48      6EEC0593 
  48      489D4014 
  48      D67ACE77 
ARM GAS  /var/folders/d3/p12xj6d96hx5ptyrkl_lzds40000gn/T//ccJodJ62.s 			page 3


  48      2FB0
  49 005f B69BE897 		.ascii	"\266\233\350\227\364\336\373}\3379\277s\316\357<*3`"
  49      F4DEFB7D 
  49      DF39BF73 
  49      CEEF3C2A 
  49      3360
  50 0071 B476288C 		.ascii	"\264v(\214\315\343\373y\374\201\211\201\264\363,c\305"
  50      CDE3FB79 
  50      FC818981 
  50      B4F32C63 
  50      C5
  51 0082 8A24F12E 		.ascii	"\212$\361.\007\323\342\344\236\365L\263s\220\365c\031"
  51      07D3E2E4 
  51      9EF54CB3 
  51      7390F563 
  51      19
  52 0093 803E3405 		.ascii	"\200>4\005X\221\304e(\202\033\322\222\004\003e-\325"
  52      5891C465 
  52      28821BD2 
  52      92040365 
  52      2DD5
  53 00a5 FC4FC9CB 		.ascii	"\374O\311\313\031\310\270\015\236\251\274\234@[\200"
  53      19C8B80D 
  53      9EA9BC9C 
  53      405B80
  54 00b4 64DC4EFB 		.ascii	"d\334N\373\266]\223\327\326i\270\0023\013/\355\251\367"
  54      B65D93D7 
  54      D669B802 
  54      330B2FED 
  54      A9F7
  55 00c6 CB5E2EB1 		.ascii	"\313^.\261\260\304\240\036\222\240\016\222\310\366w"
  55      B0C4A01E 
  55      92A00E92 
  55      C8F677
  56 00d5 B016653B 		.ascii	"\260\026e;f\356\234\267\361d`\370]]\027\250\265\246"
  56      66EE9CB7 
  56      F16460F8 
  56      5D5D17A8 
  56      B5A6
  57 00e7 EED3B412 		.ascii	"\356\323\264\022M\273\225\245Y\275\234\303~\340\313"
  57      4DBB95A5 
  57      59BD9CC3 
  57      7EE0CB
  58 00f6 F5F088C1 		.ascii	"\365\360\210\301\001HE\351\276\026\337\220\314\237\022"
  58      014845E9 
  58      BE16DF90 
  58      CC9F12
  59 0105 9ABB16E6 		.ascii	"\232\273\026\346.:H\023W\225\2134%h\210\326\304M#\244"
  59      2E3A4813 
  59      57958B34 
  59      256888D6 
  59      C44D23A4 
  60 0119 92785FE8 		.ascii	"\222x_\350p\177\034O\025\252\015\327:\357\230\327|K"
  60      707F1C4F 
  60      15AA0DD7 
  60      3AEF98D7 
  60      7C4B
ARM GAS  /var/folders/d3/p12xj6d96hx5ptyrkl_lzds40000gn/T//ccJodJ62.s 			page 4


  61 012b 46FDC1AE 		.ascii	"F\375\301\256\204=\232\277,\231\0147E\252\323B\351\251"
  61      843D9ABF 
  61      2C990C37 
  61      45AAD342 
  61      E9A9
  62 013d D6D097F1 		.ascii	"\326\320\227\361\3462\262\223\014\315\260\246\2343\212"
  62      E632B293 
  62      0CCDB0A6 
  62      9C338A
  63 014c 0BC36901 		.ascii	"\013\303i\0013\022\014t\330\274\301\257\205\303\245"
  63      33120C74 
  63      D8BCC1AF 
  63      85C3A5
  64 015b 9A7FC23C 		.ascii	"\232\177\302<\\qSy\004]\306S\023\220y\013\220\373\012"
  64      5C715379 
  64      045DC653 
  64      1390790B 
  64      90FB0A
  65 016e BA23DBF0 		.ascii	"\272#\333\360aJ\020N%\212\300\330uD\"\272\203\222Do"
  65      614A104E 
  65      258AC0D8 
  65      754422BA 
  65      8392446F 
  66 0182 3E0B25C7 		.ascii	">\013%\307[G\0078\201\227r\216\366w{O\365[\210i\263"
  66      5B470738 
  66      8197728E 
  66      F6777B4F 
  66      F55B8869 
  67 0197 70DEE7FB 		.ascii	"p\336\347\373m\304R\264\244m\327\264D<+\347 \274\274"
  67      6DC452B4 
  67      A46DD7B4 
  67      443C2BE7 
  67      20BCBC
  68 01aa DA37D811 		.ascii	"\3327\330\021W\003_\027k\342\334\002\0071q\255\024\005"
  68      57035F17 
  68      6BE2DC02 
  68      073171AD 
  68      1405
  69 01bc 5E7E7AAC 		.ascii	"^~z\254\245\\Q\033\005Woy\271\002\207\240\006B\222\021"
  69      A55C511B 
  69      05576F79 
  69      B90287A0 
  69      06429211 
  70 01d0 60E7C703 		.ascii	"`\347\307\003\265\212\372,1p\030\324\220DE\003G@eSP"
  70      B58AFA2C 
  70      317018D4 
  70      90444503 
  70      47406553 
  71 01e5 A2AD1351 		.ascii	"\242\255\023Qb,\350\014\233\203\342\251\243\223\215"
  71      622CE80C 
  71      9B83E2A9 
  71      A3938D
  72 01f4 3C92157F 		.ascii	"<\222\025\177\3718\0102\302\022D\021\346\277\362\311"
  72      F9380832 
  72      C2124411 
  72      E6BFF2C9 
  73 0204 09AAB8EF 		.ascii	"\011\252\270\357\351R\212\276\014\356\250\246\313\243"
ARM GAS  /var/folders/d3/p12xj6d96hx5ptyrkl_lzds40000gn/T//ccJodJ62.s 			page 5


  73      E9528ABE 
  73      0CEEA8A6 
  73      CBA3
  74 0212 74C9A3A9 		.ascii	"t\311\243\251fp\014\314\350\210O<Y=\340}\375\311\366"
  74      66700CCC 
  74      E8884F3C 
  74      593DE07D 
  74      FDC9F6
  75 0225 197B4A2B 		.ascii	"\031{J+\324h\025\2300+\251\374\321tp\320&c(p\034R\360"
  75      D4681598 
  75      302BA9FC 
  75      D17470D0 
  75      26632870 
  76 023c F903C80C 		.ascii	"\371\003\310\0149\254\364]\251z\205|ZN \027\356\335"
  76      39ACF45D 
  76      A97A857C 
  76      5A4E2017 
  76      EEDD
  77 024e EAEED96E 		.ascii	"\352\356\331n7\230\322\342\275<\016#\203\023\006S\373"
  77      3798D2E2 
  77      BD3C0E23 
  77      83130653 
  77      FB
  78 025f A64B9A2C 		.ascii	"\246K\232,\304\205\004?\012\216D\242O\202Z\312M\204"
  78      C485043F 
  78      0A8E44A2 
  78      4F825ACA 
  78      4D84
  79 0271 FBF74737 		.ascii	"\373\367G7\253\336\326s\243Dc\0250\001f\211\005\263"
  79      ABDED673 
  79      A3446315 
  79      30016689 
  79      05B3
  80 0283 C14F028C 		.ascii	"\301O\002\214\353\204\217\324\266\325\3320\205\264\336"
  80      EB848FD4 
  80      B6D5DA30 
  80      85B4DE
  81 0292 C1AA003F 		.ascii	"\301\252\000?\222\315\240\015\212\310\304\356\311G\015"
  81      92CDA00D 
  81      8AC8C4EE 
  81      C9470D
  82 02a1 C7FF9BA7 		.ascii	"\307\377\233\247v8%\300e\035\274bf\256\323n\344\372"
  82      763825C0 
  82      651DBC62 
  82      66AED36E 
  82      E4FA
  83 02b3 452F8F87 		.ascii	"E/\217\207v\312\251\211\302\350\2400\024J\253?\334\005"
  83      76CAA989 
  83      C2E8A030 
  83      144AAB3F 
  83      DC05
  84 02c5 8691E203 		.ascii	"\206\221\342\003U\325v\243\031&\272\370\275f\330\037"
  84      55D576A3 
  84      1926BAF8 
  84      BD66D81F 
  85 02d5 DB0CD0A9 		.ascii	"\333\014\320\251\227A$\300h\325x\310\312} \310m\367"
  85      974124C0 
ARM GAS  /var/folders/d3/p12xj6d96hx5ptyrkl_lzds40000gn/T//ccJodJ62.s 			page 6


  85      68D578C8 
  85      CA7D20C8 
  85      6DF7
  86 02e7 B6955862 		.ascii	"\266\225Xb\320d\350Z\001\255\233\320\024\221\255\277"
  86      D064E85A 
  86      01AD9BD0 
  86      1491ADBF 
  87 02f7 429F0F6D 		.ascii	"B\237\017msD\225G\357\304s$CV\215\362\222c\213\344g"
  87      73449547 
  87      EFC47324 
  87      43568DF2 
  87      92638BE4 
  88 030c 511EA763 		.ascii	"Q\036\247c\370J\\\221.AK\340v\357\306\3128\212\261G"
  88      F84A5C91 
  88      2E414BE0 
  88      76EFC6CA 
  88      388AB147 
  89 0320 1067D651 		.ascii	"\020g\326Q\240W\247Gt\340X\345\233\004Z\312\023Q\367"
  89      A057A747 
  89      74E058E5 
  89      9B045ACA 
  89      1351F7
  90 0333 48AF7F58 		.ascii	"H\257\177X\024\220\014O\343vq\270y\021\356\233\261Q"
  90      14900C4F 
  90      E37671B8 
  90      7911EE9B 
  90      B151
  91 0345 CAFB0C33 		.ascii	"\312\373\0143\235{'\367:\364^:#\300-\006\370YL1%\367"
  91      9D7B27F7 
  91      3AF45E3A 
  91      23C02D06 
  91      F8594C31 
  92 035b 1BC7FF73 		.ascii	"\033\307\377sV\263\021V\277\300R\014\254s\344h\242 "
  92      56B31156 
  92      BFC0520C 
  92      AC73E468 
  92      A220
  93 036d 2E3856B9 		.ascii	".8V\271qU\300\304\025\001\327\021\340@D\344\347\011"
  93      7155C0C4 
  93      1501D711 
  93      E04044E4 
  93      E709
  94 037f 900BC0D6 		.ascii	"\220\013\300\326\361\312\365\006\340\203\343\324\001"
  94      F1CAF506 
  94      E083E3D4 
  94      01
  95 038c E309F042 		.ascii	"\343\011\360BD\264\277\350\200X(\201\231\337\037\023"
  95      44B4BFE8 
  95      80582881 
  95      99DF1F13 
  96 039c 2384B288 		.ascii	"#\204\262\210\007\222\330t\323F\020=\375\2311\352l\313"
  96      0792D874 
  96      D346103D 
  96      FD9931EA 
  96      6CCB
  97 03ae 4280D51A 		.ascii	"B\200\325\032)\001\006\205\035+\325\317\257H\351$\224"
  97      29010685 
ARM GAS  /var/folders/d3/p12xj6d96hx5ptyrkl_lzds40000gn/T//ccJodJ62.s 			page 7


  97      1D2BD5CF 
  97      AF48E924 
  97      94
  98 03bf 0D973E7E 		.ascii	"\015\227>~\037ai\2648$Q\252L\220\000CF\245\005\261\361"
  98      1F6169B4 
  98      382451AA 
  98      4C900043 
  98      46A505B1 
  99 03d4 BA1C7C1E 		.ascii	"\272\034|\036\312\374_t\013\007b\007\251#L=\002\027"
  99      CAFC5F74 
  99      0B076207 
  99      A9234C3D 
  99      0217
 100 03e6 B107D1B2 		.ascii	"\261\007\321\262\027\351%=Y\314dR\374\252\033VV|(,Q"
 100      17E9253D 
 100      59CC6452 
 100      FCAA1B56 
 100      567C282C 
 101 03fb 055E4245 		.ascii	"\005^BE\274\273=\277\353\022\350\366\3550\014I^\376"
 101      BCBB3DBF 
 101      EB12E8F6 
 101      ED300C49 
 101      5EFE
 102 040d B01EE76C 		.ascii	"\260\036\347l\201\356dBt_\277\314Vo\354\221\345\215"
 102      81EE6442 
 102      745FBFCC 
 102      566FEC91 
 102      E58D
 103 041f 7D61A756 		.ascii	"}a\247V\001\006\345\2314\240F\251\261\343\210\2111c"
 103      0106E599 
 103      34A046A9 
 103      B1E38889 
 103      3163
 104 0431 583B04B9 		.ascii	"X;\004\271\370\347\202v\364a}\243!zX\237\236\275;\254"
 104      F8E78276 
 104      F4617DA3 
 104      217A589F 
 104      9EBD3BAC 
 105 0445 2DB1DD34 		.ascii	"-\261\3354N\335\0243\302\027hJO\220\212\022;\302\033"
 105      4EDD1433 
 105      C217684A 
 105      4F908A12 
 105      3BC21B
 106 0458 E9324097 		.ascii	"\3512@\227\326X\274I\321\235S\372\010\017<p\204_\026"
 106      D658BC49 
 106      D19D53FA 
 106      080F3C70 
 106      845F16
 107 046b 237C1A47 		.ascii	"#|\032G\370U\252\234\305s`\220FY\274\216\377.\230\015"
 107      F855AA9C 
 107      C5736090 
 107      4659BC8E 
 107      FF2E980D 
 108 047f 947B222D 		.ascii	"\224{\"-MM\317\316y/\347\215L5\317\255\026zTw\241Su"
 108      4D4DCFCE 
 108      792FE78D 
 108      4C35CFAD 
ARM GAS  /var/folders/d3/p12xj6d96hx5ptyrkl_lzds40000gn/T//ccJodJ62.s 			page 8


 108      167A5477 
 109 0496 66E7BADF 		.ascii	"f\347\272\337Os2\311\223\317\361\213;=\371i\221\202"
 109      4F7332C9 
 109      93CFF18B 
 109      3B3DF969 
 109      9182
 110 04a8 AE2D1E35 		.ascii	"\256-\0365=#\363\365L5g\223\363\203\315Y.\325\231W\350"
 110      3D23F3F5 
 110      4C356793 
 110      F383CD59 
 110      2ED59957 
 111 04bd 7AD799FB 		.ascii	"z\327\231\373\332\346M\316\264l\226\022\203{O.\333\275"
 111      DAE64DCE 
 111      B46C9612 
 111      837B4F2E 
 111      DBBD
 112 04cf D58D12CF 		.ascii	"\325\215\022\317\304H\344\347\025z\334\352\253\0332"
 112      C448E4E7 
 112      157ADCEA 
 112      AB1B32
 113 04de D233B6A0 		.ascii	"\3223\266\240\230\000\374\360\205\\\224U\234\371\356"
 113      9800FCF0 
 113      855C9455 
 113      9CF9EE
 114 04ed 9CACE41C 		.ascii	"\234\254\344\034f\311u\345\346\025ne\334S\220\377\344"
 114      66C975E5 
 114      E6156E65 
 114      DC5390FF 
 114      E4
 115 04fe BF997066 		.ascii	"\277\231pfg\335\325s\241\336?9I5\236"
 115      67DDD573 
 115      A1DE3F39 
 115      49359E
 116              		.text
 117              		.section	.gnu.lto_chMsgWait.e21d4f8c154ca6c3,"",%progbits
 118 0000 789C9555 		.ascii	"x\234\225U]L\\E\024\236s\347\356\336\013\273\320>\033"
 118      5D4C5C45 
 118      149E73E7 
 118      EEDE0BBB 
 118      D03E1B
 119 0013 4CC084C4 		.ascii	"L\300\204\304\306\260\327>\350\213\361\301\220\030}"
 119      C6B0D73E 
 119      E88BF1C1 
 119      90187D
 120 0022 2026251A 		.ascii	" &%\032\023\023\215.\304%\221BYj\332'f\0276\226\250"
 120      13138D2E 
 120      C4259142 
 120      596ADA27 
 120      66173696 
 121 0037 B535B122 		.ascii	"\2655\261\"`1\202i\261\345gQ\264\320Z\227\262\200-\375"
 121      60318269 
 121      B1E56751 
 121      B4D05A97 
 121      B2802DFD 
 122 004b 11106B81 		.ascii	"\021\020k\201\266,\0265\350C\267@\214\265\354z\316\334"
 122      B62C1635 
 122      E843B740 
ARM GAS  /var/folders/d3/p12xj6d96hx5ptyrkl_lzds40000gn/T//ccJodJ62.s 			page 9


 122      8CB5EC7A 
 122      CEDC
 123 005d 0B957B11 		.ascii	"\013\225{\021\333}\230\235\271\347\314w\316\371\316"
 123      DB7D989D 
 123      B9E7CC77 
 123      CEF9CE
 124 006c 37332A03 		.ascii	"73*\003F\277b\2351\005\247\217\341\034\\\014\224\003"
 124      46BF629D 
 124      3105A78F 
 124      E11C5C0C 
 124      9403
 125 007e 17190BE9 		.ascii	"\027\031\013\351\212\302\2275&2\325\246a\306\204\227"
 125      8AC29735 
 125      2632D5A6 
 125      61C68497 
 126 008e 836A7E57 		.ascii	"\203j~W\001h\"t`5\012W\241\006\226\225\025\005\306\352"
 126      01682274 
 126      60350A57 
 126      A1069695 
 126      1505C6EA 
 127 00a2 BA9BF992 		.ascii	"\272\233\371\222\022\341\014T\\&/4\376\234MK\200\\\\"
 127      12E10C54 
 127      5C262F34 
 127      FE9C4D4B 
 127      805C5C
 128 00b5 3689F17A 		.ascii	"6\211\361zm\333\021!\302b6\222z\361`m\344\231\010WX"
 128      6DDB1121 
 128      C2623692 
 128      7AF1606D 
 128      E4990857 
 129 00ca 5A617014 		.ascii	"Zap\024r\340\010\344P\360v\330\306\3209>\177g\334\303"
 129      72E008E4 
 129      50F076D8 
 129      C6D0393E 
 129      7F67DCC3 
 130 00de 7381E6A1 		.ascii	"s\201\346\241cM\315\336\374V\332\030[\034\311\376H\304"
 130      634DCDDE 
 130      FC56DA18 
 130      5B1CC9FE 
 130      48C4
 131 00f0 EA727127 		.ascii	"\352rq'|\016|\375fF\336s\321\324\007Y\356:\201\277\\"
 131      7C0E7CFD 
 131      6646DE73 
 131      D1D40759 
 131      EE3A81BF 
 132 0105 3806F914 		.ascii	"8\006\371\024\000q\217\203\033\353\003\372\322\265#"
 132      00718F83 
 132      1BEB03FA 
 132      D2B523
 133 0114 26D2E95A 		.ascii	"&\322\351Z\021Kj'\033Z3\266r\206h*\015.\0324\032t\034"
 133      114B6A27 
 133      1B5A33B6 
 133      7286682A 
 133      0D2E1A34 
 134 012b B88791BB 		.ascii	"\270\207\221\273\227\246\214\335D\030*:\251(\364\317"
 134      97A68CDD 
 134      44182A3A 
ARM GAS  /var/folders/d3/p12xj6d96hx5ptyrkl_lzds40000gn/T//ccJodJ62.s 			page 10


 134      A928F4CF 
 135 013b 7F85D0DC 		.ascii	"\177\205\320\334\207\211\016\276>d\354\354\012\310`"
 135      87890EBE 
 135      3E64ECEC 
 135      0AC860
 136 014a 69056CD9 		.ascii	"i\005l\331\304\332\337=E\334v\220Q\261\033\243\3575"
 136      C4DADF3D 
 136      45DC7690 
 136      51B11BA3 
 136      EF35
 137 015c 93B1938C 		.ascii	"\223\261\223\214\334^\007\203.pc\366\335rd\237\000\332"
 137      DC5E0783 
 137      2E7063F6 
 137      DD72649F 
 137      00DA
 138 016e 8F9E1E9C 		.ascii	"\217\236\036\234\367\346\265C\213h@6T\332r\253\263g"
 138      F7E6B543 
 138      8B684036 
 138      54DA72AB 
 138      B367
 139 0180 D2A3629E 		.ascii	"\322\243b\236\020\205<\034{@e\277@\270\277/\321\362"
 139      10853C1C 
 139      7B4065BF 
 139      40B8BF2F 
 139      D1F2
 140 0192 28E554CB 		.ascii	"(\345T\313\251-\207\"g.i\324\026\227\314\260\257\357"
 140      A92D8722 
 140      672E69D4 
 140      1697CCB0 
 140      AFEF
 141 01a4 8F69AD66 		.ascii	"\217i\255fE\354\023b+~\253\347&\215\013\347'\343\231"
 141      45EC1362 
 141      2B7EABE7 
 141      268D0BE7 
 141      27E399
 142 01b7 2DF07148 		.ascii	"-\360qH\310\357n\370\022\273\374\005\321\214\306\375"
 142      C8EF6EF8 
 142      12BBFC05 
 142      D18CC6FD 
 143 01c7 27BAEB75 		.ascii	"'\272\353u\243\203r\023\273\"\\\203^h\201\224bu`\350"
 143      A3837213 
 143      BB225C83 
 143      5E688194 
 143      627560E8 
 144 01db 9DB1B655 		.ascii	"\235\261\266U\353vj\324W`\244H]\014\276\006\203\315"
 144      EB766AD4 
 144      5760A448 
 144      5D0CBE06 
 144      83CD
 145 01ed 8142C9D8 		.ascii	"\201B\311\330\032\233\034\311\332\254\261p\002\3621"
 145      1A9B1CC9 
 145      DAACB170 
 145      02F231
 146 01fc 7D59CE5F 		.ascii	"}Y\316_K=\275w\300\306\337\333\251\020\000yY\354\253"
 146      4B3DBD77 
 146      C0C6DFDB 
 146      A9100079 
ARM GAS  /var/folders/d3/p12xj6d96hx5ptyrkl_lzds40000gn/T//ccJodJ62.s 			page 11


 146      59ECAB
 147 020f 4E0EFB24 		.ascii	"N\016\373${\375\304\203\353\337<\230\235\372s\344\334"
 147      7BFDC483 
 147      EBDF3C98 
 147      9DFA73E4 
 147      DC
 148 0220 3EEFDD82 		.ascii	">\357\335\202u\214\006'\255z?\273\021\356\324\314\212"
 148      758C0627 
 148      AD7A3FBB 
 148      11EED4CC 
 148      8A
 149 0231 6627469F 		.ascii	"f'F\237\217\272\"<\003N\311\232\025\023\027\235&\016"
 149      8FBA223C 
 149      034EC99A 
 149      1513179D 
 149      260E
 150 0243 8806B0CA 		.ascii	"\210\006\260\312\256!\324o\250ln\332\3414V\216\311\337"
 150      AE21D46F 
 150      A86C6EDA 
 150      E134568E 
 150      C9DF
 151 0255 7E6BC96D 		.ascii	"~k\311m\246\340\275\367\230b\021(\340\267\266\200\323"
 151      A6E0BDF7 
 151      98621128 
 151      E0B7B680 
 151      D3
 152 0266 6D036D1E 		.ascii	"m\003m\036\354\034\375\256\242\007\207\030\030f\264"
 152      EC1CFDAE 
 152      A2078718 
 152      1866B4
 153 0275 01A8419E 		.ascii	"\001\250A\236\303\263\221t\014\244\364\211\030\226\200"
 153      C3B39174 
 153      0CA4F489 
 153      189680
 154 0284 BAA9DA07 		.ascii	"\272\251\332\007L%\2700\003\311l\022S\\\326\370oP\027"
 154      4C25B830 
 154      03C96C12 
 154      535CD6F8 
 154      6F5017
 155 0297 FB7B4476 		.ascii	"\373{Dv\306\251\212\3144\036\015\006g\020\025m+3\241"
 155      C6A98ACC 
 155      341E0D06 
 155      6710156D 
 155      2B33A1
 156 02aa 9442C479 		.ascii	"\224B\304y \033\006!'\"\221\222H9\235\013\352P2\035"
 156      201B0621 
 156      27229192 
 156      48399D0B 
 156      EA50321D 
 157 02be D5CC30DA 		.ascii	"\325\3140\332}(,\356PX\001ik\310\251\255\002\242wxM"
 157      7D282CEE 
 157      50580169 
 157      6BC8A9AD 
 157      02A27778 
 158 02d3 5523ABDC 		.ascii	"U#\253\334\306\301\214\252\333\270\025\007\201Iz5\033"
 158      C6C18CAA 
 158      DBB81507 
ARM GAS  /var/folders/d3/p12xj6d96hx5ptyrkl_lzds40000gn/T//ccJodJ62.s 			page 12


 158      81497A35 
 158      1B
 159 02e4 BD05C4EB 		.ascii	"\275\005\304\353w\026\257\314N\352v\342\364,\20238'"
 159      7716AFCC 
 159      4EEA76E2 
 159      F42C8233 
 159      3827
 160 02f6 095D15EE 		.ascii	"\011]\025\356L\323\265T\006\237\000)\234\301\310@Xs"
 160      4CD3B554 
 160      069F0029 
 160      9CC1C840 
 160      5873
 161 0308 A898C3E8 		.ascii	"\250\230\303\350\006*>O*\326M\025_\256\2752\234mS\361"
 161      062A3E4F 
 161      2AD64D15 
 161      5FAEBD32 
 161      9C6D53F1 
 162 031c 68FA55F2 		.ascii	"h\372U\362\2614\354\266\335~\263\327\367\2274\366\337"
 162      B134ECB6 
 162      DD7EB3D7 
 162      F79734F6 
 162      DF
 163 032d 10E27D01 		.ascii	"\020\342}\001\367x\001^$\260\013R\370\227\210\031\017"
 163      F778015E 
 163      24B00B52 
 163      F8978819 
 163      0F
 164 033e 3AF48EC6 		.ascii	":\364\216\306\246\244\3609<\214\313\305\251\256E\270"
 164      A6A4F039 
 164      3C8CCBC5 
 164      A9AE45B8 
 165 034e DB870C62 		.ascii	"\333\207\014b\351{\213\245\241\303\211\303[,\021\276"
 165      E97B8BA5 
 165      A1C389C3 
 165      5B2C11BE 
 166 035e 4421C724 		.ascii	"D!\307$W\334\304\204qy\234\303\342\011\002\247X\030"
 166      57DCC484 
 166      71799CC3 
 166      E20902A7 
 166      5818
 167 0370 4016179D 		.ascii	"@\026\027\235o|\301\014\3107\224\271\307\331\007<@\022"
 167      6F7CC10C 
 167      C83794B9 
 167      C7D9073C 
 167      4012
 168 0382 5BB5B07F 		.ascii	"[\265\260\1770\233z(\261\205\200\356#\317,\302\232\\"
 168      309B7A28 
 168      B18580EE 
 168      23CF2CC2 
 168      9A5C
 169 0394 97E78F60 		.ascii	"\227\347\217``&\004\327\230\234o|\331\002t\246\3057"
 169      602604D7 
 169      989C6F7C 
 169      D90274A6 
 169      C537
 170 03a6 3C7D4F12 		.ascii	"<}O\022\340e\011\350\262\000\177\"@]\036\261\371\264"
 170      E06509E8 
ARM GAS  /var/folders/d3/p12xj6d96hx5ptyrkl_lzds40000gn/T//ccJodJ62.s 			page 13


 170      B2007F22 
 170      405D1EB1 
 170      F9B4
 171 03b8 BC5B65DB 		.ascii	"\274[e\333V%\"i_[\320#D\261\227\272\343\267\270\245"
 171      56252269 
 171      5F5BD023 
 171      44B197BA 
 171      E3B7B8A5 
 172 03cc A075EAF4 		.ascii	"\240u\352\364\374\027'YpE\206u\223v\246\300@[\353B\337"
 172      FC172759 
 172      70458675 
 172      9376A6C0 
 172      405BEB42 
 173 03e1 A0CB3C7C 		.ascii	"\240\313<|Y0\215\033\344;\264|\334\361\016\305\025K"
 173      59308D1B 
 173      E43BB47C 
 173      DCF10EC5 
 173      154B
 174 03f3 459AF326 		.ascii	"E\232\363&\234!A8^\247\337\351\001\272J[t\347\353\324"
 174      9C214138 
 174      5EA7DFE9 
 174      01BA4A5B 
 174      74E7EBD4 
 175 0407 41C66B64 		.ascii	"A\306kd\314p\342]\227\002\2335_\247\333\377\373:%\344"
 175      CC70E25D 
 175      97029B35 
 175      5FA7DBFF 
 175      FB3A25E4 
 176 041b EB3487AF 		.ascii	"\3534\207\257\323\002\021\370\351\230ul=\244\340\233"
 176      D30211F8 
 176      E998756C 
 176      3DA4E09B 
 177 042b 78A6F11E 		.ascii	"x\246\361\036A\277\007}>\2430P\366Z\331s\305FE\320\250"
 177      41BF077D 
 177      3EA33050 
 177      F65AD973 
 177      C54645D0 
 178 0440 AA368255 		.ascii	"\2526\202U~\303\037(\017\276\356\3633\245\272\322\267"
 178      7EC31F28 
 178      0FBEEEF3 
 178      33A5BAD2 
 178      B7
 179 0451 DEA1744F 		.ascii	"\336\241tO\265QXT\374l\261Q\266\323\377\306\356\222"
 179      B5515854 
 179      FC6CB151 
 179      B6D3FFC6 
 179      EE92
 180 0463 52C35F51 		.ascii	"R\303_QU\372\212\277\374\351\335;\375\276\000\313s\340"
 180      55FA8ABF 
 180      FCE9DD3B 
 180      FDBE00CB 
 180      73E0
 181 0475 ADF90582 		.ascii	"\255\371\005\202{\203\350\361\210\303\243\262\242\252"
 181      7B83E8F1 
 181      88C3A3B2 
 181      A2AA
 182 0483 3A683CB5 		.ascii	":h<\265\243\250\260h\017\272I\3007\037/G_\335_\031,"
ARM GAS  /var/folders/d3/p12xj6d96hx5ptyrkl_lzds40000gn/T//ccJodJ62.s 			page 14


 182      A3A8B068 
 182      0FBA49C0 
 182      371F2F47 
 182      5FDD5F19 
 183 0498 2BC92D63 		.ascii	"+\311-cZyiyE\325\336M\341)\345\000\343\325\273*\037"
 183      5A796979 
 183      45D5DE4D 
 183      E129E500 
 183      E3D5BB2A 
 184 04ad DA2C097F 		.ascii	"\332,\011\177\240d\025\271\024\221\377\001!q.b"
 184      A06415B9 
 184      1491FF01 
 184      21712E62 
 185              		.text
 186              		.section	.gnu.lto_chMsgRelease.e21d4f8c154ca6c3,"",%progbits
 187 0000 789C8552 		.ascii	"x\234\205R[KTQ\024\336k\357\343\314\210vy\317`\206\020"
 187      5B4B5451 
 187      14DE6BEF 
 187      E3CC8876 
 187      79CF6086 
 188 0015 91620EBE 		.ascii	"\221b\016\276\364\036\003A\017\022\350\017\010:\016"
 188      F41E0341 
 188      0F12E80F 
 188      083A0E
 189 0024 CD40E3C8 		.ascii	"\315@\343\310\2341\364i\266\227C\031tyH\3502$\221\241"
 189      9C31F469 
 189      B6974319 
 189      747948E8 
 189      322491A1 
 190 0038 69E3ADB2 		.ascii	"i\343\255\262N\231\035\312\036\272\202\201\027\360\241"
 190      4E991DCA 
 190      1EBA8281 
 190      17F0A1
 191 0047 D130237B 		.ascii	"\3210#{\320h^*\233\326\332\251\344\234\250\003\263\317"
 191      D0685E2A 
 191      9BD6DAA9 
 191      E49CA803 
 191      B3CF
 192 0059 DEB3BEEF 		.ascii	"\336\263\276\357[\337^\337\321\0300z\316\012\306\336"
 192      5BDF5EDF 
 192      D118307A 
 192      CE0AC6DE 
 193 0069 E17B17FE 		.ascii	"\341{\027\376@0\340\347\3370\326\342\343\000\264\221"
 193      4030E0E7 
 193      DF30D6E2 
 193      E300B491 
 194 0079 3E60290E 		.ascii	">`)\016)\310\3615\016ON~\260ye\217\304'k\365U\311^\007"
 194      29C8F135 
 194      0E4F4E7E 
 194      B079658F 
 194      C4276BF5 
 195 0091 2CA4E7B9 		.ascii	",\244\347\271Rb\320\003\225\210\232l\037J\213\257\334"
 195      5262D003 
 195      95889A6C 
 195      1F4A8BAF 
 195      DC
 196 00a2 12001A1E 		.ascii	"\022\000\032\036W__~\277\235\216\034\374x\234X\374\361"
ARM GAS  /var/folders/d3/p12xj6d96hx5ptyrkl_lzds40000gn/T//ccJodJ62.s 			page 15


 196      575F5F7E 
 196      BF9D8E1C 
 196      FC789C58 
 196      FCF1
 197 00b4 B644F881 		.ascii	"\266D\370\201\341>\335\223\355.\256\270!e\253\224\337"
 197      E13EDD93 
 197      ED2EAEB8 
 197      2165AB94 
 197      DF
 198 00c5 EB64B125 		.ascii	"\353d\261%\004\364\201@=\270\011e\320\013e\014\377b"
 198      04F48140 
 198      3DB80965 
 198      D00B650C 
 198      FF62
 199 00d7 D00F1588 		.ascii	"\320\017\025\210~5d\317hb\217b^X^\232\335AL|\272\302"
 199      7E3564CF 
 199      68628F62 
 199      5E585E9A 
 199      DD414C7C 
 200 00ed C4D4E056 		.ascii	"\304\324\340V!Sc\220\201\012\202/\014\377\354\334\346"
 200      21536390 
 200      810A822F 
 200      0CFFECDC 
 200      E6
 201 00fe 6927B4BF 		.ascii	"i'\264\277c\3031\014\200\207f0X\343\310|\276MJ\273j"
 201      63C3310C 
 201      80876630 
 201      58E3C87C 
 201      BE4D4ABB 
 202 0113 A0DC8BAE 		.ascii	"\240\334\213\256\261\235\006\212\312V\020HsX\345\234"
 202      B19D068A 
 202      CA561048 
 202      7358E59C 
 203 0123 DE62095A 		.ascii	"\336b\011Z\026\272\3463b\253\246\3231\305\225\\\236"
 203      16BAE633 
 203      62ABA6D3 
 203      31C5955C 
 203      9E
 204 0134 43413BC7 		.ascii	"CA;\307>3\006E\014\006\251\310\013\213\363\347\322T"
 204      3E330645 
 204      0C06A9C8 
 204      0B8BF3E7 
 204      D254
 205 0146 1CA2A228 		.ascii	"\034\242\242(4\312`\030<hsD\255\254\033\260\336;\376"
 205      34CA6018 
 205      3C687344 
 205      ADAC1BB0 
 205      DE3BFE
 206 0159 74B13490 		.ascii	"t\2614\220\201.y\321o\211\"\242|\031\030\231*\321\320"
 206      812E79D1 
 206      6F8922A2 
 206      7C191899 
 206      2AD1D0
 207 016c 27DC8600 		.ascii	"'\334\206\000\256w@c\013\320\232\235\350\003\262\204"
 207      AE774063 
 207      0BD09A9D 
 207      E803B284 
ARM GAS  /var/folders/d3/p12xj6d96hx5ptyrkl_lzds40000gn/T//ccJodJ62.s 			page 16


 208 017c 8896FE2B 		.ascii	"\210\226\376+\351\322\362\3534fg\362\264\270$\235v\377"
 208      E9D2F2EB 
 208      346667F2 
 208      B4B8249D 
 208      76FF
 209 018e 5F46AD22 		.ascii	"_F\255\"\274\013\345m8r\024p\246^l\010t~\233\271VB\002"
 209      BC0BE56D 
 209      38721470 
 209      A65E6C08 
 209      747E9BB9 
 210 01a5 F24F01D7 		.ascii	"\362O\001\327\304\225\300(\011h\354#X\331\271\227\271"
 210      C495C028 
 210      0968EC23 
 210      58D9B997 
 210      B9
 211 01b6 AAC2414D 		.ascii	"\252\302AMsBP\233\365\201i\356k\337S\027\276\217+\226"
 211      7342509B 
 211      F58169EE 
 211      6BDF5317 
 211      BE8F2B96 
 212 01ca 6CFBF39C 		.ascii	"l\373\363\2347\265&OI\271\323\022H(Ru\260!\305\320)"
 212      37B5264F 
 212      49B9D312 
 212      48285275 
 212      B021C5D0 
 213 01df F6B28417 		.ascii	"\366\262\204\027\375r\025'\351n\036F\351@\211]\315\355"
 213      FD721527 
 213      E96E1E46 
 213      E940895D 
 213      CDED
 214 01f1 2BF0F17C 		.ascii	"+\360\361|z#0\217\273\377\003\352\357\212q\231\222z"
 214      7A23308F 
 214      BBFF03EA 
 214      EF8A7199 
 214      927A
 215 0203 4814AF3B 		.ascii	"H\024\257;\306\014\025\307\250\350s\353=R\367\031\377"
 215      C60C15C7 
 215      A8E873EB 
 215      3D52F719 
 215      FF
 216 0214 1DE3CC7F 		.ascii	"\035\343\314\177c|\254bt0\306O\030\343\263\376b2\252"
 216      637CAC62 
 216      7430C64F 
 216      18E3B3FE 
 216      6232AA
 217 0227 86BB829F 		.ascii	"\206\273\202\237\027~\205\010\332\035\014\352\241H\364"
 217      177E8508 
 217      DA1D0CEA 
 217      A148F4
 218 0236 68F470AD 		.ascii	"h\364p\255\0367\365DR7\023\206nDb\346\261\240\301x\262"
 218      1E37F544 
 218      52371386 
 218      6E4462E6 
 218      B1A0C178 
 219 024b 41D06E2B 		.ascii	"A\320n+(\334\224\324C\325\265\207j\365h\275q\274\261"
 219      28DC94D4 
 219      43D5B587 
ARM GAS  /var/folders/d3/p12xj6d96hx5ptyrkl_lzds40000gn/T//ccJodJ62.s 			page 17


 219      6AF568BD 
 219      71BCB1
 220 025e 2EAC1BF1 		.ascii	".\254\033\361D\370\210\021;\330Xo\004#,\340\322\334"
 220      44F88811 
 220      3BD8586F 
 220      04232CE0 
 220      D2DC
 221 0270 C445CC66 		.ascii	"\304E\314f\023\021{]\210\206x\"i\352\007j\252C\325M"
 221      13117B5D 
 221      88867822 
 221      69EA076A 
 221      AA43D54D 
 222 0284 08538227 		.ascii	"\010S\202'\366\307\020\3533\032\314h\235?\312\274\261"
 222      F6C710EB 
 222      331ACC68 
 222      9D3FCABC 
 222      B1
 223 0295 702C9E68 		.ascii	"p,\236h\376\247<\231]\247\204\221\362\013\302\210\200"
 223      FEA73C99 
 223      5DA78491 
 223      F20BC288 
 223      80
 224 02a6 3C       		.ascii	"<"
 225              		.text
 226              		.section	.gnu.lto_.symbol_nodes.e21d4f8c154ca6c3,"",%progbits
 227 0000 789C55CB 		.ascii	"x\234U\3131\012\302@\024\204\341\177\366\355\346\032"
 227      310AC240 
 227      1484E17F 
 227      F6EDE61A 
 228 0010 9A93BE2D 		.ascii	"\232\223\276-RY\005R\250I\012\317\221Z\024,\274\203"
 228      52590552 
 228      A8490ACF 
 228      915A142C 
 228      BC83
 229 0022 20563983 		.ascii	" V9\203\270Z\271\323\014|\303D\304@I\330\313\241\277"
 229      B85AB9D3 
 229      0C7CC344 
 229      C44049D8 
 229      CBA1BF
 230 0035 43A925B7 		.ascii	"C\251%\267\220F\261\375.\007\271\252%\034\345\241\022"
 230      9046B1FD 
 230      2E07B9AA 
 230      251CE5A1 
 230      12
 231 0046 CD72FB09 		.ascii	"\315r\373\011\344\\^\232\344\261\202\223<\375\203\221"
 231      E45C5E9A 
 231      E4B18293 
 231      3CFD8391 
 232 0056 38DFAE66 		.ascii	"8\337\256fD\236\273uc!\322]^2k\350\036o\361\001\255"
 232      449EBB75 
 232      6321D25D 
 232      5E326BE8 
 232      1E6FF101 
 233 006b 9E22BC   		.ascii	"\236\"\274"
 234              		.text
 235              		.section	.gnu.lto_.refs.e21d4f8c154ca6c3,"",%progbits
 236 0000 789C6361 		.ascii	"x\234ca`d\340c`\000\222\014\214\214LL\014\214@\304\311"
ARM GAS  /var/folders/d3/p12xj6d96hx5ptyrkl_lzds40000gn/T//ccJodJ62.s 			page 18


 236      6064E063 
 236      6000920C 
 236      8C8C4C4C 
 236      0C8C40C4 
 237 0015 000001E8 		.ascii	"\000\000\001\350\000("
 237      0028
 238              		.text
 239              		.section	.gnu.lto_.decls.e21d4f8c154ca6c3,"",%progbits
 240 0000 789CB53A 		.ascii	"x\234\265:iTTYzu\337}\024TQ\200QgNO\302\234\323\351"
 240      69545459 
 240      7A75DF7D 
 240      14545180 
 240      51674E4F 
 241 0018 C34C9393 		.ascii	"\303L\223\223\323\242=\335=\223\234I\322\023'\323\335"
 241      D3A23DDD 
 241      3D939C49 
 241      D21327D3 
 241      DD
 242 0029 E74C279D 		.ascii	"\347L'\2356=\323\371\223j\304RH\263uU\341\222\037\231"
 242      363DD3F9 
 242      936AC452 
 242      48B37555 
 242      E1921F99 
 243 003d C72208D2 		.ascii	"\307\"\010\322,\202(\010\202\270\200 \213\242\";\212"
 243      2C822808 
 243      82B88020 
 243      8BA2223B 
 243      8A
 244 004e 226E28A2 		.ascii	"\"n(\242\262\310&*n\240l\012\262H\276\273T\275WE\225"
 244      B2C8262A 
 244      6EA06C0A 
 244      B248BEBB 
 244      54BD5745 
 245 0063 F63973C2 		.ascii	"\3669s\302\361\363\325w\337w\277\375\373\336\275\367"
 245      F1F3D577 
 245      DF77BFFD 
 245      FBDEBDF7 
 246 0073 3D518554 		.ascii	"=Q\205T\344O\277J\245z\250V\251\226\013*\325\002\374"
 246      E44FBF4A 
 246      A57AA856 
 246      A9960B2A 
 246      D502FC
 247 0086 8930F607 		.ascii	"\2110\366\007\000r\327[\305\376\340\266j\023\014\374"
 247      0072D75B 
 247      C5FEE0B6 
 247      6A130CFC 
 248 0096 0FC09F00 		.ascii	"\017\300\237\000\242\001\342\000\342\021\243\033G*\233"
 248      A201E200 
 248      E211A31B 
 248      472A9B
 249 00a5 3F42BB0C 		.ascii	"?B\273\014\256K\001\226\003\234\000\3705\214M \306s"
 249      AE4B0196 
 249      039C00F8 
 249      358C4D20 
 249      C673
 250 00b7 12AEA300 		.ascii	"\022\256\243\000\035\000/\001\376\001\340w\000k\000"
 250      1D002F01 
ARM GAS  /var/folders/d3/p12xj6d96hx5ptyrkl_lzds40000gn/T//ccJodJ62.s 			page 19


 250      FE01E077 
 250      006B00
 251 00c6 BE82FBAE 		.ascii	"\276\202\373\256p\235\001\210\005\230\005\210\002p\207"
 251      709D0188 
 251      05980588 
 251      027087
 252 00d5 F1C7706D 		.ascii	"\361\307pm\005\370-\300\277\000|\011\360\015@\010\300"
 252      05F82DC0 
 252      BF007C09 
 252      F00D4008 
 252      C0
 253 00e6 2700C100 		.ascii	"'\000\301\000\353\001\326\002h\271\036\257\210n`\233"
 253      EB01D602 
 253      68B91EAF 
 253      886E609B 
 254 00f6 08A01198 		.ascii	"\010\240\021\230\336D\177w\370\355\001\260D\240\267"
 254      DE447F77 
 254      F8ED01B0 
 254      44A0B7
 255 0105 553F1116 		.ascii	"U?\021\026\333A\354\365T\330a\261\201\350\254\264\301"
 255      DB41ECF5 
 255      54D861B1 
 255      81E8ACB4 
 255      C1
 256 0116 A2FF2CB7 		.ascii	"\242\377,\267\217\350KlpU\350L\364\375\214\353j\321"
 256      8FE84B6C 
 256      7055E84C 
 256      F4FD8CEB 
 256      6AD1
 257 0128 53CB6528 		.ascii	"S\313e(u|G`\372\375\\\260\325\321\221\237I,\334x\274"
 257      757C4760 
 257      FAFD5CB0 
 257      D5D1919F 
 257      492CDC78 
 258 013d 943A127F 		.ascii	"\224:\022\177\023\035\337\205y\377\313\347h8\275R\326"
 258      131DDF85 
 258      79FFCBE7 
 258      6838BD52 
 258      D6
 259 014e DF082C86 		.ascii	"\337\010,\206\366rV\012\266r\346\005T\224z\263\032\337"
 259      F672560A 
 259      B672E605 
 259      54947AB3 
 259      1ADF
 260 0160 465D8890 		.ascii	"F]\210\220,\241\243\010\261\377\021\005\025\003\212"
 260      2CA1A308 
 260      B1FF1105 
 260      15038A
 261 016f C20F41C5 		.ascii	"\302\017A\305s\3032\204,\204\344\177\370O@|LeeF\377"
 261      73C33284 
 261      2C84E47F 
 261      F84F407C 
 261      4C656546 
 262 0184 F1F93417 		.ascii	"\361\3714\027\351\037e\"sG|\022\262j@o\253\330}+Wv\021"
 262      E91F6522 
 262      73477C12 
 262      B26A406F 
ARM GAS  /var/folders/d3/p12xj6d96hx5ptyrkl_lzds40000gn/T//ccJodJ62.s 			page 20


 262      ABD87D2B 
 263 019b E4090A7E 		.ascii	"\344\011\012~L]\316N\326\331j\023\262\030}\247\362n"
 263      4C5DCE4E 
 263      D6D96A13 
 263      B2187DA7 
 263      F26E
 264 01ad 952B1610 		.ascii	"\225+\026\020\371\335\377\262\360w+\216H\360\227\"I"
 264      F9DDFFB2 
 264      F0772B8E 
 264      48F09722 
 264      49
 265 01be 82B7EC99 		.ascii	"\202\267\354\231\255\337\227\354\322N\012H\255E\204"
 265      ADDF97EC 
 265      D24E0A48 
 265      AD4584
 266 01cd BD2B0CDD 		.ascii	"\275+\014\335\033\2359)\262!2a3\014\345d\366\034\365"
 266      1B9D3929 
 266      B2213261 
 266      330CE564 
 266      F61CF5
 267 01e0 C43FA2AC 		.ascii	"\304?\242\254\332b\312\2631\334^\252E\"\240cW\262\356"
 267      DA62CAB3 
 267      31DC5EAA 
 267      4522A063 
 267      57B2EE
 268 01f3 7A02BA5C 		.ascii	"z\002\272\\\213\336\236\027\204\206\251\262f7\344\253"
 268      8BDE9E17 
 268      8486A9B2 
 268      6637E4AB 
 269 0203 3D44A60E 		.ascii	"=D\246\016,\314\255\216\226$\204\312\221\026\035A\030"
 269      2CCCAD8E 
 269      962484CA 
 269      91161D41 
 269      18
 270 0214 1D462B88 		.ascii	"\035F+\210\206j\222:\333\2506\321\322\322\026O\025*"
 270      866A923A 
 270      DBA836D1 
 270      D2D2164F 
 270      152A
 271 0226 45DEA804 		.ascii	"E\336\250\004y\253P\031\362%\202\011!*\206\301\"\030"
 271      79AB5019 
 271      F2258209 
 271      212A86C1 
 271      2218
 272 0238 0429E32F 		.ascii	"\004)\343/G\217\213x\023Q@\250K\030\256\323\310\"\342"
 272      478F8B78 
 272      135140A8 
 272      4B18AED3 
 272      C822E2
 273 024b 56144BD2 		.ascii	"V\024K\322\022T\001\"\216\312\"@\242S\031\307\034\313"
 273      12540122 
 273      8ECA2240 
 273      A25319C7 
 273      1CCB
 274 025d E8486CBF 		.ascii	"\350Hl\277\255\306\227\021\025r,\276+\323\005i}\035"
 274      ADC69711 
 274      15722CBE 
ARM GAS  /var/folders/d3/p12xj6d96hx5ptyrkl_lzds40000gn/T//ccJodJ62.s 			page 21


 274      2BD30569 
 274      7D1D
 275 026f 7338E980 		.ascii	"s8\351\200\003S\347f\353o\333\342\300\305\350\004\350"
 275      0353E766 
 275      EB6FDBE2 
 275      C0C5E804 
 275      E8
 276 0280 735CD6A7 		.ascii	"s\\\326\247\202\352\003Rv\335y\366DM\322\227R\254\025"
 276      82EA0352 
 276      76DD79F6 
 276      444DD297 
 276      52AC15
 277 0293 C958E5D3 		.ascii	"\311X\345\323\342J\017\346\322F\202\027\016e'\351\030"
 277      E24A0FE6 
 277      D2468217 
 277      0E6527E9 
 277      18
 278 02a4 FE2B40E3 		.ascii	"\376+@\343\242g:D\034\317\"\331\333r\270\230\270\377"
 278      A2673A44 
 278      1CCF22D9 
 278      DB72B898 
 278      B8FF
 279 02b6 5D16302F 		.ascii	"]\0260/\030*\033\256z\351\301\206\010\305\365\344\361"
 279      182A1BAE 
 279      7AE9C186 
 279      08C5F5E4 
 279      F1
 280 02c7 03AE389D 		.ascii	"\003\2568\235\222\013\315\337W\034s\2678+o\341\036\204"
 280      920BCDDF 
 280      571C73B7 
 280      382B6FE1 
 280      1E84
 281 02d9 D40D3580 		.ascii	"\324\0155\200\344:Y\267w\271\253\242\026\033Z\017\206"
 281      E43A59B7 
 281      77B9ABA2 
 281      161B5A0F 
 281      86
 282 02ea BECB0DAD 		.ascii	"\276\313\015\255\205\301\032\346\252\303\007R\363\325"
 282      85C11AE6 
 282      AAC30752 
 282      F3D5
 283 02f8 389789C8 		.ascii	"8\227\211\310<^4\245U\304\343\203#$\036g@F\243,\243"
 283      3C5E34A5 
 283      55C4E383 
 283      23241E67 
 283      4046A32C 
 284 030d 01391772 		.ascii	"\0019\027r\332\261\020)}6\327\003\0272!{v5\324\361x"
 284      DAB11029 
 284      7D36D703 
 284      1732217B 
 284      7635D4F1 
 285 0322 38E070CE 		.ascii	"8\340p\316\001\007\036\217$\036\217\263\240O\223\254"
 285      01071E8F 
 285      241E8FB3 
 285      A04F93AC 
 286 0332 CF194B3C 		.ascii	"\317\031K<z\236e\304\252q9snV\315\344E\027\346x7@_\236"
 286      7A9E65C4 
ARM GAS  /var/folders/d3/p12xj6d96hx5ptyrkl_lzds40000gn/T//ccJodJ62.s 			page 22


 286      AA713973 
 286      6E56CDE4 
 286      4517E678 
 287 034a 7A92ADC6 		.ascii	"z\222\255\306\325\354\336\305\301\364^\001\237f\210"
 287      D5ECDEC5 
 287      C1F45E01 
 287      9F6688
 288 0359 2562CB79 		.ascii	"%b\313y\304rf\217\237s\307\027\330\315c\223\333\177"
 288      C472668F 
 288      9F73C717 
 288      D8CD6393 
 288      DB7F
 289 036b 82DBD8EF 		.ascii	"\202\333\330\357\263w\333[\\p'C\266W\304\354\023\361"
 289      B377DB5B 
 289      5C702743 
 289      B657C4EC 
 289      13F1
 290 037d 238654EF 		.ascii	"#\206T\357\254\035q\303\243\0149=\337\225\255\305\022"
 290      AC1D71C3 
 290      A30C393D 
 290      DF95ADC5 
 290      12
 291 038e 66011CBD 		.ascii	"f\001\034\275\234\343\316\264X\002\350\311\241\013\315"
 291      9CE3CEB4 
 291      5802E8C9 
 291      A10BCD
 292 039d 5A264B42 		.ascii	"Z&KB\200\317\035\274\332\351\206\2671\332\232\312\332"
 292      80CF1DBC 
 292      DAE986B7 
 292      31DA9ACA 
 292      DA
 293 03ae 66AEF14A 		.ascii	"f\256\361J@\023S\244\363\3568\225\335kN\216I\324\342"
 293      401353A4 
 293      F3EE3895 
 293      DD6B4E8E 
 293      49D4E2
 294 03c1 6CCC127A 		.ascii	"l\314\022zhO\216\265j\0323\324\340\222Np\311-{\2278"
 294      684F8EB5 
 294      6A1A33D4 
 294      E0924E70 
 294      C92D7B97 
 295 03d6 767087E3 		.ascii	"vp\207\343\0205\017\314\217{\341B&n\317D\357#\015S\305"
 295      10350FCC 
 295      8F7BE142 
 295      266ECF44 
 295      EF230D53 
 296 03eb 17D0E489 		.ascii	"\027\320\344\211\324\016\027\\\312\356Y\272\304R\332"
 296      D40E175C 
 296      CAEE59BA 
 296      C452DA
 297 03fa 25504EF2 		.ascii	"%PN\362\315\223\030W\261{\361G\342\233=q\023C\362\033"
 297      CD931857 
 297      B17BF147 
 297      E29B3D71 
 297      1343F21B 
 298 040e 6A865D71 		.ascii	"j\206]q;\237u+\352\256\026\0172\344N\317\371rO<\304"
 298      3B9F752B 
ARM GAS  /var/folders/d3/p12xj6d96hx5ptyrkl_lzds40000gn/T//ccJodJ62.s 			page 23


 298      EAAE160F 
 298      32E44ECF 
 298      F9724F3C 
 299 0423 CD9EDA53 		.ascii	"\315\236\332S\343\205G\030r\345\356\302\270\026O2\244"
 299      E3854718 
 299      72E5EEC2 
 299      B8164F32 
 299      A4
 300 0434 2D721FB8 		.ascii	"-r\037\270u\226\317\221f3u8R\244\036\250I\350\355\025"
 300      7596CF91 
 300      66337538 
 300      52A41EA8 
 300      49E8ED15 
 301 0448 9D96F403 		.ascii	"\235\226\364\003g%\335\230E|5\004\276\272\357\240\234"
 301      6725DD98 
 301      457C3504 
 301      BEBAEFA0 
 301      9C
 302 0459 5BC712E6 		.ascii	"[\307\022\346\274p\234\310\342\273s\344\220'Nf\310\354"
 302      BC709CC8 
 302      E2BB73E4 
 302      90274E66 
 302      C8EC
 303 046b C3F42EC4 		.ascii	"\303\364.\304L\326\001\032U\323\225\352\305\2428@]w"
 303      4CD6011A 
 303      55D395EA 
 303      C5A23840 
 303      5D77
 304 047d 356FC20D 		.ascii	"5o\302\015g3\332\252\324\035\240t>C\372vo\257q\307'"
 304      6733DAAA 
 304      D41DA074 
 304      3E43FA76 
 304      6FAF71C7 
 305 0492 18529F3C 		.ascii	"\030R\237<~J\203k\031\0227=X\356\205\317\2116\221_\316"
 305      7E4A836B 
 305      1912373D 
 305      58EE85CF 
 305      8936915F 
 306 04a7 22FF34E6 		.ascii	"\"\3774\346\376\000O\232\267\000\335\177\243i\334\005"
 306      FE004F9A 
 306      B700DD7F 
 306      A369DC05 
 307 04b7 5F66A465 		.ascii	"_f\244e[\357\035v\203{\336\3203\220\242ax\263\206q\274"
 307      5BEF1D76 
 307      837BDED0 
 307      3390A261 
 307      78B38671 
 308 04cc 71A244C4 		.ascii	"q\242D\304\355\314Km\025]\347\024\335u\3627\264\201"
 308      EDCC4B6D 
 308      155DE714 
 308      DD75F237 
 308      B481
 309 04de 4F83F92F 		.ascii	"O\203\371/d\363\275\255\2312\232/\251\337R\241_x\243"
 309      64F3BDAD 
 309      99329A2F 
 309      A9DF52A1 
 309      5F78A3
ARM GAS  /var/folders/d3/p12xj6d96hx5ptyrkl_lzds40000gn/T//ccJodJ62.s 			page 24


 310 04f1 95E0C429 		.ascii	"\225\340\304)p\2427w\342sp\342$o\027\271\205g=p/\023"
 310      70A23777 
 310      E27370E2 
 310      246F17B9 
 310      85673D70 
 311 0507 3092FE04 		.ascii	"0\222\376\004rWn\027\336\264}\317\202\200\227\262\200"
 311      72576E17 
 311      DEB47DCF 
 311      828097B2 
 311      80
 312 0518 69E444C2 		.ascii	"i\344D\302\214c\011Qi\355G4\370>\223\220^RR,?\203n&"
 312      8C630951 
 312      69ED4734 
 312      F83E9390 
 312      5E52522C 
 313 0530 FD531D91 		.ascii	"\375S\035\221\360\012$\314\311\022f\235I\230w,\301\222"
 313      F00A24CC 
 313      C912669D 
 313      4998772C 
 313      C192
 314 0542 DDCB5976 		.ascii	"\335\313Yv\237-\254\352\363\300#<\356\211\257\3120~"
 314      9F2DACEA 
 314      F3C0233C 
 314      EE89AFCA 
 314      307E
 315 0554 CEA44FD5 		.ascii	"\316\244O\325\355?.\027\3324Z\202\242\005-\212\024\336"
 315      ED3F2E17 
 315      DA345A82 
 315      A2052D8A 
 315      14DE
 316 0566 2C394A70 		.ascii	",9Jp(\271.v<\034\3173I\007\232\312\332\\\361V\027*i"
 316      28B92E76 
 316      3C1CCF33 
 316      49079ACA 
 316      DA5CF156 
 317 057d BE7FA4D2 		.ascii	"\276\177\244\322\323*i\006$\305\201\244\255?@R\254c"
 317      D32A6906 
 317      24C581A4 
 317      AD3F4052 
 317      AC63
 318 058f 49B9756D 		.ascii	"I\271um\207E\234D\271\243\233\323u3:\274\223\"bET\377"
 318      87459C44 
 318      B9A39BD3 
 318      75333ABC 
 318      93226245 
 319 05a5 3E10E58D 		.ascii	">\020\345\215\200\0301\201d!\241B\337\203\304x\001["
 319      80183181 
 319      6421A142 
 319      DF83C478 
 319      015B
 320 05b7 D65A5912 		.ascii	"\326ZY\022H\033\375\023\031\206\337n\364\352@~\002\310"
 320      481BFD13 
 320      1986DF6E 
 320      F4EA407E 
 320      02C8
 321 05c9 27B75428 		.ascii	"'\267T(Q\360F\333\005*\275\373\374\345\030\265\226S"
 321      51F046DB 
ARM GAS  /var/folders/d3/p12xj6d96hx5ptyrkl_lzds40000gn/T//ccJodJ62.s 			page 25


 321      052ABDFB 
 321      FCE518B5 
 321      9653
 322 05db A7BC89FA 		.ascii	"\247\274\211\372I\361\320-O]\202\334\255P\022\250b)"
 322      49F1D02D 
 322      4F5D82DC 
 322      AD5012A8 
 322      6229
 323 05ed 67154A16 		.ascii	"g\025J\026t|\211\223\333Y\325'\342,f\325]\251\251]\300"
 323      747C8993 
 323      DB59D527 
 323      E22C66D5 
 323      5DA9A95D 
 324 0602 F90C29D9 		.ascii	"\371\014)\331\337wP\203\213\030R\327\275\343\241\007"
 324      DF775083 
 324      8B1852D7 
 324      BDE3A107 
 325 0612 2E67485F 		.ascii	".gH_\351\253Z5>\316\220\334\236\261\022W\\\311\234\376"
 325      E9AB5A35 
 325      3ECE90DC 
 325      9EB11257 
 325      5CC99CFE 
 326 0626 20F55005 		.ascii	" \365P\005T\264\257R\362\037~,\367\221]\240\354W:\036"
 326      54B4AF52 
 326      F21F7E2C 
 326      F7915DA0 
 326      EC573A1E 
 327 063a 019681A9 		.ascii	"\001\226\201\251O\003\263\353%\351m\224!\350\320N9<"
 327      4F03B3EB 
 327      25E96D94 
 327      21E8D04E 
 327      393C
 328 064c 5FE99882 		.ascii	"_\351\230\202-7\2677\210\370!\023Vpi@r\301O\030R\233"
 328      2D37B737 
 328      88F82113 
 328      56706940 
 328      72C14F18 
 329 0662 7069CE0D 		.ascii	"pi\316\015?eHVu\\\224\026\2171d \252\271\335\015O2d"
 329      3F654856 
 329      755C9416 
 329      8F316420 
 329      AAB9DD0D 
 330 0679 ECE98D39 		.ascii	"\354\351\2159\017<\315\020\351e}\267\032\3171\344\366"
 330      0F3CCD10 
 330      E9657DB7 
 330      1ACF31E4 
 330      F6
 331 068a CEE9010D 		.ascii	"\316\351\001\015^`H\361\302D\262\016G\251)2]\333\226"
 331      5E6048F1 
 331      C244B20E 
 331      47A92932 
 331      5DDB96
 332 069d 2FB07EE1 		.ascii	"/\260~\341CV\310\215\333[0K\357<a^p\337Vx.\306\013\371"
 332      4356C88D 
 332      DB5B304B 
 332      EF3C615E 
 332      70DF5678 
ARM GAS  /var/folders/d3/p12xj6d96hx5ptyrkl_lzds40000gn/T//ccJodJ62.s 			page 26


 333 06b5 D0BF653E 		.ascii	"\320\277e>>\276>\371\304\336\201\272\361\360#\327\357"
 333      3EBE3EF9 
 333      C4DE81BA 
 333      F1F023D7 
 333      EF
 334 06c6 49D20E1D 		.ascii	"I\322\016\0355f/1FX&[\357G\\_J\002\240\242\023\032\313"
 334      35662F31 
 334      4658265B 
 334      EF475C5F 
 334      4A02A0A2 
 335 06dd 2FE9A414 		.ascii	"/\351\244\024\177J\234mO|\036\331S\237\224\2513\355"
 335      7F4A9C6D 
 335      4F7C1ED9 
 335      539F94A9 
 335      33ED
 336 06ef A9C729F5 		.ascii	"\251\307)\365*\231\270Z&N\267'\356\261'>%\023\357v\314"
 336      2A99B85A 
 336      264EB727 
 336      EEB1273E 
 336      2513EF76 
 337 0704 59A94796 		.ascii	"Y\251G\226L\235\353\320D\3129\225\227\201\204\314*\224"
 337      4C9DEBD0 
 337      44CA3995 
 337      978184CC 
 337      2A94
 338 0716 0FA9B90F 		.ascii	"\017\251\271\017R\023\334\307&@\220\321\021H\206B\301"
 338      5213DCC7 
 338      264090D1 
 338      11488642 
 338      C1
 339 0727 07ED0728 		.ascii	"\007\355\007(\0068\000P\004P\002p\020\240\000\340\220"
 339      06380050 
 339      04500270 
 339      10A000E0 
 339      90
 340 0738 E0434B87 		.ascii	"\340CK\207I>&K\336c/\271\315\336\250\2752q\216c\347"
 340      493E264B 
 340      DE632FB9 
 340      CDDEA8BD 
 340      32718E63 
 341 074d 5262D61F 		.ascii	"Rb\326\0372\267\353\310\332\017\210T<\001e\251'.-\317"
 341      32B7EBC8 
 341      DA0F8854 
 341      3C0165A9 
 341      272E2DCF 
 342 0761 941A6330 		.ascii	"\224\032c0e\225\345X.\363\017\244\312\266\205\242\026"
 342      6595E558 
 342      2EF30FA4 
 342      CAB685A2 
 342      16
 343 0772 2F9BCA53 		.ascii	"/\233\312SR\003\241\265\362*\027\036\217\272\340j\232"
 343      5203A1B5 
 343      F22A171E 
 343      8FBAE06A 
 343      9A
 344 0783 70B8A3E7 		.ascii	"p\270\243\347\361-\214\226\371\370\246\362\347/u\233"
 344      F12D8C96 
ARM GAS  /var/folders/d3/p12xj6d96hx5ptyrkl_lzds40000gn/T//ccJodJ62.s 			page 27


 344      F9F8A6F2 
 344      E72F759B 
 345 0793 BCF007A9 		.ascii	"\274\360\007\251\345\334m\307\300mG\225n\201\022\372"
 345      E5DC6DC7 
 345      C06D4795 
 345      6E8112FA 
 346 07a3 E2701FCB 		.ascii	"\342p\037\313;`\217\3228\261\203\2400c+\022\250\261"
 346      3B608FD2 
 346      38B183A0 
 346      30632B12 
 346      A8B1
 347 07b5 E5B6C692 		.ascii	"\345\266\306\222UI\317\351\307\002>\303j\340\311P\361"
 347      5549CFE9 
 347      C7023EC3 
 347      6AE0C950 
 347      F1
 348 07c6 2D015F60 		.ascii	"-\001_`Hv\377\231>\276"
 348      4876FF99 
 348      3EBE
 349 07d0 7C394BF0 		.ascii	"|9K\360\223\375\351\361:^\021d\243\323\334\266P\257"
 349      93FDE9F1 
 349      3A5E1164 
 349      A3D3DCB6 
 349      50AF
 350 07e2 C1ED8CB8 		.ascii	"\301\355\214\270b\341p,\306\267)\362\353\253\221q}P"
 350      62E1702C 
 350      C6B729F2 
 350      EBAB9171 
 350      7D50
 351 07f4 2BCB7C74 		.ascii	"+\313|t\313H\255\350h\311\200\241\276\344\002\377/\207"
 351      CB48ADE8 
 351      68C980A1 
 351      BEE402FF 
 351      2F87
 352 0806 011D2D22 		.ascii	"\001\035-\"\235\316\327\207\\\255\177p\327W\267\314"
 352      9DCED787 
 352      5CAD7F70 
 352      D757B7CC 
 353 0816 97199939 		.ascii	"\227\031\2319\025^P\020K\":\0166\266\300\263\252\332"
 353      155E5010 
 353      4B223A0E 
 353      36B6C0B3 
 353      AADA
 354 0828 59B9D8A4 		.ascii	"Y\271\330\244\336u\240 1B\355|\012\361\341\030\370p"
 354      DE75A020 
 354      3142ED7C 
 354      0AF1E118 
 354      F870
 355 083a 14D2AB06 		.ascii	"\024\322\253\006\240\312&\305\246\015R\274\032\325\202"
 355      A0CA26C5 
 355      A60D52BC 
 355      1AD582
 356 0849 880B8E45 		.ascii	"\210\013\216EP?*\343[g\023_2\223\371\324F\213\223P\000"
 356      503F2AE3 
 356      5B67135F 
 356      3293F9D4 
 356      468B9350 
ARM GAS  /var/folders/d3/p12xj6d96hx5ptyrkl_lzds40000gn/T//ccJodJ62.s 			page 28


 357 085e 2748013C 		.ascii	"'H\001<\003\311\015\\\213\247\360{\0044\030\006x\002"
 357      03C90D5C 
 357      8BA7F07B 
 357      04341806 
 357      7802
 358 0870 F018E011 		.ascii	"\360\030\340\021\300C\200\007\000C\000\367\001\356\001"
 358      C0438007 
 358      004300F7 
 358      01EE01
 359 087f 5C07B80C 		.ascii	"\\\007\270\014p\016\340,@\023\300i\200F\200z\233l\310"
 359      700EE02C 
 359      4013C069 
 359      8046807A 
 359      9B6CC8
 360 0892 9EF9F8F6 		.ascii	"\236\371\370\3661\211X\001\235\266\022r\241Ai\304)\344"
 360      31895801 
 360      9DB61272 
 360      A14169C4 
 360      29E4
 361 08a4 B842AD0A 		.ascii	"\270B\255\012\036\3473\376\337\024ll\277\345\315\352"
 361      1EE733FE 
 361      DF146C6C 
 361      BFE5CDEA 
 362 08b4 89EC3AAA 		.ascii	"\211\354:\252\221\235\202U\213\372MM\306O\031\375\031"
 362      919D8255 
 362      8BFA4D4D 
 362      C64F19FD 
 362      19
 363 08c5 F06DB363 		.ascii	"\360m\263c\372EQ\251\266\211\312\031Vu\214_\216E>Y\342"
 363      FA4551A9 
 363      B689CA19 
 363      56758C5F 
 363      8E453E59 
 364 08da DFB4E777 		.ascii	"\337\264\347w\303V>\224K\312-\332H\310\216\264\3131"
 364      C3563E94 
 364      4BCA2DDA 
 364      48C88EB4 
 364      CB31
 365 08ec F52A9978 		.ascii	"\365*\231xz\015\241m\006\232\333\234\366\"\320\222\324"
 365      7A0DA16D 
 365      069ADB9C 
 365      F622D092 
 365      D4
 366 08fd 41DD4E5C 		.ascii	"A\335N\\o%\270\004\356n\341\256\277\010\277/\200\353"
 366      6F25B804 
 366      EE6EE1AE 
 366      BF08BF2F 
 366      80EB
 367 090f CEDBB86E 		.ascii	"\316\333\270nb;w\005I\263V\020\320\342\344\371\302\004"
 367      623B7705 
 367      49B35610 
 367      D0E2E4F9 
 367      C204
 368 0921 34DA09B8 		.ascii	"4\332\011\270\302g8\0270\312\232&a\177\331!{E\033\351"
 368      C2673817 
 368      30CA9A26 
 368      617FD921 
ARM GAS  /var/folders/d3/p12xj6d96hx5ptyrkl_lzds40000gn/T//ccJodJ62.s 			page 29


 368      7B451BE9 
 369 0935 673DB3C5 		.ascii	"g=\263\305\266\215\260\247z\305\354\307Y;\"\341\251"
 369      B68DB0A7 
 369      7AC5ECC7 
 369      593B22E1 
 369      A9
 370 0946 4E3C7155 		.ascii	"N<qU^X\022b\356\252\201\234\231\360\326q\326\266\256"
 370      5E581262 
 370      EEAA819C 
 370      99F0D671 
 370      D6B6AE
 371 0959 0055AFBD 		.ascii	"\000U\257\275o{\026\225\264}[l\003\033\256r{\256\301"
 371      6F7B1695 
 371      B47D5B6C 
 371      031BAE72 
 371      7BAEC1
 372 096c EF56DB3C 		.ascii	"\357V\333<S:\213Xs\365uO*{\336}|\202=of{\033\263\375"
 372      533A8B58 
 372      73F5754F 
 372      2A7BDE7D 
 372      7C823D6F 
 373 0985 AA63DB3F 		.ascii	"\252c\333?\315L!\266\023\253\372e\333\257\332\330\376"
 373      CD4C21B6 
 373      13ABFA65 
 373      DBAFDAD8 
 373      FE
 374 0996 A9C5F676 		.ascii	"\251\305\366va9\032pl;Uo\207#\365Tt\032\321\355.\350"
 374      61391A70 
 374      6C3B556F 
 374      8723F554 
 374      741AD1ED 
 375 09ac 360871BC 		.ascii	"6\010q\274\0030\000\320\003p\013\340&\300\015\033\177"
 375      033000D0 
 375      03700BE0 
 375      26C00D1B 
 375      7F
 376 09bd D4B7D3D8 		.ascii	"\324\267\323\330\222\254\277\003\362\010\003\007\336"
 376      92ACBF03 
 376      F2080307 
 376      DE
 377 09ca 60B4B969 		.ascii	"`\264\271i\212\232\033|\023\365\334u\312\271\003h\357"
 377      8A9A1B7C 
 377      13F5DC75 
 377      CAB90368 
 377      EF
 378 09db 3AA75596 		.ascii	":\247U\226g\247Myv\260\362\264\251\212'p\3671a\360\010"
 378      67A74D79 
 378      76B0F2B4 
 378      A98A2770 
 378      F73161F0 
 379 09f0 3876F240 		.ascii	"8v\362@\334\006c\273\301\260.\3310pf\333\253\315\031"
 379      DC0663BB 
 379      C1B02ED9 
 379      307066DB 
 379      ABCD19
 380 0a03 ECD14036 		.ascii	"\354\321@6\242\3678\275\243\276\315j\264\333\205tG\222"
 380      A2F738BD 
ARM GAS  /var/folders/d3/p12xj6d96hx5ptyrkl_lzds40000gn/T//ccJodJ62.s 			page 30


 380      A3BECD6A 
 380      B4DB8574 
 380      4792
 381 0a15 990F39AD 		.ascii	"\231\0179\255\265B\354s\274k\037=\023\352t\260. \371"
 381      B542EC73 
 381      BC6B1F3D 
 381      13EA74B0 
 381      2E20F9
 382 0a28 7B7192C5 		.ascii	"{q\222\305\260\027,\037\376a\226\367\001\251ly/\263"
 382      B0172C1F 
 382      FE6196F7 
 382      01A96C79 
 382      2FB3
 383 0a3a DCD9F304 		.ascii	"\334\331\363\004\365\203\301\362#\305\222_\337\354\356"
 383      F583C1F2 
 383      23C5925F 
 383      DFECEE
 384 0a49 242B66C2 		.ascii	"$+f\302jD\316\257Z\312\313\242\333\346\013\\7x\012<"
 384      6A44CEAF 
 384      5ACACBA2 
 384      DBE60B5C 
 384      37780A3C 
 385 0a5d 7D6D00C1 		.ascii	"}m\000\301\314\243\327yK$M\356\331\233\250w\\\2676\304"
 385      CCA3D779 
 385      4B244DEE 
 385      D99BA877 
 385      5CB736C4 
 386 0a71 51E7B4CC 		.ascii	"Q\347\264\314\201\317\257R\007\002\315\342\205U\316"
 386      81CFAF52 
 386      0702CDE2 
 386      8555CE
 387 0a80 55EF5D52 		.ascii	"U\357]Rc$\246\273\317\011^\002|[\303\226\235c\212\307"
 387      6324A6BB 
 387      CF095E02 
 387      7C5BC396 
 387      9D638AC7 
 388 0a94 C08EABEE 		.ascii	"\300\216\253\356R\3717t\277(\011\016h\027\024\2643\255"
 388      52F93774 
 388      BF28090E 
 388      681714B4 
 388      33AD
 389 0aa6 9496ECF8 		.ascii	"\224\226\354\370b\034\321*\037/7\223x\252\303\246\010"
 389      621CD12A 
 389      1F2F3793 
 389      78AAC3A6 
 389      08
 390 0ab7 6DB37F5E 		.ascii	"m\263\177^.ZX\237l\265v\310\024{\342\266E\314\217\313"
 390      2E5A589F 
 390      6CB576C8 
 390      147BE2B6 
 390      45CC8FCB 
 391 0acb D4A98EA9 		.ascii	"\324\251\216\251\225Qh\345Q \253\267\035\366\344\213"
 391      955168E5 
 391      5120ABB7 
 391      1DF6E48B 
 392 0adb 37047B19 		.ascii	"7\004{\031s\362\030\255pL\255\320{O\222\335\243\243"
 392      73F218AD 
ARM GAS  /var/folders/d3/p12xj6d96hx5ptyrkl_lzds40000gn/T//ccJodJ62.s 			page 31


 392      704CADD0 
 392      7B4F92DD 
 392      A3A3
 393 0aed C1C9A383 		.ascii	"\301\311\243\203\221g\264\332<\010\026\023+b\2743\211"
 393      9167B4DA 
 393      3C081613 
 393      2B62BC33 
 393      89
 394 0afe 36C306C7 		.ascii	"6\303\006\307\315ps\001=b$i}J\336\3365(\232a\346\324"
 394      CD707301 
 394      3D622469 
 394      7D4ADEDE 
 394      35289A61 
 395 0b14 17BB0A24 		.ascii	"\027\273\012$\313s\363\022_w9\255\311\011\177\"\255"
 395      CB73F312 
 395      5F7739AD 
 395      C9097F22 
 395      AD
 396 0b25 DA569AB2 		.ascii	"\332V\232\262\202&l\232\313\270\203\346b]\024NB}\275"
 396      82266C9A 
 396      CBB883E6 
 396      625D144E 
 396      427DBD
 397 0b38 6E51C8BB 		.ascii	"nQ\310\273\300}\232\304\204\3575\271\336\252\251\011"
 397      C07D9AC4 
 397      84EF35B9 
 397      DEAAA909 
 398 0b48 E4F46370 		.ascii	"\344\364cp\370\225;=\265&\356\252D\364\330z\262\270"
 398      F8953B3D 
 398      B526EEAA 
 398      44F4D87A 
 398      B2B8
 399 0b5a 2BC1EDAD 		.ascii	"+\301\355\255\014\336\274\337\026i\271\310Z\275\020"
 399      0CDEBCDF 
 399      1669B9C8 
 399      5ABD10
 400 0b69 DE82FF9F 		.ascii	"\336\202\377\237\013\"cq\375b\341\035\367w\362\244\274"
 400      0B226371 
 400      FD62E11D 
 400      F777F2A4 
 400      BC
 401 0b7a 7269E0E6 		.ascii	"ri\340\346\302\346\254Rhg\221\222\3641%D\205\262P\370"
 401      C2E6AC52 
 401      68679192 
 401      F4312544 
 401      85B250F8 
 402 0b8e 492E05B0 		.ascii	"I.\005\260\274P\241)\341\035\230\233P\322\022\257\306"
 402      BC50A129 
 402      E11D989B 
 402      50D212AF 
 402      C6
 403 0b9f 296E6CB7 		.ascii	")nl\267\233Tu\304])\266\326\246\337\274\244b\327r\251"
 403      9B5475C4 
 403      5D29B6D6 
 403      A6DFBCA4 
 403      62D772A9 
 404 0bb3 7BA38BBF 		.ascii	"{\243\213\277fB\033\307\316{\220\364\220H\250\200\010"
ARM GAS  /var/folders/d3/p12xj6d96hx5ptyrkl_lzds40000gn/T//ccJodJ62.s 			page 32


 404      66421BC7 
 404      CE7B90F4 
 404      9048A880 
 404      08
 405 0bc4 4DCBA19A 		.ascii	"M\313\241\232\026\024\"g\250\310\212\262\353\223\002"
 405      16142267 
 405      A8C88AB2 
 405      EB9302
 406 0bd3 CE62221D 		.ascii	"\316b\"\035\035\332\333\272dN\240\203\331\337wnP\252"
 406      1DDADBBA 
 406      644EA083 
 406      D9DF776E 
 406      50AA
 407 0be5 A6381950 		.ascii	"\2468\031P\241WT\263y\213Cn\014\015\307`\256[[\002\266"
 407      A15754B3 
 407      798B436E 
 407      0C0DC760 
 407      AE5B5B02 
 408 0bfa EA066468 		.ascii	"\352\006dhVq\210\243\324m\201\352\3266RW\353\216\013"
 408      567188A3 
 408      D46D81EA 
 408      D6365257 
 408      EB8E0B
 409 0c0d 986E9712 		.ascii	"\230n\227\022N=@T\017\322\013\230nC{\343\006<\234\352"
 409      4E3D4054 
 409      0FD20B98 
 409      6E437BE3 
 409      063C9CEA 
 410 0c21 1185891E 		.ascii	"\021\205\211\036\221\230\3531P\235\034K\0023@\037\332"
 410      9198EB31 
 410      509D1C4B 
 410      0233401F 
 410      DA
 411 0c32 DF244437 		.ascii	"\337$D7'J\373\004J\206$l\325\003~\322|A\321\230\352"
 411      274AFB04 
 411      4A86246C 
 411      D5037ED2 
 411      7C41D198 
 412 0c47 20352E60 		.ascii	" 5.`|\202\351\3209\334\236\344a\365\005\323a[\261tF"
 412      7C82E9D0 
 412      39DC9EE4 
 412      61F505D3 
 412      615BB174 
 413 0c5c E33C4CB1 		.ascii	"\343<L\261T\211\255\026%\022/G\036taJ4v\014\006\246"
 413      5489AD16 
 413      25122F47 
 413      1E74614A 
 413      34760C06 
 414 0c71 46E77D4A 		.ascii	"F\347}JHP\214\254@\214E\2018\252\300\366\262#CZ|\232"
 414      48508CAC 
 414      408C4581 
 414      38AAC0F6 
 414      B223435A 
 415 0c87 29D0DD7F 		.ascii	")\320\335\177\347\267|v\357\340\307t6q\3436y\3666\313"
 415      E7B77C76 
 415      EFE0C774 
 415      3671E336 
ARM GAS  /var/folders/d3/p12xj6d96hx5ptyrkl_lzds40000gn/T//ccJodJ62.s 			page 33


 415      79F636CB 
 416 0c9b EC783ABB 		.ascii	"\354x:\273cr\352\214\026\267\262\331\365\351e\273\371"
 416      6372EA8C 
 416      16B7B2D9 
 416      F5E965BB 
 416      F9
 417 0cac FB976B02 		.ascii	"\373\227k\0029\352\237J\255\343\247\373\322\217\210"
 417      39EA9F4A 
 417      ADE3A7FB 
 417      D28F88
 418 0cbb 2977E2DA 		.ascii	")w\342\332\265\354\3764=0\215\315\275\302\317Z;\311"
 418      B5ECFE34 
 418      3D308DCD 
 418      BDC2CF5A 
 418      3BC9
 419 0ccd 796ACD7C 		.ascii	"yj\315|^\245\310\337\006x\000\2361te\\\203\333\030\363"
 419      5EA5C8DF 
 419      0678009E 
 419      3174655C 
 419      83DB18F3 
 420 0ce1 6777A20F 		.ascii	"gw\242\017x\341\036\206\344]\332\326\252\301\003\014"
 420      78E11E86 
 420      E45DDAD6 
 420      AAC1030C 
 421 0cf1 294F898C 		.ascii	")O\211\214\304x\224!Q\322\223d\027\262\253\216~\303"
 421      C4789421 
 421      51D29364 
 421      17B2AB8E 
 421      7EC3
 422 0d03 79167E76 		.ascii	"y\026~v\355\200\026-\363\365q\274\250\333\001&\357\304"
 422      ED80162D 
 422      F3F571BC 
 422      A8DB0126 
 422      EFC4
 423 0d15 ACDC33B0 		.ascii	"\254\3343\260/\332\205\225e\236\376W\220`p\333\366I"
 423      2FDA8595 
 423      659EFE57 
 423      906070DB 
 423      F649
 424 0d27 15132D35 		.ascii	"\025\023-5\236\330\363s\326<\3231\354\2579\023\007\375"
 424      9ED8F373 
 424      D63CD331 
 424      ECAF3913 
 424      07FD
 425 0d39 909CAAC7 		.ascii	"\220\234\252\307?/\023\361\014\325[8?>3\347\206|\227"
 425      3F2F13F1 
 425      0CD55B38 
 425      3F3E33E7 
 425      867C97
 426 0d4c 597AE1D7 		.ascii	"Yz\341\3279ta\230\005\263w\313\336'\"\235-C3AKG\032"
 426      39746198 
 426      05B377CB 
 426      DE27229D 
 426      2D433341 
 427 0d63 931730BB 		.ascii	"\223\0270\273\037\305{\340x\015;\375\356>\335\354\201"
 427      1FC57BE0 
 427      780D3BFD 
ARM GAS  /var/folders/d3/p12xj6d96hx5ptyrkl_lzds40000gn/T//ccJodJ62.s 			page 34


 427      EE3EDDEC 
 427      81
 428 0d74 5318927C 		.ascii	"S\030\222|\342\366\234\027\316\244\210\260\360b\350"
 428      E2F69C17 
 428      CEA488B0 
 428      F062E8
 429 0d83 84D6E9CB 		.ascii	"\204\326\351\313\241\\\354\344\345Pc\307a\332\364\366"
 429      A15CECE4 
 429      E55063C7 
 429      61DAF4F6 
 430 0d93 622DCAC1 		.ascii	"b-\312\301\213_\015\335I\034\274\210\360~&0\245!\257"
 430      8B5F0DDD 
 430      491CBC88 
 430      F07E2630 
 430      A521AF
 431 0da6 CE151733 		.ascii	"\316\025\0273\244\364\310l\271\226\346\373W\226t\357"
 431      A4F4C86C 
 431      B996E6FB 
 431      579674EF 
 432 0db6 DC7A63AF 		.ascii	"\334zc\257\340\264\344\366\323l\317\267d\273\224+A<"
 432      E0B4E4F6 
 432      D36CCFB7 
 432      64BB942B 
 432      413C
 433 0dc8 950D1D08 		.ascii	"\225\015\035\010\024\344\007\260e=\004\304\205\225\351"
 433      14E407B0 
 433      653D04C4 
 433      8595E9
 434 0dd7 C5EEB882 		.ascii	"\305\356\270\202\231\232T\223wZ\203|u\314\200\227\261"
 434      999A5493 
 434      775A837C 
 434      75CC8097 
 434      B1
 435 0de8 CB890105 		.ascii	"\313\211\001\005@~P6\000f\333=.\224\334\321!\360\207"
 435      407E5036 
 435      0066DB3D 
 435      2E94DCD1 
 435      21F087
 436 0dfb 8D80B117 		.ascii	"\215\200\261\027i\003^\270\226\231\326x\274\272B\207"
 436      69035EB8 
 436      9699D678 
 436      BCBA4287 
 437 0e0b CF32646C 		.ascii	"\3172dl.\247\222\237\211,\007t\276?%\305\225\037\211"
 437      2EA7929F 
 437      892C0774 
 437      BE3F25C5 
 437      951F89
 438 0e1e 90BC9FB8 		.ascii	"\220\274\237\270\320\037\357\216o\362\211\263\247n\353"
 438      D01FEF8E 
 438      6FF289B3 
 438      A76EEB
 439 0e2d 700F45B4 		.ascii	"p\017E\264g\017\026\365@\222\222\023\016\235\2175W\371"
 439      670F16F5 
 439      40929213 
 439      0E9D8F35 
 439      57F9
 440 0e3f A3A9187B 		.ascii	"\243\251\030{\243\"\014\232\034\006\235Ky\344O\202V"
ARM GAS  /var/folders/d3/p12xj6d96hx5ptyrkl_lzds40000gn/T//ccJodJ62.s 			page 35


 440      A3220C9A 
 440      1C069D4B 
 440      79E44F82 
 440      56
 441 0e50 E5D8071D 		.ascii	"\345\330\007\035\005(\0038\016P\211\225\273~X\214\366"
 441      05280338 
 441      0E508995 
 441      BB7E588C 
 441      F6
 442 0e61 F20D0589 		.ascii	"\362\015\005\211X6\237\354|=P\265\213\257\007*\300\332"
 442      58369FEC 
 442      7C3D50B5 
 442      8BAF072A 
 442      C0DA
 443 0e73 427B72FB 		.ascii	"B{r\373\025~u\007]\016\020\332<\207\264l\355`\335\000"
 443      157E7507 
 443      5D0E10DA 
 443      3C87B46C 
 443      ED60DD00 
 444 0e87 65D3CDDF 		.ascii	"e\323\315\337\011 +\221]_J\363\\\351\372\023X\371\244"
 444      09202B91 
 444      5D5F4AF3 
 444      5CE9FA13 
 444      58F9A4
 445 0e9a AEC03AA5 		.ascii	"\256\300:\245A\233-\006\221\010\356sl\220\203\003\037"
 445      419B2D06 
 445      9108EE73 
 445      6C908303 
 445      1F
 446 0eab AB038F81 		.ascii	"\253\003\217\201\323~\210\003Y\266T\356\242\213\230"
 446      D37E8803 
 446      59B654EE 
 446      A28B98
 447 0eba 52FBF2A7 		.ascii	"R\373\362\247;I\213\257 \241\217\330+\242X\306A\240"
 447      3B498BAF 
 447      20A18FD8 
 447      2BA258C6 
 447      41A0
 448 0ecc 0F9E7ED1 		.ascii	"\017\236~\321\250\305\303,\352'c\206\346\275p4}\221"
 448      A8C5C32C 
 448      EA276386 
 448      E6BD7034 
 448      7D91
 449 0ede A47EDA9D 		.ascii	"\244~\332\235\362\015=3\366]\306wM\266>mp\342SF\234"
 449      F20D3D33 
 449      F65DC677 
 449      4DB63E6D 
 449      70E25346 
 450 0ef3 DACDD786 		.ascii	"\332\315\327\206\226\3506\2746\272/\355\243\273\230"
 450      96E836BC 
 450      36BA2FED 
 450      A3BB98
 451 0f02 BB82FAA8 		.ascii	"\273\202\372\250\222y\225c\346\212\0007N1_5\330\372"
 451      92799563 
 451      E68A0037 
 451      4E315F35 
 451      D8FA
ARM GAS  /var/folders/d3/p12xj6d96hx5ptyrkl_lzds40000gn/T//ccJodJ62.s 			page 36


 452 0f14 CAF10AEB 		.ascii	"\312\361\012\353\024gG\242P\017Q\250\005\317W\003\324"
 452      146747A2 
 452      500F51A8 
 452      05CF5703 
 452      D4
 453 0f25 00D4C9CD 		.ascii	"\000\324\311\315,\355\342\261\307\2568\231\272J\270"
 453      2CEDE2B1 
 453      C7AE3899 
 453      BA4AB8
 454 0f34 B070B406 		.ascii	"\260p\264\006C\027w\314\361\014py\023GK\"\206g\227\223"
 454      431777CC 
 454      F10C7079 
 454      13474B22 
 454      86679793 
 455 0f48 443C0DE4 		.ascii	"D<\015\344\215r\"6`\276r;U7\362>\253`o\362\322\271w"
 455      8D722236 
 455      60BE723B 
 455      5537F23E 
 455      AB606FF2 
 456 0f5f ACD19DBF 		.ascii	"\254\321\235\277\205$\025\\\336\232\224\355\201\017"
 456      8524155C 
 456      DE9A94ED 
 456      810F
 457 0f6d B2F78069 		.ascii	"\262\367\200i\257\3167A\213cH]\343D\275\210+\030\222"
 457      AFCE3741 
 457      8B63485D 
 457      E344BD88 
 457      2B1892
 458 0f80 D9507E1E 		.ascii	"\331P~\036\343\032\206<\313?\360P\300\247\031\222\032"
 458      E31A863C 
 458      CB3FF050 
 458      C0A71992 
 458      1A
 459 0f91 93F7C00B 		.ascii	"\223\367\300\013\2670\244$52M\300\327\030R"
 459      B730A424 
 459      35324DC0 
 459      D71852
 460 0fa0 1A3578CE 		.ascii	"\0325x\316\025\367Q\304\255%}*\325\223\246\0064\003"
 460      15F751C4 
 460      AD257D2A 
 460      D593A606 
 460      3403
 461 0fb2 1F6BFA3F 		.ascii	"\037k\372?\346\0338\2624\000\001\250\315I\326\261\030"
 461      E61B38B2 
 461      340001A8 
 461      CD49D6B1 
 461      18
 462 0fc3 BEE89617 		.ascii	"\276\350\226\027\354\366\304\266\233\030\010`{\267w"
 462      ECF6C4B6 
 462      9B180860 
 462      7BB777
 463 0fd2 240D3859 		.ascii	"$\0158Yp_\344\344\016\026\334\214\365X\226b\353\320"
 463      705FE4E4 
 463      0E16DC8C 
 463      F5589662 
 463      EBD0
 464 0fe4 EC581307 		.ascii	"\354X\023\007\205x\026\012\261\211\024\342%>\205\004"
ARM GAS  /var/folders/d3/p12xj6d96hx5ptyrkl_lzds40000gn/T//ccJodJ62.s 			page 37


 464      8578160A 
 464      B18914E2 
 464      253E8504 
 465 0ff4 EC3A04EC 		.ascii	"\354:\004\354*\004\252\035\340\006\300\025"
 465      2A04AA1D 
 465      E006C015 
 466 1000 806B00AD 		.ascii	"\200k\000\2556\305\330\226E\023\254\315Q1\336\354V\034"
 466      36C5D896 
 466      4513ACCD 
 466      5131DEEC 
 466      561C
 467 1012 1F5EB0D7 		.ascii	"\037^\260\327f\321f\277\223\371\205l\251Z\034\023[\317"
 467      66D166BF 
 467      93F9856C 
 467      A95A1C13 
 467      5BCF
 468 1024 EEEF3DCB 		.ascii	"\356\357=\313x$\342\207,\007\317>H\236\360T<\2727g\315"
 468      7824E287 
 468      2C07CF3E 
 468      489EF054 
 468      3CBA3767 
 469 1039 913D7707 		.ascii	"\221=w\007\314\277)gR\233\342\321mo\366-0\365\207\232"
 469      CCBF2967 
 469      529BE2D1 
 469      6D6FF62D 
 469      30F5879A 
 470 104d 0DD2AF4D 		.ascii	"\015\322\257M\356\207e\374s\226\0371\327\"\377\036/"
 470      EE8765FC 
 470      73961F31 
 470      D722FF1E 
 470      2F
 471 105e B0DF0F1E 		.ascii	"\260\337\017\036\354K\347\037\274\374%\240/\232\322"
 471      EC4BE71F 
 471      BCFC25A0 
 471      2F9AD2
 472 106d EA45ADE2 		.ascii	"\352E\255\342==\271!7\321\333\230\274\013\364\363F\335"
 472      3D3DB921 
 472      37D1DB98 
 472      BC0BF4F3 
 472      46DD
 473 107f 98BE0A1C 		.ascii	"\230\276\012\0349\330z\214<\245|\265\350O\212\267\333"
 473      39D87A8C 
 473      3CA57CB5 
 473      E84F8AB7 
 473      DB
 474 1090 BE8C7776 		.ascii	"\276\214wv\352\340.\015Nr\247&\357<<\235/XV\012y\321"
 474      EAE02E0D 
 474      4E72A726 
 474      EF3C3C9D 
 474      2F58560A 
 475 10a6 D23B9147 		.ascii	"\322;\221G\275\025\247\207\003`\203/_*\364\202\221="
 475      BD15A787 
 475      0360832F 
 475      5F2AF482 
 475      913D
 476 10b8 D8F21DC9 		.ascii	"\330\362\035\311\302\260G\025y\213\334\017\355\243O"
 476      C2B04715 
ARM GAS  /var/folders/d3/p12xj6d96hx5ptyrkl_lzds40000gn/T//ccJodJ62.s 			page 38


 476      798BDC0F 
 476      EDA34F
 477 10c7 768E2F5F 		.ascii	"v\216/_*\304\305\024&\273\343L&do\352\213\032\255s!"
 477      2AC4C514 
 477      26BBE34C 
 477      26646FEA 
 477      8B1AAD73 
 478 10dc 779D0B89 		.ascii	"w\235\013\211\373G\372\355\314 \010\271#\013\351\307"
 478      FB47FAED 
 478      CC2008B9 
 478      230BE9C7 
 479 10ec 5C4A5FD9 		.ascii	"\\J_\331\355\263\"\316gR\316\234\354\032S;\2272\344"
 479      EDB322CE 
 479      6752CE9C 
 479      EC1A533B 
 479      9732E4
 480 10ff 544AEAD3 		.ascii	"TJ\352\323\300\234\033$\320\367A\314=Y\314\240E\314"
 480      C09C1B24 
 480      D0F741CC 
 480      3D59CCA0 
 480      45CC
 481 1111 FC8B3BD1 		.ascii	"\374\213;\321\256KSx\304?\336\355I)\223\201I\022&\376"
 481      AE4B5378 
 481      C43FDEED 
 481      49299381 
 481      491226FE 
 482 1125 7F80975A 		.ascii	"\177\200\227Z\242\000\344\256\203\333\323aY\304k\333"
 482      A200E4AE 
 482      83DBD361 
 482      59C46BDB 
 483 1135 72F6F7C5 		.ascii	"r\366\367\305\313\361\030Z\332\244/\355\001!\303p\265"
 483      CBF1185A 
 483      DAA42FED 
 483      0121C370 
 483      B5
 484 1146 F637BB23 		.ascii	"\3667\273#\012\310\341]\375\010\312u\367J\302\034uq"
 484      0AC8E15D 
 484      FD08CA75 
 484      F74AC21C 
 484      7571
 485 1158 7A8B48F4 		.ascii	"z\213H\364=\266K\371\234>^\335$Y\317qrkZ\332\237\346"
 485      3DB64BF9 
 485      9C3E5EDD 
 485      2459CF71 
 485      726B5ADA 
 486 116e DCF82F52 		.ascii	"\334\370/R\037d{\236\302I\255\357\002\024\247\333r\212"
 486      1F647B9E 
 486      C249ADEF 
 486      0214A7DB 
 486      728A
 487 1180 EF86E563 		.ascii	"\357\206\345c\"0\333N\230u\362)$\307G\300\251\217!\247"
 487      2230DB4E 
 487      9875F229 
 487      24C747C0 
 487      A98F21A7 
 488 1194 1F023C05 		.ascii	"\037\002<\005x\002\360\310\246\254w\356\245e=\274\250"
 488      7802F0C8 
ARM GAS  /var/folders/d3/p12xj6d96hx5ptyrkl_lzds40000gn/T//ccJodJ62.s 			page 39


 488      A6AC77EE 
 488      A5653DBC 
 488      A8
 489 11a5 ACE15E5D 		.ascii	"\254\341^]\037/k\2628N\345l\255\225\332m[\251u[c^x\340"
 489      1F2F6BB2 
 489      384EE56C 
 489      AD95DA6D 
 489      5BA9755B 
 490 11bd 1216EBD2 		.ascii	"\022\026\353\322\231\375G]m\236\0266*\216\201Z?XErp"
 490      99FD475D 
 490      6D9E1636 
 490      2A8E815A 
 490      3F584572 
 491 11d2 BD7792C4 		.ascii	"\275w\222\304\177\024\246<\223\343?lyd\\\237+_\320\375"
 491      7F14A63C 
 491      93E33F6C 
 491      79645C9F 
 491      2B5FD0FD 
 492 11e6 6C3FDF10 		.ascii	"l?\337\020~\032\037}I\222\366\351(y\002#\267\212V\221"
 492      7E1A1F7D 
 492      4992F6E9 
 492      28790223 
 492      B78A5691 
 493 11fa 11720281 		.ascii	"\021r\002\201\177\006\023w<\177\272M\264Y\3266\333\234"
 493      7F061377 
 493      3C7FBA4D 
 493      B459D636 
 493      DB9C
 494 120c 534CB0D5 		.ascii	"SL\260\325\017\271\222gQ\315\223d[\352Q\233\265\322"
 494      0FB99267 
 494      51CD9364 
 494      5BEA519B 
 494      B5D2
 495 121e 24A79EA4 		.ascii	"$\247\236\244\324\367fK\252\371\027Dj\362\020\272;5"
 495      D4F7664B 
 495      AAF91744 
 495      6AF210BA 
 495      3B35
 496 1230 E8E6BC45 		.ascii	"\350\346\274E\274\260\264\210\347\254EL&l\235\342\037"
 496      BCB0B488 
 496      E7AC454C 
 496      266C9DE2 
 496      1F
 497 1241 2D924F1C 		.ascii	"-\222O\034-\037\330-g\037\330\305\346e<s\227\023\036"
 497      2D1FD82D 
 497      671FD8C5 
 497      E6653C73 
 497      97131E
 498 1254 D1AF1AA6 		.ascii	"\321\257\032\246\301\304)j\342K\232\357\224%E\310\307"
 498      C1C4296A 
 498      E24B9AEF 
 498      942545C8 
 498      C7
 499 1265 115D5B0F 		.ascii	"\021][\017\333\352\036k\263\200\237\341\272\317P\335"
 499      DBEA1E6B 
 499      B3809FE1 
 499      BACF50DD 
ARM GAS  /var/folders/d3/p12xj6d96hx5ptyrkl_lzds40000gn/T//ccJodJ62.s 			page 40


 500 1275 4FF5C6C6 		.ascii	"O\365\306\306\333.\367\243l\250g9\365,\245N\334Z\024"
 500      DB2EF7A3 
 500      6CA86739 
 500      F52CA54E 
 500      DC5A14
 501 1288 E98AAB68 		.ascii	"\351\212\253h\344\321\374\205=Y\316\267\025\363Xy\326"
 501      E4D1FC85 
 501      3D59CEB7 
 501      15F35879 
 501      D6
 502 1299 71B1EDEA 		.ascii	"q\261\355\352\250\006v\301\215\345\322@F\375\277\323"
 502      A80676C1 
 502      8DE5D240 
 502      46FDBFD3 
 503 12a9 57649274 		.ascii	"Wd\222tF$dhN\016\364\034V\234(\274\242\333\341CS\323"
 503      46246468 
 503      4E0EF41C 
 503      569C28BC 
 503      A2DBE143 
 504 12bf DB3DF17D 		.ascii	"\333=\361}&\363Ac\342a\017\316\247v\374\213.\033>\013"
 504      26F34163 
 504      E2610FCE 
 504      A776FC8B 
 504      2E1B3E0B 
 505 12d3 329F0525 		.ascii	"2\237\005%\037I$|&#\323\312\334\3603\306\247\250do\271"
 505      1F49247C 
 505      2623D3CA 
 505      DCF033C6 
 505      A7A8646F 
 506 12e8 279E67C8 		.ascii	"'\236g\310\3663M\331\344\010\005E\211\230\251\3339r"
 506      F6334DD9 
 506      E4080545 
 506      8998A9DB 
 506      3972
 507 12fa AE007331 		.ascii	"\256\000s1\225\203\337u\217\337\207\206!I1h9\025\024"
 507      9583DF75 
 507      8FDF8786 
 507      21493168 
 507      391514
 508 130d 29724128 		.ascii	")rA(Z\024\011&\313\212\241\262\316^\2348\344\206\253"
 508      5A140926 
 508      CB8AA1B2 
 508      CE5E9C38 
 508      E486AB
 509 1320 756C7BF6 		.ascii	"ul{\366$\267\236\355\310 \271\370\226\254\243\361\321"
 509      24B79EED 
 509      C820B9F8 
 509      96ACA3F1 
 509      D1
 510 1331 0D8DF554 		.ascii	"\015\215\365T\"V\244\203wS\276\317ts\352\320m\"qh\234"
 510      2256A483 
 510      7753BECF 
 510      7473EAD0 
 510      6D227168 
 511 1346 C83D5AB4 		.ascii	"\310=Z\264\220\225\354\311U\204\345JQ\364\245D)/J\372"
 511      9095ECC9 
 511      5584E54A 
ARM GAS  /var/folders/d3/p12xj6d96hx5ptyrkl_lzds40000gn/T//ccJodJ62.s 			page 41


 511      51F4A544 
 511      292F4AFA 
 512 135a F8534288 		.ascii	"\370SB\210\266\212VWlU\252\027O\325\273\366\264&\321"
 512      B68A5657 
 512      6C55AA17 
 512      4FD5BBF6 
 512      B426D1
 513 136d 1D9F67EA 		.ascii	"\035\237g\352I\005W~m\215\314w=6\036M\220\331$(\331"
 513      4905577E 
 513      6D8DCC77 
 513      3D361E4D 
 513      90D92428 
 514 1382 6CA76C06 		.ascii	"l\247l\006r\037\244y\340v\306\246~k\346!\321\032\231"
 514      721FA479 
 514      E076C6A6 
 514      7E6BE621 
 514      D11A99
 515 1395 AFBB6DF8 		.ascii	"\257\273m\370$\312|\022\225|\276\247|\012\356$\035p"
 515      24CA7C12 
 515      957CBEA7 
 515      7C0AEE24 
 515      1D70
 516 13a7 C5FD3A27 		.ascii	"\305\375:'\301H;\331T\345b\015\306\177v\331\005#\311"
 516      C1483BD9 
 516      54E5620D 
 516      C67F76D9 
 516      0523C9
 517 13ba 1A8C6408 		.ascii	"\032\214d\010F\222\222}\012e\037\225\365\342\011l\012"
 517      4692927D 
 517      0A651F95 
 517      F5E2096C 
 517      0A
 518 13cb 18FBF9D1 		.ascii	"\030\373\371\321k\363\374q\256\005\264}h_\014\257\266"
 518      6BF3FC71 
 518      AE05B47D 
 518      685F0CAF 
 518      B6
 519 13dc 6BE4F6BE 		.ascii	"k\344\366\276+\023\031Z<\303h\213O\036\254\346\237\311"
 519      2B13195A 
 519      3CC3688B 
 519      4F1EACE6 
 519      9FC9
 520 13ee 6900ED9A 		.ascii	"i\000\355\232\317\317sw^\327\031\"\257\353\235\"\373"
 520      CFCF7377 
 520      5ED71922 
 520      AFEB9D22 
 520      FB
 521 13ff EE6BF7F1 		.ascii	"\356k\367\361)\301\276r\323Do\264C$\344\273\304\245"
 521      29C1BE72 
 521      D3446FB4 
 521      4324E4BB 
 521      C4A5
 522 1411 964984FA 		.ascii	"\226I\204\372Q\316\363\016QI\235\364:\352\341]G\027"
 522      51CEF30E 
 522      51499DF4 
 522      3AEAE15D 
 522      4717
ARM GAS  /var/folders/d3/p12xj6d96hx5ptyrkl_lzds40000gn/T//ccJodJ62.s 			page 42


 523 1423 446883D7 		.ascii	"Dh\203\327\362\310\201\345\027{\016I\333\312\241\265"
 523      F2C881E5 
 523      177B0E49 
 523      DBCAA1B5 
 524 1433 EF1697A2 		.ascii	"\357\026\227\242tp\307\224\360\216bn*\214\374\00784"
 524      7470C794 
 524      F08E626E 
 524      2A8CFC07 
 524      3834
 525 1445 53248DF0 		.ascii	"S$\215\360\374\345\356x-\216\366pz8v\345\\\373nW\234"
 525      FCE5EE78 
 525      2D8EF670 
 525      7A3876E5 
 525      5CFB6E57 
 526 145a 4609C47B 		.ascii	"F\011\304{\245\307oa\244a\037W\371\306\321\017\240\242"
 526      A5C76F61 
 526      A4611F57 
 526      F9C6D10F 
 526      A0A2
 527 146c F2DEFECE 		.ascii	"\362\336\376\316\372\001T\236\350\213rD\015p\330\013"
 527      FA01549E 
 527      E88B7244 
 527      0D70D80B 
 528 147c 02734120 		.ascii	"\002sA \371\266\212\214\320\357\255\226\320\237\212"
 528      F9B68A8C 
 528      D0EFAD96 
 528      D09F8A
 529 148b 8FB20045 		.ascii	"\217\262\000E\331\242\365\243,\220\267p\345\330EWe\326"
 529      D9A2F5A3 
 529      2C90B770 
 529      E5D84557 
 529      65D6
 530 149d 1312D9AD 		.ascii	"\023\022\331\255\373h\332\357\261\244}\354\324\300\264"
 530      FB68DAEF 
 530      B1A47DEC 
 530      D4C0B4
 531 14ac 174F8689 		.ascii	"\027O\206\211\307[2;\357\361d\360!\224(KN\264,e&\344"
 531      C75B323B 
 531      EFF164F0 
 531      2194284B 
 531      4EB42C65 
 532 14c2 D34C886C 		.ascii	"\323L\210l.\210v\3055\036N\3132\363\374\243\256\327"
 532      2E8876C5 
 532      351E4ECB 
 532      32F3FCA3 
 532      AED7
 533 14d4 1C0C1EA4 		.ascii	"\034\014\036\244\272\034\260\350r\340\330\211}\202\\"
 533      BA1CB0E8 
 533      72E0D889 
 533      7D825C
 534 14e3 82C5FB5B 		.ascii	"\202\305\373[-%\010\204h\277\254\312~\245*\207\250*"
 534      2D250884 
 534      68BFACCA 
 534      7EA52A87 
 534      A82A
 535 14f5 A3A50FC7 		.ascii	"\243\245\017\307l\27349\024\224E\025\210\254\357\302"
 535      6CBB3439 
ARM GAS  /var/folders/d3/p12xj6d96hx5ptyrkl_lzds40000gn/T//ccJodJ62.s 			page 43


 535      14944515 
 535      88ACEFC2 
 536 1505 15A87B2A 		.ascii	"\025\250{*{\243\275\360\025\246\370T\315\331V\215\354"
 536      7BA3BDF0 
 536      15A6F854 
 536      CDD9568D 
 536      EC
 537 1516 821CAB0B 		.ascii	"\202\034\253\013D\312\243P\226[\250\224{\230\312Mk*"
 537      44CAA350 
 537      965BA894 
 537      7B98CA4D 
 537      6B2A
 538 1528 D5E3DB8C 		.ascii	"\325\343\333\214\321\376\307UM\374\003]r4\330\223\237"
 538      D1FEC755 
 538      4DFC035D 
 538      7234D893 
 538      9F
 539 1539 7E901F15 		.ascii	"~\220\037\025>\244\256\336\335\\\251q\236\357%\226|"
 539      3EA4AEDE 
 539      DD5CA971 
 539      9EEF2596 
 539      7C
 540 154a 27EF0949 		.ascii	"'\357\011I\177\355\273\357c\237\356G '\212i\022\226"
 540      7FEDBBEF 
 540      639FEE47 
 540      20278A69 
 540      1296
 541 155c D2042EB1 		.ascii	"\322\004.\261$pMuO\227\213}\272;\245~\365h\244ImM\367"
 541      24704D75 
 541      4F978B7D 
 541      BA3BA57E 
 541      F568A449 
 542 1573 AF8B78BA 		.ascii	"\257\213x\272\227\361t_\200t\227\347\026\361t/\027\177"
 542      97F1745F 
 542      807497E7 
 542      16F1742F 
 542      177F
 543 1585 A6D20404 		.ascii	"\246\322\004\004~n\332\260\306\020\272\316\355\223\177"
 543      7E6EDAB0 
 543      C610BACE 
 543      ED937F
 544 1594 FDEAEDD5 		.ascii	"\375\352\355\325\253V\2514z}P\250\371\027\357\353\315"
 544      AB56A934 
 544      7A7D50A8 
 544      F917EFEB 
 544      CD
 545 15a5 7FF48B30 		.ascii	"\177\364\2130\031\375\202\303\002\374\203\3756\004\004"
 545      19FD82C3 
 545      02FC83FD 
 545      360404
 546 15b4 BCE76F0C 		.ascii	"\274\347o\014y/4,\324\360\236\301\177m\320{\037\352"
 546      792F342C 
 546      D4F09EC1 
 546      7F6DD07B 
 546      1FEA
 547 15c6 3F78EFFD 		.ascii	"?x\357\375\225\253>\372\356}?\233\033~A\241\001\301"
 547      95AB3EFA 
ARM GAS  /var/folders/d3/p12xj6d96hx5ptyrkl_lzds40000gn/T//ccJodJ62.s 			page 44


 547      EE7D3F9B 
 547      1B7E41A1 
 547      01C1
 548 15d8 11EB0C7E 		.ascii	"\021\353\014~!\376\001\201A\241\006?\375:\303z\377\210"
 548      21FE0181 
 548      41A1063F 
 548      FD3AC37A 
 548      FF88
 549 15ea 60B3DEBC 		.ascii	"`\263\336\274%\334`Z\021\250r\345\374\177\377\347\361"
 549      25DC605A 
 549      11A872E5 
 549      FC7FFFE7 
 549      F1
 550 15fb 376D31F9 		.ascii	"7m1\371\351M\346u\300\015\230\272\204\2306\350\315\037"
 550      E94DE675 
 550      C00D98BA 
 550      849836E8 
 550      CD1F
 551 160d AD58E1B7 		.ascii	"\255X\341\267:0hm\320\277\255\361\0133\371\031\315~"
 551      3A30686D 
 551      D0BFADF1 
 551      0B33F919 
 551      CD7E
 552 161f E16146B3 		.ascii	"\341aF\263\311\3577_~\276\372\363\315~\001a!\341A\301"
 552      C9EF375F 
 552      7EBEFAF3 
 552      CD7E0161 
 552      21E141C1 
 553 1633 06A3C9EF 		.ascii	"\006\243\311\357\223\325\253\375\002\002-\032i\303\365"
 553      93D5ABFD 
 553      02022D1A 
 553      69C3F5
 554 1642 46837F70 		.ascii	"F\203\177p\2701(L\253\327Gp\375\334,?\\\315\344\216"
 554      B831284C 
 554      ABD74770 
 554      FDDC2C3F 
 554      5CCDE48E 
 555 1656 DEAC09D7 		.ascii	"\336\254\011\327\207\2307\007\007\231\314\352\020}\250"
 555      87983707 
 555      0799CCEA 
 555      107DA8
 556 1665 61B3D935 		.ascii	"a\263\3315D\037\266)\324`\204\353w\021\206\010\203:"
 556      441FB629 
 556      D46084EB 
 556      77118608 
 556      833A
 557 1677 9C0E2F09 		.ascii	"\234\016/\011\010\324\233\003\201\343:\223u<\334h\330"
 557      08D49B03 
 557      81E33A93 
 557      753CDC68 
 557      D8
 558 1688 E8653308 		.ascii	"\350e3\010|C\"\314\206\315 \010\350\351O\320\303\020"
 558      7C4322CC 
 558      86CD2008 
 558      E8E94FD0 
 558      C310
 559 169a 0EC1080A 		.ascii	"\016\301\010\012\335\340n\330h\0105\207\370\233\276"
ARM GAS  /var/folders/d3/p12xj6d96hx5ptyrkl_lzds40000gn/T//ccJodJ62.s 			page 45


 559      DDE06ED8 
 559      68083587 
 559      F89BBE
 560 16a9 D59B5D40 		.ascii	"\325\233]@\256i\203\226\376O\247\202\"\233\374\203\314"
 560      AE698396 
 560      FE4FA782 
 560      229BFC83 
 560      CC
 561 16ba 40E6A510 		.ascii	"@\346\245\020E\024\363T\"z3\016\327G\250\015\233\010"
 561      4514F354 
 561      227A330E 
 561      D747A80D 
 561      9B08
 562 16cc 1BF52633 		.ascii	"\033\365&3(\037\016\027\223!$\334\305\244\017\0105\273"
 562      281F0E17 
 562      932124DC 
 562      C5A40F08 
 562      35BB
 563 16de 00801A5C 		.ascii	"\000\200\032\\!\035\360\202{\376\341\201aF\203\313&"
 563      211DF082 
 563      7BFEE181 
 563      614683CB 
 563      26
 564 16ef B3D918BE 		.ascii	"\263\331\030\276\224\261\003\357\2547\030\015\241\001"
 564      94B103EF 
 564      AC37180D 
 564      A101
 565 16fd A0343008 		.ascii	"\24040\010[\373\337\341n\206\315A\346\200\260u\006\265"
 565      5BFBDFE1 
 565      6E86CD41 
 565      E680B075 
 565      06B5
 566 170f 71DD16D0 		.ascii	"q\335\026\320KM\\\270\336\244a\356\373\025p\265\\\315"
 566      4B4D5CB8 
 566      DEA461EE 
 566      FB1570B5 
 566      5CCD
 567 1721 641CAEE1 		.ascii	"d\034\256\341\372\365\301\376\033L\256\346\020\230E"
 567      FAF5C1FE 
 567      1B4CAEE6 
 567      109845
 568 1730 7193D9DF 		.ascii	"q\223\331\337lp3\323\0130\006\347\371\207\030\304\200"
 568      6C7033D3 
 568      0B3006E7 
 568      F98718C4 
 568      80
 569 1741 407F23DC 		.ascii	"@\177#\334\014\013^g \327P\303&\203\021<\020`\336\214"
 569      0C0B5E67 
 569      20D750C3 
 569      2683113C 
 569      1060DE8C 
 570 1755 8DAB7E21 		.ascii	"\215\253~!\004\033\335\214\206\015\220\022z\363\273"
 570      041BDD8C 
 570      860D9012 
 570      7AF3BB
 571 1764 6F887660 		.ascii	"o\210v`\000\030\002\341\025\214\277\024\214\037\011"
 571      001802E1 
ARM GAS  /var/folders/d3/p12xj6d96hx5ptyrkl_lzds40000gn/T//ccJodJ62.s 			page 46


 571      158CBF14 
 571      8C1F09
 572 1773 C60F05E3 		.ascii	"\306\017\005\343\007\300c\025\300J\301\370w\202\361"
 572      07C06315 
 572      C04AC1F8 
 572      7782F1
 573 1782 57EE6402 		.ascii	"W\356d\002\311w\340\376\267?\204\233~\343G!$\205\003"
 573      C977E0FE 
 573      B73F849B 
 573      7EE34721 
 573      248503
 574 1795 C242215E 		.ascii	"\302B!^f\032\330\2400\2155\012\240pHxXX\260\033w\234"
 574      661AD8A0 
 574      308D350A 
 574      A0704878 
 574      5858B01B 
 575 17ab F9AF1771 		.ascii	"\371\257\027q\265\344o@ \304\003x\275\363\032\012S@"
 575      B5E46F40 
 575      20C40378 
 575      BDF31A0A 
 575      5340
 576 17bd E03A20F9 		.ascii	"\340: \371\371\353H\266\230,i\374:Y\020X\240\370\351"
 576      F9EB48B6 
 576      982C69FC 
 576      3A591058 
 576      A0F8E9
 577 17d0 220A9331 		.ascii	"\"\012\2231\200hb\332\260\"\200w\203?Bf\351\350\257"
 577      806862DA 
 577      B0228077 
 577      833F4266 
 577      E9E8AF
 578 17e3 2F0DC106 		.ascii	"/\015\301\006\177\223\301# pM@\340'ak\202\015\206\360"
 578      7F93C123 
 578      20704D40 
 578      E027616B 
 578      820D86F0 
 579 17f7 35EE14FB 		.ascii	"5\356\024\373\022\214\333\362\231\216\376\376\243\377"
 579      128CDBF2 
 579      998EFEFE 
 579      A3FF
 580 1805 B78688F0 		.ascii	"\267\206\210\3605B@\2406\304\037|I-\307\353\326\322"
 580      354240A0 
 580      36C41F7C 
 580      492DC7EB 
 580      D6D2
 581 1817 E424EA19 		.ascii	"\344$\352\031B\240\007\254\215\330\240\011\367\017\015"
 581      42A007AC 
 581      8DD8A009 
 581      F70F0D
 582 1826 0A2059EC 		.ascii	"\012 Y\354\251\034\206\320o4\223|u\333h\206\221`\263"
 582      A91C86D0 
 582      6F34937C 
 582      75DB6886 
 582      9160B3
 583 1839 BF86DC0E 		.ascii	"\277\206\334\016\012!Y\002C\244t\310u}Dh\000\220\220"
 583      0A215902 
 583      43A474C8 
ARM GAS  /var/folders/d3/p12xj6d96hx5ptyrkl_lzds40000gn/T//ccJodJ62.s 			page 47


 583      757D4468 
 583      009090
 584 184c 0BBB61A9 		.ascii	"\013\273a\251\265\215AFs\204\177\260\236L1\252\311\014"
 584      B58D4146 
 584      73847FB0 
 584      9E4C31AA 
 584      C90C
 585 185e 7FA397CD 		.ascii	"\177\243\227\315\240\336\374c{:V\"\356@\035\354o2\223"
 585      A0DEFC63 
 585      7B3A5622 
 585      EE401DEC 
 585      6F3293
 586 1871 A11F39B8 		.ascii	"\241\0379\270\017\305g$WW#OH#OH#IH\265\221\206\037\006"
 586      0FC56724 
 586      5757234F 
 586      48234F48 
 586      234948B5 
 587 1889 690181A3 		.ascii	"i\001\201\243H\037Y\267\205N\325\000I\204\021\252\306"
 587      481F59B7 
 587      854ED500 
 587      498411AA 
 587      C6
 588 189a AC9307A1 		.ascii	"\254\223\007\241\211X\235\342\031\264.\330\300\363\006"
 588      89589DE2 
 588      19B42ED8 
 588      C0F306
 589 18a9 EA99779E 		.ascii	"\352\231w\236\217>\340\235\207\374\320\232\314\337\372"
 589      8F3EE09D 
 589      87FCD09A 
 589      CCDFFA
 590 18b8 07076D08 		.ascii	"\007\007m\010\325\233\335eg\022\036k\266\230~\037\026"
 590      D59BDD65 
 590      67121E6B 
 590      B6987E1F 
 590      16
 591 18c9 F0ED6B43 		.ascii	"\360\355kC\276\205$\205\206\2468t\331o=\364\372uA&\377"
 591      BE852485 
 591      86A63874 
 591      D96F3DF4 
 591      FA754126 
 592 18de B52034C8 		.ascii	"\265 4\310\370\235\207\177\360&\377-&H\376`\350\322"
 592      F89D877F 
 592      F026FF2D 
 592      2648FE60 
 592      E8D2
 593 18f0 2B6CF980 		.ascii	"+l\371\200c\375V\177\276\346\26352;\222\374\001!\277"
 593      63FD567F 
 593      BEE6B335 
 593      323B92FC 
 593      0121BF
 594 1903 03E70353 		.ascii	"\003\347\003S\035\353`A\241&\203\221h\006\332|\025J"
 594      1DEB6041 
 594      A1268391 
 594      6806DA7C 
 594      154A
 595 1915 64B0828A 		.ascii	"d\260\202\212\240\277uz\275!\324*NO\343\247\327\257"
 595      A0BF757A 
ARM GAS  /var/folders/d3/p12xj6d96hx5ptyrkl_lzds40000gn/T//ccJodJ62.s 			page 48


 595      BD21D42A 
 595      4E4FE3A7 
 595      D7AF
 596 1927 F8F0971F 		.ascii	"\370\360\227\037\254r\263`^4\321>3}\301\272\336g.\372"
 596      AC72B360 
 596      5E34D13E 
 596      337DC1BA 
 596      DE672EFA 
 597 193b 7F86EA79 		.ascii	"\177\206\352ym\321@\252\006\252\376\202)\260>h}\030"
 597      6DD140AA 
 597      06AAFE82 
 597      29B03E68 
 597      7D18
 598 194d B83C246C 		.ascii	"\270<$l#q\276\234\262k\224\342>\\\371\177M+\364\236"
 598      2371BE9C 
 598      B26B94E2 
 598      3E5CF97F 
 598      4D2BF49E 
 599              		.text
 600              		.section	.gnu.lto_.symtab.e21d4f8c154ca6c3,"",%progbits
 601 0000 63684D73 		.ascii	"chMsgSend\000"
 601      6753656E 
 601      6400
 602 000a 00       		.ascii	"\000"
 603 000b 00       		.ascii	"\000"
 604 000c 00       		.ascii	"\000"
 605 000d 00000000 		.ascii	"\000\000\000\000\000\000\000\000"
 605      00000000 
 606 0015 77010000 		.ascii	"w\001\000\000"
 607 0019 63684D73 		.ascii	"chMsgWait\000"
 607      67576169 
 607      7400
 608 0023 00       		.ascii	"\000"
 609 0024 00       		.ascii	"\000"
 610 0025 00       		.ascii	"\000"
 611 0026 00000000 		.ascii	"\000\000\000\000\000\000\000\000"
 611      00000000 
 612 002e 7A010000 		.ascii	"z\001\000\000"
 613 0032 63684D73 		.ascii	"chMsgRelease\000"
 613      6752656C 
 613      65617365 
 613      00
 614 003f 00       		.ascii	"\000"
 615 0040 00       		.ascii	"\000"
 616 0041 00       		.ascii	"\000"
 617 0042 00000000 		.ascii	"\000\000\000\000\000\000\000\000"
 617      00000000 
 618 004a 7F010000 		.ascii	"\177\001\000\000"
 619 004e 636800   		.ascii	"ch\000"
 620 0051 00       		.ascii	"\000"
 621 0052 02       		.ascii	"\002"
 622 0053 00       		.ascii	"\000"
 623 0054 00000000 		.ascii	"\000\000\000\000\000\000\000\000"
 623      00000000 
 624 005c F2010000 		.ascii	"\362\001\000\000"
 625 0060 63685363 		.ascii	"chSchGoSleepS\000"
 625      68476F53 
ARM GAS  /var/folders/d3/p12xj6d96hx5ptyrkl_lzds40000gn/T//ccJodJ62.s 			page 49


 625      6C656570 
 625      5300
 626 006e 00       		.ascii	"\000"
 627 006f 02       		.ascii	"\002"
 628 0070 00       		.ascii	"\000"
 629 0071 00000000 		.ascii	"\000\000\000\000\000\000\000\000"
 629      00000000 
 630 0079 83010000 		.ascii	"\203\001\000\000"
 631 007d 63685363 		.ascii	"chSchReadyI\000"
 631      68526561 
 631      64794900 
 632 0089 00       		.ascii	"\000"
 633 008a 02       		.ascii	"\002"
 634 008b 00       		.ascii	"\000"
 635 008c 00000000 		.ascii	"\000\000\000\000\000\000\000\000"
 635      00000000 
 636 0094 87010000 		.ascii	"\207\001\000\000"
 637 0098 63685363 		.ascii	"chSchWakeupS\000"
 637      6857616B 
 637      65757053 
 637      00
 638 00a5 00       		.ascii	"\000"
 639 00a6 02       		.ascii	"\002"
 640 00a7 00       		.ascii	"\000"
 641 00a8 00000000 		.ascii	"\000\000\000\000\000\000\000\000"
 641      00000000 
 642 00b0 89010000 		.ascii	"\211\001\000\000"
 643              		.text
 644              		.section	.gnu.lto_.opts,"",%progbits
 645 0000 272D666D 		.ascii	"'-fmath-errno' '-fsigned-zeros' '-ftrapping-math' '"
 645      6174682D 
 645      6572726E 
 645      6F272027 
 645      2D667369 
 646 0033 2D666E6F 		.ascii	"-fno-trapv' '-fno-openmp' '-fno-openacc' '-mcpu=cor"
 646      2D747261 
 646      70762720 
 646      272D666E 
 646      6F2D6F70 
 647 0066 7465782D 		.ascii	"tex-m0' '-mno-thumb-interwork' '-mthumb' '-ggdb' '-"
 647      6D302720 
 647      272D6D6E 
 647      6F2D7468 
 647      756D622D 
 648 0099 4F322720 		.ascii	"O2' '-fomit-frame-pointer' '-falign-functions=16' '"
 648      272D666F 
 648      6D69742D 
 648      6672616D 
 648      652D706F 
 649 00cc 2D666675 		.ascii	"-ffunction-sections' '-fdata-sections' '-fno-common"
 649      6E637469 
 649      6F6E2D73 
 649      65637469 
 649      6F6E7327 
 650 00ff 2720272D 		.ascii	"' '-flto'\000"
 650      666C746F 
 650      2700
ARM GAS  /var/folders/d3/p12xj6d96hx5ptyrkl_lzds40000gn/T//ccJodJ62.s 			page 50


 651              		.text
 652              		.comm	__gnu_lto_v1,1,1
 653              		.comm	__gnu_lto_slim,1,1
 654              		.ident	"GCC: (GNU Tools for ARM Embedded Processors) 5.4.1 20160609 (release) [ARM/embedded-5-bran
ARM GAS  /var/folders/d3/p12xj6d96hx5ptyrkl_lzds40000gn/T//ccJodJ62.s 			page 51


DEFINED SYMBOLS
                            *ABS*:0000000000000000 chmsg.c
                            *COM*:0000000000000001 __gnu_lto_v1
                            *COM*:0000000000000001 __gnu_lto_slim

NO UNDEFINED SYMBOLS
