ARM GAS  /var/folders/d3/p12xj6d96hx5ptyrkl_lzds40000gn/T//ccQaqhqR.s 			page 1


   1              		.syntax unified
   2              		.cpu cortex-m0
   3              		.fpu softvfp
   4              		.eabi_attribute 20, 1
   5              		.eabi_attribute 21, 1
   6              		.eabi_attribute 23, 3
   7              		.eabi_attribute 24, 1
   8              		.eabi_attribute 25, 1
   9              		.eabi_attribute 26, 1
  10              		.eabi_attribute 30, 2
  11              		.eabi_attribute 34, 0
  12              		.eabi_attribute 18, 4
  13              		.thumb
  14              		.syntax unified
  15              		.file	"chregistry.c"
  16              		.text
  17              	.Ltext0:
  18              		.section	.gnu.lto_.profile.74e047b6ba01676a,"",%progbits
  19 0000 789C6361 		.ascii	"x\234ca`d`a`\000\222\262B\000\000\266\000:"
  19      60646061 
  19      600092B2 
  19      420000B6 
  19      003A
  20              		.text
  21              		.section	.gnu.lto_.icf.74e047b6ba01676a,"",%progbits
  22 0000 789C6361 		.ascii	"x\234ca`d\000\001a\006\004`f\370y\377\367ZV\246\205"
  22      60640001 
  22      61060460 
  22      66F879FF 
  22      F75A56A6 
  23 0015 BFDABEB3 		.ascii	"\277\332\276\2633\277\276y:\234\001\000b\325\011\253"
  23      33BFBE79 
  23      3A9C0100 
  23      62D509AB 
  24              		.text
  25              		.section	.gnu.lto_.jmpfuncs.74e047b6ba01676a,"",%progbits
  26 0000 789C6361 		.ascii	"x\234ca`d\000\001A\006\004`\002aFF\306z&\246J\260\000"
  26      60640001 
  26      41060460 
  26      02614646 
  26      C67A26A6 
  27 0017 000A9101 		.ascii	"\000\012\221\001\032"
  27      1A
  28              		.text
  29              		.section	.gnu.lto_.inline.74e047b6ba01676a,"",%progbits
  30 0000 789C6361 		.ascii	"x\234ca`d\000\001}\006\004`b`\340\344`d`\342y\020\313"
  30      60640001 
  30      7D060460 
  30      6260E0E4 
  30      606460E2 
  31 0017 C0B6409E 		.ascii	"\300\266@\236\011\"\306+\012\024\342_P\302\300\336\241"
  31      0922C62B 
  31      0A14E25F 
  31      50C2C0DE 
  31      A1
  32 0028 0E11E266 		.ascii	"\016\021\342f``\234\340\307\000\000\2010\005I"
  32      60609CE0 
ARM GAS  /var/folders/d3/p12xj6d96hx5ptyrkl_lzds40000gn/T//ccQaqhqR.s 			page 2


  32      C7000081 
  32      300549
  33              		.text
  34              		.section	.gnu.lto_.pureconst.74e047b6ba01676a,"",%progbits
  35 0000 789C6361 		.ascii	"x\234ca`d`g```b\330\305\310\264\213\021\000\005\324"
  35      60646067 
  35      60606062 
  35      D8C5C8B4 
  35      8B110005 
  36 0015 0187     		.ascii	"\001\207"
  37              		.text
  38              		.section	.gnu.lto_chRegFirstThread.74e047b6ba01676a,"",%progbits
  39 0000 789C8552 		.ascii	"x\234\205R_HSQ\030?\3379w\177\324\031\275\347\303\014"
  39      5F485351 
  39      183FDF39 
  39      777FD419 
  39      BDE7C30C 
  40 0014 7C9068F7 		.ascii	"|\220h\367\251\336C\210z\220H\237z\012\272\2166hN\266"
  40      A9DE4388 
  40      7A90489F 
  40      7A0ABA8E 
  40      36684EB6 
  41 0028 19FAE4D9 		.ascii	"\031\372\344\331\346-\007\375}\3102\015\241\222Y\272"
  41      E62D07FD 
  41      7DC8320D 
  41      A19259BA 
  42 0038 E92CCD99 		.ascii	"\351,\315\231\332RC\022-\024\204\240\027\263f`>d$\021"
  42      DA524312 
  42      2D1484A0 
  42      17B36660 
  42      3E642411 
  43 004c A4EBFBEE 		.ascii	"\244\353\373\356\264t#\272p\317\275\347|\277\357\367"
  43      B47423BA 
  43      70CFBDE7 
  43      7CBFEFF7 
  44 005c FDCEF7FD 		.ascii	"\375\316\367\375\024\006\214\236q\201/~\017\340\013"
  44      14068C9E 
  44      71812F7E 
  44      0FE00B
  45 006b 8201BFF1 		.ascii	"\202\001\277\361\206\261\240\225\003\320\217\264\002"
  45      86B1A095 
  45      03D08FB4 
  45      02
  46 0078 6BE2D004 		.ascii	"k\342\320\004\033|\223\303|s\177\207\370\316u\204)\270"
  46      1B7C93C3 
  46      7C737F87 
  46      F8CE7584 
  46      29B8
  47 008a 5D9FBBFB 		.ascii	"]\237\273\373q\037m\001\354\270m\227\013\021KyT\312"
  47      711F6D01 
  47      ECB86D97 
  47      0B114B79 
  47      54CA
  48 009c 905C4ADF 		.ascii	"\220\\J\337?s3\254\237\320\005g\031\316\240\033J \012"
  48      3F7333AC 
  48      9FD00567 
  48      19CEA01B 
ARM GAS  /var/folders/d3/p12xj6d96hx5ptyrkl_lzds40000gn/T//ccQaqhqR.s 			page 3


  48      4A200A
  49 00af 2554E211 		.ascii	"%T\342\021\2243\004O\245\177-\024\2112\240\377`O{\207"
  49      9433044F 
  49      A57F2D14 
  49      8932A0FF 
  49      604F7B87 
  50 00c3 ADEC0125 		.ascii	"\255\354\001%\246\332f\366\265\311T\263\0353\3411\210"
  50      A6DA66F6 
  50      B5C954B3 
  50      1D33E131 
  50      88
  51 00d4 BDC98CD0 		.ascii	"\275\311\214\320\313\211\255[\305\346f\211\217\035z"
  51      CB89AD5B 
  51      C5E66689 
  51      8F1D7A
  52 00e3 A08C0A20 		.ascii	"\240\214\012 o/\230\361B@'}U)\231\311\204e\352v\341"
  52      6F2F98F1 
  52      4240277D 
  52      552999C9 
  52      8465EA76 
  53 00f8 CCBB6881 		.ascii	"\314\273h\201\025\345\342\251\302t!L\2640\366\025S\350"
  53      15E5E2A9 
  53      C274214C 
  53      B430F615 
  53      53E8
  54 010a 7AEB9CD3 		.ascii	"z\353\234\323W|\206\340r\342CL\354\245OE\246\271A\234"
  54      577C86E0 
  54      72E2434C 
  54      ECA54F45 
  54      A6B9419C 
  55 011e E1905339 		.ascii	"\341\220S95vu\024L\014b\024\344\271\301\364\365\016"
  55      35767514 
  55      4C0C6214 
  55      E4B9C1F4 
  55      F50E
  56 0130 0AC62928 		.ascii	"\012\306)(r53\350\0033*\3557V\326\005\030\357\036\237"
  56      723533E8 
  56      03332AED 
  56      3756D605 
  56      18EF1E9F 
  57 0144 4CDB4AE3 		.ascii	"L\333J\343\320)\357\340\315\025J\371\026\037X,RP'$\240"
  57      D029EFE0 
  57      CD154AF9 
  57      161F582C 
  57      52502724 
  58 0159 14D70150 		.ascii	"\024\327\001P\330\012\204F\222?\273m\244),Hm\253>\361"
  58      D80A8446 
  58      923FBB6D 
  58      A4292C48 
  58      6DAB3EF1 
  59 016d D6422330 		.ascii	"\326B#0\031\012\223\311\265\367\226\246M\331\"\345~"
  59      190A93C9 
  59      B5F796A6 
  59      4DD922E5 
  59      7E
  60 017e 3C8B886C 		.ascii	"<\213\210l\313Vg\027\247\012;\341^P\032\347fx\212\023"
  60      CB566717 
ARM GAS  /var/folders/d3/p12xj6d96hx5ptyrkl_lzds40000gn/T//ccQaqhqR.s 			page 4


  60      A70A3BE1 
  60      5E501AE7 
  60      66788A13 
  61 0192 7D422DC5 		.ascii	"}B-\305\340\265\341\376\210U\215\2216yD\027\026\030"
  61      E0B5E1FE 
  61      88558D91 
  61      36794417 
  61      1618
  62 01a4 844ED8E2 		.ascii	"\204N\330\342\333\335~ue\376\341N\3644\015e\010\324"
  62      DBDD7E75 
  62      65FEE14E 
  62      F4340D65 
  62      08D4
  63 01b6 2D4ED681 		.ascii	"-N\326\201g\240\262e\010\311b\243\367\330a\224dH\\\237"
  63      67A0B265 
  63      08C962A3 
  63      F7D86194 
  63      64485C9F 
  64 01ca ADCA2A54 		.ascii	"\255\312*Tv+\314\366\360\307\364L\213\015\245\200.\254"
  64      762BCCF6 
  64      F0C7F44C 
  64      8B0DA580 
  64      2EAC
  65 01dc 8887E16D 		.ascii	"\210\207\341m\025]\237Bq\213zX\027\005\2204\352\033"
  65      155D9F42 
  65      718B7A58 
  65      17059034 
  65      EA1B
  66 01ee 431DC112 		.ascii	"C\035\301\022+\020n\275\264\006YFS\226t\360\362l\242"
  66      2B106EBD 
  66      B4065946 
  66      539674F0 
  66      F26CA2
  67 0201 90480B00 		.ascii	"\220H\013\000\3409R`\331V\003\262\253\004\335V\026\375"
  67      E0395260 
  67      D95603B2 
  67      AB04DD56 
  67      16FD
  68 0213 BBCEE8DF 		.ascii	"\273\316\350\337:c\240\"73l\260\321\233k\203\327s;6"
  68      3A63A022 
  68      37336CB0 
  68      D19B6B83 
  68      D7733B36 
  69 0227 50F28739 		.ascii	"P\362\2079Nc\3143\307\027\232\377\013J1\345\233#F\301"
  69      4E63CC33 
  69      C7179AFF 
  69      0B4A31E5 
  69      9B2346C1 
  70 023b 1405CDF9 		.ascii	"\024\005\315\371|/\015[Ld\3151\364_sL\032\346\230Bs"
  70      7C2F0D5B 
  70      4C64CD31 
  70      F45F734C 
  70      1AE69842 
  71 0250 AC4268A9 		.ascii	"\254Bh\251+:\277\335(\232<\332\034\310\336\210;\350"
  71      2B3ABFDD 
  71      289A3CDA 
  71      1CC8DE88 
ARM GAS  /var/folders/d3/p12xj6d96hx5ptyrkl_lzds40000gn/T//ccQaqhqR.s 			page 5


  71      3BE8
  72 0262 70A8152E 		.ascii	"p\250\025.\3679\367\251j\325\353W}\001\325\357\323T"
  72      F739F7A9 
  72      6AD5EB57 
  72      7D01D5EF 
  72      D354
  73 0274 CDE5739E 		.ascii	"\315\345s\236w\373\003\276F\207\306x\240\316\261\027"
  73      77FB03BE 
  73      4687C678 
  73      A0CEB117 
  74 0284 E56C08A8 		.ascii	"\345l\010\250\025\225\325'\253Uw\255v\241\276\306\251"
  74      1595D527 
  74      AB5577AD 
  74      76A1BEC6 
  74      A9
  75 0295 6A5E9FF3 		.ascii	"j^\237\363\254\3469^_\2539\\\2544\217\364\017\316\345"
  75      ACE6395E 
  75      5FAB395C 
  75      AC348FF4 
  75      0FCEE5
  76 02a8 6FF423E2 		.ascii	"o\364#\342P\036\242\316\353\013\370\325cU\225\025\225"
  76      501EA2CE 
  76      EB0BF8D5 
  76      63559515 
  76      95
  77 02b9 0D083308 		.ascii	"\015\0103\010/\036\365 \326\252\325\371\3355v7\263x"
  77      2F1EF520 
  77      D6AAD5F9 
  77      DD357637 
  77      B378
  78 02cb 9C1EAFAF 		.ascii	"\234\036\257\2571{\340\304\203\3377\010\206\024"
  78      317BE0C4 
  78      83DF3708 
  78      8614
  79              		.text
  80              		.section	.gnu.lto_chRegNextThread.74e047b6ba01676a,"",%progbits
  81 0000 789C8553 		.ascii	"x\234\205S\313oTU\034>\3379w\356\235N\207\302\037\320"
  81      CB6F5455 
  81      1C3EDF39 
  81      77EE9D4E 
  81      87C21FD0 
  82 0014 454BD220 		.ascii	"EK\322 !\314\015\013dm\232\030\\4&t\345\312\304\351"
  82      21CC0D0B 
  82      646D9A18 
  82      5C342674 
  82      E5CAC4E9 
  83 0028 C44E421F 		.ascii	"\304NB\037\231\231\032\032\027=\235\2070A\004\0276*"
  83      99991A1A 
  83      173D9D87 
  83      30410417 
  83      362A
  84 003a 355D0829 		.ascii	"5]\010)\025:\264\345\325)\245\\K\001!U\201\010\210."
  84      153AB4E5 
  84      D529A55C 
  84      4B012155 
  84      8108882E 
  85 004e 2895A2E1 		.ascii	"(\225\242\341\221XBCH\200\361\367;\027\224\316h\274"
ARM GAS  /var/folders/d3/p12xj6d96hx5ptyrkl_lzds40000gn/T//ccQaqhqR.s 			page 6


  85      91584243 
  85      4880F1F7 
  85      3B1794CE 
  85      68BC
  86 0060 C99C7BCF 		.ascii	"\311\234{\317\357\365}\347;\337X\002\202\2371K\210i"
  86      EFF57DE7 
  86      3BDF5802 
  86      829F314B 
  86      8869
  87 0072 7A6FA41F 		.ascii	"zo\244\037\002\002r\317\017B\364\006\245\264<\010\035"
  87      020272CF 
  87      0F42F406 
  87      A5B43C08 
  87      1D
  88 0083 52976685 		.ascii	"R\227f\205\320a\005\313\217[\000\177\350 D\217T\026"
  88      D06105CB 
  88      8F5B007F 
  88      E820448F 
  88      5416
  89 0095 7AB0249F 		.ascii	"z\260$\237I\\\316\216\364\253G2\247\004,\332.~\377\345"
  89      495CCE8E 
  89      F4AB4732 
  89      A7042CDA 
  89      2E7EFFE5 
  90 00a9 6F35BC05 		.ascii	"o5\274\005\352h\273W_\311;k\007\265N\353\271\205\302"
  90      EA68BB57 
  90      5FC93B6B 
  90      07B54EEB 
  90      B985C2
  91 00bc 3B9F6672 		.ascii	";\237fr\233sJ\212\222\0248\200Z\014\242\226\301\207"
  91      9B734A8A 
  91      92143880 
  91      5A0CA296 
  91      C187
  92 00ce B0966A67 		.ascii	"\260\226jg\026\236^\251V\015\020\364\335?8\267\257j"
  92      169E5EA9 
  92      560D10F4 
  92      DD3F38B7 
  92      AF6A
  93 00e0 CD7EEED3 		.ascii	"\315~\356\323{c\272\212\232\360\015\324\253}<\007\007"
  93      7B63BA8A 
  93      9AF00DD4 
  93      AB7D3C07 
  93      07
  94 00f1 B186CB7F 		.ascii	"\261\206\313\177\376\2510T\255^3\255\363\037_;\255\032"
  94      FEA93054 
  94      AD5E33AD 
  94      F31F5F3B 
  94      AD1A
  95 0103 BEE656EF 		.ascii	"\276\346V\357\311\305\232/\264\227\255\343\366C\313"
  95      C9C59A2F 
  95      B497ADE3 
  95      F643CB
  96 0112 DBF9E1EA 		.ascii	"\333\371\341\352\321\347\237\255\260\263\232\236:\014"
  96      D1E79FAD 
  96      B0B39A9E 
  96      3A0C
ARM GAS  /var/folders/d3/p12xj6d96hx5ptyrkl_lzds40000gn/T//ccQaqhqR.s 			page 7


  97 0120 A321AF04 		.ascii	"\243!\257\004\263#R\005\330\244\0238xx\213\247K\245"
  97      B3235205 
  97      D8A41338 
  97      78788BA7 
  97      4BA5
  98 0132 8CF61E87 		.ascii	"\214\366\036\207n\214OT\205!8\032\000\303\333\346\333"
  98      6E8C4F54 
  98      8521381A 
  98      00C3DBE6 
  98      DB
  99 0143 213A2AC8 		.ascii	"!:*\310\213\020\177R;+\265(%\277\325\357\350\235/\336"
  99      8B107F52 
  99      3B2BB528 
  99      25BFD5EF 
  99      E89D2FDE 
 100 0157 1A56CBD1 		.ascii	"\032V\313\321\274\374Mi@J\022eD\274\007\273&\371B\016"
 100      BCFC4D69 
 100      404A1265 
 100      44BC07BB 
 100      26F9420E 
 101 016b 73529627 		.ascii	"sR\226'\227v\367sr\204\223\252\374\010\002\243\260\211"
 101      9776F773 
 101      728493AA 
 101      FC0802A3 
 101      B089
 102 017d F59859C5 		.ascii	"\365\230Y\305\020(\177`\352\314B\270~\014\003\372s\022"
 102      10287F60 
 102      EACC42B8 
 102      7E0C03FA 
 102      7312
 103 018f C2E29687 		.ascii	"\302\342\226\207\205\261\253\325\026\361\304\021\324"
 103      85B1ABD5 
 103      16F1C411 
 103      D4
 104 019c D37A1496 		.ascii	"\323z\024\226\270\203\364D\361\311\301\032\346\224Q"
 104      B883F444 
 104      F1C9C11A 
 104      E69451
 105 01ab 3655F5E5 		.ascii	"6U\365\345\246\177t\370.}\206\217\317_\334\021\036\300"
 105      A67F74F8 
 105      2E7D868F 
 105      CF5FDC11 
 105      1EC0
 106 01bd 57BD8CB4 		.ascii	"W\275\214\264\211\316\032\310\250\000\216\261\226\224"
 106      89CE1AC8 
 106      A8008EB1 
 106      9694
 107 01cb DD7F3B5D 		.ascii	"\335\177;]p\334\365\\|\034\003x\316\032\012\234\200"
 107      70DCF55C 
 107      7C1C0378 
 107      CE1A0A9C 
 107      80
 108 01dc 2BE691D6 		.ascii	"+\346\221\326+\215\234$\024M\026\267\220\375%3\330g"
 108      2B8D9C24 
 108      144D16B7 
 108      90FD2533 
 108      D867
ARM GAS  /var/folders/d3/p12xj6d96hx5ptyrkl_lzds40000gn/T//ccQaqhqR.s 			page 8


 109 01ee FF0B926D 		.ascii	"\377\013\222m\220\212\305\373\277:=\317\364\016\255"
 109      908AC5FB 
 109      BF3A3DCF 
 109      F40EAD
 110 01fd 57512CAF 		.ascii	"WQ,\257` \356\316^\235\011\275 @q\007E2\341\370\013"
 110      6020EECE 
 110      5E9D09BD 
 110      20407107 
 110      4532E1F8 
 111 0212 FC4FC647 		.ascii	"\374O\306G\362Aw\230\271\351\017s*\210\011\303\002\376"
 111      F2417798 
 111      B9E90F73 
 111      2A8809C3 
 111      02FE
 112 0224 35EFBC34 		.ascii	"5\357\2744\265\273\306\237\250\273r\252\012'\211\230"
 112      B5BBC69F 
 112      A8BB72AA 
 112      0A278998 
 113 0234 C0247A8C 		.ascii	"\300$z\214\021\026II\262\273b\015F\357\247\225\317\314"
 113      11164949 
 113      B2BB620D 
 113      46EFA795 
 113      CFCC
 114 0246 79E5D030 		.ascii	"y\345\3200\307\265+\217\033\302)\003d<3ES\357 \323\367"
 114      C7B52B8F 
 114      1BC22903 
 114      643C3345 
 114      53EF20D3 
 115 025b D18CF447 		.ascii	"\321\214\364G\004\375)\307\266\317\216\206\370|!\000"
 115      04FD29C7 
 115      B6CF8E86 
 115      F87C2100 
 116 026b A7690401 		.ascii	"\247i\004\001\365\201K\312u\335 \376\033\310\373\007"
 116      F5814BCA 
 116      75DD20FE 
 116      1BC8FB07 
 117 027b E85BB834 		.ascii	"\350[\2704\3340\267\214\311H\344U\302\027\030\3028n"
 117      DC30B78C 
 117      C948E455 
 117      C21718C2 
 117      386E
 118 028d E950B9E3 		.ascii	"\351P\271\343.<x\3518\253\3227\323\354\230\012\037\336"
 118      2E3C78E9 
 118      38ABD237 
 118      D3EC980A 
 118      1FDE
 119 029f 63AB9DE1 		.ascii	"c\253\235\341\226@\245\017\20799\303I\273r\336Y\343"
 119      9640A50F 
 119      873939C3 
 119      49BB72DE 
 119      59E3
 120 02b1 C073BE0F 		.ascii	"\300s\276\017'\376\327\207\347\215\017\277#\037\376"
 120      27FED787 
 120      E78D0FBF 
 120      231FFE
 121 02c0 81ECDCBE 		.ascii	"\201\354\334\276\023F\234J/T\227\244Cu\027\350\336\310"
 121      13469C4A 
ARM GAS  /var/folders/d3/p12xj6d96hx5ptyrkl_lzds40000gn/T//ccQaqhqR.s 			page 9


 121      2F5497A4 
 121      437517E8 
 121      DEC8
 122 02d2 7C391516 		.ascii	"|9\025\026w\221\366.\357\\\341\313\315\267\375\220$"
 122      7791F62E 
 122      EF5CE1CB 
 122      CDB7FD90 
 122      24
 123 02e3 26F1E4E4 		.ascii	"&\361\344\344\215\026\322Q=\275^K\377H\260H\204\263"
 123      8D16D251 
 123      3DBD5E4B 
 123      FF48B048 
 123      84B3
 124 02f5 3A12711B 		.ascii	":\022q\033[\343\357\305\337nv;\222n\"\345&\023Q7\332"
 124      5BE3EFC5 
 124      DF6E763B 
 124      926E22E5 
 124      26135137 
 125 030a 9A88BD1F 		.ascii	"\232\210\275\037O\246\022\335\221\250\220\251N\325\236"
 125      4FA612DD 
 125      91A890A9 
 125      4ED59E
 126 0319 EA8C2CAF 		.ascii	"\352\214,\257\214mK\271\215M\315o5\273\361\366\350\326"
 126      8C6D4BB9 
 126      8D4DCD6F 
 126      35BBF1F6 
 126      E8D6
 127 032b AE96981B 		.ascii	"\256\226\230\033\355H\304\336\215\266\275\331\325\036"
 127      ED48C4DE 
 127      8DB6BDD9 
 127      D51E
 128 0339 8DB48AFA 		.ascii	"\215\264\212\372\212\301\177\327\265&\273\223T\261\256"
 128      8AC17FD7 
 128      B526BB93 
 128      54B1AE
 129 0348 A2A2B323 		.ascii	"\242\242\263#\221J\272olijl\332Fef\340\007\257\267Q"
 129      914ABA6F 
 129      6C696A6C 
 129      DA466566 
 129      E007AFB7 
 130 035d 6D30DA99 		.ascii	"m0\332\231\214\267\324\305\205\323\026k\353Ht\373\201"
 130      8CB7D4C5 
 130      85D3166B 
 130      EB4874FB 
 130      81
 131 036e 1805FE02 		.ascii	"\030\005\376\002f\306\330\363"
 131      66C6D8F3 
 132              		.text
 133              		.section	.gnu.lto_ch_debug.74e047b6ba01676a,"",%progbits
 134 0000 789C55CE 		.ascii	"x\234U\316MK\002Q\024\306\361y\346\2165\246\246AD\213"
 134      4D4B0251 
 134      14C6F179 
 134      E68E35A6 
 134      A641448B 
 135 0014 A9CF50AE 		.ascii	"\251\317P\256\\\366\321\2044\242\250\010j\023\012R\201"
 135      5CF6D184 
 135      34A2A808 
ARM GAS  /var/folders/d3/p12xj6d96hx5ptyrkl_lzds40000gn/T//ccQaqhqR.s 			page 10


 135      6A130A52 
 135      81
 136 0025 9A95F6E6 		.ascii	"\232\225\366\346kB\210-\212Z\024\006\265)#\014\013\025"
 136      6B42882D 
 136      8A5A1406 
 136      B529230C 
 136      0B15
 137 0037 0BA324B3 		.ascii	"\013\243$\263\316\361\316\246\201\313\177~s\346\336"
 137      CEF1CEA6 
 137      81CB7F7E 
 137      73E6DE
 138 0046 194D81C2 		.ascii	"\031M\201\302\327\027E\336)\312\217\212x-\323v\264T"
 138      D71745DE 
 138      29CA8F8A 
 138      782DD376 
 138      B454
 139 0058 BFA087C4 		.ascii	"\277\240\207\304\354t,ar\234\270^\275<\263H\216\021"
 139      EC742C61 
 139      729CB85E 
 139      BD3CB348 
 139      8E11
 140 006a D3F9BA5B 		.ascii	"\323\371\272[\312 5|\225\262Mr\224\370\326\011\246\254"
 140      CA20357C 
 140      95B24D72 
 140      94F8D609 
 140      A6AC
 141 007c 92C3C4EB 		.ascii	"\222\303\304\353\346E\320\234\272\210\337\325\225;H"
 141      E645D09C 
 141      BA88DFD5 
 141      953B48
 142 008b DA896BB9 		.ascii	"\332\211k\271\326\271y\260N\014<\024\356\315\275E\376"
 142      D6B979B0 
 142      4E0C3C14 
 142      EECDBD45 
 142      FE
 143 009c 8DD3DFCF 		.ascii	"\215\323\337\317\023\247\264J\274\362%\002BR#.\275\256"
 143      13A7B44A 
 143      BCF22502 
 143      4252232E 
 143      BDAE
 144 00ae 6EF63181 		.ascii	"n\3661\201\342\004\371\243=\3270w\217\020K\251Z\244"
 144      E204F9A3 
 144      3DD73077 
 144      8F104BA9 
 144      5AA4
 145 00c0 F736FD22 		.ascii	"\3676\375\"\037VxO\204\355l\001Aln<\315\330\345\370"
 145      1F56784F 
 145      84ED6C01 
 145      416C6E3C 
 145      CDD8E5F8 
 146 00d4 E5DFB744 		.ascii	"\345\337\267D\357[\267\317\225\274M\216\037y\\Z\014"
 146      EF5BB7CF 
 146      95BC4D8E 
 146      1F795C5A 
 146      0C
 147 00e5 9475E93A 		.ascii	"\224u\351:{\331\037\275Q=I\357l\310;\345\027\032&\015"
 147      7BD91FBD 
ARM GAS  /var/folders/d3/p12xj6d96hx5ptyrkl_lzds40000gn/T//ccQaqhqR.s 			page 11


 147      513D49EF 
 147      6CC83BE5 
 147      171A260D 
 148 00f9 6461C06D 		.ascii	"da\300m CI\323J\321J\322:\202\301\033\346\027\362\035"
 148      204349D3 
 148      4AD14AD2 
 148      3A82C11B 
 148      E617F21D 
 149 010d 5D6E0859 		.ascii	"]n\010Y\374\302\322U\025\344\340\351\252@\030FWUq\310"
 149      FCC2D255 
 149      15E4E0E9 
 149      AA401846 
 149      575571C8 
 150 0121 1138E068 		.ascii	"\0218\340h\330\347X\260\307\351C\202\323\2178G\307."
 150      D8E758B0 
 150      C7E94382 
 150      D38F3847 
 150      C72E
 151 0133 C78A1DCE 		.ascii	"\307\212\035\316\000\26696\3048vy\230\003[\234AD9ND"
 151      00B63936 
 151      C4387679 
 151      98035B9C 
 151      4144394E 
 152 0148 382E391B 		.ascii	"8.9\033\342(8\206G\371\003l$\256\303"
 152      E2283886 
 152      47F9036C 
 152      24AEC3
 153              		.text
 154              		.section	.gnu.lto_.symbol_nodes.74e047b6ba01676a,"",%progbits
 155 0000 789C6361 		.ascii	"x\234ca`d\010`\000\002\246\031\214\365\014\014\023\316"
 155      60640860 
 155      0002A619 
 155      8CF50C0C 
 155      13CE
 156 0012 313000A9 		.ascii	"10\000\251]\015\212\014\014\254\263\030\031\024@23\031"
 156      5D0D8A0C 
 156      0CACB318 
 156      19144032 
 156      3319
 157 0024 EB195165 		.ascii	"\353\031Qe\246326\012\001\245\030\3470\3263\201\245"
 157      A6333236 
 157      0A01A518 
 157      E730D633 
 157      81A5
 158 0036 18181A1A 		.ascii	"\030\030\032\032\200\212\231\231X\030\236\264\275\221"
 158      808A9999 
 158      58189EB4 
 158      BD91
 159 0044 670000B3 		.ascii	"g\000\000\263\370\021\010"
 159      F81108
 160              		.text
 161              		.section	.gnu.lto_.refs.74e047b6ba01676a,"",%progbits
 162 0000 789C6361 		.ascii	"x\234ca`d\340f`\000\222\014\214L\214LL\214,\014\000"
 162      6064E066 
 162      6000920C 
 162      8C4C8C4C 
 162      4C8C2C0C 
ARM GAS  /var/folders/d3/p12xj6d96hx5ptyrkl_lzds40000gn/T//ccQaqhqR.s 			page 12


 163 0015 0159001F 		.ascii	"\001Y\000\037"
 164              		.text
 165              		.section	.gnu.lto_.decls.74e047b6ba01676a,"",%progbits
 166 0000 789CB53B 		.ascii	"x\234\265;yPTyz\375{\277\246\201\246\201\211\262\223"
 166      79505479 
 166      7AFD7BBF 
 166      A681A681 
 166      89B293
 167 0013 D984AD9A 		.ascii	"\331\204\255\232\030\306\241jkd\234\303\314n\266\222"
 167      18C6A16A 
 167      6B649CC3 
 167      CC6EB692 
 168 0023 D932B5BB 		.ascii	"\3312\265\273I\355l&;;\233\335?\222^\204V:\3035M{m%"
 168      49ED6C26 
 168      3B3B9BDD 
 168      3F925E84 
 168      563AC335 
 169 003b B58F4B05 		.ascii	"\265\217K\005\224C\020\004Q\020\017@@\020\020\004\004"
 169      94431004 
 169      51100F40 
 169      40101004 
 169      04
 170 004c 5B514451 		.ascii	"[QDQ\024\0249T\300\013o9\005\345\220|\277\243\373\275"
 170      14143954 
 170      C00B6F39 
 170      05E5907C 
 170      BFA3FBBD 
 171 0060 6E5E3B56 		.ascii	"n^;V%\333\345\307{\337{\337\357\273\277\357wt\253V!"
 171      25DBE5C7 
 171      7BDF7BDF 
 171      EFBBBFEF 
 171      7774AB56 
 172 0075 15F9347F 		.ascii	"\025\3714\177\254RU\270\252T\325\200\316\303G\015\317"
 172      AC5255B8 
 172      AA54D580 
 172      CEC3470D 
 172      CF
 173 0086 7EAB923E 		.ascii	"~\253\222>\030`-\274\333\010\360?\000\002\340#p\375"
 173      18602DBC 
 173      DB08F03F 
 173      0002E023 
 173      70FD
 174 0098 5B4165F7 		.ascii	"[Ae\367!4Z\270.\002\360\001\370{\300}\341\372>\320\371"
 174      21345AB8 
 174      2E02F001 
 174      F87BC07D 
 174      E1FA3ED0 
 175 00ad 033C03BC 		.ascii	"\003<\003\274\013\340'\000s\234\357\003\270o\003\010"
 175      0BE02700 
 175      739CEF03 
 175      B86F0308 
 176 00bd 0270E53C 		.ascii	"\002p\345<~\010\264\037\000,\007\370\030\340S\200\317"
 176      7E08B41F 
 176      002C07F8 
 176      18E05380 
 176      CF
 177 00ce 0010972B 		.ascii	"\000\020\227+\377\020\235<\235\310$r\344r\177$0\271"
ARM GAS  /var/folders/d3/p12xj6d96hx5ptyrkl_lzds40000gn/T//ccQaqhqR.s 			page 13


 177      FF109D3C 
 177      9DC82472 
 177      E4727F24 
 177      30B9
 178 00e0 3F86EB7F 		.ascii	"?\206\353\177#&?\0041\035\210|7\316\317\231|\253\355"
 178      23263F04 
 178      311D887C 
 178      37CECF99 
 178      7CABED
 179 00f3 3F1516EA 		.ascii	"?\025\026\352A|\241Q1\331K\001t\210\351\343\016\317"
 179      417CA151 
 179      31D94B01 
 179      7488E9E3 
 179      0ECF
 180 0105 97084C3F 		.ascii	"\227\010L?_\270z\003x\000|\017`1\200\016\340/\000~\000"
 180      5FB87A03 
 180      78007C0F 
 180      6031800E 
 180      E02F007E 
 181 011a E005E009 		.ascii	"\340\005\340\011\360}B\017\340\003\360\227\000o\003"
 181      F07D420F 
 181      E003F097 
 181      006F03
 182 0129 BC03F0D7 		.ascii	"\274\003\360\327\000o9\370\334\372\231\023\320\241\264"
 182      006F39F8 
 182      DCFA9913 
 182      D0A1B4
 183 0138 AE7A7C1D 		.ascii	"\256z|\035\365\"\342\252\267\350S\204\330_DA\305\200"
 183      F522E2AA 
 183      B7E85384 
 183      D85F4441 
 183      C580
 184 014a A27023D0 		.ascii	"\242p#\320\277*\351\021\262\022\222\277\360G@\374\231"
 184      BF2AE911 
 184      B21292BF 
 184      F04740FC 
 184      99
 185 015b CAC68CFE 		.ascii	"\312\306\214\376\343\343i\256\320\017e\"qG|\020\262"
 185      E3E369AE 
 185      D00F6522 
 185      71477C10 
 185      B2
 186 016c 69405FAB 		.ascii	"i@_\253\330{\033Wv\021\244\0012~L]\316N\322\331f\023"
 186      D87B1B57 
 186      7611A401 
 186      327E4C5D 
 186      CE4ED2D9 
 187 0182 B21AFDFC 		.ascii	"\262\032\375\374\350\311#\032, r?\360\262\350g\313J"
 187      E8C9231A 
 187      2C20723F 
 187      F0B2E867 
 187      CB4A
 188 0194 45F8A48A 		.ascii	"E\370\244\212\242\360C\3113\035q\025\271xB@\213\264"
 188      A2F043C9 
 188      331D7115 
 188      B9784240 
 188      8BB4
ARM GAS  /var/folders/d3/p12xj6d96hx5ptyrkl_lzds40000gn/T//ccQaqhqR.s 			page 14


 189 01a6 480DE8E8 		.ascii	"H\015\350\350\305\234;^\200\372h\321\273\200\326>+\251"
 189      C59C3B5E 
 189      80FA68D1 
 189      BB80D63E 
 189      2BA9
 190 01b8 F5646F2D 		.ascii	"\365do-\204\272h(7Y\307\360\317\000\335\034;\335\255"
 190      84BA6828 
 190      3759C7F0 
 190      CF00DD1C 
 190      3BDDAD
 191 01cb C6BE54C2 		.ascii	"\306\276T\302\315\326\342\022\302\350}-\"zz\303\243"
 191      CDD6E212 
 191      C2E87D2D 
 191      227A7AC3 
 191      A3
 192 01dc F227752F 		.ascii	"\362'u/=\331#B\321\2312\266\337\025\277O\356\205\226"
 192      3DD92342 
 192      D19932B6 
 192      DF15BF4F 
 192      EE8596
 193 01ef 6D55951E 		.ascii	"mU\225\036\310_{\220\2504\330u@W'\212o\241*\244EG\020"
 193      C85F7B90 
 193      A834D875 
 193      4057278A 
 193      6FA12AA4 
 194 0206 46C56819 		.ascii	"F\305h\0311\344}R1[D1FL\215\025\027\265z\251P\011\362"
 194      31E47D52 
 194      315B4431 
 194      464C8D15 
 194      17B57AA9 
 195 021d 458790AF 		.ascii	"E\207\220\257\012U\"\177\302\226\020\242\012xX\016\017"
 195      0A55227F 
 195      C29610A2 
 195      0A78580E 
 195      0F
 196 022e 4144F1FE 		.ascii	"AD\361\376\264\002\015NDTFv\365\241)\255MFw\342'\245"
 196      B4020D4E 
 196      44544676 
 196      F5A129AD 
 196      4D4677E2 
 197 0244 44460DC8 		.ascii	"DF\015\310\250\226d\200H\247B\216*\013\0213f\362<\361"
 197      A8966480 
 197      48A7428E 
 197      2A0B1133 
 197      66F23CF1 
 198 0258 2013B22B 		.ascii	" \023\262+\353D\243\013\322\372+s\250S\340\300\3249"
 198      EB44A30B 
 198      D2FA2B73 
 198      A853E0C0 
 198      D439
 199 026a 92F24F1D 		.ascii	"\222\362O\035\233!\024\350\030\350S+\351SC\365\001)"
 199      9B2114E8 
 199      18E8532B 
 199      E95343F5 
 199      0129
 200 027c 37863337 		.ascii	"7\20637ip\036\013_N\303\304y\027\346w7@_\036{\234\253"
 200      69701E0B 
ARM GAS  /var/folders/d3/p12xj6d96hx5ptyrkl_lzds40000gn/T//ccQaqhqR.s 			page 15


 200      5F4EC3C4 
 200      7917E677 
 200      37405F1E 
 201 0293 C1C5ECDD 		.ascii	"\301\305\354\335\371\333\0317\005\\\301\020k\300|x\300"
 201      F9DB1937 
 201      055CC110 
 201      6BC07C78 
 201      C0
 202 02a4 76CF549F 		.ascii	"v\317T\237\361\300\307\330\313\312\211\244\357c\013"
 202      F1C0C7D8 
 202      CBCA89A4 
 202      EF630B
 203 02b3 BB3F7DE7 		.ascii	"\273?}\347J\253\013>\313\220\244\252\270\275j\334\303"
 203      4AAB0B3E 
 203      CB90A4AA 
 203      B8BD6ADC 
 203      C3
 204 02c4 90FA1DC7 		.ascii	"\220\372\035\307\237\272\341\001\206\234\234\353\315"
 204      9FBAE101 
 204      869C9CEB 
 204      CD
 205 02d1 D5E26186 		.ascii	"\325\342a\206t\216\\\330\355\301\264x\013\320\232\241"
 205      748E5CD8 
 205      EDC1B478 
 205      0BD09AA1 
 206 02e1 732D5A26 		.ascii	"s-Z&KD\200\317\036\270\324\343\206\247\030mC\355\361"
 206      4B4480CF 
 206      1EB8D4E3 
 206      86A7186D 
 206      43EDF1
 207 02f4 16AEF187 		.ascii	"\026\256\361\207\200nM\025\317z`\021\323w-)q[\2658\211"
 207      806E4D15 
 207      CF7A6011 
 207      D3772D29 
 207      715BB538 
 208 0309 2242E5D0 		.ascii	"\"B\345\320\256\335\356\326(Y25\340\222\013\340\222"
 208      AEDDEED6 
 208      28593235 
 208      E0920BE0 
 208      92
 209 031a F38E2E51 		.ascii	"\363\216.Qvp\233r\210Z\006\347\306\274q\026\023\027"
 209      76709B72 
 209      885A06E7 
 209      C6BC7116 
 209      1317
 210 032c BFAD2C8B 		.ascii	"\277\255,\213\350\251a\231\351\012\217\356\216L\327"
 210      E8A96199 
 210      E90A8FEE 
 210      8E4CD7
 211 033b A8D92322 		.ascii	"\250\331#\"v\003\361T\366\215#^x7S\352\304Ty\213\233"
 211      7603F154 
 211      F68D235E 
 211      783753EA 
 211      C454798B 
 212 0350 949E732B 		.ascii	"\224\236s+cE\021\241N\320\353\262\244\227\206\253%."
 212      634511A1 
 212      4ED0EBB2 
ARM GAS  /var/folders/d3/p12xj6d96hx5ptyrkl_lzds40000gn/T//ccQaqhqR.s 			page 16


 212      A49786AB 
 212      252E
 213 0362 54AB03D4 		.ascii	"T\253\003\324\322p\265.\301\303v\246\326\330\313\221"
 213      D270B52E 
 213      C1C376A6 
 213      D6D8CB91 
 214 0372 6A352E64 		.ascii	"j5.d2\032\023\2374\272\313\322sY\011I\317.\220qE\222"
 214      321A139F 
 214      34BACBD2 
 214      73590949 
 214      CF2E9071 
 215 0388 D1899C0B 		.ascii	"\321\211\234\013\271\252,\244{\353\225\353\032\\\316"
 215      B9AA2CA4 
 215      7BEB95EB 
 215      1A5CCE
 216 0397 BD9BD09B 		.ascii	"\275\233\320\233\315\323S\201C\217\002\007\236\236\227"
 216      CDD35381 
 216      438F0207 
 216      9E9E97
 217 03a6 787A7683 		.ascii	"xzv\203>\327$}\272\254\351\271k\374\346Cw\026_\177@"
 217      3ED7247D 
 217      BAACE9B9 
 217      6BFCE643 
 217      77165F7F 
 218 03bb 53C6D3BA 		.ascii	"S\306\323\272]\360Q\346pk\023Y\304\232\310\356\224\256"
 218      5DF051E6 
 218      706B1359 
 218      C49AC8EE 
 218      94AE
 219 03cd 1A8C2DEC 		.ascii	"\032\214-\354]BiB\213\027>\317\220\202\023\015O\\q\037"
 219      5D426942 
 219      8B173ECF 
 219      9082130D 
 219      4F5C711F 
 220 03e1 1F752DE6 		.ascii	"\037u-\346\216\026?d\310\255\033g+\274\360S\2064L\355"
 220      8E163F64 
 220      C8AD1B67 
 220      2BBCF053 
 220      86344CED 
 221 03f5 6AF0C613 		.ascii	"j\360\306\023\014\271xg~L\213g\030\322\021\275\027r"
 221      0CB97867 
 221      7E4C8B67 
 221      18D211BD 
 221      1772
 222 0407 3546CDC6 		.ascii	"5F\315\306\2103\331:\274\205\"BC\342\315\233j\247\206"
 222      8833D93A 
 222      BC852242 
 222      43E2CD9B 
 222      6AA786
 223 041a 0F3933DC 		.ascii	"\01793\334\222C\022\360\036\030}W\301\350\366\321\304"
 223      924312F0 
 223      1E187D57 
 223      C1E8F6D1 
 223      C4
 224 042b 596F9CCC 		.ascii	"Yo\234\314\304%\355xz\320\013g2d\346AF/b&\353\000\215"
 224      C425ED78 
 224      7AD00B67 
ARM GAS  /var/folders/d3/p12xj6d96hx5ptyrkl_lzds40000gn/T//ccQaqhqR.s 			page 17


 224      3264E641 
 224      462F6226 
 225 0442 69E84DF3 		.ascii	"i\350M\363f\2451H\363\361R\376\270\033\336\307h\353"
 225      66A53148 
 225      F3F152FE 
 225      B81BDEC7 
 225      68EB
 226 0454 D2B683D2 		.ascii	"\322\266\203\322\305\014\351\337\231\324\340\201\217"
 226      C50CE9DF 
 226      99D4E081 
 226      8F
 227 0461 33A42965 		.ascii	"3\244)e\354\230;nf\310\346\027\267+\274\361\005\265"
 227      EC983B6E 
 227      66C8E617 
 227      B72BBCF1 
 227      05B5
 228 0473 5D39F9B0 		.ascii	"]9\371\260rz\026wo\220W\342;\200\356\273\332<\346\202"
 228      727A1677 
 228      6F9057E2 
 228      3B80EEBB 
 228      DA3CE682 
 229 0487 AF30D2F2 		.ascii	"\2570\322\362\370\273\305n\360\316\027\322\035\311\272"
 229      F8BBC56E 
 229      F0CE17D2 
 229      1DC9BA
 230 0496 B02FEBC2 		.ascii	"\260/\353\302\325\226\36125\356c^\352\250\352=#\345"
 230      D596F132 
 230      35EE635E 
 230      EAA8EA3D 
 230      23E5
 231 04a8 60D7F39F 		.ascii	"`\327\363\237\322<\237\002\363\237K\346\373\332\312"
 231      D23C9F02 
 231      F39F4BE6 
 231      FBDACA
 232 04b7 6FA440D4 		.ascii	"o\244@\324\274\243B\037\373\242\017\301\211\223\340"
 232      BCA3421F 
 232      FBA20FC1 
 232      8993E0
 233 04c6 445FEEC4 		.ascii	"D_\356\304\011p\3428\357\301yE\247=\361]&\340i\306\343"
 233      0970E238 
 233      EFC17945 
 233      A73DF15D 
 233      26E069C6 
 234 04db 2D5896E4 		.ascii	"-X\226\344\2764\311\247A\300\013I\300\024r\"\341\245"
 234      BE34C9A7 
 234      41C00B49 
 234      C0147222 
 234      E1A5
 235 04ed B28498F4 		.ascii	"\262\204\230\364+\245\356\370\011\223\220QVV\"\225\352"
 235      2BA5EEF8 
 235      09939051 
 235      56562295 
 235      EA
 236 04fe 91947F6C 		.ascii	"\221\224\177l$\022\346@\302\214$a\332\231\204Ye\011"
 236      2412E640 
 236      C28C2461 
 236      DA998459 
ARM GAS  /var/folders/d3/p12xj6d96hx5ptyrkl_lzds40000gn/T//ccQaqhqR.s 			page 18


 236      6509
 237 0510 D6ECF661 		.ascii	"\326\354\366a\331}\272\250\256\337\023O\360\270o}U\216"
 237      D97DBAA8 
 237      AEDF134F 
 237      F0B86F7D 
 237      558E
 238 0522 F12C933E 		.ascii	"\361,\223>\325\270\257Z\352^/\320[(F\200\236\"|\267"
 238      D5B8AF5A 
 238      EA5E2FD0 
 238      5B284680 
 238      9E227CB7 
 239 0536 E4684151 		.ascii	"\344hAQr\343\246\261H\034\347B%\355o.\357p\305[)\"\314"
 239      72E3A6B1 
 239      481CE742 
 239      25ED6F2E 
 239      EF70C55B 
 240 054d 0D3CADF5 		.ascii	"\015<\255\365\262I\232\006I\233@R\334\033H\212W\226"
 240      B2499A06 
 240      499B4052 
 240      DC1B488A 
 240      5796
 241 055f 94D7D851 		.ascii	"\224\327\330Q\254\306;\230\250\256\027\215\323:\234"
 241      ACC63B98 
 241      A8AE178D 
 241      D33A9C
 242 056e 4B117555 		.ascii	"K\021uU\314\300^\020\345\213\200\0301\201d\325\240B"
 242      CCC05E10 
 242      E58B8018 
 242      318164D5 
 242      A042
 243 0580 5B41E216 		.ascii	"[A\342\026\001[\027V9\"H\033\371\023y\014\367n\364\252"
 243      015B1756 
 243      3922481B 
 243      F913790C 
 243      F76EF4AA 
 244 0594 203F01E4 		.ascii	" ?\001\344\223W*\224$\370\242D\201J\357;{!N\243\345"
 244      93572A94 
 244      24F8A244 
 244      814AEF3B 
 244      7B214EA3 
 245 05a9 D4A9DF45 		.ascii	"\324\251\337E\375\270d\350\232\227.Q\232\002\3206P\305"
 245      FDB864E8 
 245      9A972E51 
 245      9A02D036 
 245      50C5
 246 05bb 5ACE2A94 		.ascii	"Z\316*\224,\350\370z&\257\247\256_\215\3672\253\356"
 246      2CE8F87A 
 246      26AFA7AE 
 246      5F8DF732 
 246      ABEE
 247 05cd 88CD5704 		.ascii	"\210\315W\004\\\314\220\262}\375\007\334\361\021\206"
 247      5CCC90B2 
 247      7DFD07DC 
 247      F11186
 248 05dc 34F66D7F 		.ascii	"4\366m\177\340\211k\031\322\177\370\325q\015n`H\336"
 248      E0896B19 
 248      D27FF8D5 
ARM GAS  /var/folders/d3/p12xj6d96hx5ptyrkl_lzds40000gn/T//ccQaqhqR.s 			page 19


 248      710D6E60 
 248      48DE
 249 05ee 8DD13257 		.ascii	"\215\3212W\334\304\234~?\355`\025T\264\277\\\362o\337"
 249      DCC49C7E 
 249      3FED6015 
 249      54B4BF5C 
 249      F26FDF
 250 0601 96FA4826 		.ascii	"\226\372H&(\373\265\216G\200e`\336\263\220\334&Q|\027"
 250      28FBB58E 
 250      47806560 
 250      DEB390DC 
 250      26517C17 
 251 0615 ED107428 		.ascii	"\355\020t(C\012\317\327:\246`kW\322\0115\036f\302\012"
 251      430ACFD7 
 251      3AA6606B 
 251      57D20935 
 251      1E66C20A 
 252 0629 DB064517 		.ascii	"\333\006E\027<\306\220\343\211m\263n\3709Cr\3527\307"
 252      3CC690E3 
 252      896DB36E 
 252      F8394372 
 252      EA37C7
 253 063c 68F10B86 		.ascii	"h\361\013\206\014\306\264\\q\3033\014\031}vu\326\023"
 253      0CC6B45C 
 253      71C3330C 
 253      197D7675 
 253      D613
 254 064e CF33447C 		.ascii	"\3173D|\331\324\247\301\261\032\212\\\337\361b\320\035"
 254      D9D4A7C1 
 254      B11A8A5C 
 254      DFF162D0 
 254      1D
 255 065f 6F6248C9 		.ascii	"obH\311\374x\212\016'0\344\305\361\216\002\201\365\013"
 255      FC788A0E 
 255      2730E4C5 
 255      F18E0281 
 255      F50B
 256 0671 3FB21CB6 		.ascii	"?\262\034\266$\265b\226\336\371\302\234\340\261\245"
 256      24B56296 
 256      DEF9C29C 
 256      E0B1A5
 257 0680 E84C9C37 		.ascii	"\350L\2347\362\243\237\305~~\376~\005\304\336\301\353"
 257      F2A39FC5 
 257      7E7EFE7E 
 257      05C4DEC1 
 257      EB
 258 0691 6391A59D 		.ascii	"c\221\245\235wEq\273\216\032\263\033\214)\022\026K\326"
 258      774571BB 
 258      8E1AB31B 
 258      8C291216 
 258      4BD6
 259 06a3 0710D797 		.ascii	"\007\020\327\227\220\000\250\350\000KE\233NL\015\244"
 259      9000A8E8 
 259      004B459B 
 259      4E4C0DA4 
 260 06b3 C4BB1C89 		.ascii	"\304\273\034\211\033\220#u\215D\275\323\221z\224R/\227"
 260      1B902375 
ARM GAS  /var/folders/d3/p12xj6d96hx5ptyrkl_lzds40000gn/T//ccQaqhqR.s 			page 20


 260      8D44BDD3 
 260      917A9452 
 260      2F97
 261 06c5 88EB25E2 		.ascii	"\210\353%\342tG\342\353\216\304\307$\342,e\316r=r$\352"
 261      7447E2EB 
 261      8EC4C724 
 261      E22C65CE 
 261      723D7224 
 262 06da 3D8A2652 		.ascii	"=\212&R\316i\274\014DdV\241\275\220\232\371\220\232"
 262      CE69BC0C 
 262      446456A1 
 262      BD909AF9 
 262      909A
 263 06ec 288F0F80 		.ascii	"(\217\017\200 \243\022H\206B\301\017\025\000\034\002"
 263      20A31248 
 263      8642C10F 
 263      15001C02 
 264 06fc D807500C 		.ascii	"\330\007P\014P\012\260\037\340 \300\001\301\217\226"
 264      500AB01F 
 264      E020C001 
 264      C18F96
 265 070b 0E935C29 		.ascii	"\016\223\\)I\316q\224|\306\321\250=\022q\256\262s)1"
 265      49CE7194 
 265      7CC6D1A8 
 265      3D1271AE 
 265      B2732931 
 266 071f EB0FD949 		.ascii	"\353\017\331I:\021*\022\210T<\001%\251G\333|\262EK\034"
 266      3A112A12 
 266      88543C01 
 266      25A947DB 
 266      7CB2454B 
 267 0734 A6ACB295 		.ascii	"\246\254\262\225\3452\377@\252l\231?\324\352mWyrj\025"
 267      E532FF40 
 267      AA6C993F 
 267      D4EA6D57 
 267      79726A15 
 268 0748 2AB3555E 		.ascii	"*\263U^\355\374\243\021\027|\222&\034\356\276\361\350"
 268      EDFCA311 
 268      177C9226 
 268      1CEEBEF1 
 268      E8
 269 0759 1A468BFD 		.ascii	"\032F\213\375\374\323\370\374K\335f\023r\030\244\226"
 269      FCD3F8FC 
 269      4BDD6613 
 269      7218A496 
 270 0769 73B71D01 		.ascii	"s\267\035\001\267U\310\335\002%\364eq?\313;`\217\266"
 270      B755C8DD 
 270      0225F465 
 270      713FCB3B 
 270      608FB6
 271 077c 736285A0 		.ascii	"sb\205\2400c\253\022\251\261\345\366\306\222U\311\215"
 271      3063AB12 
 271      A9B1E5F6 
 271      C69255C9 
 271      8D
 272 078d 938F047C 		.ascii	"\223\217\004|\216\325\300\343\241\222k\002\276\314\220"
 272      8ED5C0E3 
ARM GAS  /var/folders/d3/p12xj6d96hx5ptyrkl_lzds40000gn/T//ccQaqhqR.s 			page 21


 272      A1926B02 
 272      BECC90
 273 079c DC8153FD 		.ascii	"\334\201S\375|\371r\232\3405\003\031\011:^\021d\037"
 273      7CF9729A 
 273      E0350319 
 273      093A5E11 
 273      641F
 274 07ae D4D231DF 		.ascii	"\324\3221\337\344\216\373\030q\325|\361&\214oS\344'"
 274      E48EFB18 
 274      71D57CF1 
 274      268C6F53 
 274      E427
 275 07c0 97A237F7 		.ascii	"\227\2427\367C\255,\366\323-&\265\242\243%\003"
 275      43AD2CF6 
 275      D32D26B5 
 275      A2A32503 
 276 07d0 86FA930B 		.ascii	"\206\372\223\013\374\365\201\007:ZD:\235\277\037\271"
 276      FCF58107 
 276      3A5A443A 
 276      9DBF1FB9 
 277 07e0 DA3EF0D6 		.ascii	"\332>\360\326_\267\330\237\031Y;\025YX\270\211Dt\024"
 277      5FB7D89F 
 277      19593B15 
 277      5958B889 
 277      447414
 278 07f3 6C3C0E73 		.ascii	"l<\016sU\235\263r\261K\275\026\240 1Bg\371\020\342\303"
 278      559DB372 
 278      B14BBD16 
 278      A0203142 
 278      67F910E2 
 279 0808 11F0E130 		.ascii	"\021\360\3410\244W=\3001\273\024{a\020\241\0074\200"
 279      A4573DC0 
 279      31BB147B 
 279      6110A107 
 279      3480
 280 081a 88466511 		.ascii	"\210Fe\021\324\217\362\370\036\267\213/\031\311|j\247"
 280      D48FF2F8 
 280      1EB78B2F 
 280      19C97C6A 
 280      A7
 281 082b C5512880 		.ascii	"\305Q(\200jR\000\317@r\023\327\342)\334?\001\015\036"
 281      6A5200CF 
 281      407213D7 
 281      E229DC3F 
 281      010D1E
 282 083e 033C0278 		.ascii	"\003<\002x\010\360\000\340>\300\020\300=\200\273\000"
 282      08F000E0 
 282      3EC010C0 
 282      3D80BB00 
 283 084e 77003A00 		.ascii	"w\000:\000\332\000N\0034\003\234\002\260\000\234\000"
 283      DA004E03 
 283      34039C02 
 283      B0009C00 
 284 085e 68B4CB86 		.ascii	"h\264\313\206\372\351\317\257W\212\304\012\350\2645"
 284      FAE9CFAF 
 284      578AC40A 
 284      E8B435
ARM GAS  /var/folders/d3/p12xj6d96hx5ptyrkl_lzds40000gn/T//ccQaqhqR.s 			page 22


 285 086d 900B4D72 		.ascii	"\220\013Mr#J\221r\205\332\024\254\342#\376l\012Z\256"
 285      234A9172 
 285      85DA14AC 
 285      E223FE6C 
 285      0A5AAE
 286 0880 5CF365F5 		.ascii	"\\\363e\365D\266r\207\221\203\202e\013\372MC\346\017"
 286      44B67287 
 286      91838265 
 286      0BFA4D43 
 286      E60F
 287 0892 18FD49F0 		.ascii	"\030\375I\360m\2752\375\202\250\324\331E\345$\253:\306"
 287      6DBD32FD 
 287      82A8D4D9 
 287      45E524AB 
 287      3AC6
 288 08a4 6FB7553E 		.ascii	"o\267U>\3317\235s\344\327j/\037\312%\365\032m$de\177"
 288      D9379D73 
 288      E4D76A2F 
 288      1FCA25F5 
 288      1A6D2464 
 289 08ba 51997AB9 		.ascii	"Q\231z\271D\374\342+B{\006h\3728m\023\320\222\324A\275"
 289      44FCE22B 
 289      427B0668 
 289      FA386D13 
 289      D092D441 
 290 08cf 4E5C6F23 		.ascii	"N\\o#8\017\356>\313]\177\016\356[\301u-v\256\033O\342"
 290      380FEE3E 
 290      CB5D7F0E 
 290      EE5BC175 
 290      2D76AE1B 
 291 08e5 AE206976 		.ascii	"\256 iv\012\004\234u2\2770\001\026\007\001'\371\010"
 291      0A049C75 
 291      32BF3001 
 291      16070127 
 291      F908
 292 08f7 E7024658 		.ascii	"\347\002FX\323$\354-\212\354emd\200\365\314\263\366"
 292      D324EC2D 
 292      8AEC656D 
 292      6480F5CC 
 292      B3F6
 293 0909 6D84CDEA 		.ascii	"m\204\315\352\0353\237\347l\217\206Y\235x\242YZX\022"
 293      1D339FE7 
 293      6C8F8659 
 293      9D78A259 
 293      5A5812
 294 091c 62EEAAC1 		.ascii	"b\356\252\301\206\351\310\3661\326\266.\000\325\015"
 294      86E9C8F6 
 294      31D6B62E 
 294      00D50D
 295 092b 47DF5E5F 		.ascii	"G\337^_P\322\216m\3612\330\320\316\355\271\004\367\027"
 295      50D28E6D 
 295      F132D8D0 
 295      CEEDB904 
 295      F717
 296 093d EDF34CEE 		.ascii	"\355\363L\356,bM\373\353f*G\3367\371\000G\336\314\366"
 296      2C624DFB 
 296      EB662A47 
ARM GAS  /var/folders/d3/p12xj6d96hx5ptyrkl_lzds40000gn/T//ccQaqhqR.s 			page 23


 296      DE37F900 
 296      47DECCF6 
 297 0951 0E667BBB 		.ascii	"\016f{\273\262\355\277\310N%\266\023\253\372%\333\333"
 297      B2EDBFC8 
 297      4E25B613 
 297      ABFA25DB 
 297      DB
 298 0962 ED6CFF85 		.ascii	"\355l\377\205\325\366N\301\007\015(\333N\325\333\256"
 298      D5F64EC1 
 298      070D28DB 
 298      4ED5DBAE 
 299 0972 A49E8A0E 		.ascii	"\244\236\212\016#\272\335\006\335nA\034\007\001\006"
 299      23BADD06 
 299      DD6E411C 
 299      070106
 300 0981 00AE0374 		.ascii	"\000\256\003t\001\\\005\270b\347\217\246+4\266$\353"
 300      015C05B8 
 300      62E78FA6 
 300      2B34B624 
 300      EB
 301 0992 07411E61 		.ascii	"\007A\036a\240\340\015F\233\227.\253\271[\337E=\333"
 301      A0E00D46 
 301      9B972EAB 
 301      B95BDF45 
 301      3DDB
 302 09a4 49395F03 		.ascii	"I9_\003\332\333\316i\345\345\331mW\236\327Xy\332U\305"
 302      DADBCE69 
 302      E5E5D96D 
 302      579ED758 
 302      79DA55C5 
 303 09b8 2378FB90 		.ascii	"#x\373\2200x\000\034\273y \372\300\330^0\254G2\014\234"
 303      3078001C 
 303      BB7920FA 
 303      C0D85E30 
 303      AC47320C 
 304 09cd 39F06A43 		.ascii	"9\360jC&\233\032\310F\364\016\247W\352\333\254F\373"
 304      269B1AC8 
 304      46F40EA7 
 304      57EADBAC 
 304      46FB
 305 09df 5C487724 		.ascii	"\\Hw$\231y\237\323\332*\3041\307{\367\"\022\347n\205"
 305      99799FD3 
 305      DA2AC431 
 305      C77BF722 
 305      12E76E85 
 306 09f3 7501C9DF 		.ascii	"u\001\311\337\363\023,\2067\300\362\307of\371M \225"
 306      F3132C86 
 306      37C0F2C7 
 306      6F66F94D 
 306      2095
 307 0a05 2CBFC12C 		.ascii	",\277\301,w6\237\240~0X\232R\254\371\365\207\235=d\305"
 307      77369FA0 
 307      7E30589A 
 307      52ACF9F5 
 307      879D3D64 
 308 0a1a 4C583D91 		.ascii	"LX=\221\362\253\201\362\262\352\266\341\034\327\015"
 308      F2AB81F2 
ARM GAS  /var/folders/d3/p12xj6d96hx5ptyrkl_lzds40000gn/T//ccQaqhqR.s 			page 24


 308      B2EAB6E1 
 308      1CD70D
 309 0a29 6681A7AF 		.ascii	"f\201\247\257\015 \230y\244\223\267D\322\344\236}\027"
 309      0D209879 
 309      A493B744 
 309      D2E49E7D 
 309      17
 310 0a3a F5F64E5B 		.ascii	"\365\366N[C\034vN\313\034\370\374\022u \320,\\X\355"
 310      431C764E 
 310      CB1CF8FC 
 310      127520D0 
 310      2C5C58ED 
 311 0a4e BEE49B25 		.ascii	"\276\344\233%Z\2421\335}\216\361\022\340\333\032\266"
 311      5AA231DD 
 311      7D8EF112 
 311      E0DB1AB6 
 312 0a5e EC1C914D 		.ascii	"\354\034\221M\003\333/y\210\025\177\240\373\305y%\332"
 312      03DB2F79 
 312      88157FA0 
 312      FBC57925 
 312      DA
 313 0a6f 5732DAE9 		.ascii	"W2\332\351vJKv|\261\202\002\255|z\351J\346\251\016\233"
 313      764A4B76 
 313      7CB18202 
 313      AD7C7AE9 
 313      4AE6A90E 
 314 0a84 22B4D971 		.ascii	"\"\264\331q\276\\\260\260\256i\267u\310\024G\3423\013"
 314      BE5CB0B0 
 314      AE69B775 
 314      C81447E2 
 314      330B
 315 0a96 98574BD4 		.ascii	"\230WK\324\251\312\324\362(\264\363(\220\325[\232#\371"
 315      A9CAD4F2 
 315      28B4F328 
 315      90D55B9A 
 315      23F9
 316 0aa8 C20DC11E 		.ascii	"\302\015\301\036\306\234L\243\225\312\3242\275w%;L\035"
 316      C69C4CA3 
 316      95CAD432 
 316      BD77253B 
 316      4C1D
 317 0aba 4D4EA60E 		.ascii	"MN\246\016F\236\331n7\021,$\226\305xG2m\206M\312\315"
 317      469ED96E 
 317      37112C24 
 317      96C57847 
 317      326D864D 
 318 0ad0 7043213D 		.ascii	"pC!=\030#i]+m\357\232d\315\260v\352\313\254B\321:o\236"
 318      1823695D 
 318      2B6DEF9A 
 318      64CDB076 
 318      EACBAC42 
 319 0ae8 E0EB2EA7 		.ascii	"\340\353.\24759\036H\244\325\331K\223W\320\230]s\031"
 319      35391E48 
 319      A4D5D94B 
 319      9357D098 
 319      5D7319
 320 0afb 55682EB6 		.ascii	"Uh.\266E\3418\324\327\353\026\205\274\013\334\243IL"
ARM GAS  /var/folders/d3/p12xj6d96hx5ptyrkl_lzds40000gn/T//ccQaqhqR.s 			page 25


 320      45E138D4 
 320      D7EB1685 
 320      BC0BDCA3 
 320      494C
 321 0b0d F89E96EA 		.ascii	"\370\236\226\352\255\216\232@v\230\311u\245\036\357"
 321      AD8E9A40 
 321      7698C975 
 321      A51EEF
 322 0b1c 64F23EFD 		.ascii	"d\362>\375\256\232zMR`Bx\007\376\256R3\342k\005\261"
 322      AE9A7A4D 
 322      52604278 
 322      07FEAE52 
 322      33E26B05 
 323 0b31 952E4BF2 		.ascii	"\225.K\362\305\374\012qp|\376wE5P\245\213\324\204\010"
 323      C5FC0A71 
 323      707CFE77 
 323      453550A5 
 323      8BD48408 
 324 0b45 1549BCE1 		.ascii	"\025I\274\341\226\\\012a\"P\241\347\302\022\030\270"
 324      965C0A61 
 324      2250A1E7 
 324      C21218B8 
 325 0b55 277F30CE 		.ascii	"'\1770\316\035\347\272\321%v\317\223+\311\236j\201/"
 325      1DE7BAD1 
 325      2576CF93 
 325      2BC99E6A 
 325      812F
 326 0b67 388137D9 		.ascii	"8\2017\331z\224\210\247\334\235\253\361\202\2521%p="
 326      7A9488A7 
 326      DC9DABF1 
 326      82AA3125 
 326      703D
 327 0b79 66E2D3F7 		.ascii	"f\342\323\367\351\230\036\226\311\363\020\354hQ\374"
 327      E9981E96 
 327      C9F310EC 
 327      6851FC
 328 0b88 9C10A149 		.ascii	"\234\020\241I)J\223\202L\215\227T\215\231\204[/u\270"
 328      294A9382 
 328      4C8D9754 
 328      8D99845B 
 328      2F75B8
 329 0b9b D4B91AF9 		.ascii	"\324\271\032\371[\3437a\271\032\262\003\000\025\232"
 329      5BE33761 
 329      B91AB203 
 329      00159A
 330 0baa A55ACC58 		.ascii	"\245Z\314X\265\030~5\335J\2741\010i0\276\357\367\331"
 330      B5187E35 
 330      DD4ABC31 
 330      086930BE 
 330      EFF7D9
 331 0bbd 1577C52D 		.ascii	"\025w\305-\213(\025\232\226\035\325\3603\0244GU\350"
 331      8B28159A 
 331      961DD5F0 
 331      33143447 
 331      55E8
 332 0bcf 9E983AA5 		.ascii	"\236\230:\245\305\003L\205\274\324\3728\376\225K+\354"
 332      C5034C85 
ARM GAS  /var/folders/d3/p12xj6d96hx5ptyrkl_lzds40000gn/T//ccQaqhqR.s 			page 26


 332      BCD4FA38 
 332      FE954B2B 
 332      EC
 333 0be0 CD51EF95 		.ascii	"\315Q\357\225\276\006~\024e\361\001|\376a\357>\276s"
 333      BE067E14 
 333      65F1017C 
 333      FE61EF3E 
 333      BE73
 334 0bf2 19A1E779 		.ascii	"\031\241\347y\233\362.\362\243\300\036r\334\3270\227"
 334      9BF22EF2 
 334      A3C01E72 
 334      DCD73097 
 335 0c02 5FABE6F4 		.ascii	"_\253\346\364\236\200g\016]\034s\307\267\031\363\341"
 335      9E80670E 
 335      5D1C73C7 
 335      B719F3E1 
 336 0c12 5BB1FBBD 		.ascii	"[\261\373\275\361S\206\344\267miw\307\243\014\251H\215"
 336      F15386E4 
 336      B76D6977 
 336      C7A30CA9 
 336      488D
 337 0c24 8EC638DA 		.ascii	"\216\3068\332\235\"1\342\343\024\027\262\351\213\375"
 337      9D2231E2 
 337      E31417B2 
 337      E98BFD
 338 0c33 8EE3163C 		.ascii	"\216\343\026<|y\277\026-\366\367S^s\300\256\011%`\226"
 338      7C79BF16 
 338      2DF6F753 
 338      5E73C0AE 
 338      09256096 
 339 0c47 8D89D81F 		.ascii	"\215\211\330\037%aY\026\302\302\376\313'\344\254\016"
 339      25615916 
 339      C2C2FECB 
 339      27E4AC0E 
 340 0c57 28EC7B69 		.ascii	"(\354{i\\,lRw-e\345\275\005C\027\343|\024*\226\234\373"
 340      5C2C6C52 
 340      772D65E5 
 340      BD054317 
 340      E37C142A 
 341 0c6e 263C2F57 		.ascii	"&</W\343$\252\272pvlz\326\015\371/\266V\353\357v\323"
 341      E324AABA 
 341      70766C7A 
 341      D60DF92F 
 341      B656EBEF 
 342 0c84 A54B328C 		.ascii	"\245K2\214\336\212m\001 \"\235-\224\266\201\242JJ\223"
 342      DE8A6D01 
 342      20229D2D 
 342      94B681A2 
 342      4A4A93
 343 0c97 EF5D763E 		.ascii	"\357]v>L\360\3049\356v\337\206\370\260oC\316\314OY\274"
 343      4CF0C439 
 343      EE76DF86 
 343      F8B06F43 
 343      CECC4F59 
 344 0cac 591C48D8 		.ascii	"Y\034H\3306\367\235l\361\304{\031\351\201\351\231\021"
 344      36F79D6C 
 344      F1C47B19 
ARM GAS  /var/folders/d3/p12xj6d96hx5ptyrkl_lzds40000gn/T//ccQaqhqR.s 			page 27


 344      E981E999 
 344      11
 345 0cbd 72DEB294 		.ascii	"r\336\262\224|\003\201eg\262K\331\231\354\211\266s\007"
 345      7C038165 
 345      67B24BD9 
 345      99EC89B6 
 345      7307
 346 0ccf 75F810B3 		.ascii	"u\370\020\263`\277%&\036Y\277Q\202\010h\213\274T(\025"
 346      60BF2526 
 346      1E59BF51 
 346      8208688B 
 346      BC542815 
 347 0ce3 FBA2340C 		.ascii	"\373\2424\014\332e\201FK\371a^\006<L\307\326#\373\256"
 347      DA658146 
 347      4BF9615E 
 347      063C4CC7 
 347      D623FBAE 
 348 0cf7 A7FF424F 		.ascii	"\247\377BOo3\261\026\355\220L]\312\317\256\233\322\256"
 348      6F33B116 
 348      ED904C5D 
 348      CACFAE9B 
 348      D2AE
 349 0d09 0F69F151 		.ascii	"\017i\361Q&\243x\344B\251\267S\0319Net'.\245_\242e\203"
 349      26A378E4 
 349      42A9B753 
 349      19394E65 
 349      74272EA5 
 350 0d21 8C9D920C 		.ascii	"\214\235\222\014\020\311\204\244\034\275>\353\215\233"
 350      10C984A4 
 350      1CBD3EEB 
 350      8D9B
 351 0d2f 9890B4FE 		.ascii	"\230\220\264\376-3\322\331o\307L\310\301x\3228w\303"
 351      2D33D2D9 
 351      6FC74CC8 
 351      C178D238 
 351      77C3
 352 0d41 D85DD2D8 		.ascii	"\330]\322\330ll;\266\\\240H\256\202\"$\340[o\237G\270"
 352      6C6C3BB6 
 352      5CA048AE 
 352      822224E0 
 352      5B6F9F47 
 353 0d56 95F936F5 		.ascii	"\225\3716\365D~\243+\276\314\220\303\2453\025ZZ\277"
 353      447EA32B 
 353      BECC90C3 
 353      A533155A 
 353      5ABF
 354 0d68 5F5BCBB7 		.ascii	"_[\313\267'\376\352\036\301i\371\356\305\244|\3631/"
 354      27FEEA1E 
 354      C169F9EE 
 354      C5A47CF3 
 354      312F
 355 0d7a 5F314F4C 		.ascii	"_1OL\021\354N;\200@F^\200\255K\027 .\252\315(\361\300"
 355      11EC4E3B 
 355      8040465E 
 355      80AD4B17 
 355      202EAACD 
 356 0d91 3DCCD8E4 		.ascii	"=\314\330\344\206\374\223\356\310_\307\032\354\313M"
ARM GAS  /var/folders/d3/p12xj6d96hx5ptyrkl_lzds40000gn/T//ccQaqhqR.s 			page 28


 356      86FC93EE 
 356      C85FC71A 
 356      ECCB4D
 357 0da0 3EA4C11E 		.ascii	">\244\301\036\000\362}\222\2510\332\241\263\313\271"
 357      00F27D92 
 357      A930DAA1 
 357      B3CBB9
 358 0daf A3FD60AD 		.ascii	"\243\375`\255\235\200\321\311\364Ao|\213\231f\251\256"
 358      9D80D1C9 
 358      F4416F7C 
 358      8B9966A9 
 358      AE
 359 0dc0 AFD2E187 		.ascii	"\257\322\341\207\014\031\235\335]\313\233\000\351\011"
 359      0C199DDD 
 359      5DCB9B00 
 359      E909
 360 0dce 7303A9A9 		.ascii	"s\003\251\251\256\374\364\202\364\200\361s\003\011\036"
 360      AEFCF482 
 360      F480F173 
 360      03091E
 361 0ddd 789A0F9C 		.ascii	"x\232\017\2349v]\207\243i\246ik\312\332 \360\344xB\347"
 361      39765D87 
 361      A369A669 
 361      6BCADA20 
 361      F0E47842 
 362 0df2 0765EB67 		.ascii	"\007e\353g7\213\024\203\213\213\210\337\013A\347R^\002"
 362      378B1483 
 362      8B8B88DF 
 362      0B41E752 
 362      5E02
 363 0e04 55A05519 		.ascii	"U\240U\031\366C\207\001\216\002\034\001\250\306\362"
 363      F6438701 
 363      8E021C01 
 363      A8C6F2
 364 0e13 0D7AC3F4 		.ascii	"\015z\303\364\037n\362\265Y\005\250\177\220\017v\272"
 364      1F6EF2B5 
 364      5905A87F 
 364      900F76BA 
 365 0e23 BAAEEFA6 		.ascii	"\272\256\357\246S1\241\335\243H\313\346m\333\346#\227"
 365      5331A1DD 
 365      A348CBE6 
 365      6DDBE623 
 365      97
 366 0e34 6EBC2A09 		.ascii	"n\274*\011\231\344\313RZ\301r_Vb\371,Y\201ur\0157\334"
 366      99E4CB52 
 366      5AC1725F 
 366      5662F92C 
 366      59817572 
 367 0e4b E4BB1312 		.ascii	"\344\273\023\022\222<G\251N\017[l\036)\007/\274\211"
 367      923C47A9 
 367      4E0F5B6C 
 367      1E29072F 
 367      BC89
 368 0e5d 4758F86B 		.ascii	"GX\370k\263\350\002\242\324\261\261\321]\\\026_\267"
 368      B3E802A2 
 368      D4B1B1D1 
 368      5D5C165F 
ARM GAS  /var/folders/d3/p12xj6d96hx5ptyrkl_lzds40000gn/T//ccQaqhqR.s 			page 29


 368      B7
 369 0e6e 40861E72 		.ascii	"@\206\036rTd\301\241_c\267\357N\321\022\203i\325l\347"
 369      5464C1A1 
 369      5F63B7EF 
 369      4ED11283 
 369      69D56CE7 
 370 0e82 E4B6FA90 		.ascii	"\344\266\372\220-\212H\22799i\321\3424\326Rj\342\206"
 370      2D8A4897 
 370      393969D1 
 370      E234D652 
 370      6AE286
 371 0e95 E6BC7111 		.ascii	"\346\274q\021E4S\251\311\203:r\276\273\230\037\355Z"
 371      453453A9 
 371      C9833A72 
 371      BEBB981F 
 371      ED5A
 372 0ea7 5E5AB5B0 		.ascii	"^Z\265\260F\254\341u\021\233\265\217\330BZ\371J\353"
 372      46ACE175 
 372      119BB58F 
 372      D8425AF9 
 372      4AEB
 373 0eb9 489F4CE5 		.ascii	"H\237L\345ZN\356\2402\240N\367G5|\010q\365qp\3651po"
 373      5A4EEEA0 
 373      32A04EF7 
 373      47357C08 
 373      71F57170 
 374 0ed1 1D402340 		.ascii	"\035@#@\275\235\233\247\230\233\033\224\334\234\326"
 374      BD9D9BA7 
 374      989B1B94 
 374      DC9CD6
 375 0ee0 E7E03805 		.ascii	"\347\3408\005-\254\216K?_\371\310\025Wk\331\027\207"
 375      2DAC8E4B 
 375      3F5FF9C8 
 375      15576BD9 
 375      1787
 376 0ef2 AFAA6F78 		.ascii	"\257\252ox\302\224\246\254\234\005\024z#\345 q#s+H\342"
 376      C294A6AC 
 376      9C05147A 
 376      23E52071 
 376      23732B48 
 377 0f07 9E00F226 		.ascii	"\236\000\362&)q\0330_e\035k|\372\021+a_\362\255\373"
 377      29711B30 
 377      5F651D6B 
 377      7CFA112B 
 377      615FF2AD 
 378 0f1c CD510B9F 		.ascii	"\315Q\013\237M\006I\011W\264'\347z\342\363,\230\351"
 378      4D064909 
 378      57B427E7 
 378      7AE2F32C 
 378      98E9
 379 0f2e AFCE3643 		.ascii	"\257\3166C\217cH\243e\274I\215{\030\222}\242\342,\306"
 379      8F6348A3 
 379      65BC498D 
 379      7B18927D 
 379      A2E22CC6 
 380 0f42 830C192E 		.ascii	"\203\014\031.\330\377@\300C\014I\213\313\277\017S=C"
 380      D8FF40C0 
ARM GAS  /var/folders/d3/p12xj6d96hx5ptyrkl_lzds40000gn/T//ccQaqhqR.s 			page 30


 380      430C498B 
 380      CBBF0F53 
 380      3D43
 381 0f54 CAD2A2D3 		.ascii	"\312\322\242\323\005\374\234!\207cn\237q\305\261\036"
 381      05FC9C21 
 381      87636E9F 
 381      71C5B11E 
 382 0f64 04716BCD 		.ascii	"\004qk\315\230J\363\242G\377\244\035\330\312\345\021"
 382      984AF3A2 
 382      47FFA41D 
 382      D8CAE511 
 383 0f74 2F68B20C 		.ascii	"/h\262\014:\003\312_zm\226N\366\331\026\327\347\035"
 383      3A03CA5F 
 383      7A6D964E 
 383      F6D916D7 
 383      E71D
 384 0f86 89ED371C 		.ascii	"\211\3557\034\020\265+}\276\3214\365\310\342\270\225"
 384      10B52B7D 
 384      BED134F5 
 384      C8E2B895 
 385 0f96 932B2C8E 		.ascii	"\223+,\216\031\353\321\034\3312"
 385      19EBD11C 
 385      D932
 386 0fa0 FFB4B226 		.ascii	"\377\264\262&\012\205{\012\"}\222D\372\034\037B\002"
 386      0A857B0A 
 386      227D9244 
 386      FA1C1F42 
 386      02
 387 0fb1 76190276 		.ascii	"v\031\002v\021\002\325\001\320\011\320\006\320\016p"
 387      1102D501 
 387      D009D006 
 387      D00E70
 388 0fc0 C12EAB3A 		.ascii	"\301.\253:rhV]R\312\252\256>\331Q\337YGm\026l\314{\230"
 388      7268565D 
 388      52CAAAAE 
 388      3ED951DF 
 388      59476D16 
 389 0fd8 5FC8F6A7 		.ascii	"_\310\366\247E\231\330v\316~w8\363\241\032o\243A\021"
 389      4599D876 
 389      CE7E7738 
 389      F3A11A6F 
 389      A34111
 390 0feb 4EDF4F19 		.ascii	"N\337O\031\367\222-b6\344\314\222\375q\027\214\277\""
 390      F7922D62 
 390      36E4CC92 
 390      FD71178C 
 390      BF22
 391 0ffd 65D225   		.ascii	"e\322%"
 392 1000 D922C6D1 		.ascii	"\331\"\306\321\354\253`\352\233\232\015\322/O\354K\320"
 392      ECAB60EA 
 392      9B9A0DD2 
 392      2F4FEC4B 
 392      D0
 393 1011 E01C2A1D 		.ascii	"\340\034*\035\305]\216\3761\336\317\356\357\337\337"
 393      C55D8EFE 
 393      31DECFEE 
 393      EFDFDF
ARM GAS  /var/folders/d3/p12xj6d96hx5ptyrkl_lzds40000gn/T//ccQaqhqR.s 			page 31


 394 1020 9BC17FF0 		.ascii	"\233\301\177\360\363W\200N6\2477\251\265\262\357\324"
 394      F357804E 
 394      36A737A9 
 394      B5B2EFD4 
 395 1030 C90BA9E9 		.ascii	"\311\013\251\351\366\222\271\034B\210z\330D\375\364"
 395      F692B91C 
 395      42887AD8 
 395      44FDF4
 396 103f 407B2599 		.ascii	"@{%\231\246\374\265\350O\262U\217?\313\303\334\264\333"
 396      A6FCB5E8 
 396      4FB2558F 
 396      3FCBC3DC 
 396      B4DB
 397 1051 59EEB88A 		.ascii	"Y\356\270\212\231\274\243\370E\201`]\221\344\307\212"
 397      99BCA3F8 
 397      4581605D 
 397      91E4C78A 
 398 1061 4BA28FF8 		.ascii	"K\242\217\370\312N\372\372\301\006\177\276\022\270\016"
 398      CA4EFAFA 
 398      C1067FBE 
 398      12B80E
 399 1070 46F6C996 		.ascii	"F\366\311\226=\236\364\267C7\241\316oH\316\361\347+"
 399      3D9EF4B7 
 399      4337A1CE 
 399      6F48CEF1 
 399      E72B
 400 1082 92CD7145 		.ascii	"\222\315qE)\036\270\211\011\331\2236\331\240u.\344\226"
 400      291EB889 
 400      09D99336 
 400      D9A0752E 
 400      E496
 401 1094 5321DD89 		.ascii	"S!\335\211\377@\327=\203 d@\022r\323\272\356\351/\277"
 401      FF40D73D 
 401      83206440 
 401      1272D3BA 
 401      EEE92FBF 
 402 10a8 7E5A8DCF 		.ascii	"~Z\215\3172)\247jzG5\316\245\334u*%\357Y\310\356\253"
 402      3229A76A 
 402      7A4735CE 
 402      A5DC752A 
 402      25EF59C8 
 403 10be 24D07740 		.ascii	"$\320w@\314mI\314\240U\314\334\344\255X\327E\251<\342"
 403      CC6D49CC 
 403      A055CCDC 
 403      E4AD58D7 
 403      45A93CE2 
 404 10d2 9FEFF4A2 		.ascii	"\237\357\364\242\224\261\300$\2064Tt\017/\262F\001\310"
 404      94B1C024 
 404      86345474 
 404      0F2FB246 
 404      01C8
 405 10e4 5DB3EF9D 		.ascii	"]\263\357\235H\320\221\311\236|\013!\345\311NXb\211"
 405      48D091C9 
 405      9E7C0B21 
 405      E5C94E58 
 405      6289
 406 10f6 30669E1C 		.ascii	"0f\236\034\217_\0031C<Q\036\203f\017 1\036\001\334\007"
ARM GAS  /var/folders/d3/p12xj6d96hx5ptyrkl_lzds40000gn/T//ccQaqhqR.s 			page 32


 406      8F5F0331 
 406      433C511E 
 406      83660F20 
 406      311E01DC 
 407 110b 7802F010 		.ascii	"x\002\360\020\313O\246\032\246#_\362\211\224\254\250"
 407      CB4FA61A 
 407      A6235FF2 
 407      8994ACA8 
 408 111b E3F9605B 		.ascii	"\343\371`[R\367:V@\356\177\222\002 \211\333\314im)\352"
 408      52F73A56 
 408      40EE7F92 
 408      022089DB 
 408      CC696D29 
 409 1130 780A9335 		.ascii	"x\012\2235\200\240/\354\374\220X\201\2729\265\3256\024"
 409      80A02FEC 
 409      FC905881 
 409      BA39B5D5 
 409      3614
 410 1142 8D1DC88F 		.ascii	"\215\035\310\217\366\3636B\372k\012'\267\365i\371\261"
 410      F6F33642 
 410      FA6B0A27 
 410      B7F569F9 
 410      B1
 411 1153 08DFD4EF 		.ascii	"\010\337\324\357\241e=\264\240\254\341]\227\225\027"
 411      A1653DB4 
 411      A0ACE15D 
 411      979517
 412 1162 D9D4C771 		.ascii	"\331\324\307q^\266o\020z\355+\2651>n\322\023w\262X\037"
 412      5EB66F10 
 412      7AED2BB5 
 412      313E6ED2 
 412      1377B258 
 413 1177 8E4E3926 		.ascii	"\216N9&\330\315\026v\336\035\006\217\276\211wm\207\314"
 413      D8CD1676 
 413      DE1D068F 
 413      BE89776D 
 413      87CC
 414 1189 7B2648FC 		.ascii	"{&H\374\237\301\220\247R\374\207\254SF_j\363m\367\367"
 414      9FC190A7 
 414      52FC87AC 
 414      53465F6A 
 414      F36DF7F7 
 415 119d F6D1DD65 		.ascii	"\366\321\335e\303\364/\022b\333Dq\257\216\222\277b\273"
 415      C3F42F12 
 415      62DB4471 
 415      AF8E92BF 
 415      62BB
 416 11af 4B9B6815 		.ascii	"K\233h\025yBN\234\360{\344\007\014\217\317\305ip?\253"
 416      79424E9C 
 416      F07BE407 
 416      0C8FCFC5 
 416      69703FAB 
 417 11c3 E9E72F13 		.ascii	"\351\347/\023\237\361\305\343\333\200^\335\2335\310"
 417      9FF1C5E3 
 417      DB805EDD 
 417      9B35C8
 418 11d2 679E0A32 		.ascii	"g\236\0122\363\\\3168\325\355\206\3573Z\353\017M|\330"
ARM GAS  /var/folders/d3/p12xj6d96hx5ptyrkl_lzds40000gn/T//ccQaqhqR.s 			page 33


 418      F35CCE38 
 418      D5ED86EF 
 418      335AEB0F 
 418      4D7CD8
 419 11e5 0F4D36DD 		.ascii	"\017M6\335\257?\215\360${Ww\252\033\032r\214\216\"\255"
 419      AF3F8DF0 
 419      247B5777 
 419      AA1B1A72 
 419      8C8E22AD 
 420 11f9 BD5BDABC 		.ascii	"\275[\332\274q\012C\266\317nMS\343\\\206X\1773\350\303"
 420      710A43B6 
 420      CF6E4D53 
 420      E35C8658 
 420      7F33E8C3 
 421 120d 7E335830 		.ascii	"~3X0\272\253Y\203K\331\273\276\003\373\273\020>\306"
 421      BAAB5983 
 421      4BD9BBBE 
 421      03FBBB10 
 421      3EC6
 422 121f 90ADDD45 		.ascii	"\220\255\335E\027\264\370\014C\352\2336?\362\300\235"
 422      17B4F80C 
 422      43EA9B36 
 422      3FF2C09D 
 423 122f 0C697A74 		.ascii	"\014izt\012\242r\223K\352,\271\257\306\017\031\322U"
 423      0AA27293 
 423      4BEA2CB9 
 423      AFC60F19 
 423      D255
 424 1241 539BE18A 		.ascii	"S\233\341\212\247\0302\322u5\323\035\307zR\344\\\365"
 424      A71832D2 
 424      7535D31D 
 424      C77A52E4 
 424      5CF5
 425 1253 61D10527 		.ascii	"a\321\005'3\244\350`\254E\215\263\031\322<\224\237\351"
 425      33A4E860 
 425      AC458DB3 
 425      19D23C94 
 425      9FE9
 426 1265 81F732E4 		.ascii	"\201\3672\344\301\374\304\230\200\213\031rj\254\242"
 426      C1FCC498 
 426      808B1972 
 426      6AACA2
 427 1274 90773BB2 		.ascii	"\220w;\262K\033\236*Hps\336\355\266\250y\267\333\254"
 427      4B1B9E2A 
 427      487073DE 
 427      EDB6A879 
 427      B7DBAC
 428 1287 A6DDAE22 		.ascii	"\246\335\256\"\275\242\321Z\235\026\361sD\177.!\221"
 428      BDA2D15A 
 428      9D16F173 
 428      447F2E21 
 428      91
 429 1298 27A81759 		.ascii	"'\250\027Y\007\321}\373@K\271;\256\245\202}\012/7\244"
 429      07D17DFB 
 429      404BB93B 
 429      AEA5827D 
 429      0A2F37A4 
ARM GAS  /var/folders/d3/p12xj6d96hx5ptyrkl_lzds40000gn/T//ccQaqhqR.s 			page 34


 430 12ac 0AC8CFFE 		.ascii	"\012\310\317\376C\2769\\\314f\344\254g\033\257\335\211"
 430      43BE395C 
 430      CC66E4AC 
 430      671BAFDD 
 430      89
 431 12bd 274780E4 		.ascii	"'G\200\344\2473qj\214\366\250mG\200\001\216\247\205"
 431      A733716A 
 431      8CF6A86D 
 431      4780018E 
 431      A785
 432 12cf 13FF21C6 		.ascii	"\023\377!\306j(e\264=%\233s>\226-\354l\224sX\201\322"
 432      6A2865B4 
 432      3D259B73 
 432      3E962DEC 
 432      6C947358 
 433 12e5 EE08D246 		.ascii	"\356\010\322F\372J\211T\276\002\274a#\215W\320\324\356"
 433      FA4A8954 
 433      BE02BC61 
 433      238D57D0 
 433      D4EE
 434 12f7 07032D1E 		.ascii	"\007\003-\036V\243\022\355I\317,P`\322\306UT\262\212"
 434      56A312ED 
 434      49CF2C50 
 434      60D2C655 
 434      54B28A
 435 130a 2D291969 		.ascii	"-)\031i\252\304vFI\331i\031\355\230\215m\214\022[\331"
 435      AAC47646 
 435      49D96919 
 435      ED988D6D 
 435      8C125BD9 
 436 131e 5264BBC4 		.ascii	"Rd\273\304\365%VPVF:\022(\306k\350.9\2263\265-=\003"
 436      F5255650 
 436      56463A12 
 436      28C66BE8 
 436      2E399633 
 437 1336 1CCF8177 		.ascii	"\034\317\201wJl\247\224\330\312\015\313\224h_(\321\312"
 437      4A6CA794 
 437      D8CA0DCB 
 437      94685F28 
 437      D1CA
 438 1348 429B2391 		.ascii	"B\233#\221N*\221>\227\261}e\363\301\254\222\273Fdm\264"
 438      4E2A913E 
 438      97B17D65 
 438      F3C1AC92 
 438      BB46646D 
 439 135d D740BA28 		.ascii	"\327@\272(\220(\034\177\267x\261\343o\302hBI\246\374"
 439      90281C7F 
 439      B778B1E3 
 439      6FC26842 
 439      49A6FC
 440 1370 5BC83E17 		.ascii	"[\310>\027\"\023\212\002m\342.r\272\375xaSo^I\275\347"
 440      22138A02 
 440      6DE22E72 
 440      BAFD7861 
 440      536F5E49 
 441 1386 0E9B0993 		.ascii	"\016\233\011\223\012\215\203\267\307\350\214A\250I_"
 441      0A8D83B7 
ARM GAS  /var/folders/d3/p12xj6d96hx5ptyrkl_lzds40000gn/T//ccQaqhqR.s 			page 35


 441      C7E88C41 
 441      A8495F
 442 1395 CC51FBA3 		.ascii	"\314Q\373\243\\\265\037J\001H\002\330\001\220\016\260"
 442      5CB51F4A 
 442      014802D8 
 442      01900EB0 
 443 13a5 15200D60 		.ascii	"\025 \015`7@2\3006\200l\200\355\000\031\000Y\000\231"
 443      374032C0 
 443      36806C80 
 443      ED001900 
 443      590099
 444 13b8 003B0176 		.ascii	"\000;\001v\001\244\252m\213\246kc\227\3135\370\021\255"
 444      01A4AA6D 
 444      8BA66B63 
 444      97CB35F8 
 444      11AD
 445 13ca 60A174F2 		.ascii	"`\241t\362f\235`]\262Y\252Z\350\001\353^\020\236\247"
 445      669D605D 
 445      B259AA5A 
 445      E801EB5E 
 445      109EA7
 446 13dd B6F571E2 		.ascii	"\266\365q\3425'\212\242|\320\357\317\250k\366\275\261"
 446      35278AA2 
 446      7CD0EFCF 
 446      A86BF6BD 
 446      B1
 447 13ee 36F5622E 		.ascii	"6\365b.\332\342T\264\352\377[nw\305\350C\015\314X\025"
 447      DAE254B4 
 447      EAFF5B6E 
 447      77C5E843 
 447      0DCC5815 
 448 1402 F9E474F8 		.ascii	"\371\344t\370\363\234\2368Q\\\204\012@\332(\233\337"
 448      F39C9E38 
 448      515C840A 
 448      40DA289B 
 448      DF
 449 1413 64A1224F 		.ascii	"d\241\"O~#\250\320>5\231\262\356\316\224\325\363\037"
 449      7E23A8D0 
 449      3E3599B2 
 449      EECE94D5 
 449      F31F
 450 1425 916A482F 		.ascii	"\221jH/\2763u\3735\275\370\200\265\027\357g\275x\"1"
 450      BE3375FB 
 450      35BDF880 
 450      B517EF67 
 450      BD782231 
 451 1439 7E8AFFAC 		.ascii	"~\212\377\254\235\374\336wS~\346\260\207\264pb\255\031"
 451      9DFCDE77 
 451      537EE6B0 
 451      87B47062 
 451      AD19
 452 144b BA003AA8 		.ascii	"\272\000:\250&\243\013ik\246<(\002#\242w\336O\265\377"
 452      26A30B69 
 452      6BA63C28 
 452      0223A277 
 452      DE4FB5FF 
 453 145f DDCB33BB 		.ascii	"\335\3133\273\363\205\"5=_ W2u\305\037\212v\305\023"
ARM GAS  /var/folders/d3/p12xj6d96hx5ptyrkl_lzds40000gn/T//ccQaqhqR.s 			page 36


 453      F3852235 
 453      3D5F2057 
 453      3275C51F 
 453      8A76C513 
 454 1473 6C16993B 		.ascii	"l\026\231;\267+\307\371\211\323!\265\374\364\374|\307"
 454      B72BC7F9 
 454      89D321B5 
 454      FCF4FC7C 
 454      C7
 455 1484 A511F725 		.ascii	"\245\021\367%\371\320\011\305\301\331\341\177\243?t"
 455      F9D009C5 
 455      C1D9E17F 
 455      A33F74
 456 1493 10C5536A 		.ascii	"\020\305SjB\206\212\245\324\201[\225\355\340\272DMN"
 456      42868AA5 
 456      D4815B95 
 456      EDE0BA44 
 456      4D4E
 457 14a5 8D0F4EBD 		.ascii	"\215\017N\275H\362\302\371^l\235n\331Z\354\311\371\364"
 457      48F2C2F9 
 457      5E6C9D6E 
 457      D95AECC9 
 457      F9F4
 458 14b7 8D7DD96B 		.ascii	"\215}\331k\307\247T\342S*\347SF\371LD\247\227\273\341"
 458      C7A754E2 
 458      532AE753 
 458      46F94C44 
 458      A797BBE1 
 459 14cb 438CCFA1 		.ascii	"C\214\317\241\262=\025^\370\030C\222N5\347j\324\020"
 459      B23D155E 
 459      F8184392 
 459      4E35E76A 
 459      D410
 460 14dd 91723A8A 		.ascii	"\221r:\212\034\246==S\210\271\230\335\223\337\366\215"
 460      1CA63D3D 
 460      5388B998 
 460      DD93DFF6 
 460      8D
 461 14ee DD83B5A0 		.ascii	"\335\203\265\240(\306!\037*\350\260U\020\252P\253\011"
 461      28C6211F 
 461      2AE8B055 
 461      10AA50AB 
 461      09
 462 14ff 26C93A42 		.ascii	"&\311:Be]~\326\260\325\003?g\354\305\302\213?\341\274"
 462      655D7ED6 
 462      B0D5033F 
 462      67ECC5C2 
 462      8B3FE1BC 
 463 1513 E686BFBD 		.ascii	"\346\206\277\275\321s\227\363bJWJJW\312\031UQF\203y"
 463      D17397F3 
 463      624A574A 
 463      4A57CA19 
 463      55514683 
 464 1528 F7D33D71 		.ascii	"\367\323=q\2647[\036\304g\037T\333\214\377]\237\235"
 464      B4375B1E 
 464      C4671F54 
 464      DB8CFF5D 
ARM GAS  /var/folders/d3/p12xj6d96hx5ptyrkl_lzds40000gn/T//ccQaqhqR.s 			page 37


 464      9F9D
 465 153a F1D5129F 		.ascii	"\361\325\022\237j9\237\243\224O\341\255\344\375\256"
 465      6A399FA3 
 465      944FE1AD 
 465      E4FDAE
 466 1549 789BB713 		.ascii	"x\233\267\023{\323k\232\353\\l\366\376\276\327\301\336"
 466      7BD36B9A 
 466      EB5C6CF6 
 466      FEBED7C1 
 466      DE
 467 155a 1A9BBDB5 		.ascii	"\032\233\275\265`o\215\234\3751\312\376n\311\216[\366"
 467      606F8D9C 
 467      FD31CAFE 
 467      6EC98E5B 
 467      F6
 468 156b BF5BECB2 		.ascii	"\277[\354\262\313\242:\236Eu4\213\366te\025h\355\250"
 468      CBA23A9E 
 468      4575348B 
 468      F6746515 
 468      68EDA8
 469 157e C9F70612 		.ascii	"\311\367\006\022u=\247\256\247\324\007\023\032\3330"
 469      753DA7AE 
 469      A7D40713 
 469      1ADB30
 470 158d CE61AAEF 		.ascii	"\316a\252\357\2758\236\251\305E\0149<6qX\303\222\237"
 470      BD389EA9 
 470      C5450C39 
 470      3C367158 
 470      C3929F
 471 15a0 FC378CA1 		.ascii	"\3747\214\241\326\321Y\017\347\245\323d-\235FV:\371"
 471      D6D1590F 
 471      E7A5D364 
 471      2D9D4656 
 471      3AF9
 472 15b2 8FFACAD5 		.ascii	"\217\372\312\325\216\265b\375\202I\205N\320Zi\262.c"
 472      8EB562FD 
 472      8249854E 
 472      D05A69B2 
 472      2E63
 473 15c4 06EF4D1E 		.ascii	"\006\357M\036\362\224So{\035\365\303\352\316\347\236"
 473      F294536F 
 473      7B1DF5C3 
 473      EACEE79E 
 474 15d4 D00E2ED3 		.ascii	"\320\016.\323v\260\241\364\220\270\245\002\372\244\005"
 474      76B0A1F4 
 474      90B8A502 
 474      FAA405
 475 15e3 6681E3E0 		.ascii	"f\201\343\340\313\227\302\022\331\330\0065\353\007'"
 475      CB97C212 
 475      D9D80635 
 475      EB0727
 476 15f2 D5EFA9DE 		.ascii	"\325\357\251\336\012\012\371\265a\315\317\214\246(\363"
 476      0A0AF9B5 
 476      61CDCF8C 
 476      A628F3
 477 1601 6F424C86 		.ascii	"oBL\206\300`\267\237\377\352\353wW._\256\322F\352\001"
 477      C060B79F 
ARM GAS  /var/folders/d3/p12xj6d96hx5ptyrkl_lzds40000gn/T//ccQaqhqR.s 			page 38


 477      FFEAEB77 
 477      572E5FAE 
 477      D246EA01 
 478 1615 0F8D3419 		.ascii	"\017\2154\031#\264z\375Zc\270\371\343\217\364\346\177"
 478      23B47AFD 
 478      5A63B8F9 
 478      E38FF4E6 
 478      7F
 479 1626 0F581B65 		.ascii	"\017X\033e\012\010\215\010\012\014\015X\023\024\364"
 479      0A088D08 
 479      0A0C0D58 
 479      1314F4
 480 1635 41A029EC 		.ascii	"A\240)\354\203\360\210p\303\007\206\300U\306\017>\325"
 480      83F08870 
 480      C30786C0 
 480      55C60F3E 
 480      D5
 481 1646 7FF2C147 		.ascii	"\177\362\301G\037._\361\355G\001v/\002\214\341A\241"
 481      1F2E5FF1 
 481      ED470176 
 481      2F028CE1 
 481      41A1
 482 1658 6B830D01 		.ascii	"k\203\015\001a\201A!\306pC\200>\330\260:pm\250Yo\336"
 482      61814121 
 482      C6704380 
 482      3ED8B03A 
 482      706DA859 
 483 166e 1869885A 		.ascii	"\030i\210Z\026\242r\263\012\370\345\377M@\324\306\250"
 483      16A272B3 
 483      0AF8E5FF 
 483      4D40D4C6 
 483      A8
 484 167f 007D9439 		.ascii	"\000}\2249\030\270\001WW3Q_o^\261lY\300\312\020\343"
 484      18B80157 
 484      5733515F 
 484      6F5EB16C 
 484      59C0CA10 
 485 1694 2AE3BF7E 		.ascii	"*\343\277~\025\020\021\025`2\007DF\230\314Q\001?\375"
 485      15101115 
 485      60320744 
 485      4698CC51 
 485      013FFD
 486 16a7 F5172BBF 		.ascii	"\365\027+\277\330\020\020\024\021\026i\0145\230\242"
 486      D8101014 
 486      1116690C 
 486      3598A2
 487 16b6 027EBE72 		.ascii	"\002~\276re@P\210U)\367H}\230yC\2501\312\254\011\323"
 487      65405088 
 487      5529F748 
 487      7D987943 
 487      A831CAAC 
 488 16cc 871B3698 		.ascii	"\207\0336\230]\303\364\021\353\303\015&\270~\273\326"
 488      5DC3F411 
 488      EBC30D26 
 488      B87EBBD6 
 489 16dc B0D6A089 		.ascii	"\260\326\240\211\244\217\301\211z3\365^\224\355y\244"
 489      A48FC189 
ARM GAS  /var/folders/d3/p12xj6d96hx5ptyrkl_lzds40000gn/T//ccQaqhqR.s 			page 39


 489      7A33F55E 
 489      94ED79A4 
 490 16ec C9B0CEDB 		.ascii	"\311\260\316\333\356\241\036\206\2575\0336\350\315n"
 490      EEA11E86 
 490      AF351B36 
 490      E8CD6E
 491 16fb 404F6FC1 		.ascii	"@Oo\301\307\206HC8h\273\306\303\260\316\020n\016\013"
 491      C7864843 
 491      3868BBC6 
 491      C3B0CE10 
 491      6E0E0B
 492 170e 8CFA466F 		.ascii	"\214\372Fov\001\271Qk\334\365z\356\023W~u\201\247z\263"
 492      7601B951 
 492      6BDCF57A 
 492      EE13577E 
 492      7581A77A 
 493 1723 96BEA52C 		.ascii	"\226\276\245,A\301\365\201F3\014\367\226\251@\024\366"
 493      41C1F581 
 493      46330CF7 
 493      96A94014 
 493      F6
 494 1734 92237A33 		.ascii	"\222#z3\216\324\257\325\030\326\023\366\232\365f0*\022"
 494      8ED4AFD5 
 494      18D613F6 
 494      9AF56630 
 494      2A12
 495 1746 2E5186B0 		.ascii	".Q\206\260H\227(}P\270\331\005\000\304pEu\300\013\336"
 495      4897287D 
 495      50B8D905 
 495      00C47045 
 495      75C00BDE 
 496 175a 05468644 		.ascii	"\005F\206D\230\014.\353\315fS\344\"\306\0162b\265\301"
 496      980C2EEB 
 496      CD6653E4 
 496      22C60E32 
 496      62B5C1
 497 176d 64080F02 		.ascii	"d\010\017\002c\200A\304\252\377\212t3l0\232\203\"\202"
 497      638041C4 
 497      AAFF8A74 
 497      336C309A 
 497      832282
 498 1780 0D1A53F0 		.ascii	"\015\032S\360F\320KC\322fu\224;K\231\317\200\253\365"
 498      46D04B43 
 498      D2667594 
 498      3B4B99CF 
 498      80ABF5
 499 1793 6A26CFE1 		.ascii	"j&\317\341\032\251_\035\032\270&\312\325\034\006\243"
 499      1AA95F1D 
 499      1AB826CA 
 499      D51C06A3 
 500 17a3 281E650E 		.ascii	"(\036e\0164\033\334\314\364\002\214\301\251\201a\006"
 500      341BDCCC 
 500      F4028CC1 
 500      A9816106 
 501 17b3 755048A0 		.ascii	"uPH\240\011^F\204\006\033\3105\334\260\336`\002\317"
 501      095E4684 
 501      061BC835 
ARM GAS  /var/folders/d3/p12xj6d96hx5ptyrkl_lzds40000gn/T//ccQaqhqR.s 			page 40


 501      DCB0DE60 
 501      02CF
 502 17c5 04993760 		.ascii	"\004\2317`\323\362\217\205P\223\233"
 502      D3F28F85 
 502      50939B
 503 17d0 C9B006B2 		.ascii	"\311\260\006\262@o~\377;\302\033\022\004\206@<\005\323"
 503      406F7EFF 
 503      3BC21B12 
 503      0486403C 
 503      05D3
 504 17e2 DF09A615 		.ascii	"\337\011\246\025\202\351S\301\364\011\360X\016\360\241"
 504      82E953C1 
 504      F409F058 
 504      0EF0A1
 505 17f1 60FA9160 		.ascii	"`\372\221`\372\314\203\014 \356\006\356?|\023n\372u"
 505      FACC830C 
 505      20EE06EE 
 505      3F7C136E 
 505      FA75
 506 1803 2BC24882 		.ascii	"+\302H\202\005E\204C\034\3154\340\306\010w[\024@\341"
 506      05458443 
 506      1CCD34E0 
 506      C608775B 
 506      1440E1
 507 1816 B0C88888 		.ascii	"\260\310\210\210P7\3568\363\337,\340jM\331\240\020\210"
 507      5037EE38 
 507      F3DF2CE0 
 507      6A4DD9A0 
 507      1088
 508 1828 07F05AF2 		.ascii	"\007\360Z\362\032\212\250\240\220` Y\372:\222\215Q\326"
 508      1A8AA8A0 
 508      90602059 
 508      FA3A928D 
 508      51D6
 509 183a BC7D9D2C 		.ascii	"\274}\235,\010\254\242\254(S\020\274\005\217B\276\230"
 509      08ACA2AC 
 509      285310BC 
 509      058F42BE 
 509      98
 510 184b 362E0B52 		.ascii	"6.\013Ry\323\316\360+0\2165\006\310\212\337\204\004"
 510      79D3CEF0 
 510      2B308E35 
 510      06C88ADF 
 510      8404
 511 185d FFDA106A 		.ascii	"\377\332\020j\010\2142\274\367\032\011\301\033!|\306"
 511      088C32BC 
 511      F71A09C1 
 511      1B217CC6 
 512 186d 20E2EFA0 		.ascii	" \342\357\240\020mX x\2252\300\301\253h\232\022E\015"
 512      106D5820 
 512      789532C0 
 512      C1AB689A 
 512      12450D
 513 1880 61D00156 		.ascii	"a\320\001V\255]\343\036\031\030n\014\"\371\354%\177"
 513      AD5DE31E 
 513      19186E0C 
 513      22F9EC25 
ARM GAS  /var/folders/d3/p12xj6d96hx5ptyrkl_lzds40000gn/T//ccQaqhqR.s 			page 41


 513      7F
 514 1891 0C49B0CE 		.ascii	"\014I\260\316L2\327m\235\031\236\204\232\003y\013Z\276"
 514      4C32D76D 
 514      9D199E84 
 514      9A03790B 
 514      5ABE
 515 18a3 02AAC77A 		.ascii	"\002\252\307z\343N\206\030\303H\016\001\031)8r]\275"
 515      E34E8618 
 515      C3480E01 
 515      19293872 
 515      5DBD
 516 18b5 363C0886 		.ascii	"6<\010\206\221\013{a\255\320uF\223ym`\250\236\0141i"
 516      910B7B61 
 516      ADD07546 
 516      93796D60 
 516      A89E0C31 
 517 18ca C8884093 		.ascii	"\310\210@\223\267\335C\275\371mG:V@\036@\035\032\030"
 517      B7DD43BD 
 517      F96D473A 
 517      56401E40 
 517      1D1A18
 518 18dd 65268FBE 		.ascii	"e&\217\276\247\360\036J\323D\256\256&\236\256&\236\256"
 518      A7F01E4A 
 518      D344AEAE 
 518      269EAE26 
 518      9EAE
 519 18ef 2692AE1A 		.ascii	"&\222\256\032\023M\016xH\313\313\023d\020\177l\244C"
 519      134D0E78 
 519      48CBCB13 
 519      64107F6C 
 519      A443
 520 1901 DD8164AD 		.ascii	"\335\201d\255\011j\312\254\223\036\202m6Gy\031\203C"
 520      096ACAAC 
 520      931E826D 
 520      36477919 
 520      8343
 521 1913 0D3CABA0 		.ascii	"\015<\253\240\332\271#V|\302\035An\264Q\346o\002C\215"
 521      DAB92356 
 521      7CC21D41 
 521      6EB451E6 
 521      6F02438D 
 522 1927 6BC2F566 		.ascii	"k\302\365f\017\311\301\264\315Pwz\005\255\326G\254^"
 522      0FC9C1B4 
 522      CD50777A 
 522      05ADD647 
 522      AC5E
 523 1939 4D5C0425 		.ascii	"M\\\004%\0174\014%\365\250\343\367\264$\255\010-Do\033"
 523      0F340C25 
 523      F5A8E3F7 
 523      B424AD08 
 523      2D446F1B 
 524 194d F24DA831 		.ascii	"\362M\2501\314h\033Ej\323JH\215\265\"\324b-G\300l\017"
 524      CC681B45 
 524      6AD34A48 
 524      8DB522D4 
 524      622D47C0 
 525 1963 9B546384 		.ascii	"\233Tc\204\247\324\236\214\1774\020%\211\367\310\275"
ARM GAS  /var/folders/d3/p12xj6d96hx5ptyrkl_lzds40000gn/T//ccQaqhqR.s 			page 42


 525      A7D49E8C 
 525      7F341025 
 525      89F7C8BD 
 526 1973 16EE23CD 		.ascii	"\026\356#\315&\353\355:p\2511\"\334\225\230\001\217"
 526      26EBED3A 
 526      70A93122 
 526      DC959801 
 526      8F
 527 1984 C8F58F06 		.ascii	"\310\365\217\006\023\035o\014\006'\031W\033\015&+g\302"
 527      131D6F0C 
 527      06271957 
 527      1B0D262B 
 527      67C2
 528 1996 E3752561 		.ascii	"\343u%a\313fh\345\220\227,\263\340\356\253\215Q\277"
 528      CB6668E5 
 528      90972CB3 
 528      E0EEAB8D 
 528      51BF
 529 19a8 8C08FAE6 		.ascii	"\214\010\372\346\265e\262\221M\000\244-\300d\364\215"
 529      B565B291 
 529      4D00A42D 
 529      C064F48D 
 530 19b8 A75E1F6C 		.ascii	"\247^\037l\214\012\\\005\2410\232\276\365\014\014]\037"
 530      8C0A5C05 
 530      A1309ABE 
 530      F50C0C5D 
 530      1F
 531 19c9 B8310A1A 		.ascii	"\2701\012\032F(\314f\313\354\371@\272\005\254\374\342"
 531      4628CC66 
 531      CBECF940 
 531      BA05ACFC 
 531      E2
 532 19da AB7FFE4A 		.ascii	"\253\177\376JbG\032FP\330\317 %\201\251\007U\340\353"
 532      62471A46 
 532      50D8CF20 
 532      2581A907 
 532      55E0EB
 533 19ed 70C296F5 		.ascii	"p\302\226\365\235\265\364^\247\327\033\302m\022\364"
 533      9DB5F45E 
 533      A7D71BC2 
 533      6D12F4
 534 19fc 3491F5FA 		.ascii	"4\221\365\372e\237\256\370\321\247nV\354\177\001\215"
 534      659FAEF8 
 534      D1A76E56 
 534      EC7F018D 
 535 1a0c 82B0E7   		.ascii	"\202\260\347"
 536              		.text
 537              		.section	.gnu.lto_.symtab.74e047b6ba01676a,"",%progbits
 538 0000 63685265 		.ascii	"chRegFirstThread\000"
 538      67466972 
 538      73745468 
 538      72656164 
 538      00
 539 0011 00       		.ascii	"\000"
 540 0012 00       		.ascii	"\000"
 541 0013 00       		.ascii	"\000"
 542 0014 00000000 		.ascii	"\000\000\000\000\000\000\000\000"
ARM GAS  /var/folders/d3/p12xj6d96hx5ptyrkl_lzds40000gn/T//ccQaqhqR.s 			page 43


 542      00000000 
 543 001c 75010000 		.ascii	"u\001\000\000"
 544 0020 63685265 		.ascii	"chRegNextThread\000"
 544      674E6578 
 544      74546872 
 544      65616400 
 545 0030 00       		.ascii	"\000"
 546 0031 00       		.ascii	"\000"
 547 0032 00       		.ascii	"\000"
 548 0033 00000000 		.ascii	"\000\000\000\000\000\000\000\000"
 548      00000000 
 549 003b 79010000 		.ascii	"y\001\000\000"
 550 003f 63685F64 		.ascii	"ch_debug\000"
 550      65627567 
 550      00
 551 0048 00       		.ascii	"\000"
 552 0049 00       		.ascii	"\000"
 553 004a 00       		.ascii	"\000"
 554 004b 00000000 		.ascii	"\000\000\000\000\000\000\000\000"
 554      00000000 
 555 0053 23020000 		.ascii	"#\002\000\000"
 556 0057 636800   		.ascii	"ch\000"
 557 005a 00       		.ascii	"\000"
 558 005b 02       		.ascii	"\002"
 559 005c 00       		.ascii	"\000"
 560 005d 00000000 		.ascii	"\000\000\000\000\000\000\000\000"
 560      00000000 
 561 0065 F0010000 		.ascii	"\360\001\000\000"
 562 0069 63685468 		.ascii	"chThdRelease\000"
 562      6452656C 
 562      65617365 
 562      00
 563 0076 00       		.ascii	"\000"
 564 0077 02       		.ascii	"\002"
 565 0078 00       		.ascii	"\000"
 566 0079 00000000 		.ascii	"\000\000\000\000\000\000\000\000"
 566      00000000 
 567 0081 7D010000 		.ascii	"}\001\000\000"
 568              		.text
 569              		.section	.gnu.lto_.opts,"",%progbits
 570 0000 272D666D 		.ascii	"'-fmath-errno' '-fsigned-zeros' '-ftrapping-math' '"
 570      6174682D 
 570      6572726E 
 570      6F272027 
 570      2D667369 
 571 0033 2D666E6F 		.ascii	"-fno-trapv' '-fno-openmp' '-fno-openacc' '-mcpu=cor"
 571      2D747261 
 571      70762720 
 571      272D666E 
 571      6F2D6F70 
 572 0066 7465782D 		.ascii	"tex-m0' '-mno-thumb-interwork' '-mthumb' '-ggdb' '-"
 572      6D302720 
 572      272D6D6E 
 572      6F2D7468 
 572      756D622D 
 573 0099 4F322720 		.ascii	"O2' '-fomit-frame-pointer' '-falign-functions=16' '"
 573      272D666F 
ARM GAS  /var/folders/d3/p12xj6d96hx5ptyrkl_lzds40000gn/T//ccQaqhqR.s 			page 44


 573      6D69742D 
 573      6672616D 
 573      652D706F 
 574 00cc 2D666675 		.ascii	"-ffunction-sections' '-fdata-sections' '-fno-common"
 574      6E637469 
 574      6F6E2D73 
 574      65637469 
 574      6F6E7327 
 575 00ff 2720272D 		.ascii	"' '-flto'\000"
 575      666C746F 
 575      2700
 576              		.text
 577              		.comm	__gnu_lto_v1,1,1
 578              		.comm	__gnu_lto_slim,1,1
 579              		.ident	"GCC: (GNU Tools for ARM Embedded Processors) 5.4.1 20160609 (release) [ARM/embedded-5-bran
ARM GAS  /var/folders/d3/p12xj6d96hx5ptyrkl_lzds40000gn/T//ccQaqhqR.s 			page 45


DEFINED SYMBOLS
                            *ABS*:0000000000000000 chregistry.c
                            *COM*:0000000000000001 __gnu_lto_v1
                            *COM*:0000000000000001 __gnu_lto_slim

NO UNDEFINED SYMBOLS
