ARM GAS  /var/folders/d3/p12xj6d96hx5ptyrkl_lzds40000gn/T//ccDdpyAO.s 			page 1


   1              		.syntax unified
   2              		.cpu cortex-m0
   3              		.fpu softvfp
   4              		.eabi_attribute 20, 1
   5              		.eabi_attribute 21, 1
   6              		.eabi_attribute 23, 3
   7              		.eabi_attribute 24, 1
   8              		.eabi_attribute 25, 1
   9              		.eabi_attribute 26, 1
  10              		.eabi_attribute 30, 2
  11              		.eabi_attribute 34, 0
  12              		.eabi_attribute 18, 4
  13              		.thumb
  14              		.syntax unified
  15              		.file	"crt1.c"
  16              		.text
  17              	.Ltext0:
  18              		.section	.gnu.lto_.profile.39549190571065fe,"",%progbits
  19 0000 789C6361 		.ascii	"x\234ca`d`a`\000\222\222\242\000\000\261\0009"
  19      60646061 
  19      60009292 
  19      A20000B1 
  19      0039
  20              		.text
  21              		.section	.gnu.lto_.icf.39549190571065fe,"",%progbits
  22 0000 789C6361 		.ascii	"x\234ca`d\000\0015\006\004`cX?\363A\013\023#\230d\002"
  22      60640001 
  22      35060460 
  22      63583FF3 
  22      410B1323 
  23 0017 93CC8DB7 		.ascii	"\223\314\215\267O\375\344g9\362d\372[\026\326\213\337"
  23      4FFDE467 
  23      39F264FA 
  23      5B16D68B 
  23      DF
  24 0028 36F6F031 		.ascii	"6\366\3601\000\000S4\021\273"
  24      00005334 
  24      11BB
  25              		.text
  26              		.section	.gnu.lto_.jmpfuncs.39549190571065fe,"",%progbits
  27 0000 789C6361 		.ascii	"x\234ca`d\000\001A\006\004`\005b\240(\023\003\0033\003"
  27      60640001 
  27      41060460 
  27      0562A028 
  27      13030333 
  28 0015 030B9003 		.ascii	"\003\013\220\003\000\003d\000&"
  28      00036400 
  28      26
  29              		.text
  30              		.section	.gnu.lto_.inline.39549190571065fe,"",%progbits
  31 0000 789C6361 		.ascii	"x\234ca`d\000\201x\006\004`e``fbd`\0022\331\026\310"
  31      60640081 
  31      78060460 
  31      65606066 
  31      62646002 
  32 0018 8328A022 		.ascii	"\203(\240\"t\021&\014\021f \017\"\302\002&\201\224\310"
  32      7411260C 
ARM GAS  /var/folders/d3/p12xj6d96hx5ptyrkl_lzds40000gn/T//ccDdpyAO.s 			page 2


  32      1166200F 
  32      22C20226 
  32      8194C8
  33 002b 4A0EA088 		.ascii	"J\016\240\210\322\246\347\215\214pe\014\000\000\232"
  33      D2A6E78D 
  33      8C70650C 
  33      00009A
  34 003a 06B8     		.ascii	"\006\270"
  35              		.text
  36              		.section	.gnu.lto_.pureconst.39549190571065fe,"",%progbits
  37 0000 789C6361 		.ascii	"x\234ca`d\340f```e\220`\224`\222`6a\221\002\000\004"
  37      6064E066 
  37      60606065 
  37      90609460 
  37      92603661 
  38 0018 2200B6   		.ascii	"\"\000\266"
  39              		.text
  40              		.section	.gnu.lto___core_init.39549190571065fe,"",%progbits
  41 0000 789C6361 		.ascii	"x\234ca`d\000\201j \266\004bi fdf`d\232p\216\201\241"
  41      60640081 
  41      6A20B604 
  41      62692066 
  41      64666064 
  42 0019 91838991 		.ascii	"\221\203\211\221\021\304h\340`d\250gb\254g\374\312\364"
  42      11C468E0 
  42      6064A867 
  42      62AC67FC 
  42      CAF4
  43 002b 9789F150 		.ascii	"\227\211\361P\373\263\235L\232\313\033\200\340A\353"
  43      FBB39D4C 
  43      9ACB1B80 
  43      E041EB
  44 003a 32C38615 		.ascii	"2\303\206\025\007\030[\231\031\030\3763\201Mb`\\\316"
  44      07185B99 
  44      1918FE33 
  44      814D6260 
  44      5CCE
  45 004c A8C90054 		.ascii	"\250\311\000T\366h\343\277\251\274l- e\012\020I\306"
  45      F668E3BF 
  45      A9BC6C2D 
  45      20650A10 
  45      49C6
  46 005e 158C6C20 		.ascii	"\025\214l \353\326\007\035h\370\377\277\271\241\341"
  46      EBD6071D 
  46      68F8FFBF 
  46      B9A1E1
  47 006d A3C13C55 		.ascii	"\243\301<U\240\304\007 \006Y\363\221\211\011D3\277b"
  47      A0C40720 
  47      0659F391 
  47      89094433 
  47      BF62
  48 007f 64022905 		.ascii	"d\002)\005\233\366\201\211\021$\006Ta\256\247\247\357"
  48      9BF68189 
  48      11240654 
  48      61AEA7A7 
  48      EF
  49 0090 9C919994 		.ascii	"\234\221\231\224\351\037\254\237_\254\237\234\237\233"
ARM GAS  /var/folders/d3/p12xj6d96hx5ptyrkl_lzds40000gn/T//ccDdpyAO.s 			page 3


  49      E91FAC9F 
  49      5FAC9F9C 
  49      9F9B
  50 009e 9B9FA75F 		.ascii	"\233\237\247_\220_TR\254\357\030\344\353\354[\001\022"
  50      905F5452 
  50      ACEF18E4 
  50      EBEC5B01 
  50      12
  51 00af 2BC8CC49 		.ascii	"+\310\314I-*\326wwv\326O.*1\324Kf\000\000\303\335?k"
  51      2D2AD677 
  51      7776D64F 
  51      2E2A31D4 
  51      4B660000 
  52              		.text
  53              		.section	.gnu.lto___early_init.39549190571065fe,"",%progbits
  54 0000 789C6361 		.ascii	"x\234ca`d\000\201* \266\004bi fdf`d\232p\216\201\241"
  54      60640081 
  54      2A20B604 
  54      62692066 
  54      64666064 
  55 0019 91838991 		.ascii	"\221\203\211\221\021\304h\340`d\250gb\254g\374\312\364"
  55      11C468E0 
  55      6064A867 
  55      62AC67FC 
  55      CAF4
  56 002b 9789F150 		.ascii	"\227\211\361P\373\263\235L\232\313\033\200\340\301\323"
  56      FBB39D4C 
  56      9ACB1B80 
  56      E0C1D3
  57 003a 75860D2B 		.ascii	"u\206\015+\0160\266230\374g\002\233\304\300\270\234"
  57      0E30B632 
  57      3330FC67 
  57      029BC4C0 
  57      B89C
  58 004c 519301A8 		.ascii	"Q\223\001\250\354\321\306\177Sy\331Z@\312\024 \222\214"
  58      ECD1C67F 
  58      5379D95A 
  58      40CA1420 
  58      928C
  59 005e 2B18D940 		.ascii	"+\030\331@\326\255\017:\320\360\377\177sC\303g\005F"
  59      D6AD0F3A 
  59      D0F0FF7F 
  59      7343C367 
  59      0546
  60 0070 A0F80720 		.ascii	"\240\370\007 \006\331\362\221\211\011D3\277bd\002\251"
  60      06D9F291 
  60      89094433 
  60      BF626402 
  60      A9
  61 0081 041BF681 		.ascii	"\004\033\366\201\211\021$\006Ta\256\247\247\357\234"
  61      89112406 
  61      5461AEA7 
  61      A7EF9C
  62 0090 919994E9 		.ascii	"\221\231\224\351\037\254\237_\254\237\234\237\233\233"
  62      1FAC9F5F 
  62      AC9F9C9F 
  62      9B9B
ARM GAS  /var/folders/d3/p12xj6d96hx5ptyrkl_lzds40000gn/T//ccDdpyAO.s 			page 4


  63 009e 9FA75F90 		.ascii	"\237\247_\220_TR\254\357\030\344\353\354[\001\022+\310"
  63      5F5452AC 
  63      EF18E4EB 
  63      EC5B0112 
  63      2BC8
  64 00b0 CC492D2A 		.ascii	"\314I-*\326wwv\326O.*1\324Kf\000\000\221.?\002"
  64      D6777776 
  64      D64F2E2A 
  64      31D44B66 
  64      0000912E 
  65              		.text
  66              		.section	.gnu.lto___late_init.39549190571065fe,"",%progbits
  67 0000 789C6361 		.ascii	"x\234ca`d\000\201* \266\004bi fdf`d\232p\216\201\241"
  67      60640081 
  67      2A20B604 
  67      62692066 
  67      64666064 
  68 0019 91838991 		.ascii	"\221\203\211\221\021\304h\340`d\250gb\254g\374\312\364"
  68      11C468E0 
  68      6064A867 
  68      62AC67FC 
  68      CAF4
  69 002b 9789F150 		.ascii	"\227\211\361P\373\263\235L\232\313\033\200\340\301\322"
  69      FBB39D4C 
  69      9ACB1B80 
  69      E0C1D2
  70 003a 6D860D2B 		.ascii	"m\206\015+\0160\266230\374g\002\233\304\300\270\234"
  70      0E30B632 
  70      3330FC67 
  70      029BC4C0 
  70      B89C
  71 004c 519301A8 		.ascii	"Q\223\001\250\354\321\306\177Sy\331Z@\312\024 \222\214"
  71      ECD1C67F 
  71      5379D95A 
  71      40CA1420 
  71      928C
  72 005e 2B18D940 		.ascii	"+\030\331@\326\255\017:\320\360\377\177sC\303G\005F"
  72      D6AD0F3A 
  72      D0F0FF7F 
  72      7343C347 
  72      0546
  73 0070 A0F80720 		.ascii	"\240\370\007 \006\331\362\221\211\011D3\277bd\002\251"
  73      06D9F291 
  73      89094433 
  73      BF626402 
  73      A9
  74 0081 041BF681 		.ascii	"\004\033\366\201\211\021$\006Ta\256\247\247\357\234"
  74      89112406 
  74      5461AEA7 
  74      A7EF9C
  75 0090 919994E9 		.ascii	"\221\231\224\351\037\254\237_\254\237\234\237\233\233"
  75      1FAC9F5F 
  75      AC9F9C9F 
  75      9B9B
  76 009e 9FA75F90 		.ascii	"\237\247_\220_TR\254\357\030\344\353\354[\001\022+\310"
  76      5F5452AC 
  76      EF18E4EB 
ARM GAS  /var/folders/d3/p12xj6d96hx5ptyrkl_lzds40000gn/T//ccDdpyAO.s 			page 5


  76      EC5B0112 
  76      2BC8
  77 00b0 CC492D2A 		.ascii	"\314I-*\326wwv\326O.*1\324Kf\000\000l\356>\310"
  77      D6777776 
  77      D64F2E2A 
  77      31D44B66 
  77      00006CEE 
  78              		.text
  79              		.section	.gnu.lto___default_exit.39549190571065fe,"",%progbits
  80 0000 789C6361 		.ascii	"x\234ca`d\000\201J \266\004bS fde`d\232p\216\201\241"
  80      60640081 
  80      4A20B604 
  80      62532066 
  80      64656064 
  81 0019 91838991 		.ascii	"\221\203\211\221\031\304`dfd\201\010\260@\004\034\031"
  81      19C46064 
  81      66648108 
  81      B040041C 
  81      19
  82 002a 19EA9998 		.ascii	"\031\352\231\230Y\030\201\004\003\004|e\372\313\304"
  82      59188104 
  82      03047C65 
  82      FACBC4
  83 0039 78A8FDD9 		.ascii	"x\250\375\331N&\315\345\015@\360\340\350n\303\206\025"
  83      4E26CDE5 
  83      0D40F0E0 
  83      E86EC386 
  83      15
  84 004a 07185B81 		.ascii	"\007\030[\201\012\3763A\3240.g\324d\000*{\264\361\337"
  84      0AFE3341 
  84      D4302E67 
  84      D464002A 
  84      7BB4F1DF 
  85 005e 545EB616 		.ascii	"T^\266\026\2202\005\210$\343\012F6\220C\326\007\035"
  85      90320588 
  85      24E30A46 
  85      369043D6 
  85      071D
  86 0070 68F8FFBF 		.ascii	"h\370\377\277\271\241\341\273\301oU\240\300\007\240"
  86      B9A1E1BB 
  86      C16F55A0 
  86      C007A0
  87 007f 24239064 		.ascii	"$#\220d\002:\341\003\320.\240\335\214\037\230X\2404"
  87      023AE103 
  87      D02EA0DD 
  87      8C1F9858 
  87      A034
  88 0091 C4E9E67A 		.ascii	"\304\351\346zz\372\316\031\231I\231\376\301\372\371"
  88      7AFACE19 
  88      994999FE 
  88      C1FAF9
  89 00a0 C5FAC9F9 		.ascii	"\305\372\311\371\271\271\371y\372\005\371E%\305\372"
  89      B9B9F979 
  89      FA05F945 
  89      25C5FA
  90 00af 8E41BECE 		.ascii	"\216A\276\316\276\025 \261\202\314\234\324\242b}wgg"
  90      BE1520B1 
ARM GAS  /var/folders/d3/p12xj6d96hx5ptyrkl_lzds40000gn/T//ccDdpyAO.s 			page 6


  90      82CC9CD4 
  90      A2627D77 
  90      6767
  91 00c1 FDE4A212 		.ascii	"\375\344\242\022C\275d\006\000}]BI"
  91      43BD6406 
  91      007D5D42 
  91      49
  92              		.text
  93              		.section	.gnu.lto___init_ram_areas.39549190571065fe,"",%progbits
  94 0000 789C8D54 		.ascii	"x\234\215T]L\\E\024\2363s\377\366\336\205\335\006|\253"
  94      5D4C5C45 
  94      149E3373 
  94      FFF6DE85 
  94      DD067CAB 
  95 0014 090FF2D0 		.ascii	"\011\017\362\320\027\256\370\242\351\203\006y\360\251"
  95      17AEF8A2 
  95      E9830679 
  95      F0A9
  96 0022 1AEBB3F1 		.ascii	"\032\353\263\361\007M$\332\262\001L|h\262\027vWm5\006"
  96      074D24DA 
  96      B2014C7C 
  96      68B21776 
  96      576D3506 
  97 0036 62DA203F 		.ascii	"b\332 ?\022\323\230biYh\375\351Bk\027\212\305\222-Z"
  97      12D39862 
  97      695968FD 
  97      E9426B17 
  97      8AC5922D 
  98 004b D2F4C918 		.ascii	"\322\364\311\030]#I\321\230]\226\306\330X\360\2343\227"
  98      5D2349D1 
  98      985D96C6 
  98      D858F09C 
  98      3397
  99 005d B8506BBA 		.ascii	"\270Pk\272\311\336\2319s\316w\276\363\315\3141\004\010"
  99      C9DE9939 
  99      73CE77BE 
  99      F3CDCC31 
  99      0408
 100 006f FAF55A42 		.ascii	"\372\365ZB<\211\343\247\370\207\250\000\331\267$D\217"
 100      3C89E3A7 
 100      F887A800 
 100      D9B72444 
 100      8F
 101 0080 2341E989 		.ascii	"#A\351\211\002SO\014=\231uLi\274\277 D\340Zi[\004Q\013"
 101      02534F0C 
 101      3D99754C 
 101      69BCBF20 
 101      44E05A69 
 102 0098 1CB283AD 		.ascii	"\034\262\203\255\307Y\307\221\266\336\217\360~Dz\023"
 102      C759C791 
 102      B6DE8FF0 
 102      7E447A13 
 103 00a8 F3B4748B 		.ascii	"\363\264t\213\021\\z\032\270\305\005\2401p@$\2452L\313"
 103      115C7A1A 
 103      B8C505A0 
 103      31704024 
 103      A5324CCB 
ARM GAS  /var/folders/d3/p12xj6d96hx5ptyrkl_lzds40000gn/T//ccDdpyAO.s 			page 7


 104 00bc 76229E0B 		.ascii	"v\"\236\013IC\011\310\033\210F\037\"h\012\375s\302\361"
 104      494309C8 
 104      1B88461F 
 104      22680AFD 
 104      73C2F1
 105 00cf 96BC2361 		.ascii	"\226\274#a\356\235\225\234\334s\"\300\337O\231bs0\226"
 105      EE9D959C 
 105      DC7322C0 
 105      DF4F9962 
 105      733096
 106 00e2 878C1262 		.ascii	"\207\214\022bSj\0378\001{\004\272]KO\016\253u\231Q\000"
 106      536A1F38 
 106      017B04BA 
 106      5D4B4F0E 
 106      AB759951 
 107 00f7 062ECB57 		.ascii	"\006.\313W\007\177\251\245\245\204\006\\\246G\307\262"
 107      077FA9A5 
 107      A584065C 
 107      A647C7B2 
 108 0107 86DA0BE4 		.ascii	"\206\332\013\344y\362\257kGT\343\361 \350\015\362G?"
 108      79F2AF6B 
 108      4754E3F1 
 108      20E80DF2 
 108      473F
 109 0119 78F0A320 		.ascii	"x\360\243 \237n\310(\005'A!(|\006\273a\014v38z\027\247"
 109      9F6EC828 
 109      05274121 
 109      287C06BB 
 109      610C7633 
 110 0131 368ED658 		.ascii	"6\216\326XiJ\337\000\343\320\250\023\303)\260PTE\026"
 110      694ADF00 
 110      E3D0A813 
 110      C329B050 
 110      544516
 111 0144 749AFFF5 		.ascii	"t\232\377\365\357eO=\316\360=\343C\303\321\020~h)\026"
 111      EF654F3D 
 111      CEF03DE3 
 111      43C3D110 
 111      7E682916 
 112 0158 C21B70FA 		.ascii	"\302\033p\372nx\230\340\350B\376p\326U-\034\275\261"
 112      6E7898E0 
 112      E842FE70 
 112      D6552D1C 
 112      BDB1
 113 016a 7CB36486 		.ascii	"|\263d\206\321\303K\321\240\257\307\241\340\354\177"
 113      D1C34BD1 
 113      A0AFC7A1 
 113      E0EC7F
 114 0179 044F4263 		.ascii	"\004OBcv\177>\330\334L\005\371\376\332\013\003\177D"
 114      767F3ED8 
 114      DC4C05F9 
 114      FEDA0B03 
 114      7F44
 115 018b 1E004184 		.ascii	"\036\000A\204$\003+\3660\370\353\360\327e\273\307\363"
 115      24032BF6 
 115      30F8EBF0 
 115      D765BBC7 
ARM GAS  /var/folders/d3/p12xj6d96hx5ptyrkl_lzds40000gn/T//ccDdpyAO.s 			page 8


 115      F3
 116 019c A840D81A 		.ascii	"\250@\330\032\374\2301^\307yo\027Y\353\330P\317PB\224"
 116      FC98315E 
 116      C7796F17 
 116      59EBD850 
 116      CF504294 
 117 01b0 B0DC9210 		.ascii	"\260\334\222\020e)qPE\350%\315\270|]\372\261\314\334"
 117      65297150 
 117      45E825CD 
 117      B87C5DFA 
 117      B1CCDC
 118 01c3 7736096D 		.ascii	"w6\011m1\377\324\355\213\225\332\344\235` \010\342h"
 118      31FFD4ED 
 118      8B95DAE4 
 118      9D602008 
 118      E268
 119 01d5 3BACB48A 		.ascii	";\254\264\212W\006\307_\037\205\221\236>6\333p\006\222"
 119      5706C75F 
 119      1F85919E 
 119      3E36DB70 
 119      0692
 120 01e7 304585E0 		.ascii	"0E\205\340\336\346\352\231\211\210\016\011\372\201\200"
 120      DEE6EA99 
 120      89880E09 
 120      FA8180
 121 01f6 CEC2288A 		.ascii	"\316\302(\212\013\237CRPf%\3226e\2163\245\224\002\261"
 121      0B9F4352 
 121      506625D2 
 121      36658E33 
 121      A59402B1 
 122 020a 02BDD3E5 		.ascii	"\002\275\323\345\313\025\265\363|\260\004\342\316\307"
 122      CB15B5F3 
 122      7CB004E2 
 122      CEC7
 123 0218 83005F80 		.ascii	"\203\000_\200\225Rn5I\305$\377\\X|7Jt(\352\005\254\331"
 123      95526E35 
 123      49C524FF 
 123      5C587C37 
 123      4A7428EA 
 124 022f 4150F832 		.ascii	"AP\3702\344\363\361\300\271J\255\177\232\210F\340+\244"
 124      E4F3F1C0 
 124      B94AAD7F 
 124      9A8846E0 
 124      2BA4
 125 0241 B2C1570D 		.ascii	"\262\301W\015\316\201/\220E\360\004\341R*\304f&\375"
 125      CE812F90 
 125      45F004E1 
 125      522AC466 
 125      26FD
 126 0253 0B4AA7F2 		.ascii	"\013J\247\362vb?\377\277\3309\306\246\267\011\323\333"
 126      76623FFF 
 126      BFD839C6 
 126      A6B709D3 
 126      DB
 127 0264 B02709DB 		.ascii	"\260'\011\333\023b\015`\273\244\250\375C[\252\302\014"
 127      13620D60 
 127      BBA4A8FD 
ARM GAS  /var/folders/d3/p12xj6d96hx5ptyrkl_lzds40000gn/T//ccDdpyAO.s 			page 9


 127      435BAAC2 
 127      0C
 128 0275 24E5989D 		.ascii	"$\345\230\235R\365^\341\326\213(\223!\360-*$t\373\310"
 128      52F55EE1 
 128      D68B2893 
 128      21F02D2A 
 128      2474FBC8 
 129 0289 8DDC639A 		.ascii	"\215\334c\232QMu\361\306\266\342Qi7\205\317\343<Q\203"
 129      514D75F1 
 129      C6B6E251 
 129      693785CF 
 129      E33C5183 
 130 029d 0B2439C6 		.ascii	"\013$9\306\036\373\244\206\"w\026\022cg\025:\177\215"
 130      1EFBA486 
 130      22771612 
 130      6367153A 
 130      7F8D
 131 02af CE888DFE 		.ascii	"\316\210\215\376\251\341\267\177\314=\254s\305\310\201"
 131      A9E1B77F 
 131      CC3DAC73 
 131      C5C881
 132 02be 6E6711E4 		.ascii	"ng\021\344\277e\304\264\327J\356\021\355\025\247\234"
 132      BF65C4B4 
 132      D74AEE11 
 132      ED15A79C 
 133 02ce D55E2C64 		.ascii	"\325^,d\234\017\332\024\330'\302\223\346`%\364\202}"
 133      9C0FDA14 
 133      D827C293 
 133      E66025F4 
 133      827D
 134 02e0 A43EF6C2 		.ascii	"\244>\366\302YS#E\267\027so\235/\262\316\374l\363\250"
 134      59532345 
 134      B717736F 
 134      9D2FB2CE 
 134      FC6CF3A8 
 135 02f4 F3CF905E 		.ascii	"\363\317\220^J\035\324\030\012a\350p\327@\342i\252\037"
 135      4A1DD418 
 135      0A61E870 
 135      D740E269 
 135      AA1F
 136 0306 CA87908B 		.ascii	"\312\207\220\213Q\250\274\262\006\270\345\251\337\311"
 136      51A8BCB2 
 136      06B8E5A9 
 136      DFC9
 137 0314 1033CE57 		.ascii	"\0203\316WH`\213\356!\272b&e\002\032\354-\305\327K\327"
 137      48608BEE 
 137      21BA6226 
 137      65021AEC 
 137      2DC5D74B 
 138 0329 8FAB7BEB 		.ascii	"\217\253{\353f\204\272\315\"\221\352\003q\361\275\316"
 138      6684BACD 
 138      2291EA03 
 138      71F1BDCE 
 139 0339 E10E2B74 		.ascii	"\341\016+tc:\324\261\216\002\356\322\261\216\025rH!"
 139      633AD4B1 
 139      8E02EED2 
 139      B18E1572 
ARM GAS  /var/folders/d3/p12xj6d96hx5ptyrkl_lzds40000gn/T//ccDdpyAO.s 			page 10


 139      4821
 140 034b A852C860 		.ascii	"\250R\310`Q\246\256o\211\262\353~E\271\304\242\360E"
 140      51A6AE6F 
 140      89B2EB7E 
 140      45B9C4A2 
 140      F045
 141 035d 9ADF218A 		.ascii	"\232\337!\212\2010Z\024\2349\026\036u\235}\212\257X"
 141      81305A14 
 141      9C39161E 
 141      759D7D8A 
 141      AF58
 142 036f 841460B6 		.ascii	"\204\024`\266\305\275\332\267\036\023 \364r\2510\342"
 142      C5BDDAB7 
 142      1E1320F4 
 142      72A930E2 
 143 037f E9EE1B87 		.ascii	"\351\356\033\207o\252\270\363\203\255\327\3603#\212"
 143      6FAAB8F3 
 143      83ADD7F0 
 143      33238A
 144 038e 1E26AE31 		.ascii	"\036&\2561bpf}\321\244\010\017\234\373\357\033\013U"
 144      6270667D 
 144      D1A4080F 
 144      9CFBEF1B 
 144      0B55
 145 03a0 7DA37F71 		.ascii	"}\243\177qh\325l\316\006\270\027\274\211\245\302\267"
 145      68D56CCE 
 145      06B817BC 
 145      89A5C2B7 
 146 03b0 58125CD6 		.ascii	"X\022\\\326\355\021\367\337\373\355\346\367\261\260"
 146      ED11F7DF 
 146      FBEDE6F7 
 146      B1B0
 147 03be AF3C4B4F 		.ascii	"\257<KO\377\0124c\265\213\334U\250\261y\342C\013\312"
 147      FF0A3463 
 147      B58BDC55 
 147      A8B179E2 
 147      430BCA
 148 03d1 D2A5C6B6 		.ascii	"\322\245\306\266\212\215\255\374\264\356\033\274\011"
 148      8A8DADFC 
 148      B4EE1BBC 
 148      09
 149 03de 68C52BF3 		.ascii	"h\305+\363hS\223\337\372Z\373\313\355\317<\347wt\371"
 149      685393DF 
 149      FA5AFBCB 
 149      EDCF3CE7 
 149      7774F9
 150 03f1 6D1D070E 		.ascii	"m\035\007\016t\034\364\023\035\235\335]~\313\376}\255"
 150      741CF413 
 150      1D9DDD5D 
 150      7ECBFE7D 
 150      AD
 151 0402 FBDE225B 		.ascii	"\373\336\"[\242\375\215W;\273\374\247Z[\375\266\316"
 151      A2FD8D57 
 151      3BBBFCA7 
 151      5A5BFDB6 
 151      CE
 152 0413 EEE6A636 		.ascii	"\356\346\2466\241:_J\310\356\004$\376\001\034\3242\303"
ARM GAS  /var/folders/d3/p12xj6d96hx5ptyrkl_lzds40000gn/T//ccDdpyAO.s 			page 11


 152      A13A5F4A 
 152      C8EE0424 
 152      FE011CD4 
 152      32C3
 153              		.text
 154              		.section	.gnu.lto_ram_areas.39549190571065fe,"",%progbits
 155 0000 789C75D1 		.ascii	"x\234u\321\315O\023A\030\307\361yvZ\026\224W\021\021"
 155      CD4F1341 
 155      18C7F179 
 155      765A1694 
 155      571111
 156 0013 A9F81F74 		.ascii	"\251\370\037t\003\027\352\301\004\322\003'\242\321\377"
 156      0317EAC1 
 156      04D20327 
 156      A2D1FF
 157 0022 C0868426 		.ascii	"\300\206\204&@I\313\201[\367\300\002r\347\204\007\016"
 157      4049CB81 
 157      5BF7C002 
 157      72E78407 
 157      0E
 158 0033 187C012C 		.ascii	"\030|\001,/\202\255 \005\255\010(o\352\311\213\007\302"
 158      2F82AD20 
 158      05AD0828 
 158      6FEAC98B 
 158      07C2
 159 0045 C913C190 		.ascii	"\311\023\301\220\200\200\263\373\333\003n\363\314a\277"
 159      8080B3FB 
 159      DB036EF3 
 159      CC61BF
 160 0054 C93393C9 		.ascii	"\3113\223\311'\263>A\302^\315~!\356\012\2543\215\322"
 160      27B33E41 
 160      C25ECD7E 
 160      21EE0AAC 
 160      338DD2
 161 0067 E9DF3FF5 		.ascii	"\351\337?\365\344\2319h\232\277\236\235<\320-)\236\310"
 161      E4993968 
 161      9ABF9E9D 
 161      3CD02D29 
 161      9EC8
 162 0079 BC2D7396 		.ascii	"\274-s\226\234\015\312\333H8s-o^\344\314\2453\377s\260"
 162      9C0DCADB 
 162      4838732D 
 162      6F5EE4CC 
 162      A533FF73 
 163 008e BF5C189A 		.ascii	"\277\\\030\2327\007G\315&K\322\271&\350%%\3175\242\027"
 163      370747CD 
 163      264BD2B9 
 163      26E82525 
 163      CF35A217 
 164 00a2 76347A6E 		.ascii	"v4znG\3228%\355\343GC\326\261<\322,\251\221\376\377"
 164      47D23825 
 164      EDE34743 
 164      D6B13CD2 
 164      2CA991FE 
 165 00b7 ADD9A581 		.ascii	"\255\331\245\201{\316\275>\016\350g\200\005\014P\347"
 165      7BCEBD3E 
 165      0EE86780 
ARM GAS  /var/folders/d3/p12xj6d96hx5ptyrkl_lzds40000gn/T//ccDdpyAO.s 			page 12


 165      050C50E7 
 166 00c7 8029005F 		.ascii	"\200)\000_\0038\005\340$\200\373\247\223\231R\000\013"
 166      033805E0 
 166      2480FBA7 
 166      93995200 
 166      0B
 167 00d8 3CC00517 		.ascii	"<\300\005\027X\310\001\213\030\340\025\006x\225\003"
 167      58C8018B 
 167      18E01506 
 167      789503
 168 00e7 CE03F806 		.ascii	"\316\003\370\006\3009\000g\001\\\037\313\374-\006\320"
 168      C0390067 
 168      015C1FCB 
 168      FC2D06D0 
 169 00f7 EF014EBB 		.ascii	"\357\001N\273\300b\016X\302\000K\031`\031\007\\\004"
 169      C0620E58 
 169      C2004B19 
 169      6019075C 
 169      04
 170 0108 F01D8019 		.ascii	"\360\035\200\031\000\323\000\356\366\245\236\272\277"
 170      00D300EE 
 170      F6A59EBA 
 170      BF
 171 0115 D8E7018E 		.ascii	"\330\347\001\216\270\300r\016X\301\000\2571\300J\016"
 171      B8C0720E 
 171      58C100AF 
 171      31C04A0E 
 172 0125 B80AE00A 		.ascii	"\270\012\340\012\200Y\000\227\001\\=L\215\273/(=\300"
 172      80590097 
 172      015C3D4C 
 172      8DBB2F28 
 172      3DC0
 173 0137 6117789D 		.ascii	"a\027x\235\003V1\300\033\014\260\232\003~\006p\015\300"
 173      035631C0 
 173      1B0CB09A 
 173      037E0670 
 173      0DC0
 174 0149 4F00E600 		.ascii	"O\000\346\000\314]\034g\313\000\324<\300\213~\000or"
 174      CC5D1C67 
 174      CB00D43C 
 174      C08B7E00 
 174      6F72
 175 015b C01A0678 		.ascii	"\300\032\006x\213\001\326r\300-\000\277\002\370\005"
 175      8B01D672 
 175      C02D00BF 
 175      02F805
 176 016a C04D002F 		.ascii	"\300M\000/\213N]Q\200\023\335fDu\214\350\016'\372\006"
 176      8B4E5D51 
 176      8013DD66 
 176      44758CE8 
 176      0E27FA06 
 177 017e D11E44BB 		.ascii	"\321\036D\273\020\355@\3247\222;\321q\334\224\226\224"
 177      10ED40D4 
 177      37923BD1 
 177      71DC9496 
 177      94
 178 018f 541FA0EF 		.ascii	"T\037\240\357\024\242\206\000m\253lP\200\326U?\252~"
ARM GAS  /var/folders/d3/p12xj6d96hx5ptyrkl_lzds40000gn/T//ccDdpyAO.s 			page 13


 178      14A28600 
 178      6DAB6C50 
 178      80D6553F 
 178      AA7E
 179 01a1 507DAFBA 		.ascii	"P}\257\272\244\372VuAuFuZuB\365\025\205\004\375P\237"
 179      A4FA5675 
 179      41754675 
 179      5A7542F5 
 179      158504FD 
 180 01b7 C660D008 		.ascii	"\306`\320\010\267G\037G\357?2b\011#\022\353\354\214"
 180      B7471F47 
 180      EF3F3262 
 180      092312EB 
 180      EC8C
 181 01c9 7519DDB1 		.ascii	"u\031\335\261xO\302h~\330\032n\355\265g\335\321\216"
 181      784FC268 
 181      7ED81A6E 
 181      EDB567DD 
 181      D18E
 182 01db B678C268 		.ascii	"\266x\302h\011\207\215H\274\247>\030\021\377\000\230"
 182      09878D48 
 182      BCA73E18 
 182      11FF0098 
 183 01eb 0F1C33   		.ascii	"\017\0343"
 184              		.text
 185              		.section	.gnu.lto_.symbol_nodes.39549190571065fe,"",%progbits
 186 0000 789C55CD 		.ascii	"x\234U\315E\016\302P\000\204\341\251\341\326\342^\334"
 186      450EC250 
 186      0084E1A9 
 186      E1D6E25E 
 186      DC
 187 0011 DD7DC9B1 		.ascii	"\335}\311\261^\217\300yX\341\3548\023e6\244\253/\371"
 187      5E8FC079 
 187      58E1EC38 
 187      136536A4 
 187      AB2FF9
 188 0024 33C9A890 		.ascii	"3\311\250\220p\224\000\310\025\001\234>\200\315\331"
 188      709400C8 
 188      15019C3E 
 188      80CDD9
 189 0033 2AD9A12A 		.ascii	"*\331\241*$g\250\011\331\031\352B\371\007\335\016\015"
 189      2467A809 
 189      D919EA42 
 189      F907DD0E 
 189      0D
 190 0044 A13A165A 		.ascii	"\241:\026Z\031\226\001(ZS2\355\017\255%\223\266B:*\351"
 190      19960128 
 190      5A5332ED 
 190      0FAD2593 
 190      B6423A2A 
 191 0059 6AA4E722 		.ascii	"j\244\347\"}7\031x\310\320KF>2\366\223I\200L\203d\026"
 191      7D371978 
 191      C8D04B46 
 191      3E32F693 
 191      49804C83 
 192 006f 22F33059 		.ascii	"\"\3630YD\310R'+\203\254\243d\023#\3338\331%\310>I\016"
 192      44C85227 
ARM GAS  /var/folders/d3/p12xj6d96hx5ptyrkl_lzds40000gn/T//ccDdpyAO.s 			page 14


 192      2B83ACA3 
 192      641323DB 
 192      38D925C8 
 193 0086 2972419A 		.ascii	")rA\232^\221\2417d\351\0359\372@\236>Q\240/\024\351"
 193      5E91A137 
 193      64E91D39 
 193      FA409E3E 
 193      51A02F14 
 194 009b 1BE64F7C 		.ascii	"\033\346O|\001\371F%\372"
 194      01F94625 
 194      FA
 195              		.text
 196              		.section	.gnu.lto_.refs.39549190571065fe,"",%progbits
 197 0000 789C05C1 		.ascii	"x\234\005\301\013\026BP\024\000\300\333\034O\037*\351"
 197      0B164250 
 197      1400C0DB 
 197      1C4F1F2A 
 197      E9
 198 0011 23858456 		.ascii	"#\205\204V\323\376\367c&\213M\374#B&\221\2061\311m\355"
 198      D3FEF763 
 198      268B4DFC 
 198      23422691 
 198      8631C96D 
 199 0026 EC1D144A 		.ascii	"\354\035\024JG'g\225\213\332\325\315\335C\343\251\365"
 199      47276795 
 199      8BDAD5CD 
 199      DD43E3A9 
 199      F5
 200 0037 F2D6E90D 		.ascii	"\362\326\351\015>F_\223\331\342\027+|\302\003\232"
 200      3E465F93 
 200      D9E2172B 
 200      7CC2039A 
 201              		.text
 202              		.section	.gnu.lto_.decls.39549190571065fe,"",%progbits
 203 0000 789CA596 		.ascii	"x\234\245\226kP\024\331\025\307\373\316\035a\030\206"
 203      6B5014D9 
 203      15C7FBCE 
 203      1D611886 
 204 0010 81426ACB 		.ascii	"\201Bj\313J\261Yv\313-\255\312\312\010\242~\335\224"
 204      4AB15976 
 204      CB2DADCA 
 204      CA08A27E 
 204      DD94
 205 0022 A9EC976C 		.ascii	"\251\354\227l\222\312nv?v\2158\211Tx\030\030+Z\225\017"
 205      92CA6E76 
 205      3F768D38 
 205      89547818 
 205      182B5A95 
 206 0037 2D0F1514 		.ascii	"-\017\025\024\031|\200<TPW\005A\020\005\205A\235U\226"
 206      197C803C 
 206      54505705 
 206      41100585 
 206      419D5596 
 207 004b 45400401 		.ascii	"E@\004\001\2257\210\272\212\340\003PDDr\356\271=\317"
 207      953788BA 
 207      8AE00350 
 207      444472EE 
ARM GAS  /var/folders/d3/p12xj6d96hx5ptyrkl_lzds40000gn/T//ccDdpyAO.s 			page 15


 207      B93DCF
 208 005e 1E920FE9 		.ascii	"\036\222\017\351\342\337\317\363\373\237{\317=\335\214"
 208      E2DFCFF3 
 208      FB9F7BCF 
 208      3DDD8C
 209 006d 5A2002DB 		.ascii	"Z \002\333B\203\004!\217\012B\252J\020\026`\363\205"
 209      42830421 
 209      8F0A42AA 
 209      4A101660 
 209      F385
 210 007f 7BDF09CE 		.ascii	"{\337\011\316m\011\250\002T\005\252\006\325\201\352"
 210      6D09A802 
 210      5405AA06 
 210      D581EA
 211 008e 419F8206 		.ascii	"A\237\202\006A\303\240\007\240\207\240\307\240'\240"
 211      41C3A007 
 211      A087A0C7 
 211      A027A0
 212 009d 31D038E8 		.ascii	"1\3208\3509\350%h\0224\015z\003z\013z\007z\017\372\300"
 212      39E82568 
 212      12340D7A 
 212      037A0B7A 
 212      077A0FFA 
 213 00b2 12C03054 		.ascii	"\022\3000T 5\310\007\244\001iA:\220\036\024\004\012"
 213      2035C807 
 213      A4016941 
 213      3A901E14 
 213      040A
 214 00c4 0685803E 		.ascii	"\006\205\200>\002-\003\375\012\024\012\3725\021\334"
 214      022D03FD 
 214      0A140AFA 
 214      3511DC
 215 00d3 B60A6EE7 		.ascii	"\266\012n\347\030?\221\357ynU^\342\252\274\304U{\211"
 215      183F91EF 
 215      796E555E 
 215      E2AABCC4 
 215      557B89
 216 00e6 ABF61257 		.ascii	"\253\366\022W\347%\256\316K\034\253\233N\216\013\006"
 216      E725AECE 
 216      4B1CAB9B 
 216      4E8E0B06 
 217 00f6 85803E81 		.ascii	"\205\200>\201\340V8\256\000\205\301\371\000\034\373"
 217      E05638AE 
 217      0085C1F9 
 217      001CFB
 218 0105 419FC279 		.ascii	"A\237\302y\013\034\377\014R\203\356\201:A]\240;r\216"
 218      0B1CFF0C 
 218      5283EE81 
 218      3A415DA0 
 218      3B728E
 219 0118 7AF938E8 		.ascii	"z\3718\350\221gPfZe/\226g`\021\037\266\205\011\274\226"
 219      91675066 
 219      5A652F96 
 219      6760111F 
 219      B68509BC 
 220 012d A1726D97 		.ascii	"\241rm\227\311\265\016\221k\037$\257\205N^\033\215\274"
 220      C9B50E91 
ARM GAS  /var/folders/d3/p12xj6d96hx5ptyrkl_lzds40000gn/T//ccDdpyAO.s 			page 16


 220      6B1F24AF 
 220      854E5E1B 
 220      8DBC
 221 013f 566A79ED 		.ascii	"Vjy\355\330 \330Z\2625ek\313\326\230\2555[s\266\366"
 221      D820D85A 
 221      B235656B 
 221      CBD698AD 
 221      355B73B6 
 222 0154 AC07582F 		.ascii	"\254\007X/\260\236`\275\301z\204\365\012\353\031\326"
 222      B09E60BD 
 222      C17A84F5 
 222      0AEB19D6 
 223 0164 3BC31EE3 		.ascii	";\303\036\343\237W\221\322\354\356:\332Gz\010\264%\011"
 223      9F5791D2 
 223      ECEE3ADA 
 223      477A08B4 
 223      2509
 224 0176 E255257C 		.ascii	"\342U%|OP\002\027^\302\211\012\367\202\363\026\261\007"
 224      4F500217 
 224      5EC2890A 
 224      F782F316 
 224      B107
 225 0188 B23DEC54 		.ascii	"\262=\354TD\276'8\314\360O\346\261\367q\343\363q\270"
 225      44BE2738 
 225      CCF04FE6 
 225      B1F771E3 
 225      F371B8
 226 019b 1319228E 		.ascii	"\023\031\"\216\021\340c\201?w\270\362\203\312\011\270"
 226      11E06381 
 226      3F77B8F2 
 226      83CA09B8 
 227 01ab F8F1E1CA 		.ascii	"\370\361\341\312v\3161;\346D\354\223\276\324\233\365"
 227      76CE313B 
 227      E644EC93 
 227      BED49BF5 
 228 01bb B30F858A 		.ascii	"\263\017\205\212\302\371\255\376\211\262%T\217\347\225"
 228      C2F9ADFE 
 228      89B22554 
 228      8FE795
 229 01ca 85EF3B34 		.ascii	"\205\357;4j\230b\011\241<rh\366\314\357\303\313$\330"
 229      6A986209 
 229      A13C7268 
 229      F6CCEFC3 
 229      CB24D8
 230 01dd 2C92A4FA 		.ascii	",\222\244\372\215\263n\035\251\225\205tZE\202\265D\015"
 230      8DB36E1D 
 230      A9958574 
 230      5A4582B5 
 230      440D
 231 01ef 97AF6EE5 		.ascii	"\227\257n\345\217\352\3412DK\302\340r\376fA\276jY\016"
 231      8FEAE132 
 231      444BC2E0 
 231      72FE6641 
 231      BE6A590E 
 232 0203 72295298 		.ascii	"r)R\230\232|\367\021)'\241\244\214\204\3020\316\221"
 232      9A7CF711 
 232      2927A1A4 
ARM GAS  /var/folders/d3/p12xj6d96hx5ptyrkl_lzds40000gn/T//ccDdpyAO.s 			page 17


 232      8C84C230 
 232      CE91
 233 0215 65B0DFA8 		.ascii	"e\260\337\250\346N\311\266\252}\201\237\025IEE\322\360"
 233      E64EC9B6 
 233      AA7D819F 
 233      15494545 
 233      D2F0
 234 0227 EC70484E 		.ascii	"\354pHN\212\324\004\271\302X\0249C(9K\302!\272\224\250"
 234      8AD404B9 
 234      C2581439 
 234      4328394B 
 234      C221BA94 
 235 023c D9159BC5 		.ascii	"\331\025\233\305i\322\007\363\252 \237\261\274\023Y"
 235      69D207F3 
 235      AA209FB1 
 235      BC1359
 236 024b 6D81F4DB 		.ascii	"m\201\364\333EF_\332um,\200[\333\3364\353$K\261$}\211"
 236      45465FDA 
 236      756D2C80 
 236      5BDBDE34 
 236      EB244BB1 
 237 0262 C6950EE3 		.ascii	"\306\225\016\343\363`\\\351j\\\205\306/\272^\016Rj\\"
 237      F3605CE9 
 237      6A5C85C6 
 237      2FBA5E0E 
 237      526A5C
 238 0275 C4B82225 		.ascii	"\304\270\"%\265\331n\\\325\342j|\301a|\021\214/\270"
 238      B5D96E5C 
 238      D5E26A7C 
 238      C1617C11 
 238      8C2FB8
 239 0288 1A57A371 		.ascii	"\032W\243qI\317\353\353\3764\016\215\217\335|P\254\243"
 239      49CFEBEB 
 239      FE340E8D 
 239      8FDD7C50 
 239      ACA3
 240 029a FFC6F3A7 		.ascii	"\377\306\363\247O\272\372\002Y\222K\366$\243\351\035"
 240      4FBAFA02 
 240      59924BF6 
 240      24A3E91D 
 241 02aa F57EF6B4 		.ascii	"\365~\366\264\3442Q\263\233Ol9\357\265,s\261d\353w\313"
 241      E43251B3 
 241      9B4F6C39 
 241      EFB52C73 
 241      B164EB77 
 242 02bf 5CE3C85C 		.ascii	"\\\343\310\\\013\231k\\3\327a\346\366\303{v\022\232"
 242      0B996B5C 
 242      33D761E6 
 242      F6C37B76 
 242      129A
 243 02d1 46305DC3 		.ascii	"F0]\303\300\374\027\314\246R\262Y\332\300f\207\335\306"
 243      C0FC17CC 
 243      A652B259 
 243      DAC06687 
 243      DDC6
 244 02e3 6AB711D8 		.ascii	"j\267\021\330\251\323\243\036=j\333\016\334\320\323"
 244      A9D3A31E 
ARM GAS  /var/folders/d3/p12xj6d96hx5ptyrkl_lzds40000gn/T//ccDdpyAO.s 			page 18


 244      3D6ADB0E 
 244      DCD0D3
 245 02f2 1CEE51F3 		.ascii	"\034\356Q\363\370f\243\226\367\200D\330\252\337}\326"
 245      F866A396 
 245      F78044D8 
 245      AADF7DD6 
 246 0302 40781348 		.ascii	"@x\023H\032\270\236\316H\233\221{\304\027.\255\017\332"
 246      1AB89ECE 
 246      489B917B 
 246      C4172EAD 
 246      0FDA
 247 0314 9375DADD 		.ascii	"\223u\332\335rS\0047\351\331\003gW\374H\264\2607\204"
 247      72530437 
 247      E9D90367 
 247      57FC48B4 
 247      B03784
 248 0327 121B5C42 		.ascii	"\022\033\\Bx\276u\272y\011\247\231\331\256\251\206d"
 248      78BE75BA 
 248      7909A799 
 248      D9AEA986 
 248      64
 249 0338 352DE299 		.ascii	"5-\342\231\007\232J\3162\347\025Z\302Z?\220-\311x\355"
 249      079A4ACE 
 249      32E7155A 
 249      C25A3F90 
 249      2DC978ED 
 250 034c 6C00BFC5 		.ascii	"l\000\277\305\"\356dM\236\364\245g1\\\325\230y\241\312"
 250      22EE644D 
 250      9EF4A567 
 250      315CD598 
 250      79A1CA
 251 035f 9FACD49E 		.ascii	"\237\254\324\236b\271\207\007Z~\227\275\013\272\231"
 251      62B98707 
 251      5A7E97BD 
 251      0BBA99
 252 036e 34112D69 		.ascii	"4\021-itNw\005\344\027`x\311\362\360\004\307\340\310"
 252      744E7705 
 252      E4176078 
 252      C9F2F004 
 252      C7E0C8
 253 0381 CF642533 		.ascii	"\317d%3f\201\344'\270\331\300\207Xr2\373\270\017\335"
 253      6681E427 
 253      B8D9C087 
 253      587232FB 
 253      B80FDD
 254 0394 872F922A 		.ascii	"\207/\222*\357b\351\214\326\221dh\177\024\2746A\244"
 254      EF62E98C 
 254      D6916468 
 254      7F14BC36 
 254      41A4
 255 03a6 0572DC74 		.ascii	"\005r\334t\346h\"\213'i\366\236D\352>\032\242\313p\022"
 255      E668228B 
 255      2769F69E 
 255      44EA3E1A 
 255      A2CB7012 
 256 03ba 68E92C5B 		.ascii	"h\351,[+\321\311\257dKk\346U_\372\220\277\326\226\347"
 256      2BD1C9AF 
ARM GAS  /var/folders/d3/p12xj6d96hx5ptyrkl_lzds40000gn/T//ccDdpyAO.s 			page 19


 256      644B6BE6 
 256      555FFA90 
 256      BFD696E7 
 257 03ce 8557FCE9 		.ascii	"\205W\374\351s~q\347e\353\021\177^\312 \227u\013\221"
 257      737E71E7 
 257      65EB117F 
 257      5ECA2097 
 257      750B91
 258 03e1 D7EDF6F8 		.ascii	"\327\355\366\370\314e-\235\307X\237\223;v\264S\262|"
 258      CC652D9D 
 258      C7589F93 
 258      3B76B453 
 258      B27C
 259 03f3 F9F2954B 		.ascii	"\371\362\225K\227\037gY\341\245\374\346\000\274\224"
 259      971F6759 
 259      E1A5FCE6 
 259      00BC94
 260 0402 AB592AD2 		.ascii	"\253Y*\322\001s\271K\226:G}\035GQ\316\366\002\306\333"
 260      0173B94B 
 260      963A477D 
 260      1D4751CE 
 260      F602C6DB 
 261 0416 FA4D52BA 		.ascii	"\372MR\272\017\006\337\362\0146x\306\016:box7\216`\261"
 261      0F06DFF2 
 261      0C3678C6 
 261      0E3A626F 
 261      78378E60 
 262 042b 58525B8F 		.ascii	"XR[\217I\2224,F\220\253\311\266l\371\333$\021\263@\332"
 262      4992342C 
 262      4690ABC9 
 262      B66CF9DB 
 262      2411B340 
 263 0440 81BD8D18 		.ascii	"\201\275\215\030s\202 \322\0155\275G\226\223NP\027\350"
 263      738220D2 
 263      0D35BD47 
 263      96934E50 
 263      17E8
 264 0452 0E598E18 		.ascii	"\016Y\216\030\317\336\367\224\344I\266T\212\003h\363"
 264      CFDEF794 
 264      E449B654 
 264      8A0368F3 
 265 0462 3A58CC0F 		.ascii	":X\314\017\245\271{\277\243\321\217fP\\\352\3117\025"
 265      A5B97BBF 
 265      A3D18F66 
 265      505CEAC9 
 265      3715
 266 0474 0FD564E9 		.ascii	"\017\325d\351J\257\311I/\344\374_\371\371\214\246\002"
 266      4AAFC949 
 266      2FE4FC5F 
 266      F9F98CA6 
 266      02
 267 0485 A00B7B20 		.ascii	"\240\013{ \364\276\263C\330\3740c\341\325\226S\372`"
 267      F4BEB343 
 267      D8FC3063 
 267      E1D59653 
 267      FA60
 268 0497 8B9CE24B 		.ascii	"\213\234\342K3\006^\203$Wq\206}$\330\376\322\260\350"
ARM GAS  /var/folders/d3/p12xj6d96hx5ptyrkl_lzds40000gn/T//ccDdpyAO.s 			page 20


 268      33065E83 
 268      24577186 
 268      7D24D8FE 
 268      D2B0E8
 269 04aa 91E9F14E 		.ascii	"\221\351\361N\325Ry@\266E\007$x\035\015\373\227\260"
 269      D5527940 
 269      B6450724 
 269      781D0DFB 
 269      97B0
 270 04bc FBE9988F 		.ascii	"\373\351\230\217k\266\376\377\226\355\315\351\007\027"
 270      6BB6FEFF 
 270      96EDCDE9 
 270      0717
 271 04ca C8E727A4 		.ascii	"\310\347'\244v\370\376\315\356\374d\207dS\223\001\022"
 271      76F8FECD 
 271      EEFC6487 
 271      64539301 
 271      12
 272 04db 4CAEF079 		.ascii	"L\256\360y\270\200\354\316\267\360\015\033$\237\003"
 272      B880ECCE 
 272      B7F00D1B 
 272      249F03
 273 04ea 37399D79 		.ascii	"79\235y1\220\346c\025\311\311\343?\035\322\202\3110"
 273      3190E663 
 273      15C9C9E3 
 273      3F1DD282 
 273      C930
 274 04fc AC447663 		.ascii	"\254DvcH\236t]\215\275=$\2338{|\210}\210\3100Z\214e"
 274      489E745D 
 274      8DBD3D24 
 274      9B387B7C 
 274      887D88C8 
 275 0514 762F04D2 		.ascii	"v/\004\322rna\315\315\356'\334B*0\245\372!?\242\340"
 275      726E61CD 
 275      CDEE27DC 
 275      422A30A5 
 275      FA213FA2 
 276 0529 47907F80 		.ascii	"G\220\177\200\374\251\017]5>\324\312\371\251\274\333"
 276      FCA90F5D 
 276      353ED4CA 
 276      F9A9BCDB 
 277 0539 9554E67B 		.ascii	"\225T\346{\354\374\250\202\037E\376!\362y\245\023yZ"
 277      ECFCA882 
 277      1F45FE21 
 277      F279A513 
 277      795A
 278 054b DACCF953 		.ascii	"\332\314\371S\322h\206\235\317k\324\331,\004\035\036"
 278      D268869D 
 278      CF6BD4D9 
 278      2C041D1E 
 279 055b 291C1EA1 		.ascii	")\034\036\241\303ctxt\243iDC{\271\303PJC\262^.B\256"
 279      C3637478 
 279      74A36944 
 279      437BB9C3 
 279      504A43B2 
 280 0573 4B117E51 		.ascii	"K\021~QX\374\202\026O\320\"\371e\356y\177:\301-\366"
 280      58FC8216 
ARM GAS  /var/folders/d3/p12xj6d96hx5ptyrkl_lzds40000gn/T//ccDdpyAO.s 			page 21


 280      4FD022F9 
 280      65EE797F 
 280      3AC12DF6 
 281 0587 5497D9A8 		.ascii	"T\227\331\250g\021\236*\370\247\310\217!\337a\253.\365"
 281      67119E2A 
 281      F8A7C88F 
 281      21DF61AB 
 281      2EF5
 282 0599 A5739C3F 		.ascii	"\245s\234?3\361\205g\011\236)\350gH\217#\375xt\357y"
 282      33F18567 
 282      099E29E8 
 282      67488F23 
 282      FD7874EF 
 283 05ae 1F9AA146 		.ascii	"\037\232\241F\372p\316\325n\275\262\004\023\012\207"
 283      FA70CED5 
 283      6EBDB204 
 283      130A87
 284 05bd 0974788E 		.ascii	"\011tx\216\016\375\307N\317\352h>wh\272\362\374\240"
 284      0EFDC74E 
 284      CFEA683E 
 284      7768BAF2 
 284      FCA0
 285 05cf AF5C8223 		.ascii	"\257\\\202#.%x\241\260x\201\026/\321\"\267\256\365\222"
 285      2E2578A1 
 285      B0788116 
 285      2FD122B7 
 285      AEF592
 286 05e2 2F2DE716 		.ascii	"/-\347\026\307\323k\357h=K\360J\301\277B~\022\371\205"
 286      C7D36BEF 
 286      683D4BF0 
 286      4AC1BF42 
 286      7E12F985 
 287 05f6 B663B754 		.ascii	"\266c\267T\324\312\371\241\205+%>\236E\230R\360S\310"
 287      D4CAF9A1 
 287      852B253E 
 287      9E459852 
 287      F053C8
 288 0609 4F23DF5C 		.ascii	"O#\337\\\277\337\012}\300\371\346\206\201,/}\360Z\341"
 288      BFDF0A7D 
 288      C0F9E686 
 288      812C2F7D 
 288      F05AE1
 289 061c F01A1DDE 		.ascii	"\360\032\035\336\240\303\341\275\351\037\323^np\260"
 289      A0C3E1BD 
 289      E91FD35E 
 289      6E70B0
 290 062b A6AF3450 		.ascii	"\246\2574P\256\301\005\227\032\314(\034f\320\341-\177"
 290      AEC10597 
 290      1ACC281C 
 290      66D0E12D 
 290      7F
 291 063c 17CED556 		.ascii	"\027\316\325V\373\321\011n1\323\372\352\260\242\006"
 291      FBD1096E 
 291      31D3FAEA 
 291      B0A206
 292 064b B30A7E16 		.ascii	"\263\012~\026\371w\310\317\025\317\226\252\351\034\347"
 292      F977C8CF 
ARM GAS  /var/folders/d3/p12xj6d96hx5ptyrkl_lzds40000gn/T//ccDdpyAO.s 			page 22


 292      15CF96AA 
 292      E91CE7
 293 065a CB6A6B4E 		.ascii	"\313jkNk<k0\247\340\347\220\177\217|A\341Q\253\216f"
 293      6B3C6B30 
 293      A7E0E790 
 293      7F8F7C41 
 293      E151AB8E 
 294 066f 2C41BE73 		.ascii	",A\276sh`P\245\254\301\274\302a\036\035>\240\303\271"
 294      686050A5 
 294      ACC1BCC2 
 294      611E1D3E 
 294      A0C3B9
 295 0682 AB03757E 		.ascii	"\253\003u~4\237;L\326W$\007\310E\250u)\302\202\302b"
 295      349F3B4C 
 295      D6572407 
 295      C845A875 
 295      29C282C2 
 296 0697 012D2415 		.ascii	"\001-$\025\263H{\273\263@C\313\271EOcV\265\242\010;"
 296      B3487BBB 
 296      B34043CB 
 296      B9454F63 
 296      56B5A208 
 297 06ac 549E3CDC 		.ascii	"T\236<\334\201}2\362\215\271\231\027\375\251\225\363"
 297      817D32F2 
 297      8DB99917 
 297      FDA995F3 
 298 06bc 872E49F7 		.ascii	"\207.I\367\227x\026!E\301\247 \237\212\374\017\323\226"
 298      97781621 
 298      45C1A720 
 298      9F8AFC0F 
 298      D396
 299 06ce 9B6ADACC 		.ascii	"\233j\332\314\371\374\037Z\232\211\262\010i\012\207"
 299      F9FC1F5A 
 299      9A89B208 
 299      690A87
 300 06dd 3474D889 		.ascii	"4t\330\211\016\351?\236*\321\322^\356p\253\265\272X"
 300      0EE93F9E 
 300      2AD1D25E 
 300      EE70ABB5 
 300      BA58
 301 06ef 6E25DB35 		.ascii	"n%\3335\227\"\354RX\354B\213\335hQw\246b\022>\010\334"
 301      9722EC52 
 301      58EC428B 
 301      DD685177 
 301      A662123E 
 302 0705 A2FCD598 		.ascii	"\242\374\325\230\305\317\263\010\351\012>\035\371\014"
 302      C5CFB308 
 302      E90A3E1D 
 302      F90C
 303 0713 E42F4FF4 		.ascii	"\344/O\364\276\365\241s\234\267\276\033\273\241\370"
 303      BEF5A173 
 303      9CB7BE1B 
 303      BBA1F8
 304 0722 2AEE51F0 		.ascii	"*\356Q\360{\220\337\213\374T\213\005\336\206\014\037"
 304      7B90DF8B 
 304      FC548B05 
 304      DE860C1F 
ARM GAS  /var/folders/d3/p12xj6d96hx5ptyrkl_lzds40000gn/T//ccDdpyAO.s 			page 23


 305 0732 E4F75E6B 		.ascii	"\344\367^k?\242U\026!S\341\220\211\016\373\320\301Z"
 305      3FA25516 
 305      2153E190 
 305      890EFBD0 
 305      C15A
 306 0744 3FF731CD 		.ascii	"?\3671\315\347\006#OF\217\313\253`\353v\251A\226\302"
 306      E706234F 
 306      468FCBAB 
 306      60EB76A9 
 306      4196C2
 307 0757 210B1D2C 		.ascii	"!\013\035,\350`\251(~\017\215\300-f\367\3559\240\370"
 307      E860A928 
 307      7E0F8DC0 
 307      2D66F7ED 
 307      39A0F8
 308 076a CF90ADE0 		.ascii	"\317\220\255\340\263\221\337\317\347\320Yv/\200Z9\177"
 308      B391DFCF 
 308      E7D05976 
 308      2F805A39 
 308      7F
 309 077b 7AE4C423 		.ascii	"z\344\304#\255g\015\016(\370\003\310\037D~\270\272\246"
 309      AD670D0E 
 309      28F803C8 
 309      1F447EB8 
 309      BAA6
 310 078d 424F9B39 		.ascii	"BO\2339\177\267/\245\335\313g\361\220\302\341\020:\344"
 310      7FB72FA5 
 310      DDCB67F1 
 310      90C2E110 
 310      3AE4
 311 079f A043B965 		.ascii	"\240C\271e4\327\227\366r\207\264\302\336I\177\271\010"
 311      34D797F6 
 311      7287B4C2 
 311      DE497FB9 
 311      08
 312 07b0 7D2E45C8 		.ascii	"}.E\310UX\344\242\305a\264\310\357<\010?\333'\270E\356"
 312      5558E4A2 
 312      C561B4C8 
 312      EF3C083F 
 312      DB27B845 
 313 07c5 F594136A 		.ascii	"\365\224\023j\317\"\344)\370<\344"
 313      CF22E429 
 313      F83CE4
 314 07d0 F3911FDF 		.ascii	"\363\221\037\33754\010\215\300\371\235\0135\035\212"
 314      3534088D 
 314      C0F99D0B 
 314      351D8A
 315 07df 4F428182 		.ascii	"OB\201\202/@\276\020\371\334\251w)\320\010\276\310?"
 315      2F40BE10 
 315      F9DCA977 
 315      29D008BE 
 315      C83F
 316 07f1 AEBE58EB 		.ascii	"\256\276X\353\345\263xD\341p\004\035\216\242C[S\315"
 316      E5B37844 
 316      E170041D 
 316      8EA2435B 
 316      53CD
ARM GAS  /var/folders/d3/p12xj6d96hx5ptyrkl_lzds40000gn/T//ccDdpyAO.s 			page 24


 317 0803 7DB5DB0F 		.ascii	"}\265\333\017\336~\227_e\0029\246\302\037\274\354\310"
 317      DE7E975F 
 317      650239A6 
 317      C21FBCEC 
 317      C8
 318 0814 EADC7EE2 		.ascii	"\352\334~\342\034q\213f\277C\234\321Ert\021F\247\325"
 318      1C718B66 
 318      BF439CD1 
 318      45727411 
 318      46A7D5
 319 0827 669768EC 		.ascii	"f\227h\354\321\226E\177L\223b\240\374E1:!\321$\306\304"
 319      D196457F 
 319      4C9362A0 
 319      FC45313A 
 319      21D124C6 
 320 083c C798D5FF 		.ascii	"\307\230\325\3772\031\377\241\371\352\217\177\015\333"
 320      3219FFA1 
 320      F9EA8F7F 
 320      0DDB
 321 084a 101121AC 		.ascii	"\020\021!\254\017\0177l\330\034\2631\346O\337\030\022"
 321      0F0F376C 
 321      D81CB331 
 321      E64FDF18 
 321      12
 322 085b 920CD109 		.ascii	"\222\014\321\011qq\011\361\206-\011\211\346$\303o\377"
 322      717109F1 
 322      862D0989 
 322      E624C36F 
 322      FF
 323 086c F2F586AF 		.ascii	"\362\365\206\257\267\261{[bbM\211I\206\2576l0D'\232"
 323      B7B17B5B 
 323      62624D89 
 323      4986AF36 
 323      6C304427 
 324 0881 23C2A305 		.ascii	"#\302\243\005\235(\232\214\211\261\333\321\022\354c"
 324      9D289A8C 
 324      89B1DBD1 
 324      12EC63
 325 0890 8D666EAF 		.ascii	"\215fn\257\027\305M\246\277\031\267\306\232E\323\266"
 325      17C54DA6 
 325      BF19B7C6 
 325      9A45D3B6 
 326 08a0 18B3261E 		.ascii	"\030\263&\036\362\232\267&\306\007\211\370XL4\306\211"
 326      F29AB726 
 326      C60789F8 
 326      584C34C6 
 326      89
 327 08b1 C6449331 		.ascii	"\306D\2231\311\317q\246\215\216\005/<\327\212\342\326"
 327      C9CF71A6 
 327      8D8E052F 
 327      3CD78AE2 
 327      D6
 328 08c2 9878F39A 		.ascii	"\230x\363\232H\321\374\275akR\242!6!\332\030k\370{t"
 328      48D1FCBD 
 328      616B52A2 
 328      213621DA 
 328      186BF87B 
ARM GAS  /var/folders/d3/p12xj6d96hx5ptyrkl_lzds40000gn/T//ccDdpyAO.s 			page 25


 329 08d7 F42A6362 		.ascii	"\364*cb\334\252\370\204x\323*\223qc\314\252\265b\324"
 329      DCAAF884 
 329      78D32A93 
 329      7163CCAA 
 329      B562D4
 330 08ea AAC8D511 		.ascii	"\252\310\325\021\353\376\031ip{`\210\211\217\216\335"
 330      EBFE1969 
 330      707B6088 
 330      898F8EDD 
 331 08fa BAC96488 		.ascii	"\272\311d\2103Fo\216\2117\031\034\2431o\337bJ\012\337"
 331      33466F8E 
 331      8937191C 
 331      A3316FDF 
 331      624A0ADF 
 332 090e 2C68EC09 		.ascii	",h\354\011\376\360\377%H\332\236d\020\223\314\233\300"
 332      FEF0FF25 
 332      48DA9E64 
 332      1093CC9B 
 332      C0
 333 091f 0D5CFD70 		.ascii	"\015\\\375prl\012z<3\233\266\361K]|\202\350x\026\310"
 333      726C0A7A 
 333      3C339BB6 
 333      F14B5D7C 
 333      82E87816 
 334 0934 E6ECB812 		.ascii	"\346\354\270\022\315\301\"\253\307j\321\211\210\001"
 334      CDC122AB 
 334      C76AD189 
 334      8801
 335 0942 AEB744BD 		.ascii	"\256\267D\275|\305+$\006\312\227\361\011\3741\347#\224"
 335      7CC52B24 
 335      06CA97F1 
 335      09FC31E7 
 335      2394
 336 0954 7C841B1F 		.ascii	"|\204\033\037\341\316Gx\360\221J>\322\215\217t\347#"
 336      E1CE4778 
 336      F0914A3E 
 336      D28D8F74 
 336      E723
 337 0966 3DF8354A 		.ascii	"=\3705J~\215\033\277\306\235_\343\301G)\371(7>\312\235"
 337      7E8D1BBF 
 337      C69D5FE3 
 337      C14729F9 
 337      28373ECA 
 338 097b 8FF2E0D7 		.ascii	"\217\362\340\327*\371\265n\374Zw~\255\007\277N\311\257"
 338      2AF9B56E 
 338      FC5A777E 
 338      AD07BF4E 
 338      C9AF
 339 098d 73E3D7B9 		.ascii	"s\343\327\271\363\353<\370\365J~\275\033\277\336\235"
 339      F3EB3CF8 
 339      F54A7EBD 
 339      1BBFDE9D 
 340 099d 5FEFE0FF 		.ascii	"_\357\340\377\003\000#U-"
 340      03002355 
 340      2D
 341              		.text
 342              		.section	.gnu.lto_.symtab.39549190571065fe,"",%progbits
ARM GAS  /var/folders/d3/p12xj6d96hx5ptyrkl_lzds40000gn/T//ccDdpyAO.s 			page 26


 343 0000 5F5F636F 		.ascii	"__core_init\000"
 343      72655F69 
 343      6E697400 
 344 000c 00       		.ascii	"\000"
 345 000d 01       		.ascii	"\001"
 346 000e 00       		.ascii	"\000"
 347 000f 00000000 		.ascii	"\000\000\000\000\000\000\000\000"
 347      00000000 
 348 0017 AF000000 		.ascii	"\257\000\000\000"
 349 001b 5F5F6561 		.ascii	"__early_init\000"
 349      726C795F 
 349      696E6974 
 349      00
 350 0028 00       		.ascii	"\000"
 351 0029 01       		.ascii	"\001"
 352 002a 00       		.ascii	"\000"
 353 002b 00000000 		.ascii	"\000\000\000\000\000\000\000\000"
 353      00000000 
 354 0033 B2000000 		.ascii	"\262\000\000\000"
 355 0037 5F5F6C61 		.ascii	"__late_init\000"
 355      74655F69 
 355      6E697400 
 356 0043 00       		.ascii	"\000"
 357 0044 01       		.ascii	"\001"
 358 0045 00       		.ascii	"\000"
 359 0046 00000000 		.ascii	"\000\000\000\000\000\000\000\000"
 359      00000000 
 360 004e B5000000 		.ascii	"\265\000\000\000"
 361 0052 5F5F6465 		.ascii	"__default_exit\000"
 361      6661756C 
 361      745F6578 
 361      697400
 362 0061 00       		.ascii	"\000"
 363 0062 01       		.ascii	"\001"
 364 0063 00       		.ascii	"\000"
 365 0064 00000000 		.ascii	"\000\000\000\000\000\000\000\000"
 365      00000000 
 366 006c BA000000 		.ascii	"\272\000\000\000"
 367 0070 5F5F696E 		.ascii	"__init_ram_areas\000"
 367      69745F72 
 367      616D5F61 
 367      72656173 
 367      00
 368 0081 00       		.ascii	"\000"
 369 0082 00       		.ascii	"\000"
 370 0083 00       		.ascii	"\000"
 371 0084 00000000 		.ascii	"\000\000\000\000\000\000\000\000"
 371      00000000 
 372 008c BC000000 		.ascii	"\274\000\000\000"
 373 0090 5F5F7261 		.ascii	"__ram0_init_text__\000"
 373      6D305F69 
 373      6E69745F 
 373      74657874 
 373      5F5F00
 374 00a3 00       		.ascii	"\000"
 375 00a4 02       		.ascii	"\002"
 376 00a5 00       		.ascii	"\000"
ARM GAS  /var/folders/d3/p12xj6d96hx5ptyrkl_lzds40000gn/T//ccDdpyAO.s 			page 27


 377 00a6 00000000 		.ascii	"\000\000\000\000\000\000\000\000"
 377      00000000 
 378 00ae E0000000 		.ascii	"\340\000\000\000"
 379 00b2 5F5F7261 		.ascii	"__ram0_init__\000"
 379      6D305F69 
 379      6E69745F 
 379      5F00
 380 00c0 00       		.ascii	"\000"
 381 00c1 02       		.ascii	"\002"
 382 00c2 00       		.ascii	"\000"
 383 00c3 00000000 		.ascii	"\000\000\000\000\000\000\000\000"
 383      00000000 
 384 00cb E2000000 		.ascii	"\342\000\000\000"
 385 00cf 5F5F7261 		.ascii	"__ram0_clear__\000"
 385      6D305F63 
 385      6C656172 
 385      5F5F00
 386 00de 00       		.ascii	"\000"
 387 00df 02       		.ascii	"\002"
 388 00e0 00       		.ascii	"\000"
 389 00e1 00000000 		.ascii	"\000\000\000\000\000\000\000\000"
 389      00000000 
 390 00e9 E4000000 		.ascii	"\344\000\000\000"
 391 00ed 5F5F7261 		.ascii	"__ram0_noinit__\000"
 391      6D305F6E 
 391      6F696E69 
 391      745F5F00 
 392 00fd 00       		.ascii	"\000"
 393 00fe 02       		.ascii	"\002"
 394 00ff 00       		.ascii	"\000"
 395 0100 00000000 		.ascii	"\000\000\000\000\000\000\000\000"
 395      00000000 
 396 0108 E6000000 		.ascii	"\346\000\000\000"
 397 010c 5F5F7261 		.ascii	"__ram1_init_text__\000"
 397      6D315F69 
 397      6E69745F 
 397      74657874 
 397      5F5F00
 398 011f 00       		.ascii	"\000"
 399 0120 02       		.ascii	"\002"
 400 0121 00       		.ascii	"\000"
 401 0122 00000000 		.ascii	"\000\000\000\000\000\000\000\000"
 401      00000000 
 402 012a E8000000 		.ascii	"\350\000\000\000"
 403 012e 5F5F7261 		.ascii	"__ram1_init__\000"
 403      6D315F69 
 403      6E69745F 
 403      5F00
 404 013c 00       		.ascii	"\000"
 405 013d 02       		.ascii	"\002"
 406 013e 00       		.ascii	"\000"
 407 013f 00000000 		.ascii	"\000\000\000\000\000\000\000\000"
 407      00000000 
 408 0147 EA000000 		.ascii	"\352\000\000\000"
 409 014b 5F5F7261 		.ascii	"__ram1_clear__\000"
 409      6D315F63 
 409      6C656172 
ARM GAS  /var/folders/d3/p12xj6d96hx5ptyrkl_lzds40000gn/T//ccDdpyAO.s 			page 28


 409      5F5F00
 410 015a 00       		.ascii	"\000"
 411 015b 02       		.ascii	"\002"
 412 015c 00       		.ascii	"\000"
 413 015d 00000000 		.ascii	"\000\000\000\000\000\000\000\000"
 413      00000000 
 414 0165 EC000000 		.ascii	"\354\000\000\000"
 415 0169 5F5F7261 		.ascii	"__ram1_noinit__\000"
 415      6D315F6E 
 415      6F696E69 
 415      745F5F00 
 416 0179 00       		.ascii	"\000"
 417 017a 02       		.ascii	"\002"
 418 017b 00       		.ascii	"\000"
 419 017c 00000000 		.ascii	"\000\000\000\000\000\000\000\000"
 419      00000000 
 420 0184 EE000000 		.ascii	"\356\000\000\000"
 421 0188 5F5F7261 		.ascii	"__ram2_init_text__\000"
 421      6D325F69 
 421      6E69745F 
 421      74657874 
 421      5F5F00
 422 019b 00       		.ascii	"\000"
 423 019c 02       		.ascii	"\002"
 424 019d 00       		.ascii	"\000"
 425 019e 00000000 		.ascii	"\000\000\000\000\000\000\000\000"
 425      00000000 
 426 01a6 F0000000 		.ascii	"\360\000\000\000"
 427 01aa 5F5F7261 		.ascii	"__ram2_init__\000"
 427      6D325F69 
 427      6E69745F 
 427      5F00
 428 01b8 00       		.ascii	"\000"
 429 01b9 02       		.ascii	"\002"
 430 01ba 00       		.ascii	"\000"
 431 01bb 00000000 		.ascii	"\000\000\000\000\000\000\000\000"
 431      00000000 
 432 01c3 F2000000 		.ascii	"\362\000\000\000"
 433 01c7 5F5F7261 		.ascii	"__ram2_clear__\000"
 433      6D325F63 
 433      6C656172 
 433      5F5F00
 434 01d6 00       		.ascii	"\000"
 435 01d7 02       		.ascii	"\002"
 436 01d8 00       		.ascii	"\000"
 437 01d9 00000000 		.ascii	"\000\000\000\000\000\000\000\000"
 437      00000000 
 438 01e1 F4000000 		.ascii	"\364\000\000\000"
 439 01e5 5F5F7261 		.ascii	"__ram2_noinit__\000"
 439      6D325F6E 
 439      6F696E69 
 439      745F5F00 
 440 01f5 00       		.ascii	"\000"
 441 01f6 02       		.ascii	"\002"
 442 01f7 00       		.ascii	"\000"
 443 01f8 00000000 		.ascii	"\000\000\000\000\000\000\000\000"
 443      00000000 
ARM GAS  /var/folders/d3/p12xj6d96hx5ptyrkl_lzds40000gn/T//ccDdpyAO.s 			page 29


 444 0200 F6000000 		.ascii	"\366\000\000\000"
 445 0204 5F5F7261 		.ascii	"__ram3_init_text__\000"
 445      6D335F69 
 445      6E69745F 
 445      74657874 
 445      5F5F00
 446 0217 00       		.ascii	"\000"
 447 0218 02       		.ascii	"\002"
 448 0219 00       		.ascii	"\000"
 449 021a 00000000 		.ascii	"\000\000\000\000\000\000\000\000"
 449      00000000 
 450 0222 F8000000 		.ascii	"\370\000\000\000"
 451 0226 5F5F7261 		.ascii	"__ram3_init__\000"
 451      6D335F69 
 451      6E69745F 
 451      5F00
 452 0234 00       		.ascii	"\000"
 453 0235 02       		.ascii	"\002"
 454 0236 00       		.ascii	"\000"
 455 0237 00000000 		.ascii	"\000\000\000\000\000\000\000\000"
 455      00000000 
 456 023f FA000000 		.ascii	"\372\000\000\000"
 457 0243 5F5F7261 		.ascii	"__ram3_clear__\000"
 457      6D335F63 
 457      6C656172 
 457      5F5F00
 458 0252 00       		.ascii	"\000"
 459 0253 02       		.ascii	"\002"
 460 0254 00       		.ascii	"\000"
 461 0255 00000000 		.ascii	"\000\000\000\000\000\000\000\000"
 461      00000000 
 462 025d FC000000 		.ascii	"\374\000\000\000"
 463 0261 5F5F7261 		.ascii	"__ram3_noinit__\000"
 463      6D335F6E 
 463      6F696E69 
 463      745F5F00 
 464 0271 00       		.ascii	"\000"
 465 0272 02       		.ascii	"\002"
 466 0273 00       		.ascii	"\000"
 467 0274 00000000 		.ascii	"\000\000\000\000\000\000\000\000"
 467      00000000 
 468 027c FE000000 		.ascii	"\376\000\000\000"
 469 0280 5F5F7261 		.ascii	"__ram4_init_text__\000"
 469      6D345F69 
 469      6E69745F 
 469      74657874 
 469      5F5F00
 470 0293 00       		.ascii	"\000"
 471 0294 02       		.ascii	"\002"
 472 0295 00       		.ascii	"\000"
 473 0296 00000000 		.ascii	"\000\000\000\000\000\000\000\000"
 473      00000000 
 474 029e 00010000 		.ascii	"\000\001\000\000"
 475 02a2 5F5F7261 		.ascii	"__ram4_init__\000"
 475      6D345F69 
 475      6E69745F 
 475      5F00
ARM GAS  /var/folders/d3/p12xj6d96hx5ptyrkl_lzds40000gn/T//ccDdpyAO.s 			page 30


 476 02b0 00       		.ascii	"\000"
 477 02b1 02       		.ascii	"\002"
 478 02b2 00       		.ascii	"\000"
 479 02b3 00000000 		.ascii	"\000\000\000\000\000\000\000\000"
 479      00000000 
 480 02bb 02010000 		.ascii	"\002\001\000\000"
 481 02bf 5F5F7261 		.ascii	"__ram4_clear__\000"
 481      6D345F63 
 481      6C656172 
 481      5F5F00
 482 02ce 00       		.ascii	"\000"
 483 02cf 02       		.ascii	"\002"
 484 02d0 00       		.ascii	"\000"
 485 02d1 00000000 		.ascii	"\000\000\000\000\000\000\000\000"
 485      00000000 
 486 02d9 04010000 		.ascii	"\004\001\000\000"
 487 02dd 5F5F7261 		.ascii	"__ram4_noinit__\000"
 487      6D345F6E 
 487      6F696E69 
 487      745F5F00 
 488 02ed 00       		.ascii	"\000"
 489 02ee 02       		.ascii	"\002"
 490 02ef 00       		.ascii	"\000"
 491 02f0 00000000 		.ascii	"\000\000\000\000\000\000\000\000"
 491      00000000 
 492 02f8 06010000 		.ascii	"\006\001\000\000"
 493 02fc 5F5F7261 		.ascii	"__ram5_init_text__\000"
 493      6D355F69 
 493      6E69745F 
 493      74657874 
 493      5F5F00
 494 030f 00       		.ascii	"\000"
 495 0310 02       		.ascii	"\002"
 496 0311 00       		.ascii	"\000"
 497 0312 00000000 		.ascii	"\000\000\000\000\000\000\000\000"
 497      00000000 
 498 031a 08010000 		.ascii	"\010\001\000\000"
 499 031e 5F5F7261 		.ascii	"__ram5_init__\000"
 499      6D355F69 
 499      6E69745F 
 499      5F00
 500 032c 00       		.ascii	"\000"
 501 032d 02       		.ascii	"\002"
 502 032e 00       		.ascii	"\000"
 503 032f 00000000 		.ascii	"\000\000\000\000\000\000\000\000"
 503      00000000 
 504 0337 0A010000 		.ascii	"\012\001\000\000"
 505 033b 5F5F7261 		.ascii	"__ram5_clear__\000"
 505      6D355F63 
 505      6C656172 
 505      5F5F00
 506 034a 00       		.ascii	"\000"
 507 034b 02       		.ascii	"\002"
 508 034c 00       		.ascii	"\000"
 509 034d 00000000 		.ascii	"\000\000\000\000\000\000\000\000"
 509      00000000 
 510 0355 0C010000 		.ascii	"\014\001\000\000"
ARM GAS  /var/folders/d3/p12xj6d96hx5ptyrkl_lzds40000gn/T//ccDdpyAO.s 			page 31


 511 0359 5F5F7261 		.ascii	"__ram5_noinit__\000"
 511      6D355F6E 
 511      6F696E69 
 511      745F5F00 
 512 0369 00       		.ascii	"\000"
 513 036a 02       		.ascii	"\002"
 514 036b 00       		.ascii	"\000"
 515 036c 00000000 		.ascii	"\000\000\000\000\000\000\000\000"
 515      00000000 
 516 0374 0E010000 		.ascii	"\016\001\000\000"
 517 0378 5F5F7261 		.ascii	"__ram6_init_text__\000"
 517      6D365F69 
 517      6E69745F 
 517      74657874 
 517      5F5F00
 518 038b 00       		.ascii	"\000"
 519 038c 02       		.ascii	"\002"
 520 038d 00       		.ascii	"\000"
 521 038e 00000000 		.ascii	"\000\000\000\000\000\000\000\000"
 521      00000000 
 522 0396 10010000 		.ascii	"\020\001\000\000"
 523 039a 5F5F7261 		.ascii	"__ram6_init__\000"
 523      6D365F69 
 523      6E69745F 
 523      5F00
 524 03a8 00       		.ascii	"\000"
 525 03a9 02       		.ascii	"\002"
 526 03aa 00       		.ascii	"\000"
 527 03ab 00000000 		.ascii	"\000\000\000\000\000\000\000\000"
 527      00000000 
 528 03b3 12010000 		.ascii	"\022\001\000\000"
 529 03b7 5F5F7261 		.ascii	"__ram6_clear__\000"
 529      6D365F63 
 529      6C656172 
 529      5F5F00
 530 03c6 00       		.ascii	"\000"
 531 03c7 02       		.ascii	"\002"
 532 03c8 00       		.ascii	"\000"
 533 03c9 00000000 		.ascii	"\000\000\000\000\000\000\000\000"
 533      00000000 
 534 03d1 14010000 		.ascii	"\024\001\000\000"
 535 03d5 5F5F7261 		.ascii	"__ram6_noinit__\000"
 535      6D365F6E 
 535      6F696E69 
 535      745F5F00 
 536 03e5 00       		.ascii	"\000"
 537 03e6 02       		.ascii	"\002"
 538 03e7 00       		.ascii	"\000"
 539 03e8 00000000 		.ascii	"\000\000\000\000\000\000\000\000"
 539      00000000 
 540 03f0 16010000 		.ascii	"\026\001\000\000"
 541 03f4 5F5F7261 		.ascii	"__ram7_init_text__\000"
 541      6D375F69 
 541      6E69745F 
 541      74657874 
 541      5F5F00
 542 0407 00       		.ascii	"\000"
ARM GAS  /var/folders/d3/p12xj6d96hx5ptyrkl_lzds40000gn/T//ccDdpyAO.s 			page 32


 543 0408 02       		.ascii	"\002"
 544 0409 00       		.ascii	"\000"
 545 040a 00000000 		.ascii	"\000\000\000\000\000\000\000\000"
 545      00000000 
 546 0412 18010000 		.ascii	"\030\001\000\000"
 547 0416 5F5F7261 		.ascii	"__ram7_init__\000"
 547      6D375F69 
 547      6E69745F 
 547      5F00
 548 0424 00       		.ascii	"\000"
 549 0425 02       		.ascii	"\002"
 550 0426 00       		.ascii	"\000"
 551 0427 00000000 		.ascii	"\000\000\000\000\000\000\000\000"
 551      00000000 
 552 042f 1A010000 		.ascii	"\032\001\000\000"
 553 0433 5F5F7261 		.ascii	"__ram7_clear__\000"
 553      6D375F63 
 553      6C656172 
 553      5F5F00
 554 0442 00       		.ascii	"\000"
 555 0443 02       		.ascii	"\002"
 556 0444 00       		.ascii	"\000"
 557 0445 00000000 		.ascii	"\000\000\000\000\000\000\000\000"
 557      00000000 
 558 044d 1C010000 		.ascii	"\034\001\000\000"
 559 0451 5F5F7261 		.ascii	"__ram7_noinit__\000"
 559      6D375F6E 
 559      6F696E69 
 559      745F5F00 
 560 0461 00       		.ascii	"\000"
 561 0462 02       		.ascii	"\002"
 562 0463 00       		.ascii	"\000"
 563 0464 00000000 		.ascii	"\000\000\000\000\000\000\000\000"
 563      00000000 
 564 046c 1E010000 		.ascii	"\036\001\000\000"
 565              		.text
 566              		.section	.gnu.lto_.opts,"",%progbits
 567 0000 272D666D 		.ascii	"'-fmath-errno' '-fsigned-zeros' '-ftrapping-math' '"
 567      6174682D 
 567      6572726E 
 567      6F272027 
 567      2D667369 
 568 0033 2D666E6F 		.ascii	"-fno-trapv' '-fno-openmp' '-fno-openacc' '-mcpu=cor"
 568      2D747261 
 568      70762720 
 568      272D666E 
 568      6F2D6F70 
 569 0066 7465782D 		.ascii	"tex-m0' '-mno-thumb-interwork' '-mthumb' '-ggdb' '-"
 569      6D302720 
 569      272D6D6E 
 569      6F2D7468 
 569      756D622D 
 570 0099 4F322720 		.ascii	"O2' '-fomit-frame-pointer' '-falign-functions=16' '"
 570      272D666F 
 570      6D69742D 
 570      6672616D 
 570      652D706F 
ARM GAS  /var/folders/d3/p12xj6d96hx5ptyrkl_lzds40000gn/T//ccDdpyAO.s 			page 33


 571 00cc 2D666675 		.ascii	"-ffunction-sections' '-fdata-sections' '-fno-common"
 571      6E637469 
 571      6F6E2D73 
 571      65637469 
 571      6F6E7327 
 572 00ff 2720272D 		.ascii	"' '-flto'\000"
 572      666C746F 
 572      2700
 573              		.text
 574              		.comm	__gnu_lto_v1,1,1
 575              		.comm	__gnu_lto_slim,1,1
 576              		.ident	"GCC: (GNU Tools for ARM Embedded Processors) 5.4.1 20160609 (release) [ARM/embedded-5-bran
ARM GAS  /var/folders/d3/p12xj6d96hx5ptyrkl_lzds40000gn/T//ccDdpyAO.s 			page 34


DEFINED SYMBOLS
                            *ABS*:0000000000000000 crt1.c
                            *COM*:0000000000000001 __gnu_lto_v1
                            *COM*:0000000000000001 __gnu_lto_slim

NO UNDEFINED SYMBOLS
