ARM GAS  /var/folders/d3/p12xj6d96hx5ptyrkl_lzds40000gn/T//ccs8wOy5.s 			page 1


   1              		.syntax unified
   2              		.cpu cortex-m0
   3              		.fpu softvfp
   4              		.eabi_attribute 20, 1
   5              		.eabi_attribute 21, 1
   6              		.eabi_attribute 23, 3
   7              		.eabi_attribute 24, 1
   8              		.eabi_attribute 25, 1
   9              		.eabi_attribute 26, 1
  10              		.eabi_attribute 30, 2
  11              		.eabi_attribute 34, 0
  12              		.eabi_attribute 18, 4
  13              		.thumb
  14              		.syntax unified
  15              		.file	"hal.c"
  16              		.text
  17              	.Ltext0:
  18              		.section	.gnu.lto_.profile.74164a5bf500120,"",%progbits
  19 0000 789C6361 		.ascii	"x\234ca`d`a`\000\222\332l\000\000\306\000<"
  19      60646061 
  19      600092DA 
  19      6C0000C6 
  19      003C
  20              		.text
  21              		.section	.gnu.lto_.icf.74164a5bf500120,"",%progbits
  22 0000 789C6361 		.ascii	"x\234ca`d\000\001\016\006\004`d\270\266\353d\017?\003"
  22      60640001 
  22      0E060460 
  22      64B8B6EB 
  22      640F3F03 
  23 0014 000EDA03 		.ascii	"\000\016\332\003\003"
  23      03
  24              		.text
  25              		.section	.gnu.lto_.jmpfuncs.74164a5bf500120,"",%progbits
  26 0000 789C6361 		.ascii	"x\234ca`d\000\001M\006\004\200\21001\376ebl\376\265"
  26      60640001 
  26      4D060480 
  26      883031FE 
  26      65626CFE 
  27 0015 FF335FFD 		.ascii	"\3773_\375\337\206\031\015\015\002\255\314\014\235\314"
  27      DF86190D 
  27      0D02ADCC 
  27      0C9DCC
  28 0024 20E9E58C 		.ascii	" \351\345\214\365\014\214,@\026\000\364\257\012U"
  28      F50C8C2C 
  28      401600F4 
  28      AF0A55
  29              		.text
  30              		.section	.gnu.lto_.inline.74164a5bf500120,"",%progbits
  31 0000 789C6361 		.ascii	"x\234ca`d\000\001M\006\004\000\212ph320\001\231l\013"
  31      60640001 
  31      4D060400 
  31      8A706833 
  31      32300199 
  32 0016 E499C042 		.ascii	"\344\231\300B\\0\202\211\033\244\000\314d\000\000*\271"
  32      5C308289 
  32      1BA400CC 
ARM GAS  /var/folders/d3/p12xj6d96hx5ptyrkl_lzds40000gn/T//ccs8wOy5.s 			page 2


  32      6400002A 
  32      B9
  33 0027 015C     		.ascii	"\001\\"
  34              		.text
  35              		.section	.gnu.lto_.pureconst.74164a5bf500120,"",%progbits
  36 0000 789C6361 		.ascii	"x\234ca`d`f`\000\222\022\000\000p\000\""
  36      60646066 
  36      60009212 
  36      00007000 
  36      22
  37              		.text
  38              		.section	.gnu.lto_halInit.74164a5bf500120,"",%progbits
  39 0000 789C7590 		.ascii	"x\234u\220\261J\003A\020\206\347\337=/Q\210X\012\006"
  39      B14A0341 
  39      1086E7DF 
  39      3D2F5188 
  39      580A06
  40 0013 B1B14873 		.ascii	"\261\261Hs\347;\330\331\010\372\004\232&AA0\017p\033"
  40      E73BD8D9 
  40      08FA049A 
  40      26414130 
  40      0F701B
  41 0026 2F8BA60B 		.ascii	"/\213\246\013\202\"\001\2232\321h\242V\246\020\217t"
  41      82220193 
  41      32D168A2 
  41      56A6108F 
  41      74
  42 0037 365A8B8D 		.ascii	"6Z\213\215XH\010\026\021\265\021\3429{\212\225\031X"
  42      58480816 
  42      11B511E2 
  42      397B8A95 
  42      1958
  43 0049 6677E7DB 		.ascii	"fw\347\333\177\346_\213@&\212\234\2469O\361\202$\210"
  43      7FE65F8B 
  43      40268A9C 
  43      A6394FF1 
  43      822488
  44 005c D22D513E 		.ascii	"\322-Q>.\000\263Qq\220'\340\341C\014\004:\333\317m\221"
  44      2E00B351 
  44      719027E0 
  44      E1430C04 
  44      3ADBCF6D 
  45 0071 AA298E47 		.ascii	"\252)\216G]\221\252\036@K\242PDJ\204\032R\304\330\323"
  45      5D91AA1E 
  45      404BA250 
  45      444A841A 
  45      52C4D8D3 
  46 0085 F9D75EC2 		.ascii	"\371\327^\302.\030l\346\247\210:l\323\256\265\024\250"
  46      2E186CE6 
  46      A7883A6C 
  46      D3AEB514 
  46      A8
  47 0096 30F495BA 		.ascii	"0\364\225\272\237\253\314\332D}.\2326\257B\230,\273"
  47      9FABCCDA 
  47      447D2E9A 
  47      36AF4298 
  47      2CBB
ARM GAS  /var/folders/d3/p12xj6d96hx5ptyrkl_lzds40000gn/T//ccs8wOy5.s 			page 3


  48 00a8 F08341C2 		.ascii	"\360\203A\302\320F\247\335~y\210y\003\265\243\324\204"
  48      D046A7DD 
  48      7E798879 
  48      03B5A3D4 
  48      84
  49 00b9 9608054B 		.ascii	"\226\010\005K\340\010\036i)\250\213B\260k\377\217\312"
  49      E0081E69 
  49      29A88B42 
  49      B06BFF8F 
  49      CA
  50 00ca 90F508C7 		.ascii	"\220\365\010\307\214rm_w\356b\357BK\013\346\350\177"
  50      8C726D5F 
  50      77EE62EF 
  50      424B0BE6 
  50      E87F
  51 00dc 5EBF8D33 		.ascii	"^\277\2153z\020\241V\221\015\230\353\233rc\255\212\303"
  51      7A10A156 
  51      910D98EB 
  51      9B7263AD 
  51      8AC3
  52 00ee 7C29BA1E 		.ascii	"|)\272\036\301\011\233n \031\325\302\336Es\224\237L"
  52      C1099B6E 
  52      2019D5C2 
  52      DE457394 
  52      9F4C
  53 0100 1A8D5354 		.ascii	"\032\215ST\021\265E\023\236\2266\231\241\313cC\207f"
  53      11B54513 
  53      9E963699 
  53      A1CB6343 
  53      8766
  54 0112 7DB4FE86 		.ascii	"}\264\376\206\366\203\313\341\250\305\350\331/\332\303"
  54      F683CBE1 
  54      A8C5E8D9 
  54      2FDAC3
  55 0121 5670B510 		.ascii	"Vp\265\020\241&\372l\236\177\210m%\035\307\235\317d"
  55      A126FA6C 
  55      9E7F886D 
  55      251DC79D 
  55      CF64
  56 0133 57B38BCB 		.ascii	"W\263\213\313\356F\316\315\254\254\273\271\315\264\311"
  56      EE46CECD 
  56      ACACBBB9 
  56      CDB4C9
  57 0142 4E9ABE01 		.ascii	"N\232\276\001\024;\2240"
  57      143B9430 
  58              		.text
  59              		.section	.gnu.lto_.symbol_nodes.74164a5bf500120,"",%progbits
  60 0000 789C55C9 		.ascii	"x\234U\311\271\015\2000\024\004\321Y\037}@\245\337\001"
  60      B90D8030 
  60      1404D159 
  60      1F7D40A5 
  60      DF01
  61 0012 0550042D 		.ascii	"\005P\004-p9&\246\006\220\250\303\302r\004\233\214\364"
  61      703926A6 
  61      0690A8C3 
  61      C272049B 
  61      8CF4
ARM GAS  /var/folders/d3/p12xj6d96hx5ptyrkl_lzds40000gn/T//ccs8wOy5.s 			page 4


  62 0024 36201275 		.ascii	"6 \022un\226\301xBMN=\304Mt\365Q\226\251=\220R\025\355"
  62      6E96C178 
  62      424D4E3D 
  62      C44D74F5 
  62      5196A93D 
  63 003c 32F78355 		.ascii	"2\367\203U\346\177\260\310\302\027<\221\351*\362\004"
  63      E67FB0C8 
  63      C2173C91 
  63      E92AF204 
  64 004c 8E56CFD3 		.ascii	"\216V\317\323\352\030\356\"^Y\024\037 "
  64      EA18EE22 
  64      5E59141F 
  64      20
  65              		.text
  66              		.section	.gnu.lto_.refs.74164a5bf500120,"",%progbits
  67 0000 789C6361 		.ascii	"x\234ca`d`c`\000\222L\214L\014\000\000\243\000\022"
  67      60646063 
  67      6000924C 
  67      8C4C0C00 
  67      00A30012 
  68              		.text
  69              		.section	.gnu.lto_.decls.74164a5bf500120,"",%progbits
  70 0000 789CA555 		.ascii	"x\234\245UkPSG\024\276\233\033\002\204P\034\350\264"
  70      6B505347 
  70      14BE9B1B 
  70      0284501C 
  70      E8B4
  71 0012 FE605AC6 		.ascii	"\376`Z\306\211#\177\340\012\332N\177t:cqt\234\241\225"
  71      89237FE0 
  71      0ADA4E7F 
  71      743A6371 
  71      749CA195 
  72 0026 A9ADFECC 		.ascii	"\251\255\376\314\204$Jf\002I\223\320j\373\243\227\222"
  72      84244A66 
  72      024993D0 
  72      6AFBA397 
  72      92
  73 0037 A2F50514 		.ascii	"\242\365\005\024\253\006)\343\203V@\004\004_@\255\021"
  73      AB0629E3 
  73      83564004 
  73      045F40AD 
  73      11
  74 0048 1F452B82 		.ascii	"\037E+\202\240\310\233\210<\214\362\010\326\212\250"
  74      A0C89B88 
  74      3C8CF208 
  74      D68AA8
  75 0057 D49EDDBD 		.ascii	"\324\236\335\275\311%\001\234vz'g\367\236\335\357|\347"
  75      C925019C 
  75      767A2767 
  75      F79EDDEF 
  75      7CE7
  76 0069 B16773A5 		.ascii	"\261gs\245\014b\360\203\344\014\263H\3020{\340\375%"
  76      0C62F083 
  76      E40CB348 
  76      C2307BE0 
  76      FD25
  77 007b 3CF0CAAC 		.ascii	"<\360\312\254\307\353 }\014}\002@\356\201\014\202\014"
ARM GAS  /var/folders/d3/p12xj6d96hx5ptyrkl_lzds40000gn/T//ccs8wOy5.s 			page 5


  77      C7EB207D 
  77      0C7D0240 
  77      EE810C82 
  77      0C
  78 008c 833C0419 		.ascii	"\203<\004\031\0250\343\214\357\203q\201\002\207\033"
  78      1530E38C 
  78      EF837181 
  78      02871B
  79 009b A41F6442 		.ascii	"\244\037dB\340\352\005y\340\3079*\360\015\013\374sq"
  79      E0EA0579 
  79      E0C7392A 
  79      F00D0BFC 
  79      7371
  80 00ad 4E4BD04D 		.ascii	"NK\320M[e\001\373X\202\302\345H\012\352Dc\376\275\327"
  80      5B6501FB 
  80      5882C2E5 
  80      480AEA44 
  80      63FEBDD7 
  81 00c1 407D5D8E 		.ascii	"@}]\216\242@}\351\3528\022Lw\335\030}\366\334h<U#A\253"
  81      A2407DE9 
  81      EA38124C 
  81      77DD187D 
  81      F6DC683C 
  82 00d9 ED997084 		.ascii	"\355\231p\204P\260\023\201\336:t\310\246\240\333\315"
  82      50B01381 
  82      DE3A74C8 
  82      A6A0DBCD 
  83 00e9 18BD3BBB 		.ascii	"\030\275;\273\372\204\234\225 \374>f\033t\206\320\275"
  83      FA849C95 
  83      20FC3E66 
  83      1B7486D0 
  83      BD
  84 00fa 85A0B6B8 		.ascii	"\205\240\266\270\257\377$\250\013@\355\376>\253P\306"
  84      AFFF24A8 
  84      0B40EDFE 
  84      3EAB50C6 
  85 010a 0613644F 		.ascii	"\006\023dOC\3111\034\321\0229\302u\013\203\245\212\221"
  85      43C9311C 
  85      D11239C2 
  85      750B83A5 
  85      8A91
  86 011c 9AA950BA 		.ascii	"\232\251P\272\204\021}S\305\253b\313xxrx^\362\226\230"
  86      84117D53 
  86      C5AB62CB 
  86      78787278 
  86      5EF29698 
  87 0130 4C4BF6A3 		.ascii	"LK\366\243\242@\366M\014\222\\\331U]\025\202\242\345"
  87      A240F64D 
  87      0C925CD9 
  87      555D1582 
  87      A2E5
  88 0142 BF609CF3 		.ascii	"\277`\234\363\307\237\0255<\277\000\235Frt\022\261\250"
  88      C79F1535 
  88      3CBF009D 
  88      46727412 
  88      B1A8
  89 0154 1AC5E29A 		.ascii	"\032\305\342\232,\201Cb\266\361\374\267|N&\037\336\360"
ARM GAS  /var/folders/d3/p12xj6d96hx5ptyrkl_lzds40000gn/T//ccs8wOy5.s 			page 6


  89      2C814362 
  89      B6F1FCB7 
  89      7C4E261F 
  89      DEF0
  90 0166 1A838A51 		.ascii	"\032\203\212Q$:\212\"\031t\012Ec\177\030\210\252`\361"
  90      243A8A22 
  90      19740A45 
  90      637F1888 
  90      AA60F1
  91 0179 042C828B 		.ascii	"\004,\202\213\222\242\334\3032\366+\342\302~\262tR\356"
  91      92A2DCC3 
  91      32F62BE2 
  91      C27EB274 
  91      52EE
  92 018b 75B16FFB 		.ascii	"u\261o\373\3622\354\242\006\\\234\021]\234F\363\373"
  92      F232ECA2 
  92      065C9C11 
  92      5D9C46F3 
  92      FB
  93 019c 383BB78F 		.ascii	"8;\267\217\376\332\356\014\011\333\214H\262\371u\217"
  93      FEDAEE0C 
  93      09DB8C48 
  93      B2F9758F 
  94 01ac AF05D04A 		.ascii	"\257\005\320J\005\201:\236w\271Q\302\336\242{C\355\231"
  94      05813A9E 
  94      77B951C2 
  94      DEA27B43 
  94      ED99
  95 01be 7619DB49 		.ascii	"v\031\333I\225\234\351\016^\306\366Se\327\370\323CR"
  95      959CE90E 
  95      5EC6F653 
  95      65D7F8D3 
  95      4352
  96 01d0 D645958E 		.ascii	"\326E\225\216\314\311\266Pv\234(\301\345S;\006\024H"
  96      CCC9B650 
  96      769C28C1 
  96      E5533B06 
  96      1448
  97 01e2 A98C502A 		.ascii	"\251\214P*\243\225J\345a\034\230\263\243\351\233\274"
  97      A3954AE5 
  97      611C98B3 
  97      A3E99BBC 
  98 01f2 A3597C8E 		.ascii	"\243Y|\216\232D_\013\321_D\021b\234\02500(\016\006\206"
  98      9A445F0B 
  98      D15F4411 
  98      629C1530 
  98      30280E06 
  99 0207 E01D4F9A 		.ascii	"\340\035O\232\024\036\3609\177p\235\010\316\025\316"
  99      141EF039 
  99      7F709D08 
  99      CE15CE
 100 0216 88475606 		.ascii	"\210GV\006\035\003@)\331\303p\310\031]\201\364/!%\372"
 100      1D034029 
 100      D9C370C8 
 100      195D81F4 
 100      2F2125FA 
 101 022a 1DA41EA4 		.ascii	"\035\244\036\244\001\344\002\310U\220\313HIN\225\372"
ARM GAS  /var/folders/d3/p12xj6d96hx5ptyrkl_lzds40000gn/T//ccs8wOy5.s 			page 7


 101      01E402C8 
 101      5590CB48 
 101      494E95FA 
 102 023a EB15FD9D 		.ascii	"\353\025\375\235\367\367\307\371\305\266\267\305\213"
 102      F7F7C7F9 
 102      C5B6B7C5 
 102      8B
 103 0247 75F863CB 		.ascii	"u\370c\313\305\330\310\2419\272\200\230\017\302 F80"
 103      C5D8C8A1 
 103      39BA8098 
 103      0FC22046 
 103      3830
 104 0259 D1E99F4D 		.ascii	"\321\351\237M\221v\336ac\011\325os\272-F\242\337gb\214"
 104      9176DE61 
 104      6309D56F 
 104      73BA2D46 
 104      A2DF6762 
 105 026e BFCE5D93 		.ascii	"\277\316]\223\231\350\037\304(+\347.7E\303\361\235\377"
 105      99E81FC4 
 105      282BE72E 
 105      3745C3F1 
 105      9DFF
 106 0280 DBD62C63 		.ascii	"\333\326,c\213\311=\222d\026M\344\006\241\350\010\032"
 106      8BC93D92 
 106      64164DE4 
 106      06A1E808 
 106      1A
 107 0291 BEBD05E1 		.ascii	"\276\275\005\341\360\257\203\3655\261\345p6\363\024"
 107      F0AF83F5 
 107      35B1E570 
 107      36F314
 108 02a0 1FFD0135 		.ascii	"\037\375\0015\377/\365\007\377\305C\005\273\205k\375"
 108      FF2FF507 
 108      FFC54305 
 108      BB856BFD 
 109 02b0 1EA8A71A 		.ascii	"\036\250\247\032\317\366\006\260u\364Zw?j\333\032\302"
 109      CFF606B0 
 109      75F45A77 
 109      3F6ADB1A 
 109      C2
 110 02c1 D653A5E2 		.ascii	"\326S\245\342\305\236\2432\366*Ul\003c7\204\033\276"
 110      C59EA332 
 110      F62A556C 
 110      03633784 
 110      1BBE
 111 02d3 13FF393C 		.ascii	"\023\3779<w\237\276\025&\374Y\340Fn\235l\336*g\233\011"
 111      779FBE15 
 111      26FC59E0 
 111      466E9D6C 
 111      DE2A679B 
 112 02e8 3870F04A 		.ascii	"8p\360JQ] 4%<\321\021\207Ij7[\"3H\365qr\315\220\\'\314"
 112      515D2034 
 112      253CD111 
 112      87496A37 
 112      5B223348 
 113 0304 DE347C0E 		.ascii	"\3364|\016\035\320\355\237\340jbh\223?\264\334\267\366"
 113      1DD0ED9F 
ARM GAS  /var/folders/d3/p12xj6d96hx5ptyrkl_lzds40000gn/T//ccs8wOy5.s 			page 8


 113      E06A6268 
 113      933FB4DC 
 113      B7F6
 114 0316 00767BC1 		.ascii	"\000v{\3017\374\301\215\310\217\370\251\027{\334\037"
 114      37FCC18D 
 114      C88FF8A9 
 114      177BDC1F 
 115 0326 5B368B78 		.ascii	"[6\213x\377:\017\270\325\037\\\342\337yu-\244\363:}"
 115      FF3A0FB8 
 115      D51F5CE2 
 115      DF79752D 
 115      A4F33A7D 
 116 033a 3BCFE7D0 		.ascii	";\317\347\320Z\300\370&\261\353\024N\254\003N\354\026"
 116      5AC0F826 
 116      B1EB144E 
 116      AC034EEC 
 116      16
 117 034b 9CCE6D90 		.ascii	"\234\316m\2206\220; \355\342I]\230\032\371.\214\275"
 117      36903B20 
 117      EDE2495D 
 117      981AF92E 
 117      8CBD
 118 035d 433BA5D2 		.ascii	"C;\245\322V\362T\352\355\224\277ZI\247\364\000Q\227"
 118      56F254EA 
 118      ED94BF5A 
 118      49A7F400 
 118      5197
 119 036f D8299DB3 		.ascii	"\330)\235\263;\305\343\024u\203\257\177\351w\240\362"
 119      3BC5E314 
 119      7583AF7F 
 119      E977A0F2 
 120 037f 8C232C42 		.ascii	"\214#,B\240q\314K\303\274\212\343Rk\375\007\212\355"
 120      A071CC4B 
 120      C3BC8AE3 
 120      526BFD07 
 120      8AED
 121 0391 E2DF24EA 		.ascii	"\342\337$\352\235q%\030\324\207\024\344\253\0123\200"
 121      9D712518 
 121      D48714E4 
 121      AB0A3380 
 122 03a1 4B736FD7 		.ascii	"Kso\327\262]\020\026|U\321\002\372\275EtDD\030*D\205"
 122      B25D1016 
 122      7C55D102 
 122      FABD4574 
 122      4444182A 
 123 03b7 17091919 		.ascii	"\027\011\031\031q\011y\200x\204A\202\2045\306KF~\202"
 123      71097980 
 123      78844182 
 123      8435C64B 
 123      467E82
 124 03ca 3DF98293 		.ascii	"=\371\202\223\207\220\210\354H0B\336\010\3106C\367\275"
 124      879088EC 
 124      483042DE 
 124      08C83643 
 124      F7BD
 125 03dc AC749288 		.ascii	"\254t\222\210\0063\370h\270\002\235\030\2637'\344\251"
 125      0633F868 
ARM GAS  /var/folders/d3/p12xj6d96hx5ptyrkl_lzds40000gn/T//ccs8wOy5.s 			page 9


 125      B8029D18 
 125      B33727E4 
 125      A9
 126 03ed 90BB9AEF 		.ascii	"\220\273\232\357\227\263w\351\365\232\276z _\262p/)"
 126      97B377E9 
 126      F59ABE7A 
 126      205FB270 
 126      2F29
 127 03ff 79261F25 		.ascii	"y&\037%E\353\337\230Q\255~\264\020\306d)5\354*\2509"
 127      45EBDF98 
 127      51AD7EB4 
 127      10C66429 
 127      35EC2AA8 
 128 0414 265B7490 		.ascii	"&[t\220?X\311;\253\367\275\2777\223o\000\263(\214Bw"
 128      3F58C93B 
 128      ABF7BDBF 
 128      37936F00 
 128      B3288C42 
 129 0429 C5668057 		.ascii	"\305f\200W<9\241A\030t\017-\002\313\255Uc}\001l\026"
 129      3C39A141 
 129      18740F2D 
 129      02CBAD55 
 129      637D016C 
 130 043e 4B5CBA76 		.ascii	"K\\\272v\016\324b\032'|\354\352\3627d\034\311r\344 "
 130      0ED4621A 
 130      277CECEA 
 130      F237641C 
 130      C972E420 
 131 0452 E20B0D88 		.ascii	"\342\013\015\210,\003\204\005^\006\011\303\365\241\236"
 131      2C038405 
 131      5E0609C3 
 131      F5A19E
 132 0461 AFD9E394 		.ascii	"\257\331\343\224\340\341sg\233B \350=\240*\250\342m"
 132      E0E17367 
 132      9B4220E8 
 132      3DA02AA8 
 132      E26D
 133 0473 C1C47C48 		.ascii	"\301\304|H4\037\362\230\017\023\363\3222\373`0[O\355"
 133      341FF298 
 133      0F13F3D2 
 133      32FB6030 
 133      5B4FED
 134 0486 F32E9C2A 		.ascii	"\363.\234*\010\225Jh\027\340\354`\315\276\303e\227\316"
 134      08954A68 
 134      17E0EC60 
 134      CDBEC365 
 134      97CE
 135 0498 5B8707A4 		.ascii	"[\207\007\244\016.$\024\242)o\320\025*\004\320\336\244"
 135      0E2E2414 
 135      A2296FD0 
 135      152A04D0 
 135      DEA4
 136 04aa DB4F0200 		.ascii	"\333O\002\000\014\272/\006p\337\023\300C\022\200\275"
 136      0CBA2F06 
 136      70DF13C0 
 136      431280BD 
 137 04ba 30BB9265 		.ascii	"0\273\222e\233i\000\266\332I\227'\201g\205_\026z\023"
ARM GAS  /var/folders/d3/p12xj6d96hx5ptyrkl_lzds40000gn/T//ccs8wOy5.s 			page 10


 137      9B6900B6 
 137      DA499727 
 137      8167855F 
 137      167A13
 138 04cd 1811ED47 		.ascii	"\030\021\355G<\366\243\304\276\341b\371\223\0206GJ\354"
 138      3CF6A3C4 
 138      BEE162F9 
 138      93103647 
 138      4AEC
 139 04df DDD38F77 		.ascii	"\335\323\217w+\026\037\341\335`\337\221\255\332\357"
 139      2B161FE1 
 139      DD60DF91 
 139      ADDAEF
 140 04ee B6F1DBC2 		.ascii	"\266\361\333\302I\243\217Q\202\031W~\014\363\240q\264"
 140      49A38F51 
 140      8219577E 
 140      0CF3A071 
 140      B4
 141 04ff 18FF770E 		.ascii	"\030\377w\016V\014+|.\007v*\246\351\026.\207\233\\\216"
 141      560C2B7C 
 141      2E07762A 
 141      A6E9162E 
 141      879B5C8E 
 142 0513 8C17D52E 		.ascii	"\214\027\325.\231\017\372\201\017zB@\343Y\226\264r\245"
 142      990FFA81 
 142      0F7A4240 
 142      E35996B4 
 142      72A5
 143 0525 DAAA96AA 		.ascii	"\332\252\226\2527\232\015A\253?\376,*!.\216\221\253"
 143      379A0D41 
 143      AB3FFE2C 
 143      2A212E8E 
 143      91AB
 144 0537 54E9FA34 		.ascii	"T\351\3724\353\262x\225u\003\227n1s\006\243Fm\3406i"
 144      EBB27895 
 144      7503976E 
 144      317306A3 
 144      466DE036 
 145 054c 34316A73 		.ascii	"41jsjL\2321M\027\243S'\353c\336Q-\217\211_\032\367\356"
 145      6A4C9A31 
 145      4D17A353 
 145      27EB63DE 
 145      512D8F89 
 146 0564 E7F19CCF 		.ascii	"\347\361\234\317\006\247O\323\030\322\265:.U\255I\321"
 146      06A74FD3 
 146      18D2B53A 
 146      2E55AD49 
 146      D1
 147 0575 A7E93895 		.ascii	"\247\3518\225V\267Q\235n\260\252\254[L:Kl\012\023\344"
 147      56B7519D 
 147      6EB0AAAC 
 147      5B4C3A4B 
 147      6C0A13E4 
 148 0589 7190F8FF 		.ascii	"q\220\370\377\034X\266X8\225\305\252\0056`e\215Zs\200"
 148      1C58B658 
 148      3895C5AA 
 148      05366065 
ARM GAS  /var/folders/d3/p12xj6d96hx5ptyrkl_lzds40000gn/T//ccs8wOy5.s 			page 11


 148      8D5A7380 
 149 059d 29DDA435 		.ascii	")\335\2445\007\032-&\235Nk\226\031\261Gs@\252Q\2533"
 149      071A2D26 
 149      9D4E6B96 
 149      19B14773 
 149      40AA51AB 
 150 05b2 E32C5396 		.ascii	"\343,S\226\305\306r\011)\372d\375\332u\234\321\302\245"
 150      C5C67209 
 150      29FA64FD 
 150      DA759CD1 
 150      C2A5
 151 05c4 805F93D1 		.ascii	"\200_\223\321l\265p\353>\375hY<\227\230\270\222[\235"
 151      6CB570EB 
 151      3EFD6859 
 151      3C9798B8 
 151      925B9D
 152 05d7 B466ED17 		.ascii	"\264f\355\027\361\234ImP\031\014Z\340\015\267XS!\330"
 152      F19C496D 
 152      50190C5A 
 152      E00DB758 
 152      5321D8
 153 05ea 4D26BD51 		.ascii	"M&\275Qe\321Y\323M*\253,)\001\027N\226\364!\235V\320"
 153      65D159D3 
 153      4D2AAB2C 
 153      2901174E 
 153      96F4219D 
 154 0600 69159E82 		.ascii	"i\025\236\202\223V$&\030\3236\3527\005\002\375\2324"
 154      93562426 
 154      18D336EA 
 154      370502FD 
 154      9A34
 155 0612 BD3572B6 		.ascii	"\2755r\266S\213Y\203\347X\015#\263X1\346\355\331\030"
 155      538B5983 
 155      E7580D23 
 155      B35831E6 
 155      EDD918
 156 0625 6F9638B9 		.ascii	"o\2268\271\340d\243\332\254\305Hy,G\336a1T%D\251\322"
 156      E064A3DA 
 156      ACC54879 
 156      2C47DE61 
 156      31542544 
 157 063b C3862265 		.ascii	"\303\206\"e\206\022\377\352D\311\270j\351\346\315\\"
 157      8612FFEA 
 157      44C9B86A 
 157      E9E6CD5C 
 158 064b 8A982726 		.ascii	"\212\230'&\363\034\225\206d\360\017\377\213\237\205"
 158      F31C9586 
 158      64F00FFF 
 158      8B9F85
 159              		.text
 160              		.section	.gnu.lto_.symtab.74164a5bf500120,"",%progbits
 161 0000 68616C49 		.ascii	"halInit\000"
 161      6E697400 
 162 0008 00       		.ascii	"\000"
 163 0009 00       		.ascii	"\000"
 164 000a 00       		.ascii	"\000"
 165 000b 00000000 		.ascii	"\000\000\000\000\000\000\000\000"
ARM GAS  /var/folders/d3/p12xj6d96hx5ptyrkl_lzds40000gn/T//ccs8wOy5.s 			page 12


 165      00000000 
 166 0013 E3000000 		.ascii	"\343\000\000\000"
 167 0017 70616C5F 		.ascii	"pal_default_config\000"
 167      64656661 
 167      756C745F 
 167      636F6E66 
 167      696700
 168 002a 00       		.ascii	"\000"
 169 002b 02       		.ascii	"\002"
 170 002c 00       		.ascii	"\000"
 171 002d 00000000 		.ascii	"\000\000\000\000\000\000\000\000"
 171      00000000 
 172 0035 EF000000 		.ascii	"\357\000\000\000"
 173 0039 7374496E 		.ascii	"stInit\000"
 173      697400
 174 0040 00       		.ascii	"\000"
 175 0041 02       		.ascii	"\002"
 176 0042 00       		.ascii	"\000"
 177 0043 00000000 		.ascii	"\000\000\000\000\000\000\000\000"
 177      00000000 
 178 004b E5000000 		.ascii	"\345\000\000\000"
 179 004f 626F6172 		.ascii	"boardInit\000"
 179      64496E69 
 179      7400
 180 0059 00       		.ascii	"\000"
 181 005a 02       		.ascii	"\002"
 182 005b 00       		.ascii	"\000"
 183 005c 00000000 		.ascii	"\000\000\000\000\000\000\000\000"
 183      00000000 
 184 0064 E7000000 		.ascii	"\347\000\000\000"
 185 0068 5F70616C 		.ascii	"_pal_lld_init\000"
 185      5F6C6C64 
 185      5F696E69 
 185      7400
 186 0076 00       		.ascii	"\000"
 187 0077 02       		.ascii	"\002"
 188 0078 00       		.ascii	"\000"
 189 0079 00000000 		.ascii	"\000\000\000\000\000\000\000\000"
 189      00000000 
 190 0081 EB000000 		.ascii	"\353\000\000\000"
 191 0085 68616C5F 		.ascii	"hal_lld_init\000"
 191      6C6C645F 
 191      696E6974 
 191      00
 192 0092 00       		.ascii	"\000"
 193 0093 02       		.ascii	"\002"
 194 0094 00       		.ascii	"\000"
 195 0095 00000000 		.ascii	"\000\000\000\000\000\000\000\000"
 195      00000000 
 196 009d ED000000 		.ascii	"\355\000\000\000"
 197              		.text
 198              		.section	.gnu.lto_.opts,"",%progbits
 199 0000 272D666D 		.ascii	"'-fmath-errno' '-fsigned-zeros' '-ftrapping-math' '"
 199      6174682D 
 199      6572726E 
 199      6F272027 
 199      2D667369 
ARM GAS  /var/folders/d3/p12xj6d96hx5ptyrkl_lzds40000gn/T//ccs8wOy5.s 			page 13


 200 0033 2D666E6F 		.ascii	"-fno-trapv' '-fno-openmp' '-fno-openacc' '-mcpu=cor"
 200      2D747261 
 200      70762720 
 200      272D666E 
 200      6F2D6F70 
 201 0066 7465782D 		.ascii	"tex-m0' '-mno-thumb-interwork' '-mthumb' '-ggdb' '-"
 201      6D302720 
 201      272D6D6E 
 201      6F2D7468 
 201      756D622D 
 202 0099 4F322720 		.ascii	"O2' '-fomit-frame-pointer' '-falign-functions=16' '"
 202      272D666F 
 202      6D69742D 
 202      6672616D 
 202      652D706F 
 203 00cc 2D666675 		.ascii	"-ffunction-sections' '-fdata-sections' '-fno-common"
 203      6E637469 
 203      6F6E2D73 
 203      65637469 
 203      6F6E7327 
 204 00ff 2720272D 		.ascii	"' '-flto'\000"
 204      666C746F 
 204      2700
 205              		.text
 206              		.comm	__gnu_lto_v1,1,1
 207              		.comm	__gnu_lto_slim,1,1
 208              		.ident	"GCC: (GNU Tools for ARM Embedded Processors) 5.4.1 20160609 (release) [ARM/embedded-5-bran
ARM GAS  /var/folders/d3/p12xj6d96hx5ptyrkl_lzds40000gn/T//ccs8wOy5.s 			page 14


DEFINED SYMBOLS
                            *ABS*:0000000000000000 hal.c
                            *COM*:0000000000000001 __gnu_lto_v1
                            *COM*:0000000000000001 __gnu_lto_slim

NO UNDEFINED SYMBOLS
