ARM GAS  /var/folders/d3/p12xj6d96hx5ptyrkl_lzds40000gn/T//cc2mLtUa.s 			page 1


   1              		.syntax unified
   2              		.cpu cortex-m0
   3              		.fpu softvfp
   4              		.eabi_attribute 20, 1
   5              		.eabi_attribute 21, 1
   6              		.eabi_attribute 23, 3
   7              		.eabi_attribute 24, 1
   8              		.eabi_attribute 25, 1
   9              		.eabi_attribute 26, 1
  10              		.eabi_attribute 30, 2
  11              		.eabi_attribute 34, 0
  12              		.eabi_attribute 18, 4
  13              		.thumb
  14              		.syntax unified
  15              		.file	"hal_lld.c"
  16              		.text
  17              	.Ltext0:
  18              		.section	.gnu.lto_.profile.120e4375fe42d8b6,"",%progbits
  19 0000 789C6361 		.ascii	"x\234ca`d`a`\000\222\011!\000\001~\000\277"
  19      60646061 
  19      60009209 
  19      2100017E 
  19      00BF
  20              		.text
  21              		.section	.gnu.lto_.icf.120e4375fe42d8b6,"",%progbits
  22 0000 789C6361 		.ascii	"x\234ca`d\000\001)\006\004`aX\374k\346$\016\306\231"
  22      60640001 
  22      29060460 
  22      6158FC6B 
  22      E6240EC6 
  23 0015 BFB79F66 		.ascii	"\277\267\237fdZ\270o\303^6\346-\277wt\2611\000\000\242"
  23      645AB86F 
  23      C35E36E6 
  23      2DBF7774 
  23      B1310000 
  24 002a FA0BDA   		.ascii	"\372\013\332"
  25              		.text
  26              		.section	.gnu.lto_.jmpfuncs.120e4375fe42d8b6,"",%progbits
  27 0000 789C6361 		.ascii	"x\234ca`d\000\001\036\006\004`\006b\220(\023\020\003"
  27      60640001 
  27      1E060460 
  27      06629028 
  27      131003
  28 0013 00021200 		.ascii	"\000\002\022\000\030"
  28      18
  29              		.text
  30              		.section	.gnu.lto_.inline.120e4375fe42d8b6,"",%progbits
  31 0000 789C6361 		.ascii	"x\234ca`d\000\001\027\006\004`f`\020\023bd`R;\361\233"
  31      60640001 
  31      17060460 
  31      66601013 
  31      62646052 
  32 0017 91816D81 		.ascii	"\221\201m\201<\023H\220\221AP\022(&5\3414\222\030\027"
  32      3C134890 
  32      91415012 
  32      282635E1 
  32      34921817 
ARM GAS  /var/folders/d3/p12xj6d96hx5ptyrkl_lzds40000gn/T//cc2mLtUa.s 			page 2


  33 002b 90606230 		.ascii	"\220`b0\376\303\010\224I\270qT\016.\303\000\000P\216"
  33      FEC30894 
  33      49B87154 
  33      0E2EC300 
  33      00508E
  34 003e 09B6     		.ascii	"\011\266"
  35              		.text
  36              		.section	.gnu.lto_.pureconst.120e4375fe42d8b6,"",%progbits
  37 0000 789C6361 		.ascii	"x\234ca`d`g```f\220b\224b\222\002\000\001\254\000a"
  37      60646067 
  37      60606066 
  37      90629462 
  37      92020001 
  38              		.text
  39              		.section	.gnu.lto_hal_lld_backup_domain_init.120e4375fe42d8b6,"",%progbits
  40 0000 789C9D53 		.ascii	"x\234\235SKL\023Q\024\275\367\315\247\005:\015\304\270"
  40      4B4C1351 
  40      14BDF7CD 
  40      A7053A0D 
  40      C4B8
  41 0012 41A226AE 		.ascii	"A\242&\256\3300\202.X\2711aGL\304\275\361\263\200\244"
  41      D830822E 
  41      58B93161 
  41      474CC4BD 
  41      F1B380A4 
  42 0026 09465CB0 		.ascii	"\011F\\\260\343\325\266j\2101\272\0207*u\241\240\002"
  42      E3D5B66A 
  42      8831BA10 
  42      372A75A1 
  42      A002
  43 0038 A5FEA945 		.ascii	"\245\376\251EJ\005u\241\020\023\324\004X !\225(\232"
  43      4A0575A1 
  43      1013D404 
  43      58202195 
  43      289A
  44 004a 36298924 		.ascii	"6)\211$\026|\367\275\201\001\027\006\230d\356\314\274"
  44      167CF7BD 
  44      81011706 
  44      9864EECC 
  44      BC
  45 005b 7772CEB9 		.ascii	"wr\316\271\347\335\321\001\201\256\005\035\340\240x"
  45      E7DDD101 
  45      81AE051D 
  45      E0A078
  46 006a D68B1B3D 		.ascii	"\326\213\033=\200\354\352\030@\320\313\230\026\255\005"
  46      80ECEA18 
  46      40D0CB98 
  46      16AD05
  47 0079 5EAC6777 		.ascii	"^\254gw\002\367i\250\253e\235\031\023\266X6\223\273"
  47      02F769A8 
  47      AB659D19 
  47      13B65836 
  47      93BB
  48 008b C5B281A6 		.ascii	"\305\262\201\246Z6\021\351\205{\021\332\230\246\033"
  48      5A3611E9 
  48      857B11DA 
  48      98A61B
ARM GAS  /var/folders/d3/p12xj6d96hx5ptyrkl_lzds40000gn/T//cc2mLtUa.s 			page 3


  49 009a 26B6E122 		.ascii	"&\266\341\"+0L_\314\014\260\312..\256\231\321)?\357"
  49      2B304C5F 
  49      CC0CB0CA 
  49      2E2EAE99 
  49      D1293FEF 
  50 00ae 4E614403 		.ascii	"NaD\003XaR\033\260\013+A\300f\343\313\327-3L\260\275"
  50      5861521B 
  50      B00B2B41 
  50      C066E3CB 
  50      D72D334C 
  51 00c4 6A13BBD1 		.ascii	"j\023\273\321$\203\261\243)\276\262\022\342|\260:\261"
  51      2483B1A3 
  51      29BEB212 
  51      E27CB03A 
  51      B1
  52 00d5 6F870E11 		.ascii	"o\207\016\021\015\015*\036*^*%T|T,*~*\245T\312\250\000"
  52      0D0D2A1E 
  52      2A5E2A25 
  52      547C542C 
  52      2A7E2AA5 
  53 00ed 64051D99 		.ascii	"d\005\035\231\3131FO-\203\351D.\271\213\004B\232.\304"
  53      CB31464F 
  53      2D83E944 
  53      2EB98B04 
  53      429A2EC4 
  54 0101 3B22E971 		.ascii	";\"\351qO\236E4\206\344\345N!\334W\244>\371L\220\023"
  54      4F9E4534 
  54      86E4E54E 
  54      21DC57A4 
  54      3EF94C90 
  55 0116 E2F6FBE9 		.ascii	"\342\366\373\351\221\342N\274%\274k\370\000+\360>V\000"
  55      91E24EBC 
  55      25BC6BF8 
  55      002BF03E 
  55      5600
  56 0128 61C7C6DB 		.ascii	"a\307\306\333\363\036\273\227\207\203\2744\242\351\370"
  56      F31EBB97 
  56      8783BC34 
  56      A2E9F8
  57 0137 103B7159 		.ascii	"\020;qY\366\206=hC\006C\277M%d(\255\276\371\241\233"
  57      F6863D68 
  57      430643BF 
  57      4D256428 
  57      ADBEF9A1 
  58 014c C5448EC8 		.ascii	"\305D\216\310\031\366\012\032a\247\003\011\263\025\235"
  58      19F60A1A 
  58      61A70309 
  58      B3159D
  59 015b 3E572786 		.ascii	">W'\206\266`'\232\304\265CJ\313\263\276)C65\025\373"
  59      B660279A 
  59      C4B5434A 
  59      CBB3BE29 
  59      43363515 
  60 0170 F0C3AB3E 		.ascii	"\360\303\253>y\364\222lj\366]\273\245\264L\214\013\255"
  60      79F4926C 
  60      6AF65DBB 
  60      A5B44C8C 
ARM GAS  /var/folders/d3/p12xj6d96hx5ptyrkl_lzds40000gn/T//cc2mLtUa.s 			page 4


  60      0BAD
  61 0182 7E476BF8 		.ascii	"~Gk\370\312\374=\213\264\220\224\036I%:\011|\254:\372"
  61      CAFC3D8B 
  61      B490941E 
  61      49253A09 
  61      7CAC3AFA 
  62 0196 73618229 		.ascii	"sa\202)\035\257\222\232\273;\027-rz2\361\211\240\371"
  62      1DAF929A 
  62      BB3B172D 
  62      727A32F1 
  62      89A0F9
  63 01a9 8AE1A950 		.ascii	"\212\341\251P\271\003\022\210\033?\227\312\035\200\216"
  63      B9031288 
  63      1B3F97CA 
  63      1D808E
  64 01b8 4F4907E8 		.ascii	"OI\007\350<4\210\326\322q\344\373\207\3668\0118\246"
  64      3C3488D6 
  64      D271E4FB 
  64      87F63809 
  64      38A6
  65 01ca 823409D5 		.ascii	"\2024\011\325\360\177k\317\\k\317\321\026\333\337~\365"
  65      F07F6BCF 
  65      5C6BCFD1 
  65      16DBDF7E 
  65      F5
  66 01db 5CF6383A 		.ascii	"\\\3668:B\350\205J7\237\335\026\373\200\313\236\220"
  66      42E8854A 
  66      379FDD16 
  66      FB80CB9E 
  66      90
  67 01ec EC6B89EA 		.ascii	"\354k\211\352\010\370R6\221c\372\332H\305?\3055\325"
  67      08F85236 
  67      9163FADA 
  67      48C53FC5 
  67      35D5
  68 01fe 71C9A6C3 		.ascii	"q\311\246\303M\272\032\203\377\206\353SD\205\350d\301"
  68      4DBA1A83 
  68      FF86EB53 
  68      4485E864 
  68      C1
  69 020f 58ED89E1 		.ascii	"X\355\211\341+\225\356\344j\272>\001\211-\014,Y\012"
  69      2B95EEE4 
  69      6ABA3E01 
  69      892D0C2C 
  69      590A
  70 0221 0238B496 		.ascii	"\0028\264\226\256\001\023\266r\3669\3478\2636\343\314"
  70      AE0113B6 
  70      72F639E7 
  70      38B336E3 
  70      CC
  71 0232 19B194EB 		.ascii	"\031\261\224\353mx\343(\373\005\221<\305\365\243\273"
  71      6D78E328 
  71      FB05913C 
  71      C5F5A3BB 
  72 0242 59DAB44B 		.ascii	"Y\332\264K\373\232&\327/'\367\343\027T\334\245[\240"
  72      FB9A26D7 
  72      2F27F7E3 
ARM GAS  /var/folders/d3/p12xj6d96hx5ptyrkl_lzds40000gn/T//cc2mLtUa.s 			page 5


  72      1754DCA5 
  72      5BA0
  73 0254 1A71A946 		.ascii	"\032q\251F7:,\023D2\252\3558|\343\322\276%\207e2MS\036"
  73      373A2C13 
  73      4432AAED 
  73      387CE3D2 
  73      BE258765 
  74 026c F4773C9F 		.ascii	"\364w<\237Z\254#B\031rV\300\304\262\370\021k\252\252"
  74      5AAC2342 
  74      197256C0 
  74      C4B2F811 
  74      6BAAAA
  75 027f ECC38D4D 		.ascii	"\354\303\215M'\233\2164\330\315-v\343\211\200}\246\371"
  75      279B8E34 
  75      D8CD2D76 
  75      E389807D 
  75      A6F9
  76 0291 ECB916BB 		.ascii	"\354\271\026\273\341X\375\201\032U\353\366\267\266\322"
  76      E158FD81 
  76      1A55EBF6 
  76      B7B6D2
  77 02a0 CEF140E0 		.ascii	"\316\361@\340t\325)\370\013\320w\244\315"
  77      74D529F8 
  77      0BD077A4 
  77      CD
  78              		.text
  79              		.section	.gnu.lto_hal_lld_init.120e4375fe42d8b6,"",%progbits
  80 0000 789C9D93 		.ascii	"x\234\235\223\277O\024A\024\307\337wf\357X\222\333\034"
  80      BF4F1441 
  80      14C7DF77 
  80      66EF5892 
  80      DB1C
  81 0012 BD147486 		.ascii	"\275\024t\206\346\006\301\377\300\304\316\220\210\255"
  81      E606C1FF 
  81      C0C4CE90 
  81      88AD
  82 0020 318A0524 		.ascii	"1\212\005$\227`\204\202\356\006\217\215\304B\241\220"
  82      97608482 
  82      EE068F8D 
  82      C442A190 
  83 0030 CE6025BF 		.ascii	"\316`%\277\204\023\177\240w\376Z\316\037\241Q\243\355"
  83      84137FA0 
  83      77FE5ACE 
  83      1FA151A3 
  83      ED
  84 0041 C5C49878 		.ascii	"\305\304\230x!\212\011\210&\306\344X\347\315\002\253"
  84      218A0988 
  84      26C6E458 
  84      E7CD02AB 
  85 0051 E5DE4BF6 		.ascii	"\345\336K\366\315n\346\315\347}\2773;\016\2018N;DG\315"
  85      CD6EE6CD 
  85      E77DBF33 
  85      3B0E8138 
  85      4E3B4447 
  86 0066 78C83C90 		.ascii	"x\310<\220\0041\371\226h\314\025\000\277h\027T\020("
  86      0431F996 
  86      68CC1500 
ARM GAS  /var/folders/d3/p12xj6d96hx5ptyrkl_lzds40000gn/T//cc2mLtUa.s 			page 6


  86      BF681754 
  86      1028
  87 0078 E0976808 		.ascii	"\340\227h\010T/\327\313\242sV\233\370\344\3778\242\347"
  87      542FD7CB 
  87      A273569B 
  87      F8E4FF38 
  87      A2E7
  88 008a 02F89228 		.ascii	"\002\370\222(\024\226D\230E'\231\262\317+\273\327\275"
  88      14964498 
  88      452799B2 
  88      CF2BBBD7 
  88      BD
  89 009b F4389775 		.ascii	"\3648\227uD\223\230C\232\333\225N\006:\014\213Z\357"
  89      44939843 
  89      9ADB954E 
  89      063A0C8B 
  89      5AEF
  90 00ad 747D3FDC 		.ascii	"t}?\334&\310\227Hqr9\265r\312p\3628\021m\231\245,b["
  90      26C89748 
  90      717239B5 
  90      72CA70F2 
  90      38116D99 
  91 00c5 081E651D 		.ascii	"\010\036e\035\325\312\366\227\036\206\025%\353\231\366"
  91      D5CAF697 
  91      1E861525 
  91      EB99F6
  92 00d4 ABEF5A7E 		.ascii	"\253\357Z~\012_\012p\337Z\351\31577\372\3247'\264\303"
  92      0A5F0A70 
  92      DF5AE9CD 
  92      3737FAD4 
  92      3727B4C3 
  93 00e8 52D6AF78 		.ascii	"R\326\257x3\270adJ,\240\035\363h'.]\273\272q\313SKz"
  93      33B86164 
  93      4A2CA01D 
  93      F368272E 
  93      5DBBBA71 
  94 0100 7C4CB7F9 		.ascii	"|L\267\371\322\301\"f\260km\3406\024\231N#\334&\001"
  94      D2C12266 
  94      B06B6DE0 
  94      3614994E 
  94      23DC2601 
  95 0114 6129262C 		.ascii	"a)&,C\231\202\217\353\363\213\222\325\000\241\211,J"
  95      4399828F 
  95      EBF38B92 
  95      D500A189 
  95      2C4A
  96 0126 66651230 		.ascii	"fe\0220\030{'\306\256X\354\201g\007\204\273\021\262"
  96      187B27C6 
  96      AE58EC81 
  96      670784BB 
  96      11B2
  97 0138 325597D1 		.ascii	"2U\227\321\256\244\022(\276g\321|,\270\337\234\347\007"
  97      AEA41228 
  97      BE67D17C 
  97      2CB8DF9C 
  97      E707
  98 014a 316115AA 		.ascii	"1a\025\2529\203\017c\306#\303\330w\364~\337\221\233"
ARM GAS  /var/folders/d3/p12xj6d96hx5ptyrkl_lzds40000gn/T//cc2mLtUa.s 			page 7


  98      39830F63 
  98      C623C3D8 
  98      77F47EDF 
  98      919B
  99 015c 404FD9B2 		.ascii	"@O\331\262\354\017W\261\216\212\277\323\021\2455\002"
  99      EC0F57B1 
  99      8E8ABFD3 
  99      11A53502 
 100 016c 7DB83619 		.ascii	"}\2706\031d\016\316\244\221\305\343\250\3354\022:\177"
 100      640ECEA4 
 100      91C5E3A8 
 100      DD34123A 
 100      7F
 101 017d 12777A0A 		.ascii	"\022wz\012e\370\311\215?\213\021\317\3771>\265\271g"
 101      65F8C98D 
 101      3F8B11CF 
 101      FF313EB5 
 101      B967
 102 018f 3C93404E 		.ascii	"<\223@N`Y\222Yk\377\033\367\"\320\353\312\237\235=\343"
 102      60599259 
 102      6BFF1BF7 
 102      22D0EBCA 
 102      9F9D3DE3 
 103 01a3 7C2D816A 		.ascii	"|-\201j\223\306_\304\235^\262q\2176P\014V\263\214\341"
 103      93C65FC4 
 103      9D5EB271 
 103      8F36500C 
 103      56B38CE1 
 104 01b7 FA7279B3 		.ascii	"\372ry\263\326Rh\350\011\315\365\251\220O\026\257P0"
 104      D65268E8 
 104      09CDF5A9 
 104      904F16AF 
 104      5030
 105 01c9 373A4D5F 		.ascii	"7:M_q)\250\365\332R\216-3i\356\265\331\202\356\\N\035"
 105      7129A8F5 
 105      DA528E2D 
 105      3369EEB5 
 105      D982EE5C 
 106 01df 1B183C37 		.ascii	"\033\030<7\330\333\247\206\206\325\300\331\274\2720"
 106      D8DBA786 
 106      86D5C0D9 
 106      BCBA30
 107 01ee 74716458 		.ascii	"tqdX\365\235:\321\323\035\345\343]\243\243<s&\237?\237"
 107      F59D3AD1 
 107      D31DE5E3 
 107      5DA3A33C 
 107      73269F3F 
 108 0203 EBA7BF66 		.ascii	"\353\247\277fCre"
 108      437265
 109              		.text
 110              		.section	.gnu.lto_stm32_clock_init.120e4375fe42d8b6,"",%progbits
 111 0000 789C9D56 		.ascii	"x\234\235V[lTE\030\236\177\316\356\331\263\227\263\227"
 111      5B6C5445 
 111      189E7FCE 
 111      EED9B397 
 111      B397
 112 0012 36F48142 		.ascii	"6\364\201B\323\206\322HL\272\200\372j\322\230\370fL"
ARM GAS  /var/folders/d3/p12xj6d96hx5ptyrkl_lzds40000gn/T//cc2mLtUa.s 			page 8


 112      D386D248 
 112      4CBA80FA 
 112      6AD298F8 
 112      664C
 113 0024 C4F86ABC 		.ascii	"\304\370j\274\304@\322\004#\304\360\306)\335E\242\304"
 113      C440D204 
 113      23C4F0C6 
 113      29DD45A2 
 113      C4
 114 0035 F8607930 		.ascii	"\370`y01\360$x\251m\265^\272(,\265\313B\241\255\225"
 114      31F02478 
 114      A96DB55E 
 114      BA282CB5 
 114      CB42A1AD 
 115 004a 56857A29 		.ascii	"V\205z)\270\255\025\232\3305\213\010\255]\347\237\177"
 115      B8AD159A 
 115      D8358B08 
 115      AD5DE79F 
 115      7F
 116 005b CE4EB724 		.ascii	"\316N\267$fwO\322ov\317?\375\346\233\377\373\316\234"
 116      66774FD2 
 116      6F76CF3F 
 116      FDE69BFF 
 116      FBCE9C
 117 006e F5306078 		.ascii	"\3650`x=\032d\354a1\376%\376\240\216\001\177k\234\261"
 117      3D1A64EC 
 117      6131FE25 
 117      FEA08E01 
 117      7F6B9CB1 
 118 0082 2E8B8341 		.ascii	".\213\203A\037\014\036;\232e\314\011x\022>\346\204b"
 118      1F0C1E3B 
 118      9A65CC09 
 118      78123EE6 
 118      8462
 119 0094 74BFC303 		.ascii	"t\277\303\003^\252{y\224\352\246\254G\351~\207\011>"
 119      5EAA7B79 
 119      94EAA6AC 
 119      47E97E87 
 119      093E
 120 00a6 AAFB7884 		.ascii	"\252\373x\204\352\226\254G\350~\207\005~\252\373y\230"
 120      EA96AC47 
 120      E87E8705 
 120      7EAAFB79 
 120      98
 121 00b7 EA01590F 		.ascii	"\352\001Y\017\323\375\216\000\004\251\036\3446\325C"
 121      D3FD8E00 
 121      04A91EE4 
 121      36D543
 122 00c6 B26ED3FD 		.ascii	"\262n\323\375\216\020\000\216\216\005\354 7b\036o\324"
 122      8E10008E 
 122      8E05EC20 
 122      37621E6F 
 122      D4
 123 00d7 F4452C7F 		.ascii	"\364E,\1778\020\264Cp\3204\030]^5\372\324\350WcP\215"
 123      3810B443 
 123      70D03418 
 123      5D5E35FA 
ARM GAS  /var/folders/d3/p12xj6d96hx5ptyrkl_lzds40000gn/T//cc2mLtUa.s 			page 9


 123      D4E85763 
 124 00ed B7F9BF1C 		.ascii	"\267\371\277\034\206_\233\037\342\333N:\342\232\315"
 124      865F9B1F 
 124      E2DB4E3A 
 124      E29ACD
 125 00fc 147738A7 		.ascii	"\024w8\247\322\220\024\004ENs\340$lcb\332\215\201\325"
 125      D2901404 
 125      454E73E0 
 125      246C6362 
 125      DA8D81D5 
 126 0110 1EDB4CE0 		.ascii	"\036\333L\340\264f*\302)0\261\213}O\245\235b\261\333"
 126      B4662AC2 
 126      2930B18B 
 126      7D4FA59D 
 126      62B1DB
 127 0123 7196B7F7 		.ascii	"q\226\267\367>\370\000gI\003\014\004/\202\211\340C\260"
 127      3EF80067 
 127      49030C04 
 127      2F8289E0 
 127      43B0
 128 0135 10020821 		.ascii	"\020\002\010!\004\033!\214\020A\250C\250G\330\200\320"
 128      041B218C 
 128      1041A843 
 128      A847D880 
 128      D0
 129 0146 80B011A1 		.ascii	"\200\260\021\241\021a3B\023B3B\013\302\026\204V\204"
 129      11613342 
 129      13423342 
 129      0BC21684 
 129      5684
 130 0158 AD086D08 		.ascii	"\255\010m\010\214-\011e\242Uy\316\305`\314\303p*\237"
 130      8C2D0965 
 130      A25579CE 
 130      C560CCC3 
 130      702A9F
 131 016b 1934506A 		.ascii	"\0314Pj\267\201\273=\226\034\236\360\025x\322\340\200"
 131      B781BB3D 
 131      961C9EF0 
 131      1578D2E0 
 131      80
 132 017c BB9AE91B 		.ascii	"\273\232\351\033\273e\321W\347\304\021\307\203\033\275"
 132      BB65D157 
 132      E7C411C7 
 132      831BBD
 133 018b F0BA7D1C 		.ascii	"\360\272}\034\336\025M0\340\003\330\004\357\303&\206"
 133      DE154D30 
 133      E003D804 
 133      EFC32686 
 134 019b 53CFBDB9 		.ascii	"S\317\275\271\360\236\035\357u\022]N4ix\340C8\016\253"
 134      F09E1DEF 
 134      75125D4E 
 134      346978E0 
 134      43380EAB 
 135 01af B249F011 		.ascii	"\262I\360\021\304\331<t\377c\322:\006-58\222=,\271A"
 135      C4D93C74 
 135      FF63D23A 
 135      062D3538 
ARM GAS  /var/folders/d3/p12xj6d96hx5ptyrkl_lzds40000gn/T//cc2mLtUa.s 			page 10


 135      923D2CB9 
 136 01c4 5CBD8245 		.ascii	"\\\275\202E\2509\0068\245\212U>\326\253\364A\\p\213"
 136      A8390638 
 136      A58A553E 
 136      D6ABF441 
 136      5C708B
 137 01d7 4F796E30 		.ascii	"Oyn0a\277\334\335\300\371\202\332\235\267\022V@\316"
 137      61BFDCDD 
 137      C0F982DA 
 137      9DB71256 
 137      40CE
 138 01e9 7ECD3940 		.ascii	"~\3159@\312W\016\3478\261(\242L\361N:B\3329|\"X\256"
 138      CA570EE7 
 138      38B128A2 
 138      4CF14E3A 
 138      42DA397C 
 139 0200 43E25AF7 		.ascii	"C\342Z\367Kj\216\230\320\2678t\327\246\011\014>\305"
 139      4B6A8E98 
 139      D0B73874 
 139      D7A6090C 
 139      3EC5
 140 0212 6518363F 		.ascii	"e\0306?\306D\\!\317=n\367\007\306\246\224>_\025\273"
 140      C6445C21 
 140      CF3D6EF7 
 140      07C6A694 
 140      3E5F15BB 
 141 0226 1E940A31 		.ascii	"\036\224\0121\\\360\231R\250zk\021\321\231\277\223\257"
 141      5CF09952 
 141      A87A6B11 
 141      D199BF93 
 141      AF
 142 0237 D2EA2BC5 		.ascii	"\322\352+\305b1\002\237\327\330\336/\364B_b{-dIM\216"
 142      6231029F 
 142      D7D8DE2F 
 142      F4425F62 
 142      7B2D6449 
 143 024d 7968B540 		.ascii	"yh\265@\025TC\232*%5W\257\346\264\246\370\012\325\004"
 143      1554439A 
 143      2A253557 
 143      AFE6B4A6 
 143      F80AD504 
 144 0261 A4D95E6D 		.ascii	"\244\331^m\366xN53T\261\331_k\3163\256\331\213\312l"
 144      F6784E35 
 144      3354B1D9 
 144      5F6BCE33 
 144      AED98BCA 
 145 0276 9B889617 		.ascii	"\233\210\226\027\336\276\012\324\315\020\234%\263g\\"
 145      DEBE0AD4 
 145      CD109C25 
 145      B3675C
 146 0285 B3ED35EE 		.ascii	"\263\3555\356F\225\273f\311\335)\367\331\012W\261\315"
 146      4695BB66 
 146      C9DD29F7 
 146      D90A57B1 
 146      CD
 147 0296 B4CEDFB9 		.ascii	"\264\316\337\271rw#D\324w1\231U\202\356\002\014\327"
 147      72772344 
ARM GAS  /var/folders/d3/p12xj6d96hx5ptyrkl_lzds40000gn/T//cc2mLtUa.s 			page 11


 147      D4773199 
 147      5582EE02 
 147      0CD7
 148 02a8 E8ED377A 		.ascii	"\350\3557z\231\021\354f\004Y\012KS\024HM\324\205g\232"
 148      9911EC66 
 148      04590A4B 
 148      5314484D 
 148      D485679A 
 149 02bc FDFF5DCC 		.ascii	"\375\377]\314\350.\236\207\370\332s\304#\362\237%\205"
 149      E82E9E87 
 149      F8DA73C4 
 149      23F29F25 
 149      85
 150 02cd A981C288 		.ascii	"\251\201\302\210jG]\025:/Hny\242^,?H\352\005Q\315'\307"
 150      6A475D15 
 150      3A2F486E 
 150      79A25E2C 
 150      3F48EA05 
 151 02e5 A8A6BD84 		.ascii	"\250\246\275\204\333\257\227a\362\225\302\224/\270a"
 151      DBAF9761 
 151      F295C294 
 151      2FB861
 152 02f4 DA507198 		.ascii	"\332Pq\230.k\316\261\365'G\203 \272\357\250hX\223\236"
 152      2E6BCEB1 
 152      F5274783 
 152      20BAEFA8 
 152      6858939E 
 153 0308 884A8FA5 		.ascii	"\210J\217\245\322S\350\277\223\253\301\212qm\305\204"
 153      D253E8BF 
 153      93ABC18A 
 153      716DC584 
 154 0318 B4A22777 		.ascii	"\264\242'wh\311 +\034\347\004\300\267\324\260B\377J"
 154      68C9202B 
 154      1CE704C0 
 154      B7D4B042 
 154      FF4A
 155 032a 2DF49392 		.ascii	"-\364\223\222\036\217Y\370\016\342\256\265\205\376\325"
 155      1E8F59F8 
 155      0EE2AEB5 
 155      85FED5
 156 0339 5AC8AE48 		.ascii	"Z\310\256H2\017\222Mi\262T~dZ\265~c\025\206N\353<\177"
 156      320F924D 
 156      69B2547E 
 156      645AB57E 
 156      6315864E 
 157 0350 5F9E9346 		.ascii	"_\236\223F\"\232\234\2737\341\247\307FH\263\340\207"
 157      229A9CBB 
 157      37E1A7C7 
 157      4648B3E0 
 157      87
 158 0361 1A93F3A3 		.ascii	"\032\223\363\243^\350*&\247Q&\307\257\217\241\314m%"
 158      5EE82A26 
 158      A75126C7 
 158      AF8FA1CC 
 158      6D25
 159 0373 7F73C5C9 		.ascii	"\177s\305\311\271\2469g\326'\247\211\210.\025\217\376"
 159      B9A63967 
ARM GAS  /var/folders/d3/p12xj6d96hx5ptyrkl_lzds40000gn/T//cc2mLtUa.s 			page 12


 159      D627A789 
 159      882E158F 
 159      FE
 160 0384 E92DC98F 		.ascii	"\351-\311\217\302O\353\262\324\264&Ka\225\245\200\233"
 160      C24FEBB2 
 160      D4B4264B 
 160      6195A580 
 160      9B
 161 0395 A5A5EC9C 		.ascii	"\245\245\354\234\353O\351\321\364\312W\374\275\271\314"
 161      EB4FE9D1 
 161      F4CA57FC 
 161      BDB9CC
 162 03a4 1B167D75 		.ascii	"\033\026}u\322\364\212\357Y\311\345\271k\341\016\361"
 162      D2F48AEF 
 162      59C9E5B9 
 162      6BE10EF1 
 163 03b4 C3C1845F 		.ascii	"\303\301\204_\204\362\237\225\362\345#\263\011\253\244"
 163      84F29F95 
 163      F2E523B3 
 163      09ABA4
 164 03c3 FC57A91C 		.ascii	"\374W\251\034\177J\301\254\314[\352lv\324\246\274\305"
 164      7F4AC1AC 
 164      CC5BEA6C 
 164      76D4A6BC 
 164      C5
 165 03d4 E0BAFBE8 		.ascii	"\340\272\373\350\217\273\2266W\321\351\033:\313\277"
 165      8FBB9636 
 165      57D1E91B 
 165      3ACBBF
 166 03e3 955BDA22 		.ascii	"\225[\332\"\210\344\323T\213\2019M;\207\006\266H\003"
 166      88E4D354 
 166      8B81394D 
 166      3B8706B6 
 166      4803
 167 03f5 83FAD11F 		.ascii	"\203\372\321\037\237Sb\267Tl\340\274\346\374}\375{\244"
 167      9F5362B7 
 167      546CE0BC 
 167      E6FC7DFD 
 167      7BA4
 168 0407 5510DDF7 		.ascii	"U\020\335\367\342h\025\024\357\234.\214*K-X(\271g+\367"
 168      E2681514 
 168      EF9C2E8C 
 168      2A4B2D58 
 168      28B9672B 
 169 041c 42A5DF68 		.ascii	"B\245\337h\323\217\320?m\255b\227\177HE&*\272Y\336\274"
 169      D38FD03F 
 169      6DAD6297 
 169      7F484526 
 169      2ABA59DE 
 170 0431 364154F3 		.ascii	"6AT\363\271yK\323.b\363\332\330M8\224\236y\006i\224"
 170      B9794BD3 
 170      2E62F3DA 
 170      D84D3894 
 170      9E790669 
 171 0446 7E10BA45 		.ascii	"~\020\272E\226w\266\267\307\037\333\275\347\371=O\356"
 171      9677B6B7 
 171      C71FDBBD 
ARM GAS  /var/folders/d3/p12xj6d96hx5ptyrkl_lzds40000gn/T//cc2mLtUa.s 			page 13


 171      E7F93D4F 
 171      EE
 172 0457 8AEFDD17 		.ascii	"\212\357\335\027\337\375\\g\374\345\275\257\354\337"
 172      DFFD5C67 
 172      FCE5BDAF 
 172      ECDF
 173 0465 17DFF5F4 		.ascii	"\027\337\365\364\023\017\355$||\373\201\003Xy\266\263"
 173      130FED24 
 173      7C7CFB81 
 173      035879B6 
 173      B3
 174 0476 F3C5F617 		.ascii	"\363\305\366\027\330\177\337?\253\347"
 174      D87FDF3F 
 174      ABE7
 175              		.text
 176              		.section	.gnu.lto_.symbol_nodes.120e4375fe42d8b6,"",%progbits
 177 0000 789C6361 		.ascii	"x\234ca`d\360f\000\002\246m\214\365\014\014\023\316"
 177      6064F066 
 177      0002A66D 
 177      8CF50C0C 
 177      13CE
 178 0012 313000A9 		.ascii	"10\000\251\235\015\013\033\230\201b\333\031\353\031"
 178      9D0D0B1B 
 178      988162DB 
 178      19EB19
 179 0021 6162BB1A 		.ascii	"ab\273\032\024\201\";\030\353\231PDX\267224\012\001"
 179      1481223B 
 179      18EB9950 
 179      4458B732 
 179      32340A01 
 180 0035 0D606664 		.ascii	"\015`fd`8\324\376F\236\001\000\342\226\022O"
 180      6038D4FE 
 180      469E0100 
 180      E296124F 
 181              		.text
 182              		.section	.gnu.lto_.refs.120e4375fe42d8b6,"",%progbits
 183 0000 789C6361 		.ascii	"x\234ca`\004B \000\000\0009\000\007"
 183      60044220 
 183      00000039 
 183      0007
 184              		.text
 185              		.section	.gnu.lto_.decls.120e4375fe42d8b6,"",%progbits
 186 0000 789CAD56 		.ascii	"x\234\255ViLTW\024~\367\335A`\206-\3224\246\361\207"
 186      694C5457 
 186      147EF7DD 
 186      4160862D 
 186      D234A6F1 
 187 0015 B118F951 		.ascii	"\261\030\371Qx0\330\246\177\232\024G\\R\267\274\261"
 187      7830D8A6 
 187      7F9A1447 
 187      5C52B7BC 
 187      B1
 188 0026 9AFE9A20 		.ascii	"\232\376\232 \214u\"\213u\206T\223\376x\012U\304 \216"
 188      8C75228B 
 188      75865493 
 188      FE780A55 
 188      C4208E
ARM GAS  /var/folders/d3/p12xj6d96hx5ptyrkl_lzds40000gn/T//cc2mLtUa.s 			page 14


 189 0039 B8E24691 		.ascii	"\270\342F\221\252(\312@UDP\307\215\242VY\024\212\013"
 189      AA28CA40 
 189      554450C7 
 189      8DA25659 
 189      148A0B
 190 004c 9545B66A 		.ascii	"\225E\266j\021pA\\{\356\275o\346\315\014\203i\332\276"
 190      1170415C 
 190      7BEEBD6F 
 190      E6CD0C83 
 190      69DABE
 191 005f 70DE7DE7 		.ascii	"p\336}\347\336\357~\347\334s\3179\214\212C\034y2\003"
 191      DEEF7EE7 
 191      DC73CF39 
 191      8C8A431C 
 191      793203
 192 0072 396E1CCF 		.ascii	"9n\034\317q\237\200\372\016\036\025\314-\344\224\007"
 192      719F80FA 
 192      0E1E15CC 
 192      2DE49407 
 193 0082 831C0529 		.ascii	"\203\034\005)\001)\005!\273\2528\367\207\254\373\312"
 193      01290521 
 193      BBAA38F7 
 193      87ACFBCA 
 194 0092 FB26835C 		.ascii	"\373&\203\\\001\251\0019\013\322\017\322\007\002&\270"
 194      01A90139 
 194      0BD20FD2 
 194      070226B8 
 195 00a2 CB203D32 		.ascii	"\313 =2\307Qn\344S\342\301\343\330Kx\006@\212A\210\177"
 195      C7516EE4 
 195      53E2C1E3 
 195      D84B7806 
 195      408A4188 
 196 00b7 1D20F741 		.ascii	"\035 \367A\036\200\264\312\334%\243p\226\276\207S\015"
 196      1E80B4CA 
 196      DC25A370 
 196      96BE8753 
 196      0D
 197 00c8 8EF823B6 		.ascii	"\216\370#\266\376\010\244\015\244\005\344!H7\310[\220"
 197      FE08A40D 
 197      A405E421 
 197      4837C85B 
 197      90
 198 00d9 4ED9DF52 		.ascii	"N\331\337R/\334oxt\330\332x\032\337E\267\021\370\200"
 198      2FDC6F78 
 198      74D8DA78 
 198      1ADF45B7 
 198      11F880
 199 00ec 42E82C42 		.ascii	"B\350,B\354\215\250pL\250\012\037<}s\312\024r\000\311"
 199      EC8DA870 
 199      4CA80A1F 
 199      3C7D73CA 
 199      147200C9 
 200 0100 1B5E3C92 		.ascii	"\033^<\222\3478'\031\375\223\367\323;\242\017%Q\330"
 200      E7382719 
 200      FD93F7D3 
 200      3BA20F25 
 200      51D8
ARM GAS  /var/folders/d3/p12xj6d96hx5ptyrkl_lzds40000gn/T//cc2mLtUa.s 			page 15


 201 0112 91BC0939 		.ascii	"\221\274\0119=\240\313\034[w\262\262\201W6\270\3601"
 201      3DA0CB1C 
 201      5B77B2B2 
 201      815736B8 
 201      F031
 202 0124 77653AC5 		.ascii	"we:\305g\347\231\220\343\320{\232\013\316\362\230G\344"
 202      67E79990 
 202      E3D07B9A 
 202      0BCEF298 
 202      47E4
 203 0136 FBFEF0A1 		.ascii	"\373\376\360\241\351\221\305\022<\233$\211\377B\211"
 203      E991C512 
 203      3C9B2489 
 203      FF4289
 204 0145 4C7D866D 		.ascii	"L}\206m7~\312\243\261j\244\002u\340z^G\020\250\037\250"
 204      377ECAA3 
 204      B16AA402 
 204      75E07A5E 
 204      4710A81F 
 205 015a D10450DF 		.ascii	"\321\004P\337\\\331\225\307\217\333F\367\245K\023Th"
 205      5CD995C7 
 205      8FDB46F7 
 205      A54B1354 
 205      68
 206 016b E187E808 		.ascii	"\341\207\350\010\032\217\016\243\361`\250\030\215\203"
 206      1A8F0EA3 
 206      F160A818 
 206      8D83
 207 0179 F7621563 		.ascii	"\367b\025c:\276\263\373$\236\230/\331mR\353\236\212"
 207      3ABEB3FB 
 207      249E982F 
 207      D96D52EB 
 207      9E8A
 208 018b 65D674A9 		.ascii	"e\326t\251\006\266M (t\010aT\204\"\211w\360I\206\203"
 208      06B64D20 
 208      28740861 
 208      54842289 
 208      77F04986 
 209 01a0 E82EB87D 		.ascii	"\350.\270}\024M\204\235;\367\346\3300\376\206:\332\267"
 209      144D849D 
 209      3BF7E6D8 
 209      30FE863A 
 209      DAB7
 210 01b2 E3684E20 		.ascii	"\343hN \260\344\333$\2735\007\357\224\354\031\300\302"
 210      B0E4DB24 
 210      BB3507EF 
 210      94EC19C0 
 210      C2
 211 01c3 5396630A 		.ascii	"S\226c\012\3131W\226\022\312\"\365T\336\013\306K(Kq"
 211      CB315796 
 211      12CA22F5 
 211      54DE0BC6 
 211      4B284B71 
 212 01d7 DD70A7BF 		.ascii	"\335p\247\277\314\362\2726@\332\264Z\222\276\244\034"
 212      CCF2BA36 
 212      40DAB45A 
 212      92BEA41C 
ARM GAS  /var/folders/d3/p12xj6d96hx5ptyrkl_lzds40000gn/T//cc2mLtUa.s 			page 16


 213 01e7 3685C3E6 		.ascii	"6\205\303\346\312QJ9Zj\212\216\220hLV#\022\354`\230"
 213      CA514A39 
 213      5A6A8A8E 
 213      90684C56 
 213      2312EC60 
 214 01fc 2A795431 		.ascii	"*yT1\034\310\246\010sC\316`\241/\376\236|\363\325\331"
 214      1CC8A608 
 214      7343CE60 
 214      A12FFE9E 
 214      7CF3D5D9 
 215 0210 BF946950 		.ascii	"\277\224iP\270\372\000\211O\353\326\253\323\254\353"
 215      B8FA0089 
 215      4FEBD6AB 
 215      D3ACEB
 216 021f 88AB2791 		.ascii	"\210\253'\221\032\035W\314LV\303;S\222\326\220\020\216"
 216      1A1D57CC 
 216      4C56C33B 
 216      5392D690 
 216      108E
 217 0231 AD09E29C 		.ascii	"\255\011\342\234\021D'P8\341%@\364\013L\226\301$\330"
 217      11442750 
 217      38E12540 
 217      F40B4C96 
 217      C124D8
 218 0244 282AB416 		.ascii	"(*\264\026\214\301w\0205\262\363\370\341!\265\323\310"
 218      8CC17710 
 218      35B2F3F8 
 218      E121B5D3 
 218      C8
 219 0255 F69C2970 		.ascii	"\366\234)p\213!\250\002l\224+6\300\344\250FNy7\362s"
 219      8B21A802 
 219      6C942B36 
 219      C0E4A846 
 219      4E7937F2 
 220 026a 73F5065F 		.ascii	"s\365\006_8\027a\222\232\007>\204)[a\347\307\330\306"
 220      38176192 
 220      9A073E84 
 220      295B61E7 
 220      C7D8C6
 221 027d 12E6EA8B 		.ascii	"\022\346\352\213\254\307\301\223\366K\371\005p\233g"
 221      ACC7C193 
 221      F64BF905 
 221      709B67
 222 028c 44B8CD99 		.ascii	"D\270\315\231\024Z\311\214\272d\001\2319M\014U\241I"
 222      145AC98C 
 222      BA640199 
 222      394D0C55 
 222      A149
 223 029e B0B1EE74 		.ascii	"\260\261\356tkg\020\2663\226\272\203\231uX\015~\245"
 223      6B6710B6 
 223      3396BA83 
 223      9975580D 
 223      7EA5
 224 02b0 FF63BFF2 		.ascii	"\377c\277\362*\237^\365a\011\351\007jy\337\221\362@"
 224      2A9F5EF5 
 224      6109E907 
 224      6A79DF91 
ARM GAS  /var/folders/d3/p12xj6d96hx5ptyrkl_lzds40000gn/T//cc2mLtUa.s 			page 17


 224      F240
 225 02c2 969076B2 		.ascii	"\226\220v\262\274\275\242\275?\010_\244\364\252\215"
 225      BCBDA2BD 
 225      3F085FA4 
 225      F4AA8D
 226 02d1 45FBFB78 		.ascii	"E\373\373x\024\032\036\026f\245)j\227$d\341\220\035"
 226      141A1E16 
 226      66A5296A 
 226      972464E1 
 226      901D
 227 02e3 D8CE51DF 		.ascii	"\330\316Q\337.\240P\352\355E\260u\031\205\241K(\214"
 227      2EA050EA 
 227      ED45B075 
 227      1985A14B 
 227      288C
 228 02f5 263E0BE6 		.ascii	"&>\013\346\276m?lI'7\0060N\016%y\012\244\214t\311>t"
 228      BE6D3F6C 
 228      49273706 
 228      304E0E25 
 228      790AA48C 
 229 030d F303927D 		.ascii	"\363\003\222}\030\235\205c\237\207C\0222\247\367\002"
 229      189D8563 
 229      9F874312 
 229      32A7F702 
 230 031d A13F428C 		.ascii	"\241?B\214\310\360\2477!\315\342)\370\214Wp\364xV'y"
 230      C8F0A737 
 230      21CDE229 
 230      F88C5770 
 230      F4785627 
 231 0332 6597CEF9 		.ascii	"e\227\316\371\342W\364\004\374\351\262\307\245\376("
 231      E257F404 
 231      FCE9B2C7 
 231      A5FE28
 232 0341 3C943A64 		.ascii	"<\224:d\037\316E\222\344\207j`o\265r\271\304;\216\363"
 232      1FCE4592 
 232      E4876A60 
 232      6FB572B9 
 232      C43B8EF3 
 233 0355 7A42F42B 		.ascii	"zB\364+\034l\264C\202\255\354\375\005\271\001\001YJ"
 233      1C6CB443 
 233      82ADECFD 
 233      05B90101 
 233      594A
 234 0367 5E506EE5 		.ascii	"^Pn\345\356\256\240\000\3327`\004teyU\265\034\372(P"
 234      EEAEA000 
 234      DA376004 
 234      74657955 
 234      B51CFA28 
 235 037c 5FECF8F1 		.ascii	"_\354\370\361 \302\3530\275\311]OZz\375\331Z8\250\327"
 235      20C2EB30 
 235      BDC95D4F 
 235      5A7AFDD9 
 235      5A38A8D7 
 236 0390 9A7E3AE6 		.ascii	"\232~:\346\203\263\331\332\365\356\322\006_\234\313"
 236      83B3D9DA 
 236      F5EED206 
 236      5F9CCB
ARM GAS  /var/folders/d3/p12xj6d96hx5ptyrkl_lzds40000gn/T//cc2mLtUa.s 			page 18


 237 039f 14470719 		.ascii	"\024G\007\031\313:\210\365\342\263'\032\274\213\255"
 237      CB3A88F5 
 237      E2B3271A 
 237      BC8BAD
 238 03ae F56574B6 		.ascii	"\365et\266j\330\3328\262o\375\346\255<\316\227\367\325"
 238      6AD8DA38 
 238      B26FFDE6 
 238      AD3CCE97 
 238      F7D5
 239 03c0 5DCCF2C7 		.ascii	"]\314\362\307\207\230\322\320\377\333\036\031\030\002"
 239      8798D2D0 
 239      FFDB1E19 
 239      1802
 240 03ce 6AD6F9DB 		.ascii	"j\326\371\333k\375\261\215\255\375\324S\221\033\214"
 240      6BFDB18D 
 240      ADFDD453 
 240      911B8C
 241 03dd CB995275 		.ascii	"\313\231Ru\367\204\200\355\354\273\250\"\273\315\007"
 241      F78480ED 
 241      ECBBA822 
 241      BBCD07
 242 03ec 5F614A47 		.ascii	"_aJGy\306s\025\276\316\224C]\2737\0060\272\317A\035"
 242      79C67315 
 242      BECE9443 
 242      5DBB3706 
 242      30BACF41 
 243 0401 DC5FB20F 		.ascii	"\334_\262\017\3119\205A\277U\321\230\251\301\015\024"
 243      C9398541 
 243      BF55D198 
 243      A9C10D14 
 244 0411 1BD2B523 		.ascii	"\033\322\265##[\215\302\034\017\344V(\014\354\216+\233"
 244      235B8DC2 
 244      1C0FE456 
 244      280CEC8E 
 244      2B9B
 245 0423 3C52A2D7 		.ascii	"<R\242\327\365\226k\221gN449s\342\236'\372\352\010\264"
 245      F5966B91 
 245      674E3434 
 245      3973E29E 
 245      27FAEA08 
 246 0438 4D413779 		.ascii	"MA7y\242o!g\0121\360I\005\334\340\011\256\037A\235\247"
 246      A26F2167 
 246      0A31F049 
 246      05DCE009 
 246      AE1F419D 
 247 044d A06F7BA2 		.ascii	"\240o{\242Gdr\231\002n\364\356\207+\272JA\337\360D\377"
 247      47647299 
 247      026EF4EE 
 247      872BBA4A 
 247      41DFF044 
 248 0462 E6E9F55E 		.ascii	"\346\351\365^\005\374\273'\370\334\010\352\343\012\372"
 248      05FCBB27 
 248      F8DC08EA 
 248      E30AFA
 249 0471 A6F73352 		.ascii	"\246\3673RjV;[\001\014\265\323\353\255\224\353]\357"
 249      6A563B5B 
 249      010CB5D3 
ARM GAS  /var/folders/d3/p12xj6d96hx5ptyrkl_lzds40000gn/T//cc2mLtUa.s 			page 19


 249      EBAD94EB 
 249      5DEF
 250 0483 ED9AF79B 		.ascii	"\355\232\367\233p\361\362\224b\267\316\373%S\260U\376"
 250      70F1F294 
 250      62B7CEFB 
 250      2553B055 
 250      FE
 251 0494 774A2BF2 		.ascii	"wJ+\362.\000\356\320\265^\271\034\273\240\034\037A9"
 251      2E00EED0 
 251      B55EB91C 
 251      BBA01C1F 
 251      4139
 252 04a6 B681FC09 		.ascii	"\266\201\374\011\362\000\344>H;H'H+H\017H\013H\007\310"
 252      F200E43E 
 252      483B4827 
 252      482B480F 
 252      480B4807 
 253 04bb 43906E90 		.ascii	"C\220n\220?\344\362e\276\354V|i\366\0361\027\307\317"
 253      3FE4F265 
 253      BEEC567C 
 253      69F61E31 
 253      17C7CF
 254 04ce 2AE0EBDE 		.ascii	"*\340\353\336\357\3025\274;\232\334:\326\310\244pt\254"
 254      EFC235BC 
 254      3B9ADC3A 
 254      D6C8A470 
 254      74AC
 255 04e0 67C5C52D 		.ascii	"g\305\305-\032\334D\353\203\037nnl\307\320s\275\236"
 255      1ADC44EB 
 255      831F6E6E 
 255      6CC7D073 
 255      BD9E
 256 04f2 1E3D8643 		.ascii	"\036=\206C\377_\001`\367\332\270\215\366\304> \375K"
 256      FF5F0160 
 256      F7DAB88D 
 256      F6C43E20 
 256      FD4B
 257 0504 E989BDB4 		.ascii	"\351\211\275\264'\222\0379\305C=*\267\016\327\347\326"
 257      27921F39 
 257      C5433D2A 
 257      B70ED7E7 
 257      D6
 258 0515 E1FAE50E 		.ascii	"\341\372\345\016\327O;\334\253\316\222n\367~H~\023("
 258      D74F3BDC 
 258      ABCE926E 
 258      F77E487E 
 258      1328
 259 0527 E801193D 		.ascii	"\350\001\031=@\321]\205\0257x\334.\367\256\013\233M"
 259      40D15D85 
 259      153778DC 
 259      2EF7AE0B 
 259      9B4D
 260 0539 B88B7DDF 		.ascii	"\270\213}\337)kk\033\203\0373e0\257\372\241\032\017"
 260      296B6B1B 
 260      831F3365 
 260      30AFFAA1 
 260      1A0F
ARM GAS  /var/folders/d3/p12xj6d96hx5ptyrkl_lzds40000gn/T//cc2mLtUa.s 			page 20


 261 054b CA6DF2D8 		.ascii	"\312m\362\330\341\014\214\2371\345^\325\352KA\370\015"
 261      E10C8C9F 
 261      31E55ED5 
 261      EA4B41F8 
 261      0D
 262 055c 53DAF6AD 		.ascii	"S\332\366\255y\340\203\327\250\250\362\242\252\276\200"
 262      79E083D7 
 262      A8A8F2A2 
 262      AABE80
 263 056b 670D298C 		.ascii	"g\015)\214\374<\265o\250\301\254!\345\363\240\037\250"
 263      FC3CB56F 
 263      A8C1AC21 
 263      E5F3A01F 
 263      A8
 264 057c 1DDE82F0 		.ascii	"\035\336\202\360Z\212\325t54\337\032#7\244P\322\220"
 264      5A8AD574 
 264      3534DF1A 
 264      2337A450 
 264      D290
 265 058e D8ED596B 		.ascii	"\330\355Yk]r\372\031Df\015\377\336b\312\253u\336\366"
 265      5D72FA19 
 265      44660DFF 
 265      DE62CAAB 
 265      75DEF6
 266 05a1 2B4F74AD 		.ascii	"+Ot\255g\"\275\274\341\004\277\360\004\013\036\330-"
 266      6722BDBC 
 266      E104BFF0 
 266      040B1ED8 
 266      2D
 267 05b2 0AF1534F 		.ascii	"\012\361SO\354\310v\361Va~\356\335i\027\352m\012\365"
 267      ECC876F1 
 267      56617EEE 
 267      DD6917EA 
 267      6D0AF5
 268 05c5 134F70FD 		.ascii	"\023Op\375(\205\370\022\000\303t\215\300I\036\376\310"
 268      2885F812 
 268      00C3748D 
 268      C0491EFE 
 268      C8
 269 05d6 87A3B790 		.ascii	"\207\243\267\220W\351|\030\222@^\303\367Z\030\337\301"
 269      57E97C18 
 269      92405EC3 
 269      F75A18DF 
 269      C1
 270 05e7 B81AC60C 		.ascii	"\270\032\306\014\2207nE\367Zqr\310\353\361\335\312H"
 270      90376E45 
 270      F75A7172 
 270      C8EBF1DD 
 270      CA48
 271 05f9 7172D0BB 		.ascii	"qr\320\273\223\014\315\322y\350\006mS\200\032\331\246"
 271      930CCDD2 
 271      79E8066D 
 271      53801AD9 
 271      A6
 272 060a 725DAFF4 		.ascii	"r]\257\364\214\367X:jr\355m\251Y\2037\320\024\341;\352"
 272      8CF7583A 
 272      6A72ED6D 
ARM GAS  /var/folders/d3/p12xj6d96hx5ptyrkl_lzds40000gn/T//cc2mLtUa.s 			page 21


 272      A9598337 
 272      D014E13B 
 273 061f FFDC17EC 		.ascii	"\377\334\027\354\374\025\261'\207V\314z\330\274\216"
 273      FC15B127 
 273      8756CC7A 
 273      D8BC8E
 274 062e 77560CB1 		.ascii	"wV\014\2618J\250P&D\350\337D\013\3748\225\373\240\335"
 274      384AA850 
 274      2644E8DF 
 274      440BFC38 
 274      95FBA0DD 
 275 0642 BDFED6F3 		.ascii	"\275\376\326\363\256\365\227\305\263\212\"\343GK\343"
 275      AEF597C5 
 275      B38A22E3 
 275      474BE3
 276 0651 930C4949 		.ascii	"\223\014II\211\206\305\361\011\313\322\226\033\022S"
 276      8986C5F1 
 276      09CBD296 
 276      1B1253
 277 0660 93E34D29 		.ascii	"\223\343M)\006S\212\311\3427c\356\327\023t\321\321\234"
 277      06538AC9 
 277      E23763EE 
 277      D71374D1 
 277      D19C
 278 0672 363252D0 		.ascii	"62R\320-5-6\315\323\013\251f\001v\010\313SWX\314\202"
 278      2D352D36 
 278      CDD30BA9 
 278      66017608 
 278      CB535758 
 279 0688 7EC19C18 		.ascii	"~\301\234\030-{O\217Z\271R\220\271\"\023\270\000\007"
 279      2D7B4F8F 
 279      5AB95290 
 279      B92213B8 
 279      0007
 280 069a 2D210A31 		.ascii	"-!\0121[\222c\264\206\204\244\324\204etBm0\244\231R"
 280      5B9263B4 
 280      8684A4D4 
 280      84657442 
 280      6D30A499 
 281 06af 2C306759 		.ascii	",0gY$\244\231W\010\260\002\244\337&$D\304\257H\216H"
 281      24A49957 
 281      08B002A4 
 281      DF262444 
 281      C4AF488E 
 282 06c4 494D3146 		.ascii	"IM1F\030\343\027\233\">5L\211\320FE\177\366\235Vp[\020"
 282      18E3179B 
 282      223E354C 
 282      89D04645 
 282      7FF69D56 
 283 06db 4C290949 		.ascii	"L)\011Ii\211F!9>a\251)\305(\030\022\215K\342\323\222"
 283      69894621 
 283      393E61A9 
 283      29C52818 
 283      128D4BE2 
 284 06f1 2C06CBAA 		.ascii	",\006\313\252\345Fs\344R\316\317a`\366\1773`^e\026\014"
 284      E54673E4 
 284      52CECF61 
ARM GAS  /var/folders/d3/p12xj6d96hx5ptyrkl_lzds40000gn/T//cc2mLtUa.s 			page 22


 284      60F67F33 
 284      605E6516 
 285 0706 664B22B0 		.ascii	"fK\"\260\001k\260~\225\331bL\326\245\2560\352\310ix"
 285      016BB07E 
 285      95D9624C 
 285      D6A5AE30 
 285      EAC86978 
 286 071a 9D88757A 		.ascii	"\235\210uz1\306=@\306\225\026A7G?K\017\241q\211\016"
 286      31C63D40 
 286      C6951641 
 286      37473F4B 
 286      0FA17189 
 287 072f 8DC292A8 		.ascii	"\215\302\222\250\230\250\225\237\003\225f\376\"\321"
 287      98A8959F 
 287      039566FE 
 287      22D1
 288 073d B000BC9D 		.ascii	"\260\000\274\235f\\\342\243\233>C\214\241o\255o\354"
 288      665CE2A3 
 288      9B3E438C 
 288      A16FAD6F 
 288      EC
 289 074e CCA9A27E 		.ascii	"\314\251\242~\201\250\232:M'\372\306\316\237\032\035"
 289      81A89A3A 
 289      4D27FAC6 
 289      CE9F1A1D 
 290 075e 37978E5A 		.ascii	"7\227\216Z\030\307\300\"\014~d\232\200\310\207\226|"
 290      18C7C022 
 290      0C7E649A 
 290      80C88796 
 290      7C
 291 076f 60DD2C51 		.ascii	"`\335,QE\366c\235\250\325\210:\235\203\032\317\233*"
 291      45F6639D 
 291      A8D5883A 
 291      9D831ACF 
 291      9B2A
 292 0781 FA8971FA 		.ascii	"\372\211q\3728qa\3344>V\344\365\242\357\274\371\013"
 292      387161DC 
 292      343E56E4 
 292      F5A2EFBC 
 292      F90B
 293 0793 BE8AFB46 		.ascii	"\276\212\373FT\221\027\216\325\211\252E\342|1p\372\354"
 293      5491178E 
 293      D589AA45 
 293      E27C3170 
 293      FAEC
 294 07a5 58FD4CC7 		.ascii	"X\375L\307\266\277\001]r\214\237"
 294      B6BF015D 
 294      728C9F
 295              		.text
 296              		.section	.gnu.lto_.symtab.120e4375fe42d8b6,"",%progbits
 297 0000 68616C5F 		.ascii	"hal_lld_init\000"
 297      6C6C645F 
 297      696E6974 
 297      00
 298 000d 00       		.ascii	"\000"
 299 000e 00       		.ascii	"\000"
 300 000f 00       		.ascii	"\000"
ARM GAS  /var/folders/d3/p12xj6d96hx5ptyrkl_lzds40000gn/T//cc2mLtUa.s 			page 23


 301 0010 00000000 		.ascii	"\000\000\000\000\000\000\000\000"
 301      00000000 
 302 0018 AF000000 		.ascii	"\257\000\000\000"
 303 001c 73746D33 		.ascii	"stm32_clock_init\000"
 303      325F636C 
 303      6F636B5F 
 303      696E6974 
 303      00
 304 002d 00       		.ascii	"\000"
 305 002e 00       		.ascii	"\000"
 306 002f 00       		.ascii	"\000"
 307 0030 00000000 		.ascii	"\000\000\000\000\000\000\000\000"
 307      00000000 
 308 0038 B1000000 		.ascii	"\261\000\000\000"
 309 003c 53797374 		.ascii	"SystemCoreClock\000"
 309      656D436F 
 309      7265436C 
 309      6F636B00 
 310 004c 00       		.ascii	"\000"
 311 004d 00       		.ascii	"\000"
 312 004e 00       		.ascii	"\000"
 313 004f 00000000 		.ascii	"\000\000\000\000\000\000\000\000"
 313      00000000 
 314 0057 BC000000 		.ascii	"\274\000\000\000"
 315              		.text
 316              		.section	.gnu.lto_.opts,"",%progbits
 317 0000 272D666D 		.ascii	"'-fmath-errno' '-fsigned-zeros' '-ftrapping-math' '"
 317      6174682D 
 317      6572726E 
 317      6F272027 
 317      2D667369 
 318 0033 2D666E6F 		.ascii	"-fno-trapv' '-fno-openmp' '-fno-openacc' '-mcpu=cor"
 318      2D747261 
 318      70762720 
 318      272D666E 
 318      6F2D6F70 
 319 0066 7465782D 		.ascii	"tex-m0' '-mno-thumb-interwork' '-mthumb' '-ggdb' '-"
 319      6D302720 
 319      272D6D6E 
 319      6F2D7468 
 319      756D622D 
 320 0099 4F322720 		.ascii	"O2' '-fomit-frame-pointer' '-falign-functions=16' '"
 320      272D666F 
 320      6D69742D 
 320      6672616D 
 320      652D706F 
 321 00cc 2D666675 		.ascii	"-ffunction-sections' '-fdata-sections' '-fno-common"
 321      6E637469 
 321      6F6E2D73 
 321      65637469 
 321      6F6E7327 
 322 00ff 2720272D 		.ascii	"' '-flto'\000"
 322      666C746F 
 322      2700
 323              		.text
 324              		.comm	__gnu_lto_v1,1,1
 325              		.comm	__gnu_lto_slim,1,1
ARM GAS  /var/folders/d3/p12xj6d96hx5ptyrkl_lzds40000gn/T//cc2mLtUa.s 			page 24


 326              		.ident	"GCC: (GNU Tools for ARM Embedded Processors) 5.4.1 20160609 (release) [ARM/embedded-5-bran
ARM GAS  /var/folders/d3/p12xj6d96hx5ptyrkl_lzds40000gn/T//cc2mLtUa.s 			page 25


DEFINED SYMBOLS
                            *ABS*:0000000000000000 hal_lld.c
                            *COM*:0000000000000001 __gnu_lto_v1
                            *COM*:0000000000000001 __gnu_lto_slim

NO UNDEFINED SYMBOLS
