ARM GAS  /var/folders/d3/p12xj6d96hx5ptyrkl_lzds40000gn/T//ccY0U6U9.s 			page 1


   1              		.syntax unified
   2              		.cpu cortex-m0
   3              		.fpu softvfp
   4              		.eabi_attribute 20, 1
   5              		.eabi_attribute 21, 1
   6              		.eabi_attribute 23, 3
   7              		.eabi_attribute 24, 1
   8              		.eabi_attribute 25, 1
   9              		.eabi_attribute 26, 1
  10              		.eabi_attribute 30, 2
  11              		.eabi_attribute 34, 0
  12              		.eabi_attribute 18, 4
  13              		.thumb
  14              		.syntax unified
  15              		.file	"main.c"
  16              		.text
  17              	.Ltext0:
  18              		.section	.gnu.lto_.profile.9617b66596a44a00,"",%progbits
  19 0000 789C6361 		.ascii	"x\234ca`d`a`\000\222^\"\000\001\022\000i"
  19      60646061 
  19      6000925E 
  19      22000112 
  19      0069
  20              		.text
  21              		.section	.gnu.lto_.icf.9617b66596a44a00,"",%progbits
  22 0000 789C6361 		.ascii	"x\234ca`d\000\001\021\006\004`fx~z\375\014>\246\245"
  22      60640001 
  22      11060460 
  22      66787E7A 
  22      FD0C3EA6 
  23 0015 2BB71C62 		.ascii	"+\267\034ba\376\336z\346\012\037\003\000aR\011\033"
  23      61FEDE7A 
  23      E60A1F03 
  23      00615209 
  23      1B
  24              		.text
  25              		.section	.gnu.lto_.jmpfuncs.9617b66596a44a00,"",%progbits
  26 0000 789C6361 		.ascii	"x\234ca`d\000\201\225\014\010\300\304\300\010\024db"
  26      60640081 
  26      950C08C0 
  26      C4C00814 
  26      6462
  27 0012 FCCBC438 		.ascii	"\374\313\3048\245\365\314;\246/L\255\314\014\214\035"
  27      A5F5CC3B 
  27      A62F4CAD 
  27      CC0C8C1D 
  28 0022 EA8CCB19 		.ascii	"\352\214\313\031e@\342P\032\301\344\002)\335\271\363"
  28      6540E250 
  28      1AC1E402 
  28      29DDB9F3 
  29 0032 CD6DF6FA 		.ascii	"\315m\366\372\277\015\035\015\015\002\255\314\214\235"
  29      BF0D1D0D 
  29      0D02ADCC 
  29      8C9D
  30 0040 CC409318 		.ascii	"\314@\223\030W0\32630r0\200\344\347O\330\325\302\013"
  30      5730D633 
  30      30723080 
ARM GAS  /var/folders/d3/p12xj6d96hx5ptyrkl_lzds40000gn/T//ccY0U6U9.s 			page 2


  30      E4E74FD8 
  30      D5C20B
  31 0053 328A89F1 		.ascii	"2\212\211\361\004\023\343J\220>\220\360\366w\253\267"
  31      0413E34A 
  31      903E90F0 
  31      F677ABB7 
  32 0063 83859919 		.ascii	"\203\205\231\031\01700\256\202\011\243\232\306\362\237"
  32      0F3030AE 
  32      8209A39A 
  32      C6F29F
  33 0072 0964DA6A 		.ascii	"\011d\332j\240i@\267\351\311\200\314\004\002\000wJ+"
  33      A06940B7 
  33      E9C980CC 
  33      04020077 
  33      4A2B
  34 0084 C5       		.ascii	"\305"
  35              		.text
  36              		.section	.gnu.lto_.inline.9617b66596a44a00,"",%progbits
  37 0000 789C6361 		.ascii	"x\234ca`d\000\001?\006\004`b`\340Y%\302\310\300\304"
  37      60640001 
  37      3F060460 
  37      6260E059 
  37      25C2C8C0 
  38 0015 B3A0D390 		.ascii	"\263\240\323\220\201\005\304\007\012r3\002\225BI\006"
  38      8105C407 
  38      0A723302 
  38      95424906 
  39 0025 9EF71C8C 		.ascii	"\236\367\034\214`q\024Y6~\006\006V\260\021\214\\0\202"
  39      60711459 
  39      367E0606 
  39      56B0118C 
  39      5C3082
  40 0038 0100EFAB 		.ascii	"\001\000\357\253\003\372"
  40      03FA
  41              		.text
  42              		.section	.gnu.lto_.pureconst.9617b66596a44a00,"",%progbits
  43 0000 789C6361 		.ascii	"x\234ca`d`e```b0e2\001\000\001Z\000x"
  43      60646065 
  43      60606062 
  43      30653201 
  43      00015A00 
  44              		.text
  45              		.section	.gnu.lto_Thread1.9617b66596a44a00,"",%progbits
  46 0000 789C9554 		.ascii	"x\234\225T\335KTA\024\237\337\314\335]\363\273\017\350"
  46      DD4B5441 
  46      149FDFCC 
  46      DD5DF3BB 
  46      0FE8
  47 0012 45502113 		.ascii	"EP!\023_\274\364R\017=\205\177@P\275\365\222\251\351"
  47      5FBCF452 
  47      0F3D857F 
  47      4050BDF5 
  47      92A9E9
  48 0025 8219A83D 		.ascii	"\202\031\250=\364\264\343\272\267\024C\215\264\357\022"
  48      F4B4E3BA 
  48      B714438D 
  48      B4EF12
ARM GAS  /var/folders/d3/p12xj6d96hx5ptyrkl_lzds40000gn/T//ccY0U6U9.s 			page 3


  49 0034 29D1CAEF 		.ascii	")\321\312\357\312\324\2646[\263L\335\014\022R\"3\023"
  49      CAD4B436 
  49      5BB34CDD 
  49      0C125222 
  49      3313
  50 0046 B108A522 		.ascii	"\261\010\245\"\"r;s\357\256%\261\221\027v\357\314\234"
  50      22723B73 
  50      EFAE25B1 
  50      911776EF 
  50      CC9C
  51 0058 33E7F771 		.ascii	"3\347\367q\016Wc`\352\331ic,\203\336\333\351\007\033"
  51      0E576360 
  51      EAD96963 
  51      2C83DEDB 
  51      E9071B
  52 006b 03AF1E63 		.ascii	"\003\257\036c\254$\202CX\013\001\315Zh\326\311.0\027"
  52      AC248243 
  52      580B01CD 
  52      5A68D6C9 
  52      2E3017
  53 007e 171AE88F 		.ascii	"\027\032\350\217Y\317W\376\223c\340\304\\\017Ok\224"
  53      59CF57FE 
  53      9363E0C4 
  53      5C0F4F6B 
  53      94
  54 008f F44C3754 		.ascii	"\364L7TF\313&/\014J\010p+\007\215H\243\254qO\373%\361"
  54      46CB262F 
  54      0C4A0870 
  54      2B078D48 
  54      A3AC714F 
  55 00a6 851B02D0 		.ascii	"\205\033\002\320h\2734z\341]\254\332r$\321\366\203\254"
  55      68BB347A 
  55      E15DACDA 
  55      7224D1F6 
  55      83AC
  56 00b8 E8878804 		.ascii	"\350\207\210\004\243\365\313\211\353\373R\033\244tK"
  56      A3F5CB89 
  56      EBFB521B 
  56      A4744B
  57 00c7 D9292534 		.ascii	"\331)%4C\010\334\200\240z\270\216\0044!\201\321\021"
  57      4308DC80 
  57      A07AB88E 
  57      04342181 
  57      D111
  58 00d9 C34DA4AA 		.ascii	"\303M\244\252\364\231\216\345\332\030\273G\301'Y\240"
  58      F4998EE5 
  58      DA18BB47 
  58      C12759A0 
  59 00e9 68865D29 		.ascii	"h\206])l\333\343\225\201@\251\224g\267\215\362\250H"
  59      6CDBE395 
  59      8140A994 
  59      67B78DF2 
  59      A848
  60 00fb BAA531B6 		.ascii	"\272\2451\266H\031`K\234\252\211\031\270\343U\011\367"
  60      4819604B 
  60      9CAA8919 
  60      B8E35509 
ARM GAS  /var/folders/d3/p12xj6d96hx5ptyrkl_lzds40000gn/T//ccY0U6U9.s 			page 4


  60      F7
  61 010c 4CD70444 		.ascii	"L\327\004D\254\211\376\352\342\354\242#\345\252\202"
  61      AC89FEEA 
  61      E2ECA223 
  61      E5AA82
  62 011b F77E3E70 		.ascii	"\367~>p^z=I\206\260\241e5\001SX+R\350B\327\251\322I"
  62      5E7A3D49 
  62      86B0A165 
  62      35015358 
  62      2B52E842 
  63 0133 91BCB14E 		.ascii	"\221\274\261N\236\243D\273*![g\247\354\256\237\362\234"
  63      9EA344BB 
  63      2A215B67 
  63      A7ECAE9F 
  63      F29C
  64 0145 94DEEFDD 		.ascii	"\224\336\357\335d\206\003mHV\254\030\332\341bsp\367"
  64      6486036D 
  64      4856AC18 
  64      DAE16273 
  64      70F7
  65 0157 7EBF52F5 		.ascii	"~\277R\365\336\276\232\275\267\342\212P5M\376\001\216"
  65      DEBE9ABD 
  65      B7E28A50 
  65      354DFE01 
  65      8E
  66 0168 BFC4A183 		.ascii	"\277\304\241\203*0t\302^*\")x\306\030\360;\224\207\021"
  66      2A3074C2 
  66      5E2A2229 
  66      78C618F0 
  66      3B948711 
  67 017c 666E4FCF 		.ascii	"fnO\317\307)\007\301\226I\031Og\345\252It\2740\362\322"
  67      C72907C1 
  67      9649194F 
  67      67E5AA49 
  67      74BC30F2 
  68 0191 175987CB 		.ascii	"\027Y\207\313%\322<_\207\333p\341\226\322@\301\312\356"
  68      25D23C5F 
  68      87DB70E1 
  68      96D240C1 
  68      CAEE
  69 01a3 F6F208BD 		.ascii	"\366\362\010\275\305\354\335\217\276M6\203zp\007uXV"
  69      C5ECDD8F 
  69      BE4D3683 
  69      7A700775 
  69      5856
  70 01b5 2E2938CA 		.ascii	".)8\312\031<9~-\230#w\220\207\350\202\276L\364\3148"
  70      193C397E 
  70      2D982377 
  70      9087E882 
  70      BE4CF4CC 
  71 01ca EE425782 		.ascii	"\356BW\202.\324'*b\177\262\322LV\337\206\206\313\242"
  71      2ED4272A 
  71      627FB2D2 
  71      4C56DF86 
  71      86CBA2
  72 01dd 7FC34711 		.ascii	"\177\303G\021ut\007\321\033f\335\255\216`\345\375\312"
  72      757407D1 
ARM GAS  /var/folders/d3/p12xj6d96hx5ptyrkl_lzds40000gn/T//ccY0U6U9.s 			page 5


  72      1B66DDAD 
  72      8E60E5FD 
  72      CA
  73 01ee E51E139A 		.ascii	"\345\036\023\232\007K\367B_\355\346\264Q\265y\225\233"
  73      074BF742 
  73      5FEDE6B4 
  73      51B57995 
  73      9B
  74 01ff F7C84D46 		.ascii	"\367\310MF\315\024\214\346S\314a\340K{\235M\205\376"
  74      CD148CE6 
  74      53CC61E0 
  74      4B7B9D4D 
  74      85FE
  75 0211 E4116D39 		.ascii	"\344\021m9\351\256\015m\225\327j\006\337\234\236\257"
  75      E9AE0D6D 
  75      95D76A06 
  75      DF9C9EAF 
  76 0221 E1448D3A 		.ascii	"\341D\215:\024\203~\352l_\220W\363\333\032?'^\036\212"
  76      14837EEA 
  76      6C5F9057 
  76      F3DB1A3F 
  76      275E1E8A 
  77 0235 C4E2BE49 		.ascii	"\304\342\276I*\350f\275qq2.\030\212\303\003\345\204"
  77      2AE866BD 
  77      7171322E 
  77      188AC303 
  77      E584
  78 0247 66455E2F 		.ascii	"fE^/\324\326\206.\305\303\253\"65%\017M\025>_\300\017"
  78      D4D6862E 
  78      C5C3AB22 
  78      3635250F 
  78      4D153E5F 
  79 025d 05BF1E32 		.ascii	"\005\277\0362\011\003\004\244\330>O\014\222\375O*\217"
  79      090304A4 
  79      D83E4F0C 
  79      92FD4F2A 
  79      8F
  80 026e C253F185 		.ascii	"\302S\361\205\2452\270B\345\261I\345\266o\350x\204E"
  80      A532B842 
  80      E5B149E5 
  80      B66FE878 
  80      8445
  81 0280 0518229C 		.ascii	"\005\030\"\234yx\274\3250\035\375k\2146\004\270\032"
  81      7978BCD5 
  81      301DFD6B 
  81      8C3604B8 
  81      1A
  82 0291 85276434 		.ascii	"\205'd4\305j\214\221O\334\272Z\226\212\247H0\304FK\310"
  82      C56A8C91 
  82      4FDCBA5A 
  82      968AA748 
  82      30C4464B 
  83 02a6 96B50919 		.ascii	"\226\265\011\031\016/\344YX!#*bWBF\241\257xX\235\262"
  83      0E2FE459 
  83      5821232A 
  83      62574246 
  83      A1AF7858 
ARM GAS  /var/folders/d3/p12xj6d96hx5ptyrkl_lzds40000gn/T//ccY0U6U9.s 			page 6


  84 02bc 36E8B1F0 		.ascii	"6\350\261\360\320\376\260\320\317W\240\307\011:d\332"
  84      D0FEB0D0 
  84      CF57A0C7 
  84      093A64DA 
  85 02cc 997F9BF6 		.ascii	"\231\177\233\366\202L\013\231\244><\232\232R,r\353\353"
  85      824C0B99 
  85      A43E3C9A 
  85      9A522C72 
  85      EBEB
  86 02de EB389CE9 		.ascii	"\3538\234\351,H\317b\"\2630W+\310<\234\263.?'\373P~"
  86      2C48CF62 
  86      22B33057 
  86      2BC83C9C 
  86      B32E3F27 
  87 02f5 66511EDB 		.ascii	"fQ\036\333\232\236\256g\3449\017:w\357\325\217\024\351"
  87      9A9EAE67 
  87      E4390F3A 
  87      77EFD58F 
  87      14E9
  88 0307 85C5BAB3 		.ascii	"\205\305\272\263 +\377hv\216\236\225W\230\223\353,*"
  88      202BFF68 
  88      768E9E95 
  88      579893EB 
  88      2C2A
  89 0319 2E3C969E 		.ascii	".<\226\236\307~\001\015\025\332V"
  89      C77E010D 
  89      15DA56
  90              		.text
  91              		.section	.gnu.lto_main.9617b66596a44a00,"",%progbits
  92 0000 789C7552 		.ascii	"x\234uR=K\\A\024\275\347\316\354>Ww\305\037\260\004"
  92      3D4B5C41 
  92      14BDE7CE 
  92      EC3E5777 
  92      C51FB004 
  93 0014 2145D846 		.ascii	"!E\330FR\331\373\027l\255\304\312B\377\302\033q\037"
  93      52D9FB17 
  93      6CADC4CA 
  93      42FFC21B 
  93      711F
  94 0026 18B0B070 		.ascii	"\030\260\260pE%\262v\256\256\337\237h\365\220(\026\232"
  94      4525B276 
  94      AEAEDF9F 
  94      68F59028 
  94      169A
  95 0038 B0C5AA90 		.ascii	"\260\305\252\220&$M\020\021\027\264H@\237\367\356\200"
  95      26244D10 
  95      1117B448 
  95      409FF7EE 
  95      80
  96 0049 08EA8599 		.ascii	"\010\352\205\2317\367\3343\347~\314\263\004R\353`\242"
  96      37F7DC33 
  96      E77ECCB3 
  96      0452EB60 
  96      A2
  97 005a 8C7CBB65 		.ascii	"\214|\273e!E\340\211\357D#-\014\343\017\006\326\037"
  97      2145E089 
  97      EF44232D 
ARM GAS  /var/folders/d3/p12xj6d96hx5ptyrkl_lzds40000gn/T//ccY0U6U9.s 			page 7


  97      0CE30F06 
  97      D61F
  98 006c AC477A40 		.ascii	"\254Gz@!\033\013\331\310\333=?0j\305\365\257\346\216"
  98      211B0BD9 
  98      C8DB3D3F 
  98      306AC5F5 
  98      AFE68E
  99 007f 2343B0E2 		.ascii	"#C\260\3426\316f\377\264\253\013t\212[\237\\\255f\013"
  99      36CE66FF 
  99      B4AB0B74 
  99      8A5B9F5C 
  99      AD660B
 100 0092 0B4EECD7 		.ascii	"\013N\354\327\3219\317Tb\033\031\246\204\011\025\344"
 100      D139CF54 
 100      621B19A6 
 100      840915E4 
 101 00a2 B180BC66 		.ascii	"\261\200\274f_D\201\204\374{\343\261\224K\027\225\334"
 101      5F448184 
 101      FC7BE3B1 
 101      944B1795 
 101      DC
 102 00b3 A914892C 		.ascii	"\251\024\211,!\255\325\256\365\306.IF\235\253}\036\377"
 102      21ADD5AE 
 102      F5C62E49 
 102      469DAB7D 
 102      1EFF
 103 00c5 1810DD4A 		.ascii	"\030\020\335J\020\324`\2211\1771\032_\344\224\251\032"
 103      10D46091 
 103      317F311A 
 103      5FE494A9 
 103      1A
 104 00d6 FBFBD73F 		.ascii	"\373\373\327?\203\360\301\2159\327\021\031\223\260\\"
 104      83F0C18D 
 104      39D71119 
 104      93B05C
 105 00e5 47152145 		.ascii	"G\025!E\306\222R/\361.UE\227\237\251\323\256\362\341"
 105      C692522F 
 105      F12E5545 
 105      979FA9D3 
 105      AEF2E1
 106 00f8 6D6A2AD1 		.ascii	"mj*\321\021`E\250\022\233\212\016\177\004\332\261T\372"
 106      116045A8 
 106      129B8A0E 
 106      7F04DAB1 
 106      54FA
 107 010a 8A9AFEA2 		.ascii	"\212\232\376\242\303\022\370\352\264\376\255\265\214"
 107      C312F8EA 
 107      B4FEADB5 
 107      8C
 108 0117 B911D7C4 		.ascii	"\271\021\327\304\003\254!\304\252\266/\301\371\377\377"
 108      03AC21C4 
 108      AAB62FC1 
 108      F9FFFF
 109 0126 EA597FC7 		.ascii	"\352Y\177\307\365\251\320:\312\276Ll \024By\342\240"
 109      F5A9D03A 
 109      CABE4C6C 
 109      20144279 
ARM GAS  /var/folders/d3/p12xj6d96hx5ptyrkl_lzds40000gn/T//ccY0U6U9.s 			page 8


 109      E2A0
 110 0138 98D31C2D 		.ascii	"\230\323\034-8al\"/\330\336Mu\257\211e\020\023\266\232"
 110      38616C22 
 110      2FD8DE4D 
 110      75AF8965 
 110      1013B69A 
 111 014c D88BE42E 		.ascii	"\330\213\344.\210Lk\302\326\313lK\266\256|d\332\244"
 111      884C6BC2 
 111      D6CB6C4B 
 111      B6AE7C64 
 111      DAA4
 112 015e 9A86542F 		.ascii	"\232\206T/\017*\203+\306\245c~\273\307l\302)\351q\307"
 112      0F2A832B 
 112      C6A5637E 
 112      BBC76CC2 
 112      29E971C7 
 113 0172 F738199D 		.ascii	"\3678\031\235\336\260\346\312a\354\023v!J\355\244\317"
 113      DEB0E6CA 
 113      61EC1376 
 113      214AEDA4 
 113      CF
 114 0183 605509B7 		.ascii	"`U\011\267\354\177\251`\250\177p\270k\200\236\000(\225"
 114      EC7FA960 
 114      A87F70B8 
 114      6B809E00 
 114      2895
 115 0195 BF2C     		.ascii	"\277,"
 116              		.text
 117              		.section	.gnu.lto_.symbol_nodes.9617b66596a44a00,"",%progbits
 118 0000 789C558A 		.ascii	"x\234U\212\273\015\302@\020\005\347\335\007\347T@K\224"
 118      BB0DC240 
 118      1005E7DD 
 118      07E75440 
 118      4B94
 119 0012 42057B01 		.ascii	"B\005{\001\"!\201\016@r\001$\2009\010\035\023\022\023"
 119      2221810E 
 119      40720124 
 119      8039081D 
 119      131213
 120 0025 B80EC4F9 		.ascii	"\270\016\304\371$$\274\311\254f^@\234(\347.2\330=\241"
 120      2424BCC9 
 120      AC665E40 
 120      9C28E72E 
 120      32D83DA1 
 121 0039 A03BEC93 		.ascii	"\240;\354\223\207\370\220\026c\273\312\364k9-K9\213"
 121      87F89016 
 121      63BBCAF4 
 121      6B392D4B 
 121      398B
 122 004b 3407AFBB 		.ascii	"4\007\257\273\314\325\004)\225\261\262\314O\304M\026"
 122      CCD50429 
 122      95B1B2CC 
 122      4FC44D16 
 123 005b 26A293C5 		.ascii	"&\242\223\305\177\341\011\364\307\327\266\031\237v3"
 123      7FE109F4 
 123      C7D7B619 
 123      9F7633
ARM GAS  /var/folders/d3/p12xj6d96hx5ptyrkl_lzds40000gn/T//ccY0U6U9.s 			page 9


 124 006a E495770D 		.ascii	"\344\225w\015\355\373#\357f\364\225\221\2412\260\036"
 124      EDFB23EF 
 124      66F49591 
 124      A132B01E 
 125 007a 977C018F 		.ascii	"\227|\001\217#,\260"
 125      232CB0
 126              		.text
 127              		.section	.gnu.lto_.refs.9617b66596a44a00,"",%progbits
 128 0000 789C6361 		.ascii	"x\234ca`d\340c`\000\222\014\214L@\300\314\314\304\300"
 128      6064E063 
 128      6000920C 
 128      8C4C40C0 
 128      CCCCC4C0 
 129 0014 CC000002 		.ascii	"\314\000\000\002\012\000)"
 129      0A0029
 130              		.text
 131              		.section	.gnu.lto_.decls.9617b66596a44a00,"",%progbits
 132 0000 789CB53B 		.ascii	"x\234\265;yPTw\232\375{\277G\3234\015d\325\235\312N"
 132      79505477 
 132      9AFD7BBF 
 132      47D3340D 
 132      64D59DCA 
 133 0015 3155D914 		.ascii	"1U\331\024c\250\232\215\304$\223\235\231\235\335\331"
 133      63A89A8D 
 133      C424939D 
 133      999DDDD9 
 134 0025 8C2699EC 		.ascii	"\214&\231\354\2321\203\311\244\246jk\031\304\216\260"
 134      9A3183C9 
 134      A4A66A6B 
 134      19C48EB0 
 135 0035 03489AF6 		.ascii	"\003H\232\366\332\177\346q(\"*\207(r(\202(  \247\240"
 135      DA7FE671 
 135      28222A87 
 135      28722882 
 135      282020A7 
 136 004a 1CD28AE2 		.ascii	"\034\322\212\342\201\202\210\240\200\034\336\267\234"
 136      818288A0 
 136      801CDEB7 
 136      9C
 137 0057 111494FD 		.ascii	"\021\024\224\375~G\367{\335\2746VM-\345\327\357}\357"
 137      7E47F77B 
 137      DDBC3656 
 137      4D2DE5D7 
 137      EF7DEF
 138 006a 7DBFDF77 		.ascii	"}\277\337w\177\277\353)j\220\206\374\371\177\250\321"
 138      7FBFEB29 
 138      6A9086FC 
 138      F97FA8D1 
 139 007a 7CEAAAD1 		.ascii	"|\352\252\321\204\002:\003\177\030\236\375\021\300\005"
 139      84023A03 
 139      7F189EFD 
 139      11C005
 140 0089 603E403D 		.ascii	"`>@=\300R\200w\000\0325\354O\013p\002\340\024@\027@"
 140      C0528077 
 140      001A35EC 
 140      4F0B7002 
 140      E0144017 
ARM GAS  /var/folders/d3/p12xj6d96hx5ptyrkl_lzds40000gn/T//ccY0U6U9.s 			page 10


 141 009e 11B43D04 		.ascii	"\021\264=\004P\006 \000^\001W\235\240\261\373#\364\363"
 141      50062000 
 141      5E01579D 
 141      A0B1FB23 
 141      F4F3
 142 00b0 78DF73F8 		.ascii	"x\337s\370\375\327\000\337\001\355b\000\003\320{\000"
 142      FDD700DF 
 142      01ED6200 
 142      03D07B00 
 143 00c0 78026801 		.ascii	"x\002h\001&\341\231\011\340Wp\377K\200\267\000\376\005"
 143      26E19909 
 143      E05770FF 
 143      4B80B700 
 143      FE05
 144 00d2 E0D70293 		.ascii	"\340\327\002\223\353_\341\332\011WW\3229\334\017\001"
 144      EB5FE1DA 
 144      095757D2 
 144      39DC0F01 
 145 00e2 6D16C0CF 		.ascii	"m\026\300\317\340\376'\000?\006x\023\000s\336\037\013"
 145      E0FE2700 
 145      3F067813 
 145      0073DE1F 
 145      0B
 146 00f3 4C56A2B5 		.ascii	"LV\242\265\243lD\017/\205\\_\002\374\026hJ\200x\221"
 146      A36C440F 
 146      2F855C5F 
 146      02FC1668 
 146      4A807891 
 147 0107 C06C50E7 		.ascii	"\300lP\347`\207\203\210\311@d\351T\330\205\364U\306"
 147      60878388 
 147      C94064E9 
 147      54D885F4 
 147      55C6
 148 0119 ED41EC72 		.ascii	"\355A\354rB#\363\255@\366|_\010\250=\266,\013\217\013"
 148      4223F3AD 
 148      40F67C5F 
 148      08A83DB6 
 148      2C0B8F0B 
 149 012d 688E1E89 		.ascii	"h\216\036\211\200\216\\\310\270\351\011\350<=z\013\320"
 149      808E5CC8 
 149      B8E909E8 
 149      3C3D7A0B 
 149      D0
 150 013e CCB1BEFB 		.ascii	"\314\261\276\373n\354\255/\240\317\266n\355q\321o\222"
 150      6EECAD2F 
 150      A0CFB66E 
 150      ED71D16F 
 150      92
 151 014f E02F2946 		.ascii	"\340/)F\232s\306\223\274(@\336(\037y\003\207\203H\017"
 151      9A73C693 
 151      BC2840DE 
 151      281F7903 
 151      8783480F 
 152 0163 BF7EDEA8 		.ascii	"\277~\336\250\020P \317N\252\215\365`\255\317\010\200"
 152      105020CF 
 152      4EAA8DF5 
 152      60ADCF08 
ARM GAS  /var/folders/d3/p12xj6d96hx5ptyrkl_lzds40000gn/T//ccY0U6U9.s 			page 11


 152      80
 153 0174 7777F4D4 		.ascii	"ww\364\324\271\261\316-\363\000\177\274\277\265\202"
 153      B9B1CE2D 
 153      F3007FBC 
 153      BFB582
 154 0183 E0BE7AF4 		.ascii	"\340\276z\364W@K\037\035}\346\301P\322z\340Y\301\247"
 154      57404B1F 
 154      1D7DE6C1 
 154      50D27AE0 
 154      59C1A7
 155 0196 0B8A292F 		.ascii	"\013\212)/I\022\004Y\344\254\344\033in\330\235\022e"
 155      49120459 
 155      E4ACE41B 
 155      696ED89D 
 155      1265
 156 01a8 D48D9F73 		.ascii	"\324\215\237sa,t\200\326<)\252\361\340\034\340\265\260"
 156      612C7480 
 156      D63C29AA 
 156      F1E01CE0 
 156      B5B0
 157 01ba A3703257 		.ascii	"\243p2W@z_\0209Z\332\033#\275\035U\356\255A\025 q9\210"
 157      407A5F10 
 157      395ADA1B 
 157      23BD1D55 
 157      EEAD4115 
 158 01d2 88AA902F 		.ascii	"\210\252\220/\341V\212\026h\320!xX\002\017\017\020\216"
 158      E1568A16 
 158      68D02178 
 158      58020F0F 
 158      108E
 159 01e4 837D8F3C 		.ascii	"\203}\217<\216J\322\033\250\022\351Q\031\302\224\004"
 159      8E4AD21B 
 159      A812E951 
 159      19C29404 
 160 01f4 74F3D533 		.ascii	"t\363\3253\021\342b\013\022\335q8\021A\330\223\374\264"
 160      11E2620B 
 160      12DD7138 
 160      1141D893 
 160      FCB4
 161 0206 4EEF9C47 		.ascii	"N\357\234G\215S\036\003q\377VLxT\003\217\3032\217J\304"
 161      8D531E03 
 161      71FF564C 
 161      7854038F 
 161      C3328F4A 
 162 021b 99F497F6 		.ascii	"\231\364\227\366\236\024\361ID\271\234\250\356\036\321"
 162      9E14F149 
 162      44B99CA8 
 162      EE1ED1
 163 022a 3AE752EB 		.ascii	":\347R\353\224Kckx\316\0060 :\012l\216\310l\252\255"
 163      944B636B 
 163      78CE0630 
 163      203A0A6C 
 163      8EC86CAA 
 164 023f 6CEE4DC7 		.ascii	"l\356M\307\016\273\314I\342\206\376\367]\236\224\262"
 164      0EBBCC49 
 164      E286FEF7 
 164      5D9E94B2 
ARM GAS  /var/folders/d3/p12xj6d96hx5ptyrkl_lzds40000gn/T//ccY0U6U9.s 			page 12


 165 024f 183A29A2 		.ascii	"\030:)\242^\255Cs\254\276%\344M\361\303\275z\303f\""
 165      5EAD4373 
 165      ACBE25E4 
 165      4DF1C3BD 
 165      7AC36622 
 166 0263 068F0120 		.ascii	"\006\217\001 P\004A=2\020?\221+P\037*\236*\323\213\340"
 166      5004413D 
 166      32103F91 
 166      2B501F2A 
 166      9E2AD38B 
 167 0278 3CF4B501 		.ascii	"<\364\265\001-\027I\007W7\\\336#\274\271\223\007\321"
 167      2D174907 
 167      57375CDE 
 167      23BCB993 
 167      07D1
 168 028a 5B22FAE3 		.ascii	"[\"\372\343\217\024\315\217\2417\341\267\001\211\214"
 168      8F14CD8F 
 168      A137E1B7 
 168      01898C
 169 0299 9B942D25 		.ascii	"\233\224-%\012v\334\200@A\336\210\014V\205\032)\303"
 169      0A76DC80 
 169      4041DE88 
 169      0C56851A 
 169      29C3
 170 02ab 83C99DB5 		.ascii	"\203\311\235\265\270\027u#\302\363\015\0322\010\261"
 170      B8177523 
 170      C2F30D1A 
 170      3208B1
 171 02ba 5F4441C3 		.ascii	"_DA\303\200\242p#\320_\215\374\010Y\011\311/\374\010"
 171      80A27023 
 171      D05F8DFC 
 171      085909C9 
 171      2FFC08
 172 02cd 883FD3D8 		.ascii	"\210?\323\330:\243\377x{Z\263\350\037\355D\356\035\361"
 172      3AA3FF78 
 172      7B5AB3E8 
 172      1FED44EE 
 172      1DF1
 173 02df 46C82601 		.ascii	"F\310&\001}\255a\357m\275\262\213 7P\364\307\304\345"
 173      7DAD61EF 
 173      6DBDB28B 
 173      203750F4 
 173      C7C4E5
 174 02f2 DDC932DB 		.ascii	"\335\3112\333tB\326\214xx\340\350\214\007\236\240\221"
 174      7442D68C 
 174      7878E0E8 
 174      8C079EA0 
 174      91
 175 0303 827ADAF2 		.ascii	"\202z\332\362{\265o\357\225,\345\322\340L\233\367\256"
 175      7BB56FEF 
 175      952CE5D2 
 175      E04C9BF7 
 175      AE
 176 0314 0A498A07 		.ascii	"\012I\212\007[\213\324r\307\345\000\200[r\261\240^\350"
 176      5B8BD472 
 176      C7E50080 
 176      5B72B1A0 
ARM GAS  /var/folders/d3/p12xj6d96hx5ptyrkl_lzds40000gn/T//ccY0U6U9.s 			page 13


 176      5EE8
 177 0326 F5047A1B 		.ascii	"\365\004z\033\232\246\237o\331\216q\234@\373yq63\303"
 177      9AA69F6F 
 177      D98E719C 
 177      40FB7971 
 177      3633C3
 178 0339 CE4F5F2A 		.ascii	"\316O_*s\375$\365\323r\356\246\350\361\232\014/\340"
 178      73FD24F5 
 178      D372EEA6 
 178      E8F19A0C 
 178      2FE0
 179 034b B9B75CB2 		.ascii	"\271\267\\\262\034\3564HIQ\020I\204\0065\311\014\233"
 179      1CEE3448 
 179      49511049 
 179      840635C9 
 179      0C9B
 180 035d 940C4F51 		.ascii	"\224\014OQ\206\031I\361g<\361\026\306p\377\363\251a"
 180      861949F1 
 180      673CF116 
 180      C670FFF3 
 180      A961
 181 036f 528AE6EB 		.ascii	"R\212\346\353\021\014\003\212\2020\237\025\204\306\226"
 181      110C038A 
 181      82309F15 
 181      84C696
 182 037e B3070C38 		.ascii	"\263\007\0148\215\021\237\232\231\260x\261\304'\245"
 182      8D119F9A 
 182      99B078B1 
 182      C427A5
 183 038d E5D2F0F9 		.ascii	"\345\322\360\371\335\356,\361\337\200l\311\263Do@\326"
 183      DDEE2CF1 
 183      DF806CC9 
 183      B3446F40 
 183      D6
 184 039e 6C916224 		.ascii	"l\221b$}\201\247\006\265\200\360\347H\262\\\200d\231"
 184      7D81A706 
 184      B580F0E7 
 184      48B25C80 
 184      6499
 185 03b0 CF93E50C 		.ascii	"\317\223\345\014<<\255H\373\377\210\221$\204\316C\006"
 185      3C3CAD48 
 185      FBFF8891 
 185      2484CE43 
 185      06
 186 03c1 9C95259F 		.ascii	"\234\225%\237\317c\377Xr\357\035=\316\245\022\010\205"
 186      CF63FF58 
 186      72EF1D3D 
 186      CEA51208 
 186      85
 187 03d2 C3E78BBD 		.ascii	"\303\347\213\275\234\362\270\350\224\307@\334|\232\366"
 187      9CF2B8E8 
 187      94C740DC 
 187      7C9AF6
 188 03e1 6DC0A355 		.ascii	"m\300\243U\346q\336\232`\211\207{\247\275p\021c\222"
 188      E671DE9A 
 188      6089877B 
 188      A7BD7011 
ARM GAS  /var/folders/d3/p12xj6d96hx5ptyrkl_lzds40000gn/T//ccY0U6U9.s 			page 14


 188      6392
 189 03f3 DCBF690A 		.ascii	"\334\277i\012Cf\263\246\275\035\037\035$M;\240i\273"
 189      4366B3A6 
 189      BD1D1F1D 
 189      244D3BA0 
 189      69BB
 190 0405 DCB48D36 		.ascii	"\334\264\2156U\227\343\222\212\034\300\344\\eb\232\007"
 190      5597E392 
 190      8A1CC0E4 
 190      5C65629A 
 190      07
 191 0416 CD4BD217 		.ascii	"\315K\322\027K\314\215w\256=\365r\232\230\235\324\341"
 191      4BCC8D77 
 191      AE3DF572 
 191      9A989DD4 
 191      E1
 192 0427 97AD8979 		.ascii	"\227\255\211y\256\372F\207\033x|\020\304z\266\363\233"
 192      AEFA4687 
 192      1B787C10 
 192      C47AB6F3 
 192      9B
 193 0438 E87D1B2D 		.ascii	"\350}\033-I\210R\241fY\262f\352r\270\351\242\356\356"
 193      498852A1 
 193      6659B266 
 193      EA72B8E9 
 193      A2EEEE
 194 044b 2CEC3AE2 		.ascii	",\354:\342\212\2431\365\240Ji(=\221\367H\207S\351{a"
 194      8AA331F5 
 194      A04A6928 
 194      3D91F748 
 194      8753E97B 
 195 0460 DF991D07 		.ascii	"\337\231\035\00702\370:K~\010#_E\376S\013Y\272s\220"
 195      3032F83A 
 195      4B7E0823 
 195      5F45FE53 
 195      0B59BA73 
 196 0475 24E9500F 		.ascii	"$\351P\017<\356\226\305h\2445\011\030l(\253\252s\245"
 196      3CEE96C5 
 196      68A43509 
 196      186C28AB 
 196      AA73A5
 197 0488 3C09C555 		.ascii	"<\011\305UD\271\366\235),\"q\367\016\211\273\231\031"
 197      44B9F69D 
 197      292C2271 
 197      F70E89BB 
 197      9919
 198 049a 2F45E4BD 		.ascii	"/E\344\275\303\"\357R\342h\236+\316br5o\255\254p\267"
 198      C322EF52 
 198      E2689E2B 
 198      CE627235 
 198      6FADAC70 
 199 04af B9A42FCF 		.ascii	"\271\244/\317@\007\212\353`\306\001\231\343;6\2170\311"
 199      40078AEB 
 199      60C60199 
 199      E33B368F 
 199      30C9
 200 04c1 35B2D883 		.ascii	"5\262\330\203 \366;\334#\375\360\260\217y\2440/9W\213"
ARM GAS  /var/folders/d3/p12xj6d96hx5ptyrkl_lzds40000gn/T//ccY0U6U9.s 			page 15


 200      20F63BDC 
 200      23FDF0B0 
 200      8F79A430 
 200      2F39578B 
 201 04d5 F3198FF4 		.ascii	"\363\031\217\364\252\203\023z\033\217\201\270\017i\304"
 201      AA83137A 
 201      1B8F81B8 
 201      0F69C4
 202 04e4 DC021E37 		.ascii	"\334\002\0367d\036\327\221s&7\325\231H\251S\331\036"
 202      641ED791 
 202      732637D5 
 202      9948A953 
 202      D91E
 203 04f6 B88C31C9 		.ascii	"\270\2141\311Lklp\261\006\360\254\036\356\252\364\300"
 203      4C6B6C70 
 203      B106F0AC 
 203      1EEEAAF4 
 203      C0
 204 0507 C419C95C 		.ascii	"\304\031\311\\\334\036GF\224; \317mY\236[\326\010>\\"
 204      DC1E4746 
 204      943B20CF 
 204      6D599E5B 
 204      D6083E5C 
 205 051b 1D95C13C 		.ascii	"\035\225\301<K(\256\331[y\351l+/eV\316{6Tc\300CL\270"
 205      4B28AED9 
 205      5B79E96C 
 205      2B2F6556 
 205      CE7B3654 
 206 0534 BD5B4BEE 		.ascii	"\275[K\356\273\310V\316\376\2571:\210=\206\016\037\312"
 206      BBC856CE 
 206      FEAF313A 
 206      883D860E 
 206      1FCA
 207 0546 2C973AB7 		.ascii	",\227:\267\300#\220\177)\227\377\001<\274\317,\220~"
 207      C023907F 
 207      2997FF01 
 207      3CBCCF2C 
 207      907E
 208 0558 AA3F57A0 		.ascii	"\252?W\240\262\221\256\3561\331*\036\\9\347b\015\305"
 208      B291AEEE 
 208      31D92A1E 
 208      5C39E762 
 208      0DC5
 209 056a 27EC9975 		.ascii	"'\354\231u*1\207M%P\301\235\254m\006\206\377\202\314"
 209      2A31874D 
 209      2550C19D 
 209      AC6D0686 
 209      FF82CC
 210 057d 00629E5F 		.ascii	"\000b\236_\021\361y\221J~mh\347F-\276\302\220gG\036"
 210      11F17991 
 210      4A7E6D68 
 210      E7462DBE 
 210      C2906747 
 211 0592 6669F175 		.ascii	"fi\361u\206\234\273\221\332'\340{\014\331=Uu\312\035"
 211      869CBB91 
 211      DA27E07B 
 211      0CD93D55 
ARM GAS  /var/folders/d3/p12xj6d96hx5ptyrkl_lzds40000gn/T//ccY0U6U9.s 			page 16


 211      75CA1D
 212 05a5 0F33A462 		.ascii	"\0173\244b<\341\037\360$\273?y\263\343\214\013\236a"
 212      3CE11FF0 
 212      24BB3F79 
 212      B3E38C0B 
 212      9E61
 213 05b7 4842656C 		.ascii	"HBel\216\210\223\\(R\273\243\376\261\016\2471\344\370"
 213      8E88935C 
 213      2852BBA3 
 213      FEB10EA7 
 213      31E4F8
 214 05ca 8BEE2C3D 		.ascii	"\213\356,=\316g\210\265\342\315\241\025\017U\3379\333"
 214      CE6788B5 
 214      E2CDA115 
 214      0F55DF39 
 214      DB
 215 05db AC670550 		.ascii	"\254g\005PB\200O\357o\273\252\303\245\214\266\256\246"
 215      42804FEF 
 215      6FBBAAC3 
 215      A58CB6AE 
 215      A6
 216 05ec BE99CF92 		.ascii	"\276\231\317\222\336\003tK\222t\332\035\037a\357\232"
 216      DE03744B 
 216      9274DA1D 
 216      1F61EF9A 
 217 05fc 1363B7E8 		.ascii	"\023c\267\350q\023E\204\212;\231\273\335lV\037\351\375"
 217      71134584 
 217      8A3B99BB 
 217      DD6C561F 
 217      E9FD
 218 060e 84393A46 		.ascii	"\2049:F\320\243(\301\301\321\352f\217\026T\003\257y"
 218      D0A328C1 
 218      C1D1EA66 
 218      8F165403 
 218      AF79
 219 0620 F0C5A817 		.ascii	"\360\305\250\027nc,7l-I#\262jY(\270\302\243[\303\317"
 219      6E632C37 
 219      6C2D4923 
 219      B26A5928 
 219      B8C2A35B 
 220 0636 AB45F688 		.ascii	"\253E\366\210\260^G\254\225~\255\334\023w2\301\032'"
 220      B05E47AC 
 220      957EADDC 
 220      137732C1 
 220      1A27
 221 0648 4A9B7572 		.ascii	"J\233ur8L/\242e:\036\344\212\223\345\322r\261\244\331"
 221      384C2FA2 
 221      653A1EE4 
 221      8A93E5D2 
 221      72B1A4D9 
 222 065c 626D02B1 		.ascii	"bm\002\261\264\\\254\215\2027\332 P\261F\237\015W\211"
 222      B45CAC8D 
 222      8237DA20 
 222      50B1469F 
 222      0D5789
 223 066f 7880F168 		.ascii	"x\200\361h\330\374\250\301M\221t\013\212H\322m\001\036"
 223      D8FCA8C1 
ARM GAS  /var/folders/d3/p12xj6d96hx5ptyrkl_lzds40000gn/T//ccY0U6U9.s 			page 17


 223      4D91740B 
 223      8A48D26D 
 223      011E
 224 0681 9B651EC0 		.ascii	"\233e\036\300\322)\223\004u&W\266t\364j\361]n\341\370"
 224      D2299304 
 224      752657B6 
 224      74F46AF1 
 224      5D6EE1F8 
 225 0695 EE749E74 		.ascii	"\356t\236t*=$\252\364`\365\005O\272m \317VY\236-\202"
 225      2A3D24AA 
 225      F460F505 
 225      4FBA6D20 
 225      CF56599E 
 226 06ab 75D8184B 		.ascii	"u\330\030K\276\342\202\0373\013[\247\361s\3304~wbg5"
 226      BEE2821F 
 226      330B5BA7 
 226      F173D834 
 226      7E776267 
 227 06c0 C693EC5D 		.ascii	"\306\223\354]|q|\263'\216\326R$\267\261\356\221+Na\310"
 227      7C717CB3 
 227      278ED652 
 227      24B7B1EE 
 227      912B4E61 
 228 06d5 4857F44D 		.ascii	"HW\364M=\316a\310\365k\247\313<\361~\206\324Md\326y"
 228      3DCE61C8 
 228      F56BA7CB 
 228      3CF17E86 
 228      D44D64D6 
 229 06ea E162865C 		.ascii	"\341b\206\\\27093\252\307\225\014i\217\312\201\000\255"
 229      B83933AA 
 229      C7950C69 
 229      8FCA8100 
 229      AD
 230 06fb E56DA4A9 		.ascii	"\345m\244\251t\003\266PD\250\333\334\327':\3254\313"
 230      7403B650 
 230      44A8DBDC 
 230      D7273AD5 
 230      34CB
 231 070d 99A6960C 		.ascii	"\231\246\226\014-h\231\011Zf\250h\331:\262\031\006\307"
 231      2D689909 
 231      5A66A868 
 231      D93AB219 
 231      06C7
 232 071f 66C62E61 		.ascii	"f\306.a\307\343\003\236\270\225!S\367R\273\021S\231"
 232      C7E3039E 
 232      B8952153 
 232      F752BB11 
 232      5399
 233 0731 CC03A3EB 		.ascii	"\314\003\243\353\272\223\275X>\014\322\000l\333;\246"
 233      BA93BD58 
 233      3E0CD200 
 233      6CDB3BA6 
 234 0741 C3BD8CF6 		.ascii	"\303\275\214\366hr\012\010}\235!\375\273\022\352\334"
 234      68720A08 
 234      7D9D21FD 
 234      BB12EADC 
 235 0751 F138438E 		.ascii	"\3618C\216%\216\036q\303S\014\211\233\274Q\346\205c"
ARM GAS  /var/folders/d3/p12xj6d96hx5ptyrkl_lzds40000gn/T//ccY0U6U9.s 			page 18


 235      258E1E71 
 235      C3530C89 
 235      9BBC51E6 
 235      8563
 236 0763 5DED7268 		.ascii	"]\355rh\036\313\241'\261\267\007y\372\275\011\350\276"
 236      1ECBA127 
 236      B1B70779 
 236      FABD09E8 
 236      BE
 237 0774 CB4DA32E 		.ascii	"\313M\243.8\201\221\226n\270U\250\203w\336\020\337H"
 237      38819196 
 237      6EB855A8 
 237      8377DE10 
 237      DF48
 238 0786 51E7BC59 		.ascii	"Q\347\274Y\235\253\262\214\225\2108\205\322\012\355"
 238      9DABB28C 
 238      95883885 
 238      D20AED
 239 0795 95DDA7E4 		.ascii	"\225\335\247\344\240\353\033\377\230\006v\011\250_$"
 239      A0EB1BFF 
 239      98067609 
 239      A85F24
 240 07a4 ABEF6DCB 		.ascii	"\253\357m\313\267\341\\I\373\246\006}\340\215\336\003"
 240      B7E15C49 
 240      FBA6067D 
 240      E08DDE03 
 241 07b4 23168311 		.ascii	"#\026\203\021\275\271\021\017\202\021\013Y\300\025f"
 241      BDB9110F 
 241      82110B59 
 241      C01566
 242 07c3 179CF4C0 		.ascii	"\027\234\364\300Y\214\301\343\324\207\233\260\""
 242      598CC1E3 
 242      D4879BB0 
 242      22
 243 07d0 AABD6954 		.ascii	"\252\275iT\227\001\203C2\203\022\301\011\207Ru\016\321"
 243      97018343 
 243      328312C1 
 243      09875275 
 243      0ED1
 244 07e2 DB3B8ADD 		.ascii	"\333;\212\335p\036\343\220ZRR$\347\346H\346o\032\350"
 244      701EE390 
 244      5A525224 
 244      E7E648E6 
 244      6F1AE8
 245 07f5 CA093894 		.ascii	"\312\0118\224\313\034\312\234q\250P\347`]y\316c+\317"
 245      CB1CCA9C 
 245      71A850E7 
 245      605D79CE 
 245      632BCF
 246 0808 930547FB 		.ascii	"\223\005G\373=p1\263o\302\226\227\245\030W1\356\023"
 246      3D7031B3 
 246      6FC29697 
 246      A5185731 
 246      EE13
 247 081a 0DFBAA6C 		.ascii	"\015\373\252l\006\264L\2427\320\021\340\\\375\032\234"
 247      06B44CA2 
 247      37D011E0 
ARM GAS  /var/folders/d3/p12xj6d96hx5ptyrkl_lzds40000gn/T//ccY0U6U9.s 			page 19


 247      5CFD1A9C 
 248 082a 6BD43937 		.ascii	"k\32497l\034\215\300\365\214S^Si\273+>\3118\275\030"
 248      6C1C8DC0 
 248      F58C535E 
 248      5369BB2B 
 248      3EC938BD 
 249 083f 785CE369 		.ascii	"x\\\343i\343\364\0348\325\003\247\332\327\340T\247\316"
 249      E3F41C38 
 249      D503A7DA 
 249      D7E054A7 
 249      CE
 250 0850 29BBA1BD 		.ascii	")\273\241\275P\304\027\030\253\316\311\206\347\006|"
 250      50C41718 
 250      ABCEC986 
 250      E7067C
 251 085f 99226265 		.ascii	"\231\"be\364@\016\260\362F\220.\2101$\213`\230\247\003"
 251      F4400EB0 
 251      F246902E 
 251      8831248B 
 251      6098A703 
 252 0873 C76302B6 		.ascii	"\307c\002\266.\3403$\3406\374W\362\030\356u\364\252"
 252      2EE03324 
 252      E036FC57 
 252      F218EE75 
 252      F4AA
 253 0885 C2BF11F8 		.ascii	"\302\277\021\370\223W0\351\007\356\026\306\275\347\364"
 253      935730E9 
 253      07EE16C6 
 253      BDE7F4
 254 0894 F958AD9E 		.ascii	"\371X\255\236S'\375\020\365\303\242;]\236v\013\261&"
 254      5327FD10 
 254      F5C3A23B 
 254      5D9E760B 
 254      B126
 255 08a6 C16E3D20 		.ascii	"\301n= \030\370b$\373\352\321~\021w3\255nJM\035\002"
 255      18F86224 
 255      FBEAD17E 
 255      117733AD 
 255      6E4A4D1D 
 256 08bb BECE9092 		.ascii	"\276\316\220\222}\375\373\335\360}\2064\364\244\334"
 256      7DFDFBDD 
 256      F07D8634 
 256      F4A4DC
 257 08ca F3C0430C 		.ascii	"\363\300C\014\351?\364\262^\213\307\030\222}m\244\304"
 257      E93FF4B2 
 257      5E8BC718 
 257      927D6DA4 
 257      C4
 258 08db 153F6546 		.ascii	"\025?eF\277\233|\240R\3570\013T\314K\321y\020\366k\273"
 258      BF9B7CA0 
 258      52EF300B 
 258      54CC4BD1 
 258      7910F66B 
 259 08f0 3920AC78 		.ascii	"9 \254x\277\035\211!\245\262E0\240s\262{\276\346\223"
 259      BF1D8921 
 259      A5B24530 
 259      A073B27B 
ARM GAS  /var/folders/d3/p12xj6d96hx5ptyrkl_lzds40000gn/T//ccY0U6U9.s 			page 20


 259      BEE693
 260 0903 C0339D09 		.ascii	"\3003\235\011\215\"\236a\314\362[\006%\027\034\255\243"
 260      8D229E61 
 260      CCF25B06 
 260      25171CAD 
 260      A3
 261 0914 48FDE696 		.ascii	"H\375\346\226i\035\336\300\220\214\332\270h=\336\304"
 261      691DDEC0 
 261      908CDAB8 
 261      683DDEC4 
 262 0924 90C1E8E6 		.ascii	"\220\301\350\346\016\035N`\310\310\223\313\323\0368"
 262      0E1D4E60 
 262      C8C893CB 
 262      D31E38
 263 0933 9121D2B3 		.ascii	"\221!\322\263c=Z\274\235!\275;&\007\335\360N\206\024"
 263      633D5ABC 
 263      9D21BD3B 
 263      2607DDF0 
 263      4E8614
 264 0946 CD8C251A 		.ascii	"\315\214%\032p:C&\353\333s\005V/|\3102\325\222p\006"
 264      703A4326 
 264      EBDB7305 
 264      562F7CC8 
 264      32D59270 
 265 095b B3F0DE0B 		.ascii	"\263\360\336\013\353\027\367M\005\247b\275\220\017\375"
 265      EB17F74D 
 265      05A762BD 
 265      900FFD
 266 096a 9BEBE3E3 		.ascii	"\233\353\343\343\353\223K\364\035\314\334\367]\361\245"
 266      EB934BF4 
 266      1DCCDCF7 
 266      5DF1A5
 267 0979 5B929462 		.ascii	"[\222\224b\240\312\200)Q\2770W\326\336\217\230\276\200"
 267      A0CA8029 
 267      51BF3057 
 267      D6DE8F98 
 267      BE80
 268 098b 3840431B 		.ascii	"8@C\033X\312Z`\361\025H\211\333\035\211\313\221#u\265"
 268      58CA5A60 
 268      F1154889 
 268      DB1D89CB 
 268      912375B5 
 269 099f 4CDDEA48 		.ascii	"L\335\352H\235/\020\352\2052q\255L|\326\2218\331\221"
 269      9D2F10EA 
 269      853271AD 
 269      4C7CD691 
 269      38D991
 270 09b2 F8884C7C 		.ascii	"\370\210L|A\275g\245\034\0312\365eU\025i\317\311<\015"
 270      41BD67A5 
 270      1C1932F5 
 270      65551569 
 270      CFC93C0D 
 271 09c6 2464D6A0 		.ascii	"$d\326\240+\020\232]\320\021\352\344\015\300\311\350"
 271      2B109A5D 
 271      D011EAE4 
 271      0DC0C9E8 
 272 09d6 3A04439F 		.ascii	":\004C\237\340\203\256\002\014\002t\003\014\000\334"
ARM GAS  /var/folders/d3/p12xj6d96hx5ptyrkl_lzds40000gn/T//ccY0U6U9.s 			page 21


 272      E083AE02 
 272      0C027403 
 272      0C00DC
 273 09e5 00E801B8 		.ascii	"\000\350\001\270\006\320+\370\320\324a\234+d\316\027"
 273      06D02BF8 
 273      D0D4619C 
 273      2B64CE17 
 274 09f5 1D394F23 		.ascii	"\0359O#\007\245\366\310\304\227\324\215K\211Y}HO0\220"
 274      07A5F6C8 
 274      C497D48D 
 274      4B89597D 
 274      484F3090 
 275 0a09 95081069 		.ascii	"\225\010\020ix\000\312\\\017\267\314K\227,\261\230v"
 275      7800CA5C 
 275      0FB7CC4B 
 275      972CB198 
 275      76
 276 0a1a D5A6CE97 		.ascii	"\325\246\316\227\331\007Be\323\314\3013^v\231\247\244"
 276      D9074265 
 276      D3CCC133 
 276      5E7699A7 
 276      A4
 277 0a2b 86A9BE2D 		.ascii	"\206\251\276-\363jf\036\014\273\340v\032p\370\312\265"
 277      F36A661E 
 277      0CBBE076 
 277      1A70F8CA 
 277      B5
 278 0a3c 075D18CD 		.ascii	"\007]\030\315\365\361M\346\343/5\233\215\311-\340z\233"
 278      F5F14DE6 
 278      E32F359B 
 278      8DC92DE0 
 278      7A9B
 279 0a4e 9BED2E98 		.ascii	"\233\355.\230\355\216\322,\203\215\333\276\030\335\277"
 279      ED8ED22C 
 279      838DDBBE 
 279      18DDBF
 280 0a5d 91280BBD 		.ascii	"\221(\013\275\2433\234V\305'L\327\312\315T\327\333\366"
 280      A3339C56 
 280      C5274CD7 
 280      CACD54D7 
 280      DBF6
 281 0a6f BA9249C9 		.ascii	"\272\222I\311\265\343\017\004\334\315R\340\341\235\242"
 281      B5E30F04 
 281      DCCD52E0 
 281      E19DA2
 282 0a7e 2E010F32 		.ascii	".\001\0172$k\340D?\337Y<I\360\352\201\324x\003O\010"
 282      246BE044 
 282      3FDF593C 
 282      49F0EA81 
 282      D478034F 
 283 0a93 B211D9DC 		.ascii	"\262\021\331\334>s\314\015?`\304\2253\205\0331\036\245"
 283      3E73CC0D 
 283      3F60C495 
 283      33851B31 
 283      1EA5
 284 0aa5 C8AFDBA2 		.ascii	"\310\257\333\242\342\372!U\346\372\030\346\222T1\320"
 284      E2FA2155 
ARM GAS  /var/folders/d3/p12xj6d96hx5ptyrkl_lzds40000gn/T//ccY0U6U9.s 			page 22


 284      E6FA18E6 
 284      925431D0 
 285 0ab5 8C013D7D 		.ascii	"\214\001=}\311\005~\347\301\003\003\315!\203\301\327"
 285      C9057EE7 
 285      C10303CD 
 285      2183C1D7 
 286 0ac5 875C6D7F 		.ascii	"\207\\m\177\360\326\3270\327\227\3518\221\377]~>\325"
 286      F0D6D730 
 286      D797E938 
 286      91FF5D7E 
 286      3ED5
 287 0ad7 311F1BD0 		.ascii	"1\037\033\3208,*\206\234e\213]\344\275\000\012\342\""
 287      382C2A86 
 287      9C658B5D 
 287      E4BD000A 
 287      E222
 288 0ae9 F4923721 		.ascii	"\364\2227!&<\200}\321~\354\203\206!\302\236\330E\330"
 288      263C807D 
 288      D17EEC83 
 288      8621C29E 
 288      D845D8
 289 0afc A4518AD7 		.ascii	"\244Q\212\327\242\0210\343\367\352,\250\035\225\356"
 289      A21130E3 
 289      F7EA2CA8 
 289      1D95EE
 290 0b0b 1DB5732F 		.ascii	"\035\265s/i\311lj'\305C\210\377\007$\376\363\200\363"
 290      69C96C6A 
 290      27C54388 
 290      FF0724FE 
 290      F380F3
 291 0b1e 3897621F 		.ascii	"8\227b\037\334\347\202\0249\000{\001\262\001\366\000"
 291      DCE78214 
 291      39007B01 
 291      B201F600 
 292 0b2e EC06C802 		.ascii	"\354\006\310\002\310\004\310\000H\007\210\003\210\002"
 292      C804C800 
 292      48078803 
 292      8802
 293 0b3c 780E123F 		.ascii	"x\016\022?\003\230\004x\012\360=\300\230]0<?\370q/\331"
 293      03980478 
 293      0AF03DC0 
 293      985D303C 
 293      3FF8712F 
 294 0b51 44D29242 		.ascii	"D\322\222B\373\010ba\\\251\3040ROP\233\200\367y\213"
 294      FB086261 
 294      5CA9C430 
 294      524F509B 
 294      80F7798B 
 295 0b65 FF37012D 		.ascii	"\3777\001-\035]\336,\235\310rs\0249\01082\253\354\325"
 295      1D5DDE2C 
 295      9DC87273 
 295      14390838 
 295      32ABECD5 
 296 0b79 EDFC09A3 		.ascii	"\355\374\011\243\237\000\333\216\251\323\317\362\312"
 296      9F00DB8E 
 296      A9D3CFF2 
 296      CA
ARM GAS  /var/folders/d3/p12xj6d96hx5ptyrkl_lzds40000gn/T//ccY0U6U9.s 			page 23


 297 0b86 909D5726 		.ascii	"\220\235W&X\322\261\376v[\371\223u\222\344h\240\031"
 297      58D2B1FE 
 297      765BF993 
 297      7592E468 
 297      A019
 298 0b98 7BFE902E 		.ascii	"{\376\220.I]\264\216\220\231|\254:\365B\231xr\031\241"
 298      495DB48E 
 298      90997CAC 
 298      3AF54299 
 298      787219A1 
 299 0bac 9D029A24 		.ascii	"\235\002\232$Nk\333\364-tbz\033\201\004\346~\301M?\003"
 299      4E6BDBF4 
 299      2D74627A 
 299      1B8104E6 
 299      7EC14D3F 
 300 0bc1 49FE124C 		.ascii	"I\376\022L7mg\272\261\004n\012\022f\317\300\024/\234"
 300      376D67BA 
 300      B1046E0A 
 300      1266CFC0 
 300      142F9C
 301 0bd4 0C2F8C81 		.ascii	"\014/\214\201\305\201\301$o\341\234\3010\253\231\244"
 301      C581C124 
 301      6FE19CC1 
 301      30AB99A4 
 302 0be4 FB09D5EE 		.ascii	"\373\011\325\356\025ed\200\225\314\027\366e\204o}m\377"
 302      15656480 
 302      95CC17F6 
 302      65846F7D 
 302      6DFF
 303 0bf6 2A399E0C 		.ascii	"*9\236\014\352\304\022\317\345\035\000B\314M58u\360"
 303      EAC412CF 
 303      E51D0042 
 303      CC4D3538 
 303      75F0
 304 0c08 BBD65136 		.ascii	"\273\326Q6ZF\343\271(\305\321\266\311\202\243>\216U"
 304      5A46E3B9 
 304      28C5D1B6 
 304      C982A33E 
 304      8E55
 305 0c1a 7123182C 		.ascii	"q#\030,\0263}6\300}\014\266\2133\245\261\2106\204\324"
 305      16337D36 
 305      C07D0CB6 
 305      8B33A5B1 
 305      883684D4 
 306 0c2e E940E5D8 		.ascii	"\351@\345\330\367v\001\253\366\315tog\272\003\201\212"
 306      F77601AB 
 306      F6CD746F 
 306      67BA0381 
 306      8A
 307 0c3f EE1D4BA2 		.ascii	"\356\035K\242\250\356D\253TyBC\210e\335?\267\352\276"
 307      A8EE44AB 
 307      54794243 
 307      8865DD3F 
 307      B7EABE
 308 0c52 09CF433B 		.ascii	"\011\317C;\324u\247\342\245\250\211\247\241\315\210"
 308      D475A7E2 
 308      A5A889A7 
ARM GAS  /var/folders/d3/p12xj6d96hx5ptyrkl_lzds40000gn/T//ccY0U6U9.s 			page 24


 308      A1CD88
 309 0c61 6CBB40B6 		.ascii	"l\273@\2664\310\273\235\000;\000\222\001\022\0006\003"
 309      34C8BB9D 
 309      003B0092 
 309      01120036 
 309      03
 310 0c72 C4DBD9E3 		.ascii	"\304\333\331\343X\007\365-\211\372\235\300\217t\240"
 310      5807F52D 
 310      89FA9DC0 
 310      8F74A0
 311 0c81 620D469B 		.ascii	"b\015F\233\275]\221si?D=}\211\366\274\005\012\363.\347"
 311      BD5D9173 
 311      693F443D 
 311      7D89F6BC 
 311      050AF32E 
 312 0c96 B4CAF4DC 		.ascii	"\264\312\364\334\212\225\351\011\0155\216Y\261\027\012"
 312      8A95E909 
 312      0D358E59 
 312      B1170A
 313 0ca5 52362948 		.ascii	"R6)H{\240\307\255\334\021I\240l\"(\266MV\014\214\231"
 313      7BA0C7AD 
 313      DC1149A0 
 313      6C2228B6 
 313      4D560C8C 
 314 0cba 7C68FD4E 		.ascii	"|h\375N64\220uh:\247W\253\333,G{\\Hu$\221\271\233\323"
 314      36349075 
 314      683AA757 
 314      ABDB2C47 
 314      7B5C4875 
 315 0cd3 DA32C431 		.ascii	"\3322\3041\306\371\006\345V<{Z@\342\367\3348\363a\012"
 315      C6F906E5 
 315      563C7B5A 
 315      40E2F7DC 
 315      38F3610A 
 316 0ce7 689EF37A 		.ascii	"h\236\363z\232o\007RY\363\024\246\271\263\361\004\245"
 316      9A6F0752 
 316      59F314A6 
 316      B9B3F104 
 316      A5
 317 0cf8 82C2F290 		.ascii	"\202\302\362\220b\315\255O\217\323\3355\322U\256\034"
 317      62CDAD4F 
 317      8FD3DD35 
 317      D255AE1C 
 318 0d08 5F23B4C8 		.ascii	"_#\264\310Ye[\177\226\313\006\243\300\276W:\020\324"
 318      59655B7F 
 318      96CB06A3 
 318      C0BE573A 
 318      10D4
 319 0d1a 2CBFC44B 		.ascii	",\277\304K\")ry?D\235r\311V\020\367;\247e\006\374\276"
 319      22297279 
 319      3F449D72 
 319      C95610F7 
 319      3BA76506 
 320 0d30 8D1A1068 		.ascii	"\215\032\020hf\317\253v\267y\247I\226(L\027\237\005"
 320      66CFAB76 
 320      B779A749 
 320      96284C17 
ARM GAS  /var/folders/d3/p12xj6d96hx5ptyrkl_lzds40000gn/T//ccY0U6U9.s 			page 25


 320      9F05
 321 0d42 3C05F8AA 		.ascii	"<\005\370\252\206\315:\017\010r\220\245\264\271Ke\177"
 321      86CD3A0F 
 321      087290A5 
 321      B4B94B65 
 321      7F
 322 0d53 A6CBC5C3 		.ascii	"\246\313\305\303j\264U\012\332\347\255\224\226,\370"
 322      6AB4550A 
 322      DAE7AD94 
 322      962CF8
 323 0d62 8EAAD12A 		.ascii	"\216\252\321*\207\227\316m<\324aM\204\032\034\023q\326"
 323      8797CE6D 
 323      3CD4614D 
 323      841A1C13 
 323      71D6
 324 0d74 BCBABAD5 		.ascii	"\274\272\272\325V!O9\022+\247\202\214\272J\246nV\247"
 324      56214F39 
 324      122BA782 
 324      8CBA4AA6 
 324      6E56A7
 325 0d87 567AA195 		.ascii	"Vz\241\225{\201\314\336N;\222\317^\017\354a\235\223"
 325      7B81CCDE 
 325      4E3B92CF 
 325      5E0FEC61 
 325      9D93
 326 0d99 61F49E3A 		.ascii	"a\364\236:\265B\356\314m\016C\307\270\223\241\203\221"
 326      B542EECC 
 326      6D0E43C7 
 326      B893A183 
 326      91
 327 0daa EF6CB51B 		.ascii	"\357l\265\033\010f\023+|\274c\033-\206\343\252\003A"
 327      0866132B 
 327      7CBC631B 
 327      2D86E3AA 
 327      0341
 328 0dbc C76F6AC9 		.ascii	"\307oj\311\376\002\211\352\307r\254\216+\306\201\211"
 328      FE0289EA 
 328      C772AC8E 
 328      2BC68189 
 329 0dcc FC3FA4E5 		.ascii	"\374?\244\345K\326a\363)\237v9M\311\261@\302l\310\236"
 329      4BD661F3 
 329      299F7639 
 329      4DC9B140 
 329      C26CC89E 
 330 0de0 9932810A 		.ascii	"\2312\201\012\354jK\276Jm\261\315\011\013!\275^5'\344"
 330      EC6A4BBE 
 330      4A6DB1CD 
 330      090B21BD 
 330      5E3527E4 
 331 0df4 45E0368D 		.ascii	"E\3406\215a\322\357\224<\224\015Q\025`\272\333]\227"
 331      61D2EF94 
 331      3C940D51 
 331      1560BADB 
 331      5D97
 332 0e06 1E252A0F 		.ascii	"\036%*\017b\210\321\024\307\354\230\234\304\014YOb\216"
 332      6288D114 
 332      C7EC989C 
ARM GAS  /var/folders/d3/p12xj6d96hx5ptyrkl_lzds40000gn/T//ccY0U6U9.s 			page 26


 332      C40C594F 
 332      628E
 333 0e18 DF7E70DE 		.ascii	"\337~p\336\303z\022\323\265\344\022?\211\001*tE\356"
 333      C37A12D3 
 333      B5E4123F 
 333      89012A74 
 333      45EE
 334 0e2a FC8AF524 		.ascii	"\374\212\365$\246\010\223\223\230\206\361S\247\014\370"
 334      A6089393 
 334      9886F153 
 334      A70CF8
 335 0e39 869BFA49 		.ascii	"\206\233\372I\237\335\301O\011V\236\364\355O\037\330"
 335      9FDDC14F 
 335      09569EF4 
 335      ED4F1FD8 
 336 0e49 A9E5DC8E 		.ascii	"\251\345\334\216\226\206\234+\273%m\232C\211P1\266q"
 336      96869C2B 
 336      BB256D9A 
 336      43895031 
 336      B671
 337 0e5b 835BC6ED 		.ascii	"\203[\306\355\020\3456\\)\335\320\343ml\373k{\316\215"
 337      10E5365C 
 337      29DDD0E3 
 337      6D6CFB6B 
 337      7BCE8D
 338 0e6e CBAEBC87 		.ascii	"\313\256\274\207k\025\177*\252\220b\335h\373R\271}\251"
 338      6B157F2A 
 338      AA9062DD 
 338      68FB52B9 
 338      7DA9
 339 0e80 B57D196D 		.ascii	"\265}\031m\377\344\320\367\211\036\270\206\265\257?"
 339      FFE4D0F7 
 339      891EB886 
 339      B5AF3F
 340 0e8f 7EE5C39F 		.ascii	"~\345\303\237\356\223,\320\303\313D\357(\311\362&=\201"
 340      EE932CD0 
 340      C3CB44EF 
 340      28C9F226 
 340      3D81
 341 0ea1 2E67AD15 		.ascii	".g\255\025\007\327\345\244\023T\201\177J\366`\307'N"
 341      07D7E5A4 
 341      1354817F 
 341      4AF660C7 
 341      274E
 342 0eb3 E8F171D6 		.ascii	"\350\361q\326\303\314\375\356}|\3551L7\3446f_\340{y"
 342      C3CCFDEE 
 342      7D7CED31 
 342      4C37E436 
 342      665FE07B 
 343 0ec8 57C97E5D 		.ascii	"W\311~]\335\213\2755\"\377\212\300\003\360\235w.\214"
 343      DD8BBD35 
 343      22FF8AC0 
 343      03F09D77 
 343      2E8C
 344 0eda BAE193AC 		.ascii	"\272\341\223\254\361\320\365\230</\334\306\220\275-"
 344      F1D0F598 
 344      3C2FDCC6 
ARM GAS  /var/folders/d3/p12xj6d96hx5ptyrkl_lzds40000gn/T//ccY0U6U9.s 			page 27


 344      90BD2D
 345 0ee9 9B5ADD70 		.ascii	"\233Z\335p\007C\312\222\242\2420\276\311\220h\351a\242"
 345      0743CA92 
 345      A2A230BE 
 345      C99068E9 
 345      61A2
 346 0efb 0B59B5C5 		.ascii	"\013Y\265\305\374\300~\011\036\272\230\247Gs}}\324g"
 346      FCC07E09 
 346      1EBA98A7 
 346      47737D7D 
 346      D467
 347 0f0d 0D4741AD 		.ascii	"\015GA\255z>X5@@\035S\316\032`j\376\207G$\031\352\035"
 347      7A3E5835 
 347      40401D53 
 347      CE1A606A 
 347      FE874724 
 348 0f24 8793D818 		.ascii	"\207\223\330\030Xef\316g\011Z\007e\275\226\367\243\222"
 348      586566CE 
 348      67095A07 
 348      65BD96F7 
 348      A392
 349 0f36 7364E336 		.ascii	"sd\3436\376\373R\021?\246\242\013\247G\237O\353\220"
 349      FEFB5211 
 349      3FA6A20B 
 349      A7479F4F 
 349      EB90
 350 0f48 EF5C6BBE 		.ascii	"\357\\k\276\205\261\311\307qh\335(\273\250\236N>\324"
 350      85B1C9C7 
 350      7168DD28 
 350      BBA89E4E 
 350      3ED4
 351 0f5a 85B680A0 		.ascii	"\205\266\200\240jB\223\323\221]\367\343=\36043R\\\317"
 351      6A4293D3 
 351      915DF7E3 
 351      3DF03433 
 351      525CCF
 352 0f6d F1660F1C 		.ascii	"\361f\017\034\303>\345\270\276\345\3069\204\2670$\251"
 352      C33EE5B8 
 352      BEE5C639 
 352      84B73024 
 352      A9
 353 0f7e 716F832B 		.ascii	"qo\203+NeHAMj\221;\316\242\210\260\255n\357q7\344k`"
 353      4E654841 
 353      4D6A913B 
 353      CEA288B0 
 353      AD6EEF71 
 354 0f96 99F46CE3 		.ascii	"\231\364l\343<\222Ig@\303"
 354      3C924967 
 354      40C3
 355 0fa0 66EC70DE 		.ascii	"f\354p\336\347\364\340\3604V\036\034\222\015\235\247"
 355      E7F4E0F0 
 355      34561E1C 
 355      920D9DA7 
 356 0fb0 DB07BDF0 		.ascii	"\333\007\275\360~\306\315RU[i\300%\014\031\231\336]"
 356      7EC6CD52 
 356      555B69C0 
 356      250C1999 
ARM GAS  /var/folders/d3/p12xj6d96hx5ptyrkl_lzds40000gn/T//ccY0U6U9.s 			page 28


 356      DE5D
 357 0fc2 C343857C 		.ascii	"\303C\205|\261\362b )\311\225\257RI\244\214\235\035"
 357      B1F26220 
 357      29C995AF 
 357      5249A48C 
 357      9D1D
 358 0fd4 8877C7C7 		.ascii	"\210w\307\307x\303\251#\275\006|\212\"\372\352\222\226"
 358      78C3A923 
 358      BD067C8A 
 358      22FAEA92 
 358      96
 359 0fe5 622F4496 		.ascii	"b/D\226\241\006X\225\372\370\330\225\213\363\330\033"
 359      A1065895 
 359      FAF8D895 
 359      8BF3D81B 
 360 0ff5 B56090E4 		.ascii	"\265`\220\344\034\310\334\306\015\325\005"
 360      1CC8DCC6 
 360      0DD505
 361 1000 525D8472 		.ascii	"R]\204r\321\016p\025\3402\300\025\345|\013\306\340\300"
 361      D10E7015 
 361      E032C015 
 361      E57C0BC6 
 361      E0C0
 362 1012 3E3E0677 		.ascii	">>\006w\200\302gyc\247\263\250\332+\264\344\022\332"
 362      80C26779 
 362      63A7B3A8 
 362      DA2BB4E4 
 362      12DA
 363 1024 93AAB4AC 		.ascii	"\223\252\264\254>[\375\274\202M\260;\201\254U\266e\033"
 363      3E5BFDBC 
 363      824DB03B 
 363      81AC55B6 
 363      651B
 364 1036 F5B3D296 		.ascii	"\365\263\322\226\235v\345\260\003\033\224\022\256\357"
 364      9D76E5B0 
 364      031B9412 
 364      AEEF
 365 1044 E3B350E2 		.ascii	"\343\263P\342\222S\216\\\235.\252m\026\271\004Vx\035"
 365      92538E5C 
 365      9D2EAA6D 
 365      16B90456 
 365      781D
 366 1056 8B30F7D7 		.ascii	"\2130\367\327\244\321\201\242Me6e\351H\343\343\023\314"
 366      A4D181A2 
 366      4D653665 
 366      E948E3E3 
 366      13CC
 367 1068 572E380A 		.ascii	"W.8\0122ko\247\341\212\367.\311\022\215\351yx\023'\267"
 367      326B6FA7 
 367      E18AF72E 
 367      C9128DE9 
 367      79781327 
 368 107d 9DA22B06 		.ascii	"\235\242+\006?R\003\217?\265\350q'\363zu\354\235\027"
 368      3F52038F 
 368      3FB5E871 
 368      27F37A75 
 368      EC9D17
ARM GAS  /var/folders/d3/p12xj6d96hx5ptyrkl_lzds40000gn/T//ccY0U6U9.s 			page 29


 369 1090 5EF81145 		.ascii	"^\370\021E\264\023I\333\006\015d\033o.\337\301\263<"
 369      B41349DB 
 369      060D641B 
 369      6F2EDFC1 
 369      B33C
 370 10a2 B34A61F5 		.ascii	"\263Ja\365X\377\253<6m\357\261\331\264\312\021\265\274"
 370      58FFAB3C 
 370      366DEFB1 
 370      D9B4CA11 
 370      B5BC
 371 10b4 4721720F 		.ascii	"G!r\017'w\020\271e\266\251m\363\340n\336\204\230z\000"
 371      277710B9 
 371      65B6A96D 
 371      F3E06EDE 
 371      84987A00 
 372 10c8 4CDD0BE6 		.ascii	"L\335\013\346\275\0060\010\320gg\346\011f\346~53'\367"
 372      BD063008 
 372      D06767E6 
 372      0966E67E 
 372      353327F7 
 373 10dc 38184E45 		.ascii	"8\030NE\012\253\341\266\237\253x\340\212'Y\"\327\275"
 373      0AABE1B6 
 373      9FAB78E0 
 373      8A275922 
 373      D7BD
 374 10ee ACBAE601 		.ascii	"\254\272\346\001\205O]\270\233 \320k\011\007\263\327"
 374      854F5DB8 
 374      9B20D06B 
 374      0907B3D7 
 375 10fe 95510924 		.ascii	"\225Q\011$po\000\371u9p\3731\037N\2174<~\237\245\260"
 375      706F00F9 
 375      753970FB 
 375      311F4E8F 
 375      343C7E9F 
 376 1114 373951ED 		.ascii	"79Q\355\033\261\360/E\006I\012\227\265n\313\362\300"
 376      1BB1F02F 
 376      4506490A 
 376      97B56ECB 
 376      F2C0
 377 1126 DB0C6C6C 		.ascii	"\333\014llzy\272\011\312\016C\032,c\307D\234\305\220"
 377      7A79BA09 
 377      CA0E431A 
 377      2C63C744 
 377      9CC590
 378 1139 F4C6B2D3 		.ascii	"\364\306\262\323\030\3471d(7\017\346G\007\031\222\034"
 378      18E73164 
 378      28370FE6 
 378      47071992 
 378      1C
 379 114a BBF7AE17 		.ascii	"\273\367\256\027.gHIr\024\254\363\2162\344P\364\215"
 379      2E674849 
 379      7214ACF3 
 379      8E32E450 
 379      F48D
 380 115c 53AEF834 		.ascii	"S\256\3704EtgR'\222=\351\016/)\007\266ty\300\023\232"
 380      45746752 
 380      27923DE9 
ARM GAS  /var/folders/d3/p12xj6d96hx5ptyrkl_lzds40000gn/T//ccY0U6U9.s 			page 30


 380      0E2F2907 
 380      B67479C0 
 381 1172 0CF1F740 		.ascii	"\014\361\367@\370\321WF\351\323\036\333$\352\261#\261"
 381      F8D15746 
 381      E9D31EDB 
 381      24EAB123 
 381      B1
 382 1183 FDC412BC 		.ascii	"\375\304\022\274\326\321CFG\010=2\013z\310\311UfA\254"
 382      D6D14346 
 382      47083D32 
 382      0B7AC8C9 
 382      556641AC 
 383 1197 EB910CC5 		.ascii	"\353\221\014\305t\356\256\272$*\211{\033\022\367\026"
 383      74EEAEBA 
 383      242A897B 
 383      1B12F716 
 384 11a7 49DC47BC 		.ascii	"I\334G\274\011q\330\0308l\030\0345\016\360=\300\023"
 384      0971D818 
 384      386C181C 
 384      350EF03D 
 384      C013
 385 11b9 80118021 		.ascii	"\200\021\200!\373%o\006\215\252Q\265\250\352\354Ql\351"
 385      FB256F06 
 385      8DAA51B5 
 385      A8EAEC51 
 385      6CE9
 386 11cb 3C709466 		.ascii	"<p\224f\326\002\354*\263\013\231\346\336W'\266m\247"
 386      D602EC2A 
 386      B30B99E6 
 386      DE5727B6 
 386      6DA7
 387 11dd DE1ADA79 		.ascii	"\336\032\332y_\304\355\324)\302\311\273\211c\236\212"
 387      5FC4EDD4 
 387      29C2C9BB 
 387      89639E8A 
 388 11ed A1EE9BEB 		.ascii	"\241\356\233\353\364\214u\022\332?\225#iT1\3249\252"
 388      F48C7512 
 388      DA3F9523 
 388      695431D4 
 388      39AA
 389 11ff 3D01AABE 		.ascii	"=\001\252\276\256\332\300\375\342\370\276x-\356g\361"
 389      AEDAC0FD 
 389      E2F8BE78 
 389      2DEE67F1 
 390 120f 117B31EA 		.ascii	"\021{1\352W\370\036\273\277{7'\225\177^\360c@\2376m"
 390      57F81EBB 
 390      BF7B3727 
 390      957F5EF0 
 390      63409F36 
 391 1224 3F263AFF 		.ascii	"?&:\377\322r\032\363/-\2470=\235y\361\364z\214\353\254"
 391      D2721AF3 
 391      2F2DA730 
 391      3D9D79F1 
 391      F47A8CEB 
 392 1239 6FF8AA41 		.ascii	"o\370\252A\310\303\230\320\277\300s\254\255\200\334"
 392      C8C398D0 
 392      BFC073AC 
ARM GAS  /var/folders/d3/p12xj6d96hx5ptyrkl_lzds40000gn/T//ccY0U6U9.s 			page 31


 392      AD80DC
 393 1248 35FD7663 		.ascii	"5\375vc\274\201\014NdwT\326k\227\247\3066}B\317@\377"
 393      BC810C4E 
 393      647754D6 
 393      6B97A7C6 
 393      367D42CF 
 394 125e 975CB118 		.ascii	"\227\\\261\030\321\027I\242\017\212\006\230\001\205"
 394      D11749A2 
 394      0F8A0698 
 394      0185
 395 126c 62E11A25 		.ascii	"b\341\032%*W\314\260t}\306\013?\231'\034\341\215mN("
 395      2A57CCB0 
 395      747DC60B 
 395      3F99271C 
 395      E18D6D4E 
 396 1281 74F458D6 		.ascii	"t\364X\326\177\023\207\021C\337\341\2646\223:\256\016"
 396      7F138711 
 396      43DFE1B4 
 396      36933AAE 
 396      0E
 397 1292 D30610C4 		.ascii	"\323\006\020\304\361\256\367\210\026\3509\247\266\352"
 397      F1AEF788 
 397      16E839A7 
 397      B6EA
 398 12a0 86AAB003 		.ascii	"\206\252\260\003\371\341~\036\366\244\036\234\340\344"
 398      F9E17E1E 
 398      F6A41E9C 
 398      E0E4
 399 12ae B6BAA25C 		.ascii	"\266\272\242\\\256\361\305\306\036\032\206/g\205!\274"
 399      AEF1C5C6 
 399      1E1A862F 
 399      678521BC 
 400 12be EBB4F645 		.ascii	"\353\264\366EV\0335\274/\333\316f\241}d5l\210}\352\201"
 400      561B35BC 
 400      2FDBCE66 
 400      A17D6435 
 400      6C887DEA 
 401 12d3 2758641D 		.ascii	"'Xd\035\212J<\"\330U7;\353\306\201E_\307\272\326\022"
 401      8A4A3C22 
 401      D855373B 
 401      EBC68145 
 401      5FC7BAD6 
 402 12e8 67CEA181 		.ascii	"g\316\241\201\271Q\234\2136\210\266\300|i-q=IM7\334"
 402      B9519C8B 
 402      3688B6C0 
 402      7C692D71 
 402      3D494D37 
 403 12fd 60523CC8 		.ascii	"`R<\310v\202\342cZ$)\307@\311+g\315\213+\351\274x\223"
 403      7682E263 
 403      5A2429C7 
 403      40C92B67 
 403      CD8B2BE9 
 404 1314 48E6C567 		.ascii	"H\346\305gG\273[=\234\307Y\274\310\343\214$\0219\322"
 404      47BB5B3D 
 404      9CC759BC 
 404      C8E38C24 
 404      1139D2
ARM GAS  /var/folders/d3/p12xj6d96hx5ptyrkl_lzds40000gn/T//ccY0U6U9.s 			page 32


 405 1327 AADE5FCB 		.ascii	"\252\336_\313\017\331\335\310A\354\251\303\315\374\024"
 405      0FD9DDC8 
 405      41ECA9C3 
 405      CDFC14
 406 1336 EB0C7D5D 		.ascii	"\353\014}]|nP\021\206\210\036W&\210\336h\263Hwe\304"
 406      7C6E5011 
 406      86881E57 
 406      2688DE68 
 406      B3487765 
 407 134b 39D63E29 		.ascii	"9\326>)\002-N\034\210\036\265?\334\200\347\012\001\266"
 407      022D4E1C 
 407      881EB53F 
 407      DC80E70A 
 407      01B6
 408 135d 8AEC6B52 		.ascii	"\212\354kR\270\002u\324\256\273I\366\324DC\231z\033"
 408      B80275D4 
 408      AEBB49F6 
 408      D4444399 
 408      7A1B
 409 136f A7DE46A9 		.ascii	"\247\336F\251'sn\245\0108\306\203\346\327\305\374M\027"
 409      27736EA5 
 409      0838C683 
 409      E6D7C5FC 
 409      4D17
 410 1381 31513466 		.ascii	"1Q4f\366\267\010N>\226*\233I\035\364\300\233X\373\222"
 410      F6B7084E 
 410      3E962A9B 
 410      491DF4C0 
 410      9B58FB92 
 411 1395 C9816A17 		.ascii	"\311\201j\027\274\225![SO\234\020q\012C\366\245'\307"
 411      BC95215B 
 411      534F9C10 
 411      710A43F6 
 411      A527C7
 412 13a8 B9E03486 		.ascii	"\271\3404\206\024\246$\225\351q:Cv\035\274\362\334\015"
 412      14A62495 
 412      E9713A43 
 412      761DBCF2 
 412      DC0D
 413 13ba 6732247A 		.ascii	"g2$z2\267^\207s(\"\226\244vgk\311\031\006?\213\310|"
 413      32B75E87 
 413      73282296 
 413      A476676B 
 413      C919063F 
 414 13d1 F871C328 		.ascii	"\370q\303(8o\263\201~\026\230\006.N\027\025\303\250"
 414      386FB381 
 414      7E169806 
 414      2E4E1715 
 414      C3A8
 415 13e3 E3DEA205 		.ascii	"\343\336\242\005\342\311\244\334\274#\324\304\313\231"
 415      E2C9A4DC 
 415      BC23D4C4 
 415      CB99
 416 13f1 104BBB20 		.ascii	"\020K\273 ~2D\273S\256D\203t\361\317\264\353\235\252"
 416      7E3244BB 
 416      53AE4483 
 416      74F1CFB4 
ARM GAS  /var/folders/d3/p12xj6d96hx5ptyrkl_lzds40000gn/T//ccY0U6U9.s 			page 33


 416      EB9DAA
 417 1404 5DB728F2 		.ascii	"]\267(\362!\273M \371\000D\366\2079bnns\245\016\315"
 417      21BB4D20 
 417      F90044F6 
 417      8739626E 
 417      6E73A50E 
 418 1419 839AE164 		.ascii	"\203\232\341d\0071Kd;\210\331 \304\036\020b\267\262"
 418      07314B64 
 418      3B88D920 
 418      C41E1062 
 418      B7B2
 419 142b 44580EB7 		.ascii	"DX\016\267\341(:Q \354w\200\030\204\334\351Lhw\033\037"
 419      E1283A51 
 419      20EC7780 
 419      1884DCE9 
 419      4C68771B 
 420 1440 00C8476F 		.ascii	"\000\310Go\251\316\251\231\314\231\211\236Df\240q8\200"
 420      A9CEA999 
 420      CC99899E 
 420      4466A071 
 420      3880
 421 1452 1A1ACDEC 		.ascii	"\032\032\315\354\362\232\007\362F9\227Wc',\251\313M"
 421      F29A07F2 
 421      46399757 
 421      63272CA9 
 421      CB4D
 422 1464 9D870DB8 		.ascii	"\235\207\015\270\233\371\355vKi\264\016\3671d\317\205"
 422      9BF9ED76 
 422      4B69B40E 
 422      F73164CF 
 422      85
 423 1475 432D2EF8 		.ascii	"C-.\370:C\352\212\016]\022\360]\206\024\037\035N@x\210"
 423      3A43EA8A 
 423      0E5D12F0 
 423      5D86141F 
 423      1D4E4078 
 424 148a 212371A5 		.ascii	"!#q\245f\374\224\335\307\356Nj\343\007\277\377D\326"
 424      66FC94DD 
 424      C7EE4E6A 
 424      E307BFFF 
 424      44D6
 425 149c 92F15983 		.ascii	"\222\361Y\203|m9H>\\\255\350*\250\323\341iJ\353\221"
 425      7C6D3948 
 425      3E5CADE8 
 425      2AA8D3E1 
 425      694AEB91 
 426 14b0 B9B3FCB2 		.ascii	"\271\263\374\262\026Y\017\201\351\321\025[\312\245Y"
 426      16590F81 
 426      E9D1155B 
 426      CAA559
 427 14bf AD9124EA 		.ascii	"\255\221$\352Q.)\000\242\263iB,\030\271\246M`\344{A"
 427      512E2900 
 427      A2B36942 
 427      2C18B9A6 
 427      4D60E47B 
 428 14d4 C3ED8EE4 		.ascii	"\303\355\216\344v\023\005\322\373L\253\242\367\003\216"
 428      761305D2 
ARM GAS  /var/folders/d3/p12xj6d96hx5ptyrkl_lzds40000gn/T//ccY0U6U9.s 			page 34


 428      FB4CABA2 
 428      F7038E
 429 14e3 E47E0ED4 		.ascii	"\344~\016\324\307\332\350XKh\013\035i\355\312<!>\"\023"
 429      C7DAE858 
 429      4B680B1D 
 429      69EDCA3C 
 429      213E2213 
 430 14f7 A7A8CBA1 		.ascii	"\247\250\313\2412\247(\200\212\221O+F)\017\353*\210"
 430      32A72880 
 430      8A914F2B 
 430      46290FEB 
 430      2A88
 431 1509 A86270D2 		.ascii	"\250bp\322a\200J\200r\200\203\000e\000E\000\207\000"
 431      61804A80 
 431      72808300 
 431      65004500 
 431      8700
 432 151b 2A00AA01 		.ascii	"*\000\252\001JlQG\004\330%\013\220\243n7\353\224\232"
 432      4A6C5147 
 432      04D8250B 
 432      90A36E37 
 432      EB949A
 433 152e 50A7CAD4 		.ascii	"P\247\312\324\373\034\251\313gQ\327\312\324\311\216"
 433      FB1CA9CB 
 433      6751D7CA 
 433      D4C98E
 434 153d D4C98E46 		.ascii	"\324\311\216FN\221\211\363\324\273V\304\363T+\035\223"
 434      4E9189F3 
 434      D4BB56C4 
 434      F3542B1D 
 434      93
 435 154e 4A459565 		.ascii	"JE\225e}\2622\026\366\253zK)d\275\3147Q]H\333\000f\271"
 435      7DB23216 
 435      F6AB7A4B 
 435      2964BDCC 
 435      37515D48 
 436 1566 3059E582 		.ascii	"0Y\345\202%O:\200\335<\373|\030[\247F\226v\266\353z"
 436      254F3A80 
 436      DD3CFB7C 
 436      185BA746 
 436      9676B6EB 
 437 157b 145AD7C8 		.ascii	"\024Z\327\310\343\017\221\317\211\357\320\021p\331\337"
 437      E30F91CF 
 437      89EFD011 
 437      70D9DF
 438 158a E23E90E7 		.ascii	"\342>\220\347B\363\325\343:\273r\177\324\256\334\327"
 438      42F3D5E3 
 438      3ABB727F 
 438      D4AEDCD7 
 439 159a 8AB68FFF 		.ascii	"\212\266\217\377ki\305O\036\033-\027\347&\323lwV\"5"
 439      6B69C54F 
 439      1E1B2D17 
 439      E726D36C 
 439      77562235 
 440 15ae 76F511D5 		.ascii	"v\365\021\325\211s\311\022\241tG\211'\033\035^\353K"
 440      8973C912 
 440      A1744789 
ARM GAS  /var/folders/d3/p12xj6d96hx5ptyrkl_lzds40000gn/T//ccY0U6U9.s 			page 35


 440      271B1D5E 
 440      EB4B
 441 15c0 6E542FEA 		.ascii	"nT/\352\311!\365\241\3237\221\235\200\235v\377;\241"
 441      C921F5A1 
 441      D337919D 
 441      809D76FF 
 441      3BA1
 442 15d2 818F470D 		.ascii	"\201\217G\015T\272\353\235\017&tx+5/:\333\324\022\215"
 442      54BAEB9D 
 442      0F267478 
 442      2B352F3A 
 442      DBD4128D 
 443 15e6 E927A764 		.ascii	"\351'\247d\227\230\177\200\335\260\273_t\272\017g\021"
 443      97987F80 
 443      DDB0BB5F 
 443      74BA0F67 
 443      11
 444 15f7 C93E5CA3 		.ascii	"\311>\\\243\3107\342n\016\326\325\212\3443\3772i0y,"
 444      C837E26E 
 444      0ED6D58A 
 444      E433FF32 
 444      6930792C 
 445 160b B0E02A99 		.ascii	"\260\340*\231}IR,\022\011%:&{\011n\311\205}w\177\\$"
 445      7D49522C 
 445      1209253A 
 445      267B096E 
 445      C9857D77 
 446 1622 1B6A53B7 		.ascii	"\033jS\267K\357\032\354\004'\033p2\257\023\\\360\023"
 446      4BEF1AEC 
 446      04271B70 
 446      32AF135C 
 446      F013
 447 1634 54F0C1B3 		.ascii	"T\360\301\263U]\242\035\365A;\352&NM\256\272\317~\377"
 447      555DA21D 
 447      F5413BEA 
 447      264E4DAE 
 447      BACF7EFF 
 448 1648 F55B8B16 		.ascii	"\365[\213\026.\324\350\003\002V\207\204\233?\3720\300"
 448      2ED4E803 
 448      02568784 
 448      9B3FFA30 
 448      C0
 449 1659 FC8DDFEA 		.ascii	"\374\215\337\352H\223_\350\252\240\300P\277\225AA\357"
 449      48935FE8 
 449      AAA0C050 
 449      BF954141 
 449      EF
 450 166a 069AC2DE 		.ascii	"\006\232\302\336\015_\025n|\327\030\270<\344\335\237"
 450      0D5F156E 
 450      7CD718B8 
 450      3CE4DD9F 
 451 167a 077CF8EE 		.ascii	"\007|\370\356\373\357-\374\350\273\367\375\354^\370"
 451      FBEF2DFC 
 451      E8BBF7FD 
 451      EC5EF8
 452 1689 85840785 		.ascii	"\205\204\007\205\256^a\364\013\013\014\012\016\0117"
 452      AE5E61F4 
ARM GAS  /var/folders/d3/p12xj6d96hx5ptyrkl_lzds40000gn/T//ccY0U6U9.s 			page 36


 452      0B0B0C0A 
 452      0E0937
 453 1698 FA05AC30 		.ascii	"\372\005\2540~\033\270:\324\034`^\037a\214\\\020\254"
 453      7E1BB83A 
 453      D41C605E 
 453      1F618C5C 
 453      10AC
 454 16aa D159192C 		.ascii	"\321Y\031,\371\333\030D\256\217\364\013\2104\257\200"
 454      F9DB1844 
 454      AE8FF40B 
 454      8834AF80 
 455 16ba DEA0577D 		.ascii	"\336\240W}\244\371/\201\241!+\303\003\314\357,X\340"
 455      A4F92F81 
 455      A1212BC3 
 455      03CCEF2C 
 455      58E0
 456 16cc B7283864 		.ascii	"\267(8dy\310\322e~\253\"\375Lf\277\210U&s\244\337\307"
 456      79C8D265 
 456      7EAB22FD 
 456      4C66BF88 
 456      552673A4 
 457 16e2 FE5F2CFA 		.ascii	"\376_,\372b\235_Pp\320*\223\021\232\270~\025l2\006\256"
 457      629D5F50 
 457      70D02A93 
 457      119AB87E 
 457      156C3206 
 458 16f7 58E81A16 		.ascii	"X\350\032\026\030\022\276 H#\222\253>(\370\253\340\025"
 458      1812BE20 
 458      482392AB 
 458      3E28F8AB 
 458      E015
 459 1709 CB428DC6 		.ascii	"\313B\215\306\010n\213\205\037\005\230u\326\0337\340"
 459      086E8B85 
 459      1F059875 
 459      D61B37E0 
 460 1719 6A0E0933 		.ascii	"j\016\0113\006\230\347\317\342b\025,(\230\020qm\177"
 460      0698E7CF 
 460      E262152C 
 460      28981071 
 460      6D7F
 461 172b FA0A3233 		.ascii	"\372\01223\345O\250\376\216r]\004\250\331\270\314\034"
 461      E54FA8FE 
 461      8E725D04 
 461      A8D9B8CC 
 461      1C
 462 173c 680E0972 		.ascii	"h\016\011r5\177\273:<(\300\314\205\370\340}.\004\271"
 462      357FBB3A 
 462      3C28C0CC 
 462      85F8E07D 
 462      2E04B9
 463 174f 71354798 		.ascii	"q5G\230BV\005\230?\372\001EW\205E\204\204\032M\221~"
 463      42560598 
 463      3FFA0145 
 463      57854584 
 463      841A4D91 
 464 1764 9F2D5A44 		.ascii	"\237-ZD\330q\221\264\221!\377\013\012|\375\272\346\017"
 464      D87191B4 
ARM GAS  /var/folders/d3/p12xj6d96hx5ptyrkl_lzds40000gn/T//ccY0U6U9.s 			page 37


 464      9121FF0B 
 464      0A7CFDBA 
 464      E60F
 465 1776 0D594E08 		.ascii	"\015YN\010\034\334\360\363\005\037.X(;\303\274\002\374"
 465      1CDCF0F3 
 465      051F2E58 
 465      283BC3BC 
 465      02FC
 466 1788 4CFC1011 		.ascii	"L\374\020\021\000Z\204\022\001\335\"\002\302\314\353"
 466      005A8412 
 466      01DD2202 
 466      C2CCEB
 467 1797 424322CD 		.ascii	"BC\"\315\332\260\200p\343:\263kX\300\252\265\341F\023"
 467      DAB08070 
 467      E33AB36B 
 467      58C0AAB5 
 467      E14613
 468 17aa 5CBF5B6D 		.ascii	"\\\277[m\\m\324F\320\307o\004\005\007pS\330\236G\230"
 468      5C6DD446 
 468      D0C76F04 
 468      05077053 
 468      D89E4798 
 469 17be 8C6BBCEC 		.ascii	"\214k\274\354\036\202\332a\253\315\306u`\007\240\247"
 469      1E82DA61 
 469      ABCDC675 
 469      6007A0A7 
 470 17ce B7C0     		.ascii	"\267\300"
 471 17d0 CB18610C 		.ascii	"\313\030a\014\207\010X\351n\\c\0147\207\005F\376%\300"
 471      870858E9 
 471      6E5C630C 
 471      37870546 
 471      FE25C0
 472 17e3 EC027C23 		.ascii	"\354\002|#W\272\005\004X\315\305\257.\360\024\014J\337"
 472      57BA0504 
 472      58CDC5AF 
 472      2EF0140C 
 472      4ADF
 473 17f5 D22E41C0 		.ascii	"\322.A\300\265\201!fh\356\245\020\201\010\354\251D\002"
 473      B5812166 
 473      68EEA510 
 473      8108ECA9 
 473      4402
 474 1807 CC382260 		.ascii	"\3148\"`\265\326\270\226t\257]k\006\245\"\340\022i\014"
 474      B5D6B896 
 474      74AF5D6B 
 474      06A522E0 
 474      12690C
 475 181a 8B70890C 		.ascii	"\213p\211\014\010\0127\273\000\000\033.\250\001\372"
 475      080A37BB 
 475      00001B2E 
 475      A801FA
 476 1829 82778111 		.ascii	"\202w\201\021\301\020f.k\315fS\304\034\326\035X\346"
 476      C110662E 
 476      6BCD6653 
 476      C41CD61D 
 476      58E6
 477 183b 5BA3C918 		.ascii	"[\243\311\030\036\004\312@\007\253\226\377O\204\316"
ARM GAS  /var/folders/d3/p12xj6d96hx5ptyrkl_lzds40000gn/T//ccY0U6U9.s 			page 38


 477      1E04CA40 
 477      07AB96FF 
 477      4F84CE
 478 184a B82EC41C 		.ascii	"\270.\304\034\264j\205QkZ\261\036\344\322\022\363}\033"
 478      B46A8551 
 478      6B5AB11E 
 478      E4D212F3 
 478      7D1B
 479 185c E9C6BCFE 		.ascii	"\351\306\274\376\013\350\325z5\223\347p\215\010\370"
 479      0BE8D57A 
 479      3593E770 
 479      8D08F8
 480 186b 36347065 		.ascii	"64pe\244\2539\014ZQ<\022\002\306\2503\323\013t\014F"
 480      A4AB390C 
 480      5A513C12 
 480      02C6A833 
 480      D30B740C 
 481 1880 0D0C338A 		.ascii	"\015\0143\212A\301\201&x\271*t\205\221\\\303\215k\215"
 481      41C18126 
 481      78B92A74 
 481      85915CC3 
 481      8D6B8D
 482 1893 26B04C90 		.ascii	"&\260L\220y\0356-\374@\0105\351L\306\225\340\322\000"
 482      791D362D 
 482      FC400835 
 482      E94CC695 
 482      E0D200
 483 18a6 B360FA67 		.ascii	"\263`\372g\301\364\221`\372\271`\372\020\336-\004xO"
 483      C1F49160 
 483      FAB960FA 
 483      10DE2D04 
 483      784F
 484 18b8 30FD5230 		.ascii	"0\375R0\375\302\235\304\0231#\264\372\331\353dU\300"
 484      FDC29DC4 
 484      133123B4 
 484      FAD9EB64 
 484      55C0
 485 18ca 9A8FC248 		.ascii	"\232\217\302Hf\005\255\012\007\377\230\251#!\020l\326"
 485      6605AD0A 
 485      07FF98A9 
 485      2321106C 
 485      D6
 486 18db 0541C222 		.ascii	"\005A\302\"V\255\012\325q\203\230\377\361\025\351\001"
 486      56AD0AD5 
 486      718398FF 
 486      F115E901 
 487 18eb 7686BEDE 		.ascii	"v\206\276\336~U\236\005\005\257\000\222Wu\002\236\000"
 487      7E559E05 
 487      05AF0092 
 487      5775029E 
 487      00
 488 18fc 0A9060D9 		.ascii	"\012\220`\331\372\310\317\303C^\311\020\322\226\010"
 488      FAC8CFC3 
 488      435EC910 
 488      D29608
 489 190b 1F1C184A 		.ascii	"\037\034\030J(\337\262\247\204\2476R\270'\235\256\015"
 489      28DFB2A7 
ARM GAS  /var/folders/d3/p12xj6d96hx5ptyrkl_lzds40000gn/T//ccY0U6U9.s 			page 39


 489      84A73652 
 489      B8279DAE 
 489      0D
 490 191c E4154408 		.ascii	"\344\025D\010\012\326\223\342\301\264\302+\226\323\200"
 490      0AD693E2 
 490      C1B4C22B 
 490      96D380
 491 192b 2255C018 		.ascii	"\"U\300\030\006\365o\371\352\225n\021\201\341!A$\362"
 491      06F56FF9 
 491      EA956E11 
 491      81E12141 
 491      24F2
 492 193d 3C958FC1 		.ascii	"<\225\217\301]k\314$\306tk\314\360$\324\034\350\012"
 492      5D6BCC24 
 492      C6746BCC 
 492      F024D41C 
 492      E80A
 493 194f 3724F8C9 		.ascii	"7$\370\311\225T\000x\301\012\001y`\315\2265!&\363\352"
 493      95540078 
 493      C10A0179 
 493      60CD9635 
 493      2126F3EA 
 494 1963 C0D00052 		.ascii	"\300\320\000R\211LZ\322\"\320\344e\3670\300\374#G:\026"
 494      894C5AD2 
 494      22D0E465 
 494      F730C0FC 
 494      23473A16 
 495 1977 CCEE401D 		.ascii	"\314\356@\035\032\030i&\217\376^\345=\244\211\211\\"
 495      1A186926 
 495      8FFE5EE5 
 495      3DA48989 
 495      5C
 496 1988 5D4D3C74 		.ascii	"]M<tL<tL$t\264&\352PxHC\335\003x\020\215\327\323\246"
 496      4C3C744C 
 496      2474B426 
 496      EA507848 
 496      43DD0378 
 497 19a1 6E40B2DA 		.ascii	"n@\262\332\004\361m6\310\017\241d\332L\341\031\262\""
 497      04F16D36 
 497      C80FA164 
 497      DA4CE119 
 497      B222
 498 19b3 D4C82301 		.ascii	"\324\310#\0012\317]\266\221Y\374\370S\377\337\221\237"
 498      32CF5DB6 
 498      9159FCF8 
 498      53FFDF91 
 498      9F
 499 19c4 25E29245 		.ascii	"%\342\222E\377\351/\376v\231\277?\372\006\375\316%("
 499      FFE92FFE 
 499      7699BF3F 
 499      FA06FDCE 
 499      2528
 500 19d6 D41868C2 		.ascii	"\324\030h\302\221F\363\007\263\335\301\002p\331W_|\360"
 500      9146F307 
 500      B3DDC102 
 500      70D9575F 
 500      7CF0
ARM GAS  /var/folders/d3/p12xj6d96hx5ptyrkl_lzds40000gn/T//ccY0U6U9.s 			page 40


 501 19e8 BEDF9225 		.ascii	"\276\337\222%\213\375>\373\362\363\245k\336\367\213"
 501      8BFD3EFB 
 501      F2F3A56B 
 501      DEF78B
 502 19f7 008D4243 		.ascii	"\000\215BCI`\340\245\213\375\361\347\213\375]\276\374"
 502      4960E0A5 
 502      8BFDF1E7 
 502      8BFD5DBE 
 502      FC
 503 1a08 FACBC5FE 		.ascii	"\372\313\305\376\256K\227}\371\311'\213\375\265K\277"
 503      AE4B977D 
 503      F9C9278B 
 503      FDB54BBF 
 504 1a18 FAD3979F 		.ascii	"\372\323\227\237\370\273|\261t\361'\376\370\267\376"
 504      F8BB7CB1 
 504      74F127FE 
 504      F8B7FE
 505 1a27 FE864873 		.ascii	"\376\206Hs\030\024\210\225\021\244\250\316\011\012\366"
 505      18148895 
 505      11A4A8CE 
 505      090AF6
 506 1a36 37AE5C66 		.ascii	"7\256\\f43\337\376\036r\351U\245\036\222\010\2644\255"
 506      3433DFFE 
 506      1E72E955 
 506      A51E9208 
 506      B434AD
 507 1a49 076EFF07 		.ascii	"\007n\377\007j+\244>"
 507      6A2BA43E 
 508              		.text
 509              		.section	.gnu.lto_.symtab.9617b66596a44a00,"",%progbits
 510 0000 6D61696E 		.ascii	"main\000"
 510      00
 511 0005 00       		.ascii	"\000"
 512 0006 00       		.ascii	"\000"
 513 0007 00       		.ascii	"\000"
 514 0008 00000000 		.ascii	"\000\000\000\000\000\000\000\000"
 514      00000000 
 515 0010 C5000000 		.ascii	"\305\000\000\000"
 516 0014 636800   		.ascii	"ch\000"
 517 0017 00       		.ascii	"\000"
 518 0018 02       		.ascii	"\002"
 519 0019 00       		.ascii	"\000"
 520 001a 00000000 		.ascii	"\000\000\000\000\000\000\000\000"
 520      00000000 
 521 0022 08020000 		.ascii	"\010\002\000\000"
 522 0026 63685468 		.ascii	"chThdSleep\000"
 522      64536C65 
 522      657000
 523 0031 00       		.ascii	"\000"
 524 0032 02       		.ascii	"\002"
 525 0033 00       		.ascii	"\000"
 526 0034 00000000 		.ascii	"\000\000\000\000\000\000\000\000"
 526      00000000 
 527 003c D6000000 		.ascii	"\326\000\000\000"
 528 0040 63685468 		.ascii	"chThdCreateStatic\000"
 528      64437265 
 528      61746553 
ARM GAS  /var/folders/d3/p12xj6d96hx5ptyrkl_lzds40000gn/T//ccY0U6U9.s 			page 41


 528      74617469 
 528      6300
 529 0052 00       		.ascii	"\000"
 530 0053 02       		.ascii	"\002"
 531 0054 00       		.ascii	"\000"
 532 0055 00000000 		.ascii	"\000\000\000\000\000\000\000\000"
 532      00000000 
 533 005d AB010000 		.ascii	"\253\001\000\000"
 534 0061 63685379 		.ascii	"chSysInit\000"
 534      73496E69 
 534      7400
 535 006b 00       		.ascii	"\000"
 536 006c 02       		.ascii	"\002"
 537 006d 00       		.ascii	"\000"
 538 006e 00000000 		.ascii	"\000\000\000\000\000\000\000\000"
 538      00000000 
 539 0076 AE010000 		.ascii	"\256\001\000\000"
 540 007a 68616C49 		.ascii	"halInit\000"
 540      6E697400 
 541 0082 00       		.ascii	"\000"
 542 0083 02       		.ascii	"\002"
 543 0084 00       		.ascii	"\000"
 544 0085 00000000 		.ascii	"\000\000\000\000\000\000\000\000"
 544      00000000 
 545 008d B0010000 		.ascii	"\260\001\000\000"
 546              		.text
 547              		.section	.gnu.lto_.opts,"",%progbits
 548 0000 272D666D 		.ascii	"'-fmath-errno' '-fsigned-zeros' '-ftrapping-math' '"
 548      6174682D 
 548      6572726E 
 548      6F272027 
 548      2D667369 
 549 0033 2D666E6F 		.ascii	"-fno-trapv' '-fno-openmp' '-fno-openacc' '-mcpu=cor"
 549      2D747261 
 549      70762720 
 549      272D666E 
 549      6F2D6F70 
 550 0066 7465782D 		.ascii	"tex-m0' '-mno-thumb-interwork' '-mthumb' '-ggdb' '-"
 550      6D302720 
 550      272D6D6E 
 550      6F2D7468 
 550      756D622D 
 551 0099 4F322720 		.ascii	"O2' '-fomit-frame-pointer' '-falign-functions=16' '"
 551      272D666F 
 551      6D69742D 
 551      6672616D 
 551      652D706F 
 552 00cc 2D666675 		.ascii	"-ffunction-sections' '-fdata-sections' '-fno-common"
 552      6E637469 
 552      6F6E2D73 
 552      65637469 
 552      6F6E7327 
 553 00ff 2720272D 		.ascii	"' '-flto'\000"
 553      666C746F 
 553      2700
 554              		.text
 555              		.comm	__gnu_lto_v1,1,1
ARM GAS  /var/folders/d3/p12xj6d96hx5ptyrkl_lzds40000gn/T//ccY0U6U9.s 			page 42


 556              		.comm	__gnu_lto_slim,1,1
 557              		.ident	"GCC: (GNU Tools for ARM Embedded Processors) 5.4.1 20160609 (release) [ARM/embedded-5-bran
ARM GAS  /var/folders/d3/p12xj6d96hx5ptyrkl_lzds40000gn/T//ccY0U6U9.s 			page 43


DEFINED SYMBOLS
                            *ABS*:0000000000000000 main.c
                            *COM*:0000000000000001 __gnu_lto_v1
                            *COM*:0000000000000001 __gnu_lto_slim

NO UNDEFINED SYMBOLS
