ARM GAS  /var/folders/d3/p12xj6d96hx5ptyrkl_lzds40000gn/T//ccLCtkZT.s 			page 1


   1              		.syntax unified
   2              		.cpu cortex-m0
   3              		.fpu softvfp
   4              		.eabi_attribute 20, 1
   5              		.eabi_attribute 21, 1
   6              		.eabi_attribute 23, 3
   7              		.eabi_attribute 24, 1
   8              		.eabi_attribute 25, 1
   9              		.eabi_attribute 26, 1
  10              		.eabi_attribute 30, 2
  11              		.eabi_attribute 34, 0
  12              		.eabi_attribute 18, 4
  13              		.thumb
  14              		.syntax unified
  15              		.file	"nvic.c"
  16              		.text
  17              	.Ltext0:
  18              		.section	.gnu.lto_.profile.bf81432d24bf5a4,"",%progbits
  19 0000 789C6361 		.ascii	"x\234ca`d`a`\000\222\246\206\000\001\005\000q"
  19      60646061 
  19      600092A6 
  19      86000105 
  19      0071
  20              		.text
  21              		.section	.gnu.lto_.icf.bf81432d24bf5a4,"",%progbits
  22 0000 789C6361 		.ascii	"x\234ca`d\000\001I\006\004`a\270\335v\354;#\343\363"
  22      60640001 
  22      49060460 
  22      61B8DD76 
  22      EC3B23E3 
  23 0015 236D364C 		.ascii	"#m6L\347\276\357\177\305\317\274\355\373\302g\354\014"
  23      E7BEEF7F 
  23      C5CFBCED 
  23      FBC267EC 
  23      0C
  24 0026 00A19D0C 		.ascii	"\000\241\235\014m"
  24      6D
  25              		.text
  26              		.section	.gnu.lto_.jmpfuncs.bf81432d24bf5a4,"",%progbits
  27 0000 789C6361 		.ascii	"x\234ca`d\000\001)\006\004`a`bdd\256\257g\004\202z&"
  27      60640001 
  27      29060460 
  27      61606264 
  27      64AEAF67 
  28 0018 089B19C4 		.ascii	"\010\233\031\304f\000\000)n\0038"
  28      66000029 
  28      6E0338
  29              		.text
  30              		.section	.gnu.lto_.inline.bf81432d24bf5a4,"",%progbits
  31 0000 789C6361 		.ascii	"x\234ca`d\000\201\031\014\010\300\302\300 ,\304\310"
  31      60640081 
  31      190C08C0 
  31      C2C0202C 
  31      C4C8
  32 0012 C4A00094 		.ascii	"\304\240\000\224b\004\021\254<\017b\031\330\026\310"
  32      620411AC 
  32      3C0F6219 
ARM GAS  /var/folders/d3/p12xj6d96hx5ptyrkl_lzds40000gn/T//ccLCtkZT.s 			page 2


  32      D816C8
  33 0021 33310834 		.ascii	"31\0104\324\26200]\340\347\000\021<`\265\214\014\374"
  33      D4B23030 
  33      5DE0E700 
  33      113C60B5 
  33      8C0CFC
  34 0034 7C8C8C60 		.ascii	"|\214\214`\305\314\034\007\354\220\324\201d\201L~\024"
  34      C5CC1C07 
  34      EC90D481 
  34      64814C7E 
  34      14
  35 0045 A3E04AF8 		.ascii	"\243\340J\3706\344\242\033\305\314\300\316\0063\012"
  35      36E4A21B 
  35      C5CCC0CE 
  35      06330A
  36 0054 280851C7 		.ascii	"(\010Q\307\366A\017b\024\003\000[\371\021\177"
  36      F6410F62 
  36      1403005B 
  36      F9117F
  37              		.text
  38              		.section	.gnu.lto_.pureconst.bf81432d24bf5a4,"",%progbits
  39 0000 789C6361 		.ascii	"x\234ca`d\340d```a\220b\224b\222b\226\002\000\002\261"
  39      6064E064 
  39      60606061 
  39      90629462 
  39      92629602 
  40 0017 0081     		.ascii	"\000\201"
  41              		.text
  42              		.section	.gnu.lto_nvicEnableVector.bf81432d24bf5a4,"",%progbits
  43 0000 789C9D54 		.ascii	"x\234\235T]KTQ\024=\373\236;_:\037\012A\017\015$D\210"
  43      5D4B5451 
  43      143DFB9E 
  43      3B5F3A1F 
  43      0A410F0D 
  44 0017 0F799B82 		.ascii	"\017y\233\202z\350)\204\336\244\260_P\0228\220\216h"
  44      7AE82984 
  44      DEA4B05F 
  44      50123890 
  44      8E68
  45 0029 446F1EE7 		.ascii	"Do\036\347\316LD/\366\241\226T\")~\245\243f\351h\331"
  45      CE4C442F 
  45      F6A19654 
  45      22297EA5 
  45      A366E968 
  46 003e 34296290 		.ascii	"4)b\220\021\030=\004\221)\023D\212\212\221\220:\355"
  46      11183D04 
  46      91291344 
  46      8A8A9190 
  46      3AED
  47 0050 7DCE2DA1 		.ascii	"}\316-\2412\250\013\263\357=g\326^k\355u\356\214\316"
  47      32A80BB3 
  47      EF3D67D6 
  47      5E6BED75 
  47      EE8CCE
  48 0063 80D17557 		.ascii	"\200\321uWg\354\020\336w\341\0078\003\255n\232\261Z"
  48      67EC10DE 
  48      77E10738 
ARM GAS  /var/folders/d3/p12xj6d96hx5ptyrkl_lzds40000gn/T//ccLCtkZT.s 			page 3


  48      03AD6E9A 
  48      B15A
  49 0075 A706400F 		.ascii	"\247\006@\017\302\011\254F\203\032\370\242mh\220\272"
  49      C209AC46 
  49      831AF8A2 
  49      6D6890BA 
  50 0085 984E6805 		.ascii	"\230Nh\005\355\002\257\367mw\270\350HB\2243\226\321"
  50      ED02AFF7 
  50      6D77B8E8 
  50      48429433 
  50      96D1
  51 0097 24138376 		.ascii	"$\023\203v(@\324\253H\337-\276\252E9\200\216\313\345"
  51      2840D4AB 
  51      48DF2DBE 
  51      AA453980 
  51      8ECBE5
  52 00aa 174D735E 		.ascii	"\027Ms^Zj\220\207\313\015q\275\301\313\367\003\303\347"
  52      5A6A9087 
  52      CB0D71BD 
  52      C1CBF703 
  52      C3E7
  53 00bc 9BA9FAB7 		.ascii	"\233\251\372\267\236\3746!\302B\\9#\\Q\316\241\0138"
  53      9EFC3621 
  53      C2425C39 
  53      235C51CE 
  53      A10B38
  54 00cf F24127F8 		.ascii	"\362A'\370\241\003\374\014\267\030tC>\242\273\303\037"
  54      A103FC0C 
  54      B7187443 
  54      3EA2BBC3 
  54      1F
  55 00e0 17383F20 		.ascii	"\0278? ;/Mm\3149\254\316\204\325y\357\017\235=\220O"
  55      3B2F4D6D 
  55      CC39ACCE 
  55      84D579EF 
  55      0F9D3D90 
  56 00f5 F00FFD9B 		.ascii	"\360\017\375\233\365\036{\204\214\347)\273\320\013v"
  56      F51E7B84 
  56      8CE729BB 
  56      D00B76
  57 0104 0A205E92 		.ascii	"\012 ^\222\024\231\214)\304\353\300\345=;\000HK\303"
  57      14998C29 
  57      C4EBC0E5 
  57      3D3B0048 
  57      4BC3
  58 0116 5E5DA762 		.ascii	"^]\247b\243b\247\342\300bsRq\3212\013\210:\233\036\335"
  58      A362A7E2 
  58      C0627352 
  58      71D1320B 
  58      883A9B1E 
  59 012b 543C547C 		.ascii	"T<T|Tr\250\344\022\220\261%T\242\024\2275\215\356<\015"
  59      5472A8E4 
  59      1290B125 
  59      54A21497 
  59      358DEE3C 
  60 0140 E64A2C3D 		.ascii	"\346J,=\351\"q\223k&\007\3646\221\371\232\364Q>:h\020"
  60      E9227193 
ARM GAS  /var/folders/d3/p12xj6d96hx5ptyrkl_lzds40000gn/T//ccLCtkZT.s 			page 4


  60      6B2607F4 
  60      3691F99A 
  60      F4513E3A 
  61 0156 47E36948 		.ascii	"G\343iH\215\315\356U\030\012\260!\232z\351 \200]\216"
  61      8DCDEE55 
  61      180AB021 
  61      9A7AE920 
  61      805D8E
  62 0169 3ED8B2B8 		.ascii	">\330\262\270\346VK\2212\205\027\267\256.\254\014{\233"
  62      E6564B91 
  62      328517B7 
  62      AE2EAC0C 
  62      7B9B
  63 017b E1762D0D 		.ascii	"\341v-\015X\203\332\016\350\307\024\372\220\214:^\274"
  63      5883DA0E 
  63      E8C714FA 
  63      908C3A5E 
  63      BC
  64 018c 1BA8F319 		.ascii	"\033\250\363\031=\"\202\247\345\204\001h\206MybD\326"
  64      3D2282A7 
  64      E5840168 
  64      864D7962 
  64      44D6
  65 019e B5DAC103 		.ascii	"\265\332\301\003q\021\301\326F\374\332\005\367\301@"
  65      7111C1D6 
  65      46FCDA05 
  65      F7C140
  66 01ad 6BF23807 		.ascii	"k\3628\007!\200f\314\365\330g\207rcS\216S+}\355n\345"
  66      218066CC 
  66      F5D86787 
  66      7263538E 
  66      532B7DED 
  67 01c3 98C303E9 		.ascii	"\230\303\003\351\330l\262+\010\241\020\3224\272\372"
  67      D86CB22B 
  67      08A110D2 
  67      34BAFA
  68 01d2 DCA6204E 		.ascii	"\334\246 Nx\250 K\261\031\213\307\201\210xt\276\323"
  68      78A8204B 
  68      B1198BC7 
  68      81887874 
  68      BED3
  69 01e4 49081B64 		.ascii	"I\010\033d\000\206\300\217\275\210\012o\306f,*'\002"
  69      0086C08F 
  69      BD880A6F 
  69      C6662C2A 
  69      2702
  70 01f6 95FEB8B5 		.ascii	"\225\376\270\265\343\302@p_\221-\016Yl\331&\317B\302"
  70      E3C24070 
  70      5F912D0E 
  70      596CD926 
  70      CF42C2
  71 0209 F96F3D23 		.ascii	"\371o=#^Eh\207\341\037\222\363V\253[\342H\301\\\213"
  71      5E456887 
  71      E11F92F3 
  71      56AB5BE2 
  71      48C15C8B 
  72 021d A5DF1C54 		.ascii	"\245\337\034T\273\036\311\351\246\310\033Z\374\264\367"
ARM GAS  /var/folders/d3/p12xj6d96hx5ptyrkl_lzds40000gn/T//ccLCtkZT.s 			page 5


  72      BB1EC9E9 
  72      A6C81B5A 
  72      FCB4F7
  73 022c 6B9ABEBF 		.ascii	"k\232\276\277\207\231\330.\314\303\224\345\310V\226"
  73      8799D82E 
  73      CCC394E5 
  73      C85696
  74 023b A3104039 		.ascii	"\243\020@9&\337\200\351\033'\224\274O\3459\325:\262"
  74      26DF80E9 
  74      1B2794BC 
  74      4FE539D5 
  74      3AB2
  75 024d EE56CE6D 		.ascii	"\356V\316m\360H9_\217\315\350\012\224\243@\327Z{\023"
  75      F048395F 
  75      8FCDE80A 
  75      94A340D7 
  75      5A7B13
  76 0260 1E95E86E 		.ascii	"\036\225\350nx\374s<\256@\271$?>\031\263\022\005\030"
  76      78FC733C 
  76      AE40B924 
  76      3F3E19B3 
  76      120518
  77 0273 A34073E4 		.ascii	"\243@s\344`\263;\377y\260,x\"\007\203\337\007;B\203"
  77      60B33BFF 
  77      79B02C78 
  77      220783DF 
  77      073B4283 
  78 0287 2569309F 		.ascii	"%i0\237\034\354)\015\226+\205\372'\226m\377!\225\222"
  78      1CEC290D 
  78      962B85FA 
  78      27966DFF 
  78      219592
  79 029a 52DA3652 		.ascii	"R\3326R\317\266\244\306\225\324'\010'\033\217\221\220"
  79      CFB6A4C6 
  79      95D42708 
  79      271B8F91 
  79      90
  80 02ab FCD75942 		.ascii	"\374\327YB\227\370\343\302\376}\205\205FQY\360t\360"
  80      97F8E3C2 
  80      FE7D8585 
  80      465159F0 
  80      74F0
  81 02bd F8492354 		.ascii	"\370I#Tm\224\235:kT\206\252\316U\033\245\241\362\362"
  81      6D949D3A 
  81      6B5486AA 
  81      CE551BA5 
  81      A1F2F2
  82 02d0 508571B4 		.ascii	"P\205q\264\244\270\250\370\202Qq>XZX\312\240B\257\254"
  82      A4B8A8F8 
  82      8251713E 
  82      585A58CA 
  82      A042AFAC 
  83 02e4 0A86BE03 		.ascii	"\012\206\276\0030\305\213\374"
  83      30C58BFC 
  84              		.text
  85              		.section	.gnu.lto_nvicDisableVector.bf81432d24bf5a4,"",%progbits
  86 0000 789C8D53 		.ascii	"x\234\215S[KTQ\024\336\337\336s93\316\345\261\207\006"
ARM GAS  /var/folders/d3/p12xj6d96hx5ptyrkl_lzds40000gn/T//ccLCtkZT.s 			page 6


  86      5B4B5451 
  86      14DEDFDE 
  86      733933CE 
  86      E5B18706 
  87 0014 1222C487 		.ascii	"\022\"\304\207<\316S\017=\205\320\233\024\366\013J\002"
  87      3CCE530F 
  87      3D85D09B 
  87      14F60B4A 
  87      02
  88 0025 85742223 		.ascii	"\205t\"#z\011\267\316\234\351U\262\031\030)D0\274\224"
  88      7A09B7CE 
  88      9CE955B2 
  88      19182944 
  88      30BC94
  89 0038 8E9A9597 		.ascii	"\216\232\225\227\222\341\220D\241EPOAt\221y\010\022"
  89      92E19044 
  89      A145504F 
  89      41749179 
  89      0812
  90 004a 15BB3CA8 		.ascii	"\025\273<\250\323ZgO\004E\321\201Yg\257=\337Z\353\373"
  90      D35A674F 
  90      0445D181 
  90      5967AF3D 
  90      DF5AEBFB 
  91 005e D637E313 		.ascii	"\3267\343\023\020\374\024\224\020Iz\357\247\017\224"
  91      10FC1494 
  91      10497AEF 
  91      A70F94
  92 006d 80EC7B2E 		.ascii	"\200\354{.D\217%\001>h\013\242[\242\033_\344\256\204"
  92      448F2501 
  92      3E680BA2 
  92      5BA21B5F 
  92      E4AE84
  93 0080 7BB53C2F 		.ascii	"{\265</\353G4=\357\226\313\215z\264\004\207\312+\322"
  93      EB47343D 
  93      EF96CB8D 
  93      7AB40487 
  93      CA2BD2
  94 0093 EB243082 		.ascii	"\353$0\202zB\275\314L\335P\333\322Q\200\217\322\315"
  94      7A42BDCC 
  94      4CDD50DB 
  94      D251808F 
  94      D2CD
  95 00a5 D5818F31 		.ascii	"\325\201\2171N%j)\335\325\327\3631\325\010A\347\202"
  95      4E256A29 
  95      DDD5D7F3 
  95      31D50841 
  95      E782
  96 00b7 9B7B13AD 		.ascii	"\233{\023\255\273\245u\257\326\375gu\310Q\012\343P\324"
  96      BBA575AF 
  96      D6FD6775 
  96      C8510AE3 
  96      50D4
  97 00c9 0F634860 		.ascii	"\017cH`\024\011AW\002\267Q\307\360\017\323{\271h \303"
  97      14094157 
  97      02B751C7 
  97      F00FD37B 
ARM GAS  /var/folders/d3/p12xj6d96hx5ptyrkl_lzds40000gn/T//ccLCtkZT.s 			page 7


  97      B96820C3 
  98 00dd E36BCD50 		.ascii	"\343k\315P\334A\200e\024[J\272RIk]H\216\037\214\003"
  98      DC418065 
  98      145B4ABA 
  98      52496B5D 
  98      488E1F8C 
  99 00f2 5C21A9D6 		.ascii	"\\!\251\326\2478\370(\370\203|\2628\2048\2049\324\360"
  99      A738F828 
  99      F8837CB2 
  99      38843884 
  99      39D4F0
 100 0105 17110E51 		.ascii	"\027\021\016QN\205\330\240\246,{SJ~\2532\322[\331r\341"
 100      4E85D8A0 
 100      A62C7B53 
 100      4A7EAB32 
 100      D25BD972 
 101 011a 24CF492B 		.ascii	"$\317I+\231V \032O\207\027v\",\310\017?&\210#\241v\262"
 101      9956201A 
 101      4F871776 
 101      222CC80F 
 101      3F268823 
 102 0131 AF7C06A4 		.ascii	"\257|\006\244\014\250\177xr>\312 \037\016`\322\2006"
 102      0CA87F78 
 102      723ECA20 
 102      1F0E60D2 
 102      8036
 103 0143 B26BCA80 		.ascii	"\262k\312\200x/\263\217\237d-\323\006(\"A\245\004r\363"
 103      782FB38F 
 103      9F642DD3 
 103      06282241 
 103      A50472F3 
 104 0157 EFF73186 		.ascii	"\357\3671\206\000y\307}\021d@\300[\326\354\320\372\367"
 104      0079C77D 
 104      116440C0 
 104      5BD6ECD0 
 104      FAF7
 105 0169 8849B59B 		.ascii	"\210I\265\233\3261\272\272\366yk.6\210\233=\274\222"
 105      D631BABA 
 105      F6796B2E 
 105      36889B3D 
 105      BC92
 106 017b B8A38298 		.ascii	"\270\243\202\230\246\265M\3214.X};\323\027\267't\206"
 106      A6B54DD1 
 106      342E587D 
 106      3BD317B7 
 106      277486
 107 018e 4CB23083 		.ascii	"L\2620\203A\354yFq\257\361\355Q\225,\352\014U\036uT"
 107      41EC7946 
 107      71AFF1ED 
 107      51952CEA 
 107      0C551E75 
 108 01a3 08776193 		.ascii	"\010wa\223>\317\304Y$\211\240\360\244\177-\344a\030"
 108      3ECFC459 
 108      2489A0F0 
 108      A47F2DE4 
 108      6118
 109 01b5 078DACE5 		.ascii	"\007\215\254\345\312\267R\334\310\222\270\347\311r\227"
ARM GAS  /var/folders/d3/p12xj6d96hx5ptyrkl_lzds40000gn/T//ccLCtkZT.s 			page 8


 109      CAB752DC 
 109      C892B8E7 
 109      C97297
 110 01c4 860E198C 		.ascii	"\206\016\031\214\365;\245+\342_\234\302\270\357q\302"
 110      F53BA52B 
 110      E25F9CC2 
 110      B8EF71C2 
 111 01d4 9F9C7260 		.ascii	"\237\234r`R\017\230T\320#5\207\244Y\363Z\320\314\012"
 111      520F9854 
 111      D0233587 
 111      A459F35A 
 111      D0CC0A
 112 01e7 193EEED6 		.ascii	"\031>\356\326\324H\304\360Q\2307k\036\010\030H\230P"
 112      D448C4F0 
 112      5198376B 
 112      1E081848 
 112      9850
 113 01f9 041958DC 		.ascii	"\004\031X\334~\3467\020\013\013?\235X\251\366\251!D"
 113      7EE63710 
 113      0B0B3F9D 
 113      58A9F6A9 
 113      2144
 114 020b D1591BAB 		.ascii	"\321Y\033\253:Q\001\026\331\2120\241z\367\262+\325V"
 114      3A510116 
 114      D98A30A1 
 114      7AF7B22B 
 114      D556
 115 021d 11029AF9 		.ascii	"\021\002\232\371;~s\023%\271t\35796\224\250:\366\377"
 115      3B7E7313 
 115      25B974EF 
 115      393694A8 
 115      3AF6FF
 116 0230 7E84F1F0 		.ascii	"~\204\361\360o\332\217\260\364G\277\244/\261\037Q\361"
 116      6FDA8FB0 
 116      F447BFA4 
 116      2FB11F51 
 116      F1
 117 0241 09BDA5D7 		.ascii	"\011\275\245\327\307y\220\367_\333\240R\372\205\222"
 117      C77990F7 
 117      5FDBA052 
 117      FA8592
 118 0250 65871B1A 		.ascii	"e\207\033\032\354\246\266\3663\355'N\331\251.\273\355"
 118      ECA6B6F6 
 118      33ED274E 
 118      D9A92EBB 
 118      ED
 119 0261 F439FB7C 		.ascii	"\3649\373|\352\302\305.\2735\325\321\221\352\264\217"
 119      EAC2C52E 
 119      BB35D5D1 
 119      91EAB48F 
 120 0271 B5343735 		.ascii	"\265475_\266;/\265\2676\264\012t\376\000\221?7s"
 120      5FB63B2F 
 120      B5B736B4 
 120      0A74FE00 
 120      913F3773 
 121              		.text
 122              		.section	.gnu.lto_nvicSetSystemHandlerPriority.bf81432d24bf5a4,"",%progbits
ARM GAS  /var/folders/d3/p12xj6d96hx5ptyrkl_lzds40000gn/T//ccLCtkZT.s 			page 9


 123 0000 789C7D93 		.ascii	"x\234}\223\337K\024Q\024\307\357\271wvfV\335]z+Z\310"
 123      DF4B1451 
 123      14C7EFB9 
 123      77766656 
 123      DD5D7A2B 
 124 0016 37F14147 		.ascii	"7\361AG\237\362\241\227\360\241'\011\354/0\023\\PW4"
 124      9FF2A197 
 124      F0A12709 
 124      EC2F3013 
 124      5C505734 
 125 002a A237EFEE 		.ascii	"\2427\357\356\354n\370\022a*\345\017$*\374\225\256V"
 125      EC6EF812 
 125      612AE50F 
 125      242AFC95 
 125      AE56
 126 003c 56AB26CB 		.ascii	"V\253&\313\242\221AE\320SHd\212Ad\254\262\221P\273\323"
 126      A2914145 
 126      D0534864 
 126      8A4164AC 
 126      B29150BB 
 127 0051 39735782 		.ascii	"9sW\202\250\006\366\314\3343\237\3579\347~\357\254\306"
 127      A806F6CC 
 127      DC339FEF 
 127      39E77EEF 
 127      ACC6
 128 0063 80D1352D 		.ascii	"\200\3215-\030;\205\367\343\370\003\301\200_{\305X\304"
 128      183B85F7 
 128      E3F803C1 
 128      805F7BC5 
 128      58C4
 129 0075 E400F420 		.ascii	"\344\000\364 M`=\034z\340\033\317s\310\\\331I\361\312"
 129      4D603D1C 
 129      7AE01BCF 
 129      73C85CD9 
 129      49F1CA
 130 0088 7189D787 		.ascii	"q\211\327\207\265\2575r\"\015q\224;\334\255\304`\034"
 130      B5AF3572 
 130      220D7194 
 130      3BDCADC4 
 130      601C
 131 009a 2A917A13 		.ascii	"*\221z\023\233\033\0219\036\027\000\032.\367^\016m\371"
 131      9B1B1139 
 131      1E17001A 
 131      2EF75E0E 
 131      6DF9
 132 00ac 69C9A11C 		.ascii	"i\311\241\034\227\366\365\225eS\324\000\303\347]\271"
 132      97F6F595 
 132      6553D400 
 132      C3E75DB9 
 133 00bc 1ED12BEE 		.ascii	"\036\321+\356J\031\2252\325\"\275q!`\012\004\326\203"
 133      4A199532 
 133      D522BD71 
 133      21600A04 
 133      D683
 134 00ce 4908C204 		.ascii	"I\010\302\004\004\031\246\030LC\005\322\323\321O\273"
 134      0419A618 
 134      4C4305D2 
ARM GAS  /var/folders/d3/p12xj6d96hx5ptyrkl_lzds40000gn/T//ccLCtkZT.s 			page 10


 134      D3D14FBB 
 135 00de 42D4B9CA 		.ascii	"B\324\271\312\336\365\374\226QT\346\213\312{\177Q\316"
 135      DEF5FC96 
 135      5154E68B 
 135      CA7B7F51 
 135      CE
 136 00ef 4005E11F 		.ascii	"@\005\341\037\347\013\003>=F\203\227\367\036N\014\263"
 136      E70B033E 
 136      3D468397 
 136      F71E4E0C 
 136      B3
 137 0100 A09307C9 		.ascii	"\240\223\007\311\306\264t\034[\312\233\372\322U8\002"
 137      C6B4741C 
 137      5BCA9BFA 
 137      D2553802 
 138 0110 40FD38EA 		.ascii	"@\3758\3525AA\243\240S0(\230\024\274\030<%\024JiY\006"
 138      354141A3 
 138      A0533028 
 138      9814BC18 
 138      3C25144A 
 139 0127 D4C8478F 		.ascii	"\324\310G\217~\012\001\012\214e\261\013\231\270\307"
 139      7E0A010A 
 139      8C65B10B 
 139      99B8C7
 140 0136 39DDC50E 		.ascii	"9\335\305\016\330?\023\205\341:jl\013n\013\300\321f"
 140      D83F1385 
 140      E13A6A6C 
 140      0B6E0BC0 
 140      D166
 141 0148 F773B33A 		.ascii	"\367s\263:\331\243A\000\22287R\203\272B\004R\210\274"
 141      D9A34100 
 141      92383752 
 141      83BA4204 
 141      5288BC
 142 015b 8DDD79EF 		.ascii	"\215\335y\357U\310\201\3438\001\230S\330~b\303\243@"
 142      55C881E3 
 142      38019853 
 142      D87E62C3 
 142      A340
 143 016d 0D5904D7 		.ascii	"\015Y\004\327\234\357\351\200\0029\314\273Pf\345V\225"
 143      9CEFE980 
 143      0239CCBB 
 143      5066E556 
 143      95
 144 017e 62740406 		.ascii	"bt\004\006\343\231\327\006\001\272\353b$\265\334\357"
 144      E399D706 
 144      01BAEB62 
 144      24B5DCEF 
 145 018e 514BF9CE 		.ascii	"QK\371\316\226~:\274\033\321Ms\014F#\344\3250\340F\014"
 145      967E3ABC 
 145      1BD14D73 
 145      0C4623E4 
 145      D530E046 
 146 01a3 78808EDE 		.ascii	"x\200\216\336\307j$\3712\360|\252\304\232\2211<y\023"
 146      C76A24F9 
 146      32F07CAA 
 146      C49A9131 
ARM GAS  /var/folders/d3/p12xj6d96hx5ptyrkl_lzds40000gn/T//ccLCtkZT.s 			page 11


 146      3C7913
 147 01b6 1EC21814 		.ascii	"\036\302\030\024\334\323\307W\267\373F\353k\2232\206"
 147      DCD3C757 
 147      B7FB46EB 
 147      6B933286 
 148 01c6 D2057CEB 		.ascii	"\322\005|\353\205\005\260l\362\001\255~\004\265\314"
 148      8505B06C 
 148      F201AD7E 
 148      04B5CC
 149 01d5 DDFEC631 		.ascii	"\335\376\30615\215\241v\237\331\237\033/S\023\013x\254"
 149      358DA176 
 149      9FD99F1B 
 149      2F53130B 
 149      78AC
 150 01e7 B63554DC 		.ascii	"\2665T\334\275\211\024\"CK\271\027\036\205\230\360D"
 150      BD891422 
 150      434BB917 
 150      1E8598F0 
 150      44
 151 01f8 21D9C46A 		.ascii	"!\331\304j\261\216\027\211d|{\322$\302\003\016@\012"
 151      B18E1789 
 151      647C7BD2 
 151      24C2030E 
 151      400A
 152 020a 82A8452A 		.ascii	"\202\250E*ZH\254\036UT\011\202\252\177\316P\231R4\004"
 152      5A48AC1E 
 152      55540982 
 152      AA7FCE50 
 152      99523404 
 153 021e F3AAD8B3 		.ascii	"\363\252\330\263\221~Pi\237-\312\260\342\366\217\231"
 153      917E5069 
 153      9F2DCAB0 
 153      E2F68F99 
 154 022e 45BFAAA8 		.ascii	"E\277\252\250\303\342a\317\215\242\326\357r\324\302"
 154      C3E261CF 
 154      8DA2D6EF 
 154      72D4C2
 155 023d 3EC0F3EC 		.ascii	">\300\363\354+\246\003nU?\231>\270y\202r\177\372\351"
 155      2BA6036E 
 155      553F993E 
 155      B8798272 
 155      7FFAE9
 156 0250 FBBF9B4B 		.ascii	"\373\277\233K\377p\363$\231\271\374\333\314\247P\213"
 156      FF70F324 
 156      99B9FCDB 
 156      CCA7508B 
 157 0260 DDD86788 		.ascii	"\335\330g\210\246G\317P\037\367\337\227\345@_\031\352"
 157      A647CF50 
 157      1FF7DF97 
 157      E5405F19 
 157      EA
 158 0271 ABAAABAD 		.ascii	"\253\252\253\255\372\326\320\371\320\331sV\270\333j"
 158      FAD6D0F9 
 158      D0D97356 
 158      B8DB6A
 159 0280 6D6AB33A 		.ascii	"mj\263:\303]\027\273\255\346p{{\270\303:\335\330P\337"
 159      C35D17BB 
ARM GAS  /var/folders/d3/p12xj6d96hx5ptyrkl_lzds40000gn/T//ccLCtkZT.s 			page 12


 159      ADE6707B 
 159      7BB8C33A 
 159      DDD850DF 
 160 0294 70D9EAB8 		.ascii	"p\331\352\270\024j\256nfFkS\307\205\266\226.\255\263"
 160      146AAE6E 
 160      66466B53 
 160      C785B696 
 160      2EADB3
 161 02a7 2B14FE05 		.ascii	"+\024\376\005\274Q=\202"
 161      BC513D82 
 162              		.text
 163              		.section	.gnu.lto_nvicClearPending.bf81432d24bf5a4,"",%progbits
 164 0000 789C2551 		.ascii	"x\234%QAKTQ\024\276\337=\357\215#8\343\017h \241\205"
 164      414B5451 
 164      14BEDF3D 
 164      EF8D2338 
 164      E30F6820 
 165 0016 4838D759 		.ascii	"H8\327Y\267\012\027\255\244\320_PC\340@\316HF\264\363"
 165      B70A17AD 
 165      A4D05F50 
 165      43E040CE 
 165      4846B4F3 
 166 002a 3A6FDEB8 		.ascii	":o\336\2705\313\211B\221@q\262t\324Z\250\253\341\321"
 166      35CB8942 
 166      914071B2 
 166      74D45AA8 
 166      ABE1D1
 167 003d A68585D0 		.ascii	"\246\205\205\320.\210P\220\010\215q\230\250\205\316"
 167      2E885090 
 167      088D7198 
 167      A885CE
 168 004c 74CE7B17 		.ascii	"t\316{\027\356=\347||\347;\347\334\343((9\247l2l\257"
 168      EE3DE77C 
 168      7CE73BE7 
 168      DCE32828 
 168      39A76C32 
 169 0062 F00529E8 		.ascii	"\360\005)\350\271\317J\315\3045 \216\215CMkL\343\217"
 169      B9CF4ACD 
 169      C435208E 
 169      8D434D6B 
 169      4CE38F
 170 0075 BED40866 		.ascii	"\276\324\010fO\366\364\300\232\345\363c\365\357\220"
 170      4FF6F4C0 
 170      9AE5F363 
 170      F5EF90
 171 0084 ADD6E193 		.ascii	"\255\326\341\223R\035\035*)\254a\200Y\207\245\255Ej"
 171      521D1D2A 
 171      29AC6180 
 171      5987A5AD 
 171      456A
 172 0096 699F0087 		.ascii	"i\237\000\207\303\363\203W\307I\0115\3728\274\264\317"
 172      C3F38357 
 172      C7490935 
 172      FA38BCB4 
 172      CF
 173 00a7 2B491A82 		.ascii	"+I\032\202b\377e\260\360-\321\277jm\321\332\247\367"
 173      62FF65B0 
ARM GAS  /var/folders/d3/p12xj6d96hx5ptyrkl_lzds40000gn/T//ccLCtkZT.s 			page 13


 173      F02DD1BF 
 173      6A6DD1DA 
 173      A7F7
 174 00b9 6DB74F84 		.ascii	"m\267O\204u\020\353\341\015R\250\"\245\030Rx\213~\241"
 174      7510EBE1 
 174      0D52A822 
 174      A5185278 
 174      8B7EA1
 175 00cc 1F6DB717 		.ascii	"\037m\267\027\022\261\222\224\357\213\212\342\035b2"
 175      12B19294 
 175      EF8B8AE2 
 175      1D6232
 176 00db 466DB46E 		.ascii	"Fm\264n;\035\317\332\027\231\237\327\342\200dh\316u"
 176      3B1DCFDA 
 176      17999FD7 
 176      E2806468 
 176      CE75
 177 00ed 481E871F 		.ascii	"H\036\207\037\327\025O\251\006\247\311`\347Z\213\245"
 177      D7154FA9 
 177      06A7C960 
 177      E75A8BA5 
 178 00fd 1378CD72 		.ascii	"\023x\315r{\351\216(y\244=\002\027\372\264\262\177\321"
 178      7BE98E28 
 178      79A43D02 
 178      17FAB4B2 
 178      7FD1
 179 010f 232DBB70 		.ascii	"#-\273p\261\301]0\353\242\374\321\211H\024\221\236\255"
 179      B1C15D30 
 179      EBA2FCD1 
 179      89481491 
 179      9EAD
 180 0121 6CEE2584 		.ascii	"l\356%\204\344\340*6#R\243\374\225\"\222\203\353)\246"
 180      E4E02A36 
 180      2352A3FC 
 180      95229283 
 180      EB29A6
 181 0134 32586CCE 		.ascii	"2Xl\316\266t\004\272\2143\022T 1kT\374\340K\227h\304"
 181      B67404BA 
 181      8C331254 
 181      20316B54 
 181      FCE04B97 
 182 014a C2FFF8F0 		.ascii	"\302\377\370\360\372\367\277\236(\264\201g\223\014\315"
 182      FAF7BF9E 
 182      28B48167 
 182      930CCD
 183 0159 9F357793 		.ascii	"\2375w\223\313X\232\221\251{}\352\302\026\377L\215\313"
 183      CB589A91 
 183      A97B7DEA 
 183      C216FF4C 
 183      8DCB
 184 016b 49C2C1F7 		.ascii	"I\302\301\367\235\271^\263aK\274\2078\266\261\214v\270"
 184      9DB95EB3 
 184      614BBC87 
 184      38B6B18C 
 184      76B8
 185 017d 0BD15A6F 		.ascii	"\013\321ZoU)S\263%\316\274\341S7v`x\300pO\357\221\341"
 185      552953B3 
ARM GAS  /var/folders/d3/p12xj6d96hx5ptyrkl_lzds40000gn/T//ccLCtkZT.s 			page 14


 185      25CEBCE1 
 185      53377660 
 185      78C0704F 
 186 0194 66D42F14 		.ascii	"f\324/\024\353\207\267\244\225p}\015\015\371\022\246"
 186      EB87B7A4 
 186      95707D0D 
 186      0DF912A6 
 187 01a4 0CA6D366 		.ascii	"\014\246\323fx<w/w{\314\024\246\314\370\335\007f\262"
 187      783C772F 
 187      777BCC14 
 187      A6CCF8DD 
 187      0766B2
 188 01b7 F0F0D194 		.ascii	"\360\360\321\224\311\026&&\012ysstdx\344\211\311?\316"
 188      C9162626 
 188      0A797373 
 188      746478E4 
 188      89C93FCE 
 189 01cb 65D35985 		.ascii	"e\323Y\205\374\177?X\261\312"
 189      FC7F3F58 
 189      B1CA
 190              		.text
 191              		.section	.gnu.lto_.symbol_nodes.bf81432d24bf5a4,"",%progbits
 192 0000 789C6361 		.ascii	"x\234ca`d\360b\000\002\246\255\214\365\014\014\023\316"
 192      6064F062 
 192      0002A6AD 
 192      8CF50C0C 
 192      13CE
 193 0012 313000A9 		.ascii	"10\000\251]\015\212@\221m\214\365\214\250\"\333\031"
 193      5D0D8A40 
 193      916D8CF5 
 193      8CA822DB 
 193      19
 194 0023 EB995045 		.ascii	"\353\231PEv0\3263\243\2100\000\000\277~\022\030"
 194      7630D633 
 194      A3883000 
 194      00BF7E12 
 194      18
 195              		.text
 196              		.section	.gnu.lto_.refs.bf81432d24bf5a4,"",%progbits
 197 0000 789C6361 		.ascii	"x\234ca`\004B \000\000\0009\000\007"
 197      60044220 
 197      00000039 
 197      0007
 198              		.text
 199              		.section	.gnu.lto_.decls.bf81432d24bf5a4,"",%progbits
 200 0000 789CA557 		.ascii	"x\234\245W}LTW\026\177\347\335A\207a@w4\033\263a\033"
 200      7D4C5457 
 200      167FE7DD 
 200      41876140 
 200      77341BB3 
 201 0016 D3A5916C 		.ascii	"\323\245\221l\003#\3506\331d\223\332\035\331\225dm\311"
 201      0323E836 
 201      D96493DA 
 201      1DD99564 
 201      6DC9
 202 0028 8CA5FF75 		.ascii	"\214\245\377u\202\343\264\262\341\243\013\343\246\376"
 202      82E3B4B2 
ARM GAS  /var/folders/d3/p12xj6d96hx5ptyrkl_lzds40000gn/T//ccLCtkZT.s 			page 15


 202      E1A30BE3 
 202      A6FE
 203 0036 D5278315 		.ascii	"\325'\203\025\251\"\210\340\007*\010RT\250\002~\200"
 203      A92288E0 
 203      072A0852 
 203      54A8027E 
 203      80
 204 0047 2215ABE2 		.ascii	"\"\025\253\342G\005\221\362!\002\212\210\210\202,\012"
 204      470591F2 
 204      21028A88 
 204      88822C0A 
 205 0057 A8D0AA7B 		.ascii	"\250\320\252{\356\275\357\315\033F`M\367\2053\357\335"
 205      EEBDEFCD 
 205      1B46604D 
 205      F78533EF 
 205      DD
 206 0068 7B7FEF77 		.ascii	"{\177\357w~\367\334s\3160\032\001\004z\2755[\020\014"
 206      7EF7DC73 
 206      CE301A01 
 206      047ABD35 
 206      5B100C
 207 007b A2206CC2 		.ascii	"\242 l\302\341+\274\274p.RP/\015Z\005Z\025Z5\332\031"
 207      E12BBCBC 
 207      702E5250 
 207      2F0D5A05 
 207      5A155A35 
 208 0091 E1F58BAE 		.ascii	"\341\365\213\256\373\310\357\031\320\346\242\035E[\200"
 208      FBC8EF19 
 208      D0E6A21D 
 208      455B80
 209 00a0 F611DA30 		.ascii	"\366\021\3320\332\023\264\273hMh\315h\004\255\027\355"
 209      DA13B4BB 
 209      684D68CD 
 209      6804AD17 
 209      ED
 210 00b1 215A0F1A 		.ascii	"!Z\017\032\310<\236W\325\033r7\313\334\324\007nG\030"
 210      C83C9E57 
 210      D51B7237 
 210      CBDCD407 
 210      6E4718
 211 00c4 94F941E6 		.ascii	"\224\371A\346\360\274\350^t\323\360\316\305\027\015"
 211      F0BCE85E 
 211      74D3F0CE 
 211      C5170D
 212 00d3 68E3322F 		.ascii	"h\3432/\345\361\006~\257\226\307\177\200\211\234g\246"
 212      E5F1067E 
 212      AF96C77F 
 212      80899C67 
 212      A6
 213 00e4 E18C9844 		.ascii	"\341\214\230D+\310\373\207)\342\372B\204C\031\315\247"
 213      2BC8FB87 
 213      29E2FA42 
 213      844319CD 
 213      A7
 214 00f5 483BB401 		.ascii	"H;\264\001\356\011f\263Y\000\376\011\314\004nl\210\017"
 214      EE0966B3 
 214      5900FE09 
ARM GAS  /var/folders/d3/p12xj6d96hx5ptyrkl_lzds40000gn/T//ccLCtkZT.s 			page 16


 214      CC046E6C 
 214      880F
 215 0107 A2206B54 		.ascii	"\242 kT\246@\001\322O\374\020A\236\023\\d\354O~\237"
 215      A64001D2 
 215      4FFC1041 
 215      9E135C64 
 215      EC4F7E9F 
 216 011b E500BB18 		.ascii	"\345\000\273\030\211\312\016\362K\340R\300\226\005\276"
 216      89CA0EF2 
 216      4BE052C0 
 216      9605BE
 217 012a EE62E537 		.ascii	"\356b\3457Q}\301\215\217\313\225\351T\315\256=\201\262"
 217      517DC18D 
 217      8FCB95E9 
 217      54CDAE3D 
 217      81B2
 218 013c E99CA6EE 		.ascii	"\351\234\246\356\002\221\210@\237o\217\035\370[p\211"
 218      02918840 
 218      9F6F8F1D 
 218      F85B7089 
 219 014c 8457BA24 		.ascii	"\204W\272$\211\357\252\221\351\274t\260\230\214\210"
 219      89EFAA91 
 219      E9BC74B0 
 219      988C88
 220 015b B0400794 		.ascii	"\260@\007\224~\026N\035\03189\346\313\247(\242q\313"
 220      7E164E1D 
 220      193839E6 
 220      CBA728A2 
 220      71CB
 221 016d 93FD3389 		.ascii	"\223\3753\211?{\276\236\\\272\233\242\015:\320\340\360"
 221      3F7BBE9E 
 221      5CBA9BA2 
 221      0D3AD0E0 
 221      F0
 222 017e 71DDAEBB 		.ascii	"q\335\256\273~8\234\253\203\371/D\261v\363\321r\037"
 222      7E389CAB 
 222      83F92F44 
 222      B176F3D1 
 222      721F
 223 0190 08D47D4B 		.ascii	"\010\324}K\375t\345\026\352OJ\322l(\005\035\224\000"
 223      FD74E516 
 223      EA4F4AD2 
 223      6C28051D 
 223      9400
 224 01a2 8183104C 		.ascii	"\201\203\020L\325-\240G\233\"IIR\272S2\\\362\023\340"
 224      D52DA047 
 224      9B224949 
 224      52BA5332 
 224      5CF213E0 
 225 01b6 30F8C377 		.ascii	"0\370\303w\340/\300\021\010\244N)\020\212q\362\020N"
 225      E02FC011 
 225      08A44E29 
 225      108A71F2 
 225      104E
 226 01c8 A29783FB 		.ascii	"\242\227\203\3733\362g\220\257\250\000q\347\261C\317"
 226      33F26790 
 226      AFA80071 
ARM GAS  /var/folders/d3/p12xj6d96hx5ptyrkl_lzds40000gn/T//ccLCtkZT.s 			page 17


 226      E7B143CF 
 227 01d8 742E1765 		.ascii	"t.\027e\251\213K\250\213\243\350\242Lu\201\036\247\364"
 227      A98B4BA8 
 227      8BA3E8A2 
 227      4C75811E 
 227      A7F4
 228 01ea 513EB98F 		.ascii	"Q>\271\217\015\003\373[D\015\315\016\312\265RC\347z"
 228      0D03FB5B 
 228      440DCD0E 
 228      CAB55243 
 228      E77A
 229 01fc 3ACEB6CD 		.ascii	":\316\266\315r\315\035\0036\271=;kt\346\274l\026I\247"
 229      72CD1D03 
 229      36B93D3B 
 229      6B74E6BC 
 229      6C1649A7 
 230 0210 345F0391 		.ascii	"4_\003\221\277u\221\013p\002\346\341\347q\320\360\340"
 230      BF75910B 
 230      7002E6E1 
 230      E771D0F0 
 230      E0
 231 0221 9EDB3098 		.ascii	"\236\3330\230\"\276\235'\345\225J]\355\365\177\311v"
 231      22BE9D27 
 231      E5954A5D 
 231      EDF57FC9 
 231      76
 232 0232 4A97F0BD 		.ascii	"J\227\360\275\371\024\006\007T\275\370HoE\320\216'Y"
 232      F9140607 
 232      54BDF848 
 232      6F45D08E 
 232      2759
 233 0244 016FE39B 		.ascii	"\001o\343\233\315\267\252\207\010q\362\303\233L\\[K"
 233      CDB7AA87 
 233      0871F2C3 
 233      9B4C5C5B 
 233      4B
 234 0255 FEA22965 		.ascii	"\376\242)e\234b2N*2^\015\244\274\360\3412j\216\325\352"
 234      9C62324E 
 234      2A325E0D 
 234      A4BCF0E1 
 234      326A8ED5 
 235 026a A5F47592 		.ascii	"\245\364u\222\264\204\202\240R\025Q\351.\242\212\211"
 235      B48482A0 
 235      521551E9 
 235      2EA28A89 
 236 027a 287BDEEF 		.ascii	"({\336\357$$\213\213(\310\314\032\007\231d\304EBwrZ"
 236      24248B8B 
 236      28C8CC1A 
 236      079964C4 
 236      45427772 
 237 028f 2539ED4E 		.ascii	"%9\355NR\315H\252\213\266\207\223r\316q$\263\370\216"
 237      52CD48AA 
 237      8BB68793 
 237      72CE7124 
 237      B3F88E
 238 02a2 46E63875 		.ascii	"F\3468u\321]\310\367*\307\367\356\034g\030GOaO\2367"
 238      D15DC8F7 
ARM GAS  /var/folders/d3/p12xj6d96hx5ptyrkl_lzds40000gn/T//ccLCtkZT.s 			page 18


 238      2AC7F7EE 
 238      1C671847 
 238      4F614F9E 
 239 02b7 4F3B6986 		.ascii	"O;i\206[\336\031X\336\301\341\2763\273u<\015%\221\236"
 239      5BDE1958 
 239      DEC1E1BE 
 239      33BB753C 
 239      0D25919E 
 240 02cb D1A3B1DF 		.ascii	"\321\243\261\337\311h\215\333\262A^~t\365^\276F\206"
 240      C9688DDB 
 240      B2415E7E 
 240      74F55EBE 
 240      4686
 241 02dd CFA6A734 		.ascii	"\317\246\2474\274\373\261\236\234\343\022\273\235[%"
 241      BCFBB19E 
 241      9CE312BB 
 241      9D5B25
 242 02ec 3D07BF8F 		.ascii	"=\007\277\217\303\376\361\366\032\215.E\2163\246\022"
 242      C3FEF1F6 
 242      1A8D2E45 
 242      8E33A612 
 243 02fc 5D50037D 		.ascii	"]P\003}\211f\032\030\375\341\"O\243\272\202\256\003"
 243      89661A18 
 243      FDE1224F 
 243      A3BA82AE 
 243      03
 244 030d B30CE972 		.ascii	"\263\014\351r\235-q\260\003\273\200\360\363\014~\031"
 244      9D2D71B0 
 244      03BB80F0 
 244      F30C7E19 
 245 031d 0CCA4B14 		.ascii	"\014\312K\024}\254\372q\241\262-\202\343\214u\303\007"
 245      7DACFA71 
 245      A1B22D82 
 245      E38C75C3 
 245      07
 246 032e E4F12F74 		.ascii	"\344\361/t\275\342aO\227\310\205v\315\304\361\272\276"
 246      BDE2614F 
 246      97C88576 
 246      CDC4F1BA 
 246      BE
 247 033f D20D84D4 		.ascii	"\322\015\204\324q\241\247\234\305\245\276\034\374\026"
 247      71A1A79C 
 247      C5A5BE1C 
 247      FC16
 248 034d 0E5F5E38 		.ascii	"\016_^8Q\256\237Z\3505Eh=\027\332\366bk\212\217\247"
 248      51AE9F5A 
 248      E8354568 
 248      3D17DAF6 
 248      626B8A8F 
 249 0362 D0AB08FF 		.ascii	"\320\253\010\377\221\301\033\230\320k\212\320{\305\335"
 249      91C11B98 
 249      D06B8AD0 
 249      7BC5DD
 250 0371 053AD2CA 		.ascii	"\005:\322\312\035\037\337\323\262\327gjO\215\212'#s"
 250      1D1FDFD3 
 250      B2D7676A 
 250      4F8D8A27 
ARM GAS  /var/folders/d3/p12xj6d96hx5ptyrkl_lzds40000gn/T//ccLCtkZT.s 			page 19


 250      2373
 251 0383 D4DBF9A8 		.ascii	"\324\333\371\250D/;r*\216T\364O\314Q\243\342\250\241"
 251      442F3B72 
 251      2A8E54F4 
 251      4FCC51A3 
 251      E2A8A1
 252 0396 28A58150 		.ascii	"(\245\201Pn\347\033W\356\236\206\237\013f\272;h\232"
 252      6EE71B57 
 252      EE9E869F 
 252      0B66BA3B 
 252      689A
 253 03a8 CEC1AB9C 		.ascii	"\316\301\253\234\241=z\322\301wr\355\301\2112\221\364"
 253      A13D7AD2 
 253      C17772ED 
 253      C1893291 
 253      F4
 254 03b9 F2C189DE 		.ascii	"\362\301\211\336\313\265J\226\000\355\230m\315ez\322"
 254      CBB54A96 
 254      00ED986D 
 254      CD657AD2 
 255 03c9 CF17371E 		.ascii	"\317\0277\036\351\376\306\2136>:\270\323y?\325\217\214"
 255      E9FEC68B 
 255      363E3AB8 
 255      D3793FD5 
 255      8F8C
 256 03db F1C1C5DA 		.ascii	"\361\301\305\332\244\177\022'a\317ce\217G\264\234\""
 256      A47F1227 
 256      61CF6365 
 256      8F47B49C 
 256      22
 257 03ec 8FA669E5 		.ascii	"\217\246i\345\323\223f9\317Bq\230\326\232\361>I\341"
 257      D3936639 
 257      CF427198 
 257      D69AF13E 
 257      49E1
 258 03fe D091D4F5 		.ascii	"\320\221\324\365\317\344FJO\266\252\273!i\232\323\273"
 258      CFE4464A 
 258      4FB6AABB 
 258      21699AD3 
 258      BB
 259 040f A3C4B40B 		.ascii	"\243\304\264\013\344\240\3568\340\353yz? \374,\203w"
 259      E4A0EE38 
 259      E0EB797A 
 259      3F20FC2C 
 259      8377
 260 0421 B33DDF51 		.ascii	"\263=\337Q\366\334\274\273ppBR6M\203\326'\027\215\236"
 260      F6DCBCBB 
 260      70704252 
 260      364D83D6 
 260      27178D9E 
 261 0435 9F0501F4 		.ascii	"\237\005\001\364\232\023\020\020\210\267|)y\235\324"
 261      9A131010 
 261      88B77C29 
 261      799DD4
 262 0444 55B16B45 		.ascii	"U\261kEV\341\327Rz\0244\203\001:\260^\037\300\034\365"
 262      56E1D752 
 262      7A143483 
ARM GAS  /var/folders/d3/p12xj6d96hx5ptyrkl_lzds40000gn/T//ccLCtkZT.s 			page 20


 262      013AB05E 
 262      1FC01CF5 
 263 0458 748C942A 		.ascii	"t\214\224*\004?\204|\352\250\346V$\205b\036A\235\014"
 263      043F847C 
 263      EAA8E656 
 263      2485621E 
 263      419D0C
 264 046b 55B20BAE 		.ascii	"U\262\013\2560\267\207\201\203\221\273\346\011\003\337"
 264      30B78781 
 264      8391BBE6 
 264      0903DF
 265 047a 45F06D19 		.ascii	"E\360m\031\254\310\203\032p#\246\330\033-zED\253\247"
 265      ACC8831A 
 265      7023A6D8 
 265      1B2D7A45 
 265      44ABA7
 266 048d 88F3E0A1 		.ascii	"\210\363\340\241b\210\021c\331A\255\214U\212\021\316"
 266      62881163 
 266      D941AD8C 
 266      558A11CE 
 267 049d A9D80C39 		.ascii	"\251\330\01494\0228\004\270\205\200N\266F\341\230m0"
 267      34123804 
 267      B885804E 
 267      B646E198 
 267      6D30
 268 04af 8089D703 		.ascii	"\200\211\327\003\001\320\2176\210\366\010\355>\332\177"
 268      01D08F36 
 268      88F608ED 
 268      3EDA7F
 269 04be D01EA2DD 		.ascii	"\320\036\242\335C\353C\353\205\000\366\255\312uv\250"
 269      43EB43EB 
 269      8500F6AD 
 269      CA7576A8 
 270 04ce 3AAF7BEA 		.ascii	":\257{\352\274\342\251\263\321\025\255v\317h\031\325"
 270      BCE2A9B3 
 270      D115AD76 
 270      CF6819D5 
 271 04de 60B12FBD 		.ascii	"`\261/\275\232j$\226\264\024$\310-Sp\361\264\266\314"
 271      9A6A2496 
 271      B41424C8 
 271      2D5370F1 
 271      B4B6CC
 272 04f1 45D7C984 		.ascii	"E\327\311\204Q\265yR\335x-\360M\252\310\233\236\"ox"
 272      51B57952 
 272      DD782DF0 
 272      4DAAC89B 
 272      9E226F78 
 273 0505 8ABCE912 		.ascii	"\212\274\351\022\331\342\311|\336\215\2316\243\226\333"
 273      D9E2C97C 
 273      DE8D9936 
 273      A396DB
 274 0514 E78154B0 		.ascii	"\347\201T\260T\027/%\357\311\301\257\3549\\\375h\266"
 274      54172F25 
 274      EFC9C1AF 
 274      EC395CFD 
 274      68B6
 275 0526 48D53FC1 		.ascii	"H\325?\301\267\207\324\236O73\3059\300c\014\377\257"
ARM GAS  /var/folders/d3/p12xj6d96hx5ptyrkl_lzds40000gn/T//ccLCtkZT.s 			page 21


 275      B787D49E 
 275      4F3733C5 
 275      39C0630C 
 275      FFAF
 276 0538 3D0AD452 		.ascii	"=\012\324R\224\327\261I\257OU\377\031`\276\325\332\032"
 276      94D7B149 
 276      AF4F55FF 
 276      1960BED5 
 276      DA1A
 277 054a 063DFBD7 		.ascii	"\006=\373\327\011\357\210\036L\276\327\345\303\353r"
 277      09EF881E 
 277      4CBED7E5 
 277      C3EB72
 278 0559 1E0E7755 		.ascii	"\036\016wU\215\\\361\342C-m\310\203\305\025\276\274"
 278      8D5CF1E2 
 278      432D6DC8 
 278      83C515BE 
 278      BC
 279 056a A26B28F7 		.ascii	"\242k(\367\341\247i\333}\310Y\362&}\361\271R\303\013"
 279      E1A769DB 
 279      7DC859F2 
 279      267DF1B9 
 279      52C30B
 280 057d 5909E7B4 		.ascii	"Y\011\347\264\275,U\212\262F)\341\247\210\036e\3501"
 280      BD2C558A 
 280      B24629E1 
 280      A7881E65 
 280      E831
 281 058f 5694CF95 		.ascii	"V\224\317\225\022.\317,\254\325\272\243\233\246C\237"
 281      122ECF2C 
 281      ACD5BAA3 
 281      9BA6439F 
 282 059f AE1B2BF1 		.ascii	"\256\033+\361#\027\270\254\306\241\253{\344\035\321"
 282      2317B8AC 
 282      C6A1AB7B 
 282      E41DD1
 283 05ae 2FBBEAC6 		.ascii	"/\273\352\306\216%\344\032_\032\255\357\270\003\344"
 283      8E25E41A 
 283      5F1AADEF 
 283      B803E4
 284 05bd 273E48FE 		.ascii	"'>H\376\361r\321L\322\312\007=\275\343\225\204t\362"
 284      F172D14C 
 284      D2CA073D 
 284      BDE39584 
 284      74F2
 285 05cf C1B703F9 		.ascii	"\301\267\003\371\233\275I7\037|wC\332\350\255t\350\364"
 285      9BBD4937 
 285      1F7C7743 
 285      DAE8AD74 
 285      E8F4
 286 05e1 37EAD039 		.ascii	"7\352\3209\303\235\017\344\257\265@\034ni\310m\327\312"
 286      C39D0FE4 
 286      AFB5401C 
 286      6E69C86D 
 286      D7CA
 287 05f3 41A45FC7 		.ascii	"A\244_\307\333\352\267\025\370\220>F\357s*w\347\037"
 287      DBEAB715 
ARM GAS  /var/folders/d3/p12xj6d96hx5ptyrkl_lzds40000gn/T//ccLCtkZT.s 			page 22


 287      F8903E46 
 287      EF732A77 
 287      E71F
 288 0605 614E00BF 		.ascii	"aN\000\277\260\371LH\211d\321\037\234\"\335\360\327"
 288      B0F94C48 
 288      8964D11F 
 288      9C22DDF0 
 288      D7
 289 0616 22CF8734 		.ascii	"\"\317\20741\020\276\021\003 \035-\005-\025m\003\332"
 289      3110BE11 
 289      03201D2D 
 289      052D156D 
 289      03DA
 290 0628 66B42D68 		.ascii	"f\264-h\033\3216\211\256\262tJ5U\255sw\262\012\241\021"
 290      1BD13689 
 290      AEB2744A 
 290      3555AD73 
 290      77B20AA1 
 291 063d 7C891948 		.ascii	"|\211\031H\251\\;\370eB\316'I5'ZY\201\320\303i\367\004"
 291      A95C3BF8 
 291      6542CE27 
 291      4935275A 
 291      5981D0C3 
 292 0654 8F7AB6A6 		.ascii	"\217z\266\246\206O(v\034\013\344\231\214U\216\010F&"
 292      864F2876 
 292      1C0BE499 
 292      8C558E08 
 292      4626
 293 0666 961E0AA9 		.ascii	"\226\036\012\251\344\314T\306\253\311\231\025\3646D"
 293      E4CC54C6 
 293      ABC99915 
 293      F43644
 294 0675 97737492 		.ascii	"\227st\222\250\203u\242\007\332\275\365R\346F\225y\275"
 294      A88375A2 
 294      07DABDF5 
 294      52E64695 
 294      79BD
 295 0687 27F6EC6B 		.ascii	"'\366\354k:N\253\350\027\223\207\303\275\371\344\266"
 295      3A4EABE8 
 295      179387C3 
 295      BDF9E4B6 
 296 0697 B2E68328 		.ascii	"\262\346\203(\217\346\203\261:\243\204\226F\353gO\256"
 296      8FE683B1 
 296      3AA38496 
 296      46EB674F 
 296      AE
 297 06a8 11F09079 		.ascii	"\021\360\220yLu,M\272%W;\251\277\235U\257!\203\274\235"
 297      4C752C4D 
 297      BA25573B 
 297      A9BF9D55 
 297      AF2183BC 
 298 06bd EC1D1EAD 		.ascii	"\354\035\036\255\363\2039\201\223f\006dbB\374\232\344"
 298      F3833981 
 298      93660664 
 298      6242FC9A 
 298      E4
 299 06ce E0BB6B6E 		.ascii	"\340\273kn\005\272\273\255H\220!\272\232\023\335,\323"
ARM GAS  /var/folders/d3/p12xj6d96hx5ptyrkl_lzds40000gn/T//ccLCtkZT.s 			page 23


 299      05BABBAD 
 299      489021BA 
 299      9A13DD2C 
 299      D3
 300 06df 717FE87A 		.ascii	"q\177\350z\245\357\204V\262Uto%\333D\336J\360\216\350"
 300      A5EF8456 
 300      B255746F 
 300      25DB44DE 
 300      4AF08EE8 
 301 06f3 D4E3AF3A 		.ascii	"\324\343\257:\265\344\031/\233\374\276\272\313r#\371"
 301      B5E4192F 
 301      9BFCBEBA 
 301      CB7223F9 
 302 0703 3DFD4ACE 		.ascii	"=\375J\316\034H\003^\003}\364\237\215}u\303\331:\262"
 302      1C48035E 
 302      037DF49F 
 302      8D7D75C3 
 302      D93AB2
 303 0716 5EC3B095 		.ascii	"^\303\260\225\325\217B9\324\237\026\\\177\306\202\251"
 303      D58F4239 
 303      D49F165C 
 303      7FC682A9 
 304 0726 BBCA2E51 		.ascii	"\273\312.Q\356*;EVk\315\317\253\307\365$\215\021i\216"
 304      EE2A3B45 
 304      566BCDCF 
 304      ABC7F524 
 304      8D11698E 
 305 073a 26DDDEE7 		.ascii	"&\335\336\347\007\201\376\200p\340?\231\350\257?\001"
 305      0781FE80 
 305      70E03F99 
 305      E8AF3F01 
 306 074a 72318D72 		.ascii	"r1\215rD\242\374@\336%!\377\320Wt\032\237\265\354\316"
 306      44A2FC40 
 306      DE2521FF 
 306      D057741A 
 306      9FB5ECCE 
 307 075e 7E3D0DE5 		.ascii	"~=\015\345K3\346\011\260\2105-\330\215\361\314e\376"
 307      4B33E609 
 307      B088352D 
 307      D88DF1CC 
 307      65FE
 308 0770 F662B8F7 		.ascii	"\366b\270\367p\207\351\227\177\250&\352?\027\300\270"
 308      7087E997 
 308      7FA826EA 
 308      3F17C0B8 
 309 0780 B7E37A36 		.ascii	"\267\343z6+\324<\321\240\250\244\350\233\027\257&\317"
 309      2BD43CD1 
 309      A0A8A4E8 
 309      9B17AF26 
 309      CF
 310 0791 D0C9DCE9 		.ascii	"\320\311\334\351\377\213;-o\303vow\356}\323q\227\364"
 310      FF8B3B2D 
 310      6FC3766F 
 310      77EE7DD3 
 310      7197F4
 311 07a4 67E6CC78 		.ascii	"g\346\314x\247@j\310\223\272n\246}\232!%\357\2204\220"
 311      A7406AC8 
ARM GAS  /var/folders/d3/p12xj6d96hx5ptyrkl_lzds40000gn/T//ccLCtkZT.s 			page 24


 311      93BA6EA6 
 311      7D9A2125 
 311      EF903490 
 312 07b8 2F1A6007 		.ascii	"/\032`\007\236%\376\030q{5\013gV` \012\304w\204\331"
 312      9E25FE18 
 312      717B350B 
 312      67566020 
 312      0AC47784 
 313 07cd 71FF8E   		.ascii	"q\377\216"
 314 07d0 B685C545 		.ascii	"\266\205\305E\255\214\261G\332m\216\370\004\355\337"
 314      AD8CB147 
 314      DA6D8EF8 
 314      04EDDF
 315 07df 3FFC78BE 		.ascii	"?\374x\276)$D\320Y\255k\242\343\034\213B\255\216O\214"
 315      292444D0 
 315      59AD6BA2 
 315      E31C8B42 
 315      AD8E4F8C 
 316 07f3 6B12138C 		.ascii	"k\022\023\2141\361\266\250\030\343\3476[PTBlP\\|\234"
 316      31F1B6A8 
 316      18E3E736 
 316      5B505442 
 316      6C505C7C 
 317 0808 3DC81EB5 		.ascii	"=\310\036\2652:\350O\326\305A\241\013C\336\373W\250"
 317      323AE84F 
 317      D6C541A1 
 317      0B43DEFB 
 317      57A8
 318 081a 71C28231 		.ascii	"q\302\2021:\316\026\263f\225\335\030\033e[\035\035g"
 318      3ACE16B3 
 318      6695DD18 
 318      1B655B1D 
 318      1D67
 319 082c 375A57D9 		.ascii	"7ZW\331?\213Z\023\343\260:\326~aO\014^-h\025\007\377"
 319      3F8B5A13 
 319      E3B03AD6 
 319      7E614F0C 
 319      5E2D6815 
 320 0842 F8FF1C24 		.ascii	"\370\377\034$\256M4Z\023\035\253\220\015Y\203\202\203"
 320      AE4D345A 
 320      131DAB90 
 320      0D598382 
 320      83
 321 0853 8DA6D5D1 		.ascii	"\215\246\325\321+\243?\262\030\343\023\215\253\221\363"
 321      2BA33FB2 
 321      18E3138D 
 321      AB91F3
 322 0862 8BF80447 		.ascii	"\213\370\004G\242\321\026\037\033\033\037g\374\300\274"
 322      A2D1161F 
 322      1B1B1F67 
 322      FCC0BC
 323 0871 DCB4FC4B 		.ascii	"\334\264\374K#\335x\260M\370\015\275/\215NT#\340Og,"
 323      23DD78B0 
 323      4DF80DBD 
 323      2F8D4E54 
 323      23E04F67 
 324 0886 7687656D 		.ascii	"v\207em\242\303\036\273,*nU\214=!\"!:>!\332\261\226"
ARM GAS  /var/folders/d3/p12xj6d96hx5ptyrkl_lzds40000gn/T//ccLCtkZT.s 			page 25


 324      A2C31EBB 
 324      2C2A6E55 
 324      8C3D2122 
 324      213A3E21 
 325 089d C5CB1463 		.ascii	"\305\313\024c\217J\210\260\307\241\303\317\275\315a"
 325      8F4A88B0 
 325      C7A1C3CF 
 325      BDCD61
 326 08ac 96307364 		.ascii	"\2260sd\330\322\305\256\247E\232pS\204\3315\014\325"
 326      D8D2C5AE 
 326      A7459A70 
 326      5384D935 
 326      0CD5
 327 08be 845B22CC 		.ascii	"\204[\"\314Z3\037\205\340b\230\272\270\020\027\303\314"
 327      5A331F85 
 327      E06298BA 
 327      B81017C3 
 327      CC
 328 08cf 6278C4BB 		.ascii	"bx\304\273\023U\333\277t\030M\313-\341\026\327&m\361"
 328      1355DBBF 
 328      74184DCB 
 328      2DE116D7 
 328      266DF1
 329 08e2 0976AB2D 		.ascii	"\011v\253-v!\356\320\373\303\310p\223u\005F\221X\226"
 329      7621EED0 
 329      FBC3C870 
 329      93750546 
 329      915896
 330 08f5 45B8B842 		.ascii	"E\270\270B\210\311d&\026\223\331\353\203p\263\311\214"
 330      88C96426 
 330      1693D9EB 
 330      8370B3C9 
 330      8C
 331 0906 8E2C662F 		.ascii	"\216,f/S\304\307\341K\275,\313\360Yk1\375\225\275\345"
 331      53C4C7E1 
 331      4BBD2CCB 
 331      F0596B31 
 331      FD95BDE5 
 332 091a 6BB57EB6 		.ascii	"k\265~\266&\316f\265\006\277\027\022\372g\2552\322\330"
 332      26CE66B5 
 332      06BF1712 
 332      FA67AD32 
 332      D2D8
 333 092c 564725FC 		.ascii	"VG%\374\027\241\177Z\000"
 333      17A17F5A 
 333      00
 334              		.text
 335              		.section	.gnu.lto_.symtab.bf81432d24bf5a4,"",%progbits
 336 0000 6E766963 		.ascii	"nvicEnableVector\000"
 336      456E6162 
 336      6C655665 
 336      63746F72 
 336      00
 337 0011 00       		.ascii	"\000"
 338 0012 00       		.ascii	"\000"
 339 0013 00       		.ascii	"\000"
 340 0014 00000000 		.ascii	"\000\000\000\000\000\000\000\000"
ARM GAS  /var/folders/d3/p12xj6d96hx5ptyrkl_lzds40000gn/T//ccLCtkZT.s 			page 26


 340      00000000 
 341 001c B7000000 		.ascii	"\267\000\000\000"
 342 0020 6E766963 		.ascii	"nvicDisableVector\000"
 342      44697361 
 342      626C6556 
 342      6563746F 
 342      7200
 343 0032 00       		.ascii	"\000"
 344 0033 00       		.ascii	"\000"
 345 0034 00       		.ascii	"\000"
 346 0035 00000000 		.ascii	"\000\000\000\000\000\000\000\000"
 346      00000000 
 347 003d BB000000 		.ascii	"\273\000\000\000"
 348 0041 6E766963 		.ascii	"nvicSetSystemHandlerPriority\000"
 348      53657453 
 348      79737465 
 348      6D48616E 
 348      646C6572 
 349 005e 00       		.ascii	"\000"
 350 005f 00       		.ascii	"\000"
 351 0060 00       		.ascii	"\000"
 352 0061 00000000 		.ascii	"\000\000\000\000\000\000\000\000"
 352      00000000 
 353 0069 BD000000 		.ascii	"\275\000\000\000"
 354 006d 6E766963 		.ascii	"nvicClearPending\000"
 354      436C6561 
 354      7250656E 
 354      64696E67 
 354      00
 355 007e 00       		.ascii	"\000"
 356 007f 00       		.ascii	"\000"
 357 0080 00       		.ascii	"\000"
 358 0081 00000000 		.ascii	"\000\000\000\000\000\000\000\000"
 358      00000000 
 359 0089 BF000000 		.ascii	"\277\000\000\000"
 360              		.text
 361              		.section	.gnu.lto_.opts,"",%progbits
 362 0000 272D666D 		.ascii	"'-fmath-errno' '-fsigned-zeros' '-ftrapping-math' '"
 362      6174682D 
 362      6572726E 
 362      6F272027 
 362      2D667369 
 363 0033 2D666E6F 		.ascii	"-fno-trapv' '-fno-openmp' '-fno-openacc' '-mcpu=cor"
 363      2D747261 
 363      70762720 
 363      272D666E 
 363      6F2D6F70 
 364 0066 7465782D 		.ascii	"tex-m0' '-mno-thumb-interwork' '-mthumb' '-ggdb' '-"
 364      6D302720 
 364      272D6D6E 
 364      6F2D7468 
 364      756D622D 
 365 0099 4F322720 		.ascii	"O2' '-fomit-frame-pointer' '-falign-functions=16' '"
 365      272D666F 
 365      6D69742D 
 365      6672616D 
 365      652D706F 
ARM GAS  /var/folders/d3/p12xj6d96hx5ptyrkl_lzds40000gn/T//ccLCtkZT.s 			page 27


 366 00cc 2D666675 		.ascii	"-ffunction-sections' '-fdata-sections' '-fno-common"
 366      6E637469 
 366      6F6E2D73 
 366      65637469 
 366      6F6E7327 
 367 00ff 2720272D 		.ascii	"' '-flto'\000"
 367      666C746F 
 367      2700
 368              		.text
 369              		.comm	__gnu_lto_v1,1,1
 370              		.comm	__gnu_lto_slim,1,1
 371              		.ident	"GCC: (GNU Tools for ARM Embedded Processors) 5.4.1 20160609 (release) [ARM/embedded-5-bran
ARM GAS  /var/folders/d3/p12xj6d96hx5ptyrkl_lzds40000gn/T//ccLCtkZT.s 			page 28


DEFINED SYMBOLS
                            *ABS*:0000000000000000 nvic.c
                            *COM*:0000000000000001 __gnu_lto_v1
                            *COM*:0000000000000001 __gnu_lto_slim

NO UNDEFINED SYMBOLS
