ARM GAS  /var/folders/d3/p12xj6d96hx5ptyrkl_lzds40000gn/T//cck7hrFN.s 			page 1


   1              		.syntax unified
   2              		.cpu cortex-m0
   3              		.fpu softvfp
   4              		.eabi_attribute 20, 1
   5              		.eabi_attribute 21, 1
   6              		.eabi_attribute 23, 3
   7              		.eabi_attribute 24, 1
   8              		.eabi_attribute 25, 1
   9              		.eabi_attribute 26, 1
  10              		.eabi_attribute 30, 2
  11              		.eabi_attribute 34, 0
  12              		.eabi_attribute 18, 4
  13              		.thumb
  14              		.syntax unified
  15              		.file	"pal.c"
  16              		.text
  17              	.Ltext0:
  18              		.section	.gnu.lto_.profile.188e37222c52777e,"",%progbits
  19 0000 789C6361 		.ascii	"x\234ca`d`a`\000\222\0322\000\000\326\000O"
  19      60646061 
  19      6000921A 
  19      320000D6 
  19      004F
  20              		.text
  21              		.section	.gnu.lto_.icf.188e37222c52777e,"",%progbits
  22 0000 789C6361 		.ascii	"x\234ca`d\000\001\021\006\004`fX\377\346\325RV\306\331"
  22      60640001 
  22      11060460 
  22      6658FFE6 
  22      D55256C6 
  23 0015 4B676DE2 		.ascii	"Kgm\342dZ\276\360\320uN\006\000_\347\010\316"
  23      645ABEF0 
  23      D0754E06 
  23      005FE708 
  23      CE
  24              		.text
  25              		.section	.gnu.lto_.jmpfuncs.188e37222c52777e,"",%progbits
  26 0000 789C6361 		.ascii	"x\234ca`d\000\001%\006\004`f`dd\254gdbdd\256\257g\002"
  26      60640001 
  26      25060460 
  26      66606464 
  26      AC676462 
  27 001a 538C6C10 		.ascii	"S\214l\020)\246J\260r\0009\212\002\276"
  27      29A64AB0 
  27      7200398A 
  27      02BE
  28              		.text
  29              		.section	.gnu.lto_.inline.188e37222c52777e,"",%progbits
  30 0000 789C6361 		.ascii	"x\234ca`d\000\201\357\014\010\300\314\300\300\311\301"
  30      60640081 
  30      EF0C08C0 
  30      CCC0C0C9 
  30      C1
  31 0011 C8CCA0C0 		.ascii	"\310\314\240\300\010b\202H\0070\251\300\301\366A\217"
  31      08628248 
  31      0730A9C0 
  31      C1F6418F 
ARM GAS  /var/folders/d3/p12xj6d96hx5ptyrkl_lzds40000gn/T//cck7hrFN.s 			page 2


  32 0021 816D813C 		.ascii	"\201m\201<\023\003\343\013v\026\010\011\"8\300L\016"
  32      1303E30B 
  32      76160809 
  32      2238C04C 
  32      0E
  33 0032 10210066 		.ascii	"\020!\000f\012\200\214ad\340\343ed\201\230\302\250\000"
  33      0A808C61 
  33      64E0E365 
  33      648198C2 
  33      A800
  34 0044 B2066C08 		.ascii	"\262\006l\010\304@n\246\013\374\030F\001\305P\014aY"
  34      C4406EA6 
  34      0BFC1846 
  34      01C5500C 
  34      6159
  35 0056 202F0162 		.ascii	" /\001b)010\357\020W`\000Zo\0012\231\211\201[\030\305"
  35      29303130 
  35      EF105760 
  35      005A6F01 
  35      32998981 
  36 006d 7D504339 		.ascii	"}PC9\201r\3049\017h\223\004\310$\026^\240w'\370\201"
  36      8172C439 
  36      0F689304 
  36      C824165E 
  36      A07727F8 
  37 0082 20030004 		.ascii	" \003\000\004\024 \311"
  37      1420C9
  38              		.text
  39              		.section	.gnu.lto_.pureconst.188e37222c52777e,"",%progbits
  40 0000 789C6361 		.ascii	"x\234ca`d`g```f\220b\224b\222\004\000\001\253\000`"
  40      60646067 
  40      60606066 
  40      90629462 
  40      92040001 
  41              		.text
  42              		.section	.gnu.lto_palReadBus.188e37222c52777e,"",%progbits
  43 0000 789C8D90 		.ascii	"x\234\215\220MK[A\024\206\317;\347\346\336\233j\373"
  43      4D4B5B41 
  43      1486CF3B 
  43      E7E6DE9B 
  43      6AFB
  44 0012 070C5474 		.ascii	"\007\014Tt!Y\230\213\277\241\233\356,\365\027$RP\020"
  44      2159988B 
  44      BFA19BEE 
  44      2CF51724 
  44      525010
  45 0025 14836BA7 		.ascii	"\024\203k\247\271\271\245n\244.T\250\212t\021\374\376"
  45      B9B9A56E 
  45      A42E54A8 
  45      8A7411FC 
  45      FE
  46 0036 6AB50B57 		.ascii	"j\265\013W\305B\013\005\225t\323U\251\250\270\350\312"
  46      C5420B05 
  46      9574D355 
  46      A9A8B8E8 
  46      CA
  47 0047 84966ED4 		.ascii	"\204\226n\324x\316M\204\320\225\003sf\346\314\234g\336"
ARM GAS  /var/folders/d3/p12xj6d96hx5ptyrkl_lzds40000gn/T//cck7hrFN.s 			page 3


  47      78CE4D84 
  47      D0950373 
  47      66E6CC9C 
  47      67DE
  48 0059 F73804D2 		.ascii	"\3678\004\322\361\314\020u\310\332&\023L0o\216\210^"
  48      F1CC1075 
  48      C8DA2613 
  48      4C306F8E 
  48      885E
  49 006b FA06D08D 		.ascii	"\372\006\320\215\365A\343\006\343\370k\256\015\312\305"
  49      F541E306 
  49      E3F86BAE 
  49      0DCAC5
  50 007a ED79FE63 		.ascii	"\355y\376c\"y\346\310\261r\370\366\354\221\036\201v"
  50      2279E6C8 
  50      B172F8F6 
  50      EC911E81 
  50      76
  51 008b 39CED9EF 		.ascii	"9\316\331\357\023^z\311\332\202=)\235\216L\205\321\323"
  51      135E7AC9 
  51      DA823D29 
  51      9D8E4C85 
  51      D1D3
  52 009d 880DD50C 		.ascii	"\210\015\325\014a\031),!\245_\254 -o\243\362\354+\346"
  52      6119292C 
  52      21A55FAC 
  52      202D6FA3 
  52      F2EC2BE6 
  53 00b1 C720D9FF 		.ascii	"\307 \331\377\374u\262\342w\225\264\316N\275\260\311"
  53      FC75B2E2 
  53      7795B4CE 
  53      4EBDB0C9 
  54 00c1 8819ABE0 		.ascii	"\210\031\253\340\346:I\021\326\320\245\317Own\246\037"
  54      E63A4911 
  54      D6D0A5CF 
  54      4F776EA6 
  54      1F
  55 00d2 BA452BA3 		.ascii	"\272E+\243}\202I\371\202]\207\253~\266\236\177\262\265"
  55      7D8249F9 
  55      825D87AB 
  55      7EB69E7F 
  55      B2B5
  56 00e4 5A68ED5C 		.ascii	"Zh\355\\\317dgRLH\021K\271\343HH$$\270\256\356<\015"
  56      CF646752 
  56      4C48114B 
  56      B9E34848 
  56      2424B8AE 
  57 00fb 3EA93EBA 		.ascii	">\251>\272\224\251^+\306\350\312\027(\354W\276\274c"
  57      94A95E2B 
  57      C6E8CA17 
  57      28EC57BE 
  57      BC63
  58 010d 6586CCF2 		.ascii	"e\206\314\362\345Ltp\354\251Q\216\005\377\373\372\355"
  58      E54C7470 
  58      ECA9518E 
  58      05FFFBFA 
  58      ED
ARM GAS  /var/folders/d3/p12xj6d96hx5ptyrkl_lzds40000gn/T//cck7hrFN.s 			page 4


  59 011e 75EB2216 		.ascii	"u\353\"\026\020\261\027\262\301\206:\223|\351\274\260"
  59      10B117B2 
  59      C1863A93 
  59      7CE9BCB0 
  60 012e E905DD11 		.ascii	"\351\005\335\021\373\330\304\"nT\030a\013\001]\340`"
  60      FBD8C422 
  60      6E541861 
  60      0B015DE0 
  60      60
  61 013f 1F759ED3 		.ascii	"\037u\236\323\314\363\377\347%\345Cl7x?\252\325\317"
  61      CCF3FFE7 
  61      25E5436C 
  61      37783FAA 
  61      D5CF
  62 0151 ADC1862D 		.ascii	"\255\301\206-\312\305\003\354\304H5\211\3671\262p\207"
  62      CAC503EC 
  62      C4483589 
  62      F731B270 
  62      87
  63 0162 4CDC4753 		.ascii	"L\334GS\013>\304\200\270[\2731 \254\272u\200\312\022"
  63      0B3EC480 
  63      B85BBB31 
  63      20ACBA75 
  63      80CA12
  64 0175 4C33D3BB 		.ascii	"L3\323\273\017\323`/f\2622?\326\231W\015\246\037c=\372"
  64      0FD3602F 
  64      66B2323F 
  64      D699570D 
  64      A61F633D 
  65 018a 0DD34868 		.ascii	"\015\323Hh7.\305\200\364XD\2442\231\340\311\300`n\260"
  65      372EC580 
  65      F45844A4 
  65      3299E0C9 
  65      C0606EB0 
  66 019e B72F18CE 		.ascii	"\267/\030\316\007\003\331\241 ?\332\037\214d\2072\375"
  66      0703D9A1 
  66      203FDA1F 
  66      8C648732 
  66      FD
  67 01af C4B9B1FC 		.ascii	"\304\271\261\374-k5\275Z"
  67      2D6B35BD 
  67      5A
  68              		.text
  69              		.section	.gnu.lto_palWriteBus.188e37222c52777e,"",%progbits
  70 0000 789C8D52 		.ascii	"x\234\215RKk\023Q\024\276\337\275\223y$\023uo\300B\205"
  70      4B6B1351 
  70      14BEDFBD 
  70      93792413 
  70      756FC042 
  71 0015 D08519FB 		.ascii	"\320\205\031\373\033\004\267B\375\005M\025\032((F\327"
  71      1B04B742 
  71      FD054D15 
  71      1A282846 
  71      D7
  72 0026 BD26191F 		.ascii	"\275&\031\037\270qc\004i\010\024J\033\265\217\370\252"
  72      B8716304 
  72      6908144A 
ARM GAS  /var/folders/d3/p12xj6d96hx5ptyrkl_lzds40000gn/T//cck7hrFN.s 			page 5


  72      1BB58FF8 
  72      AA
  73 0037 E9C61091 		.ascii	"\351\306\020\221\202\370\240\012\272\222\026\255]\270"
  73      82F8A00A 
  73      BA9216AD 
  73      5DB8
  74 0045 90B42ABA 		.ascii	"\220\264*\272\320\304snF\011]u g\3569\367|\337\371\316"
  74      D0C4736E 
  74      46095D75 
  74      2067EE39 
  74      F77CDFF9 
  75 005a 97B10404 		.ascii	"\227\261\004\004?\207\225\020iz\037\244\037\224\200"
  75      3F879510 
  75      697A1FA4 
  75      1F9480
  76 0069 BCFE4A88 		.ascii	"\274\376J\210\213\256\004\370\240]\210I\211I\374\220"
  76      8BAE04F8 
  76      A05D8849 
  76      8949FC90 
  77 0079 7F245A97 		.ascii	"\177$Z\227\267\032rhV\323\263\361\354\353Q=\327DH\360"
  77      B71A7268 
  77      56D3B3F1 
  77      ECEB513D 
  77      D74448F0 
  78 008d AE344C02 		.ascii	"\2564L\002\263\030\242\256\265\322\322\224\372.C\005"
  78      B318A2AE 
  78      B5D2D294 
  78      FA2E4305 
  79 009d 58946EBF 		.ascii	"X\224n\277\274\365i\037\247\022\003\224\206k7/)u\010"
  79      BCF5691F 
  79      A7120394 
  79      866B372F 
  79      297508
  80 00b0 82CE1FD6 		.ascii	"\202\316\037\3267jnzF\353\202\326\337Ni/T\012\267\241"
  80      376A6E7A 
  80      46EB82D6 
  80      DF4E692F 
  80      540AB7A1 
  81 00c4 880F35A4 		.ascii	"\210\0175\2440\207\224\240\222\300\035\244\251\273\322"
  81      308794A0 
  81      92C01DA4 
  81      A9BBD2
  82 00d3 995E4DA8 		.ascii	"\231^M\250A\203lT\247jv\204\\>\315H\013ww#-\201y\244"
  82      41836C54 
  82      A76A7684 
  82      5C3ECD48 
  82      0B777723 
  83 00eb B9FD63BD 		.ascii	"\271\375c\275s#i\227X\370\300\325\177\212\261\000\233"
  83      73236997 
  83      58F8C0D5 
  83      7F8AB100 
  83      9B
  84 00fc 3D581C69 		.ascii	"=X\034i\352n\267\250\365\333\341'\203\373iq\032\247"
  84      EA6EB7A8 
  84      F5DBE127 
  84      83FB6971 
  84      1AA7
ARM GAS  /var/folders/d3/p12xj6d96hx5ptyrkl_lzds40000gn/T//cck7hrFN.s 			page 6


  85 010e 081EB3C0 		.ascii	"\010\036\263\300\370\030\035m\233\203\303\301\245\340"
  85      F8181D6D 
  85      9B83C3C1 
  85      A5E0
  86 011c 781CE29C 		.ascii	"x\034\342\234&8\370\034\222\034\204h\0235;\267-%\277"
  86      2638F81C 
  86      921C8468 
  86      13353BB7 
  86      2D25BF
  87 012f D5160A2B 		.ascii	"\325\026\012+\365\365a\036VT\212\264\224\303\326k\207"
  87      F5F5611E 
  87      56548AB4 
  87      94C3D66B 
  87      87
  88 0140 FD506693 		.ascii	"\375Pf\223\237\253\317\257\370UT\310I\267H\036-\222"
  88      9FABCFAF 
  88      F85554C8 
  88      49B7481E 
  88      2D92
  89 0152 74AECF6C 		.ascii	"t\256\317l\026\026\234\340H\250<,\241\212\216\361\030"
  89      16169CE0 
  89      48A83C2C 
  89      A18A8EF1 
  89      18
  90 0163 75048218 		.ascii	"u\004\202\030;v\217/V\244%y\002z\271\275\027B\013\367"
  90      3B768F2F 
  90      56A42579 
  90      027AB9BD 
  90      17420BF7 
  91 0177 0C21EF8E 		.ascii	"\014!\357\216\373\206\260\370;\"t\014\247\335\317\351"
  91      FB86B0F8 
  91      3B22740C 
  91      A7DDCFE9 
  92 0187 EE85338E 		.ascii	"\356\2053\216\007\206\323\370\372\260\307Y\2168\275"
  92      0786D3F8 
  92      FAB0C759 
  92      8E38BD
  93 0196 1EC79BF6 		.ascii	"\036\307\233\366\213J\202\367vp\000\217\210\200Z\332"
  93      8B4A82F7 
  93      7670008F 
  93      88805ADA 
  94 01a6 514BDC4C 		.ascii	"QK\334L\366\372\225$h\265\236\222\377]\276\251\272\\"
  94      F6FA9524 
  94      68B59E92 
  94      FF5DBEA9 
  94      BA5C
  95 01b8 FA159592 		.ascii	"\372\025\225\222\006\353S\251U6z\373\015\366v\033Lh"
  95      06EB53A9 
  95      55367AFB 
  95      0DF6761B 
  95      4C68
  96 01ca 85E548FB 		.ascii	"\205\345H\373\373\235\235\247~0\257Kt\341\343\261\221"
  96      FB9D9DA7 
  96      7E30AF4B 
  96      74E1E3B1 
  96      91
  97 01db 4F9F065F 		.ascii	"O\237\006_]\333\374\374.\026]%\321@\320\221\026/\266"
ARM GAS  /var/folders/d3/p12xj6d96hx5ptyrkl_lzds40000gn/T//cck7hrFN.s 			page 7


  97      5DDBFCFC 
  97      2E165D25 
  97      D140D091 
  97      162FB6
  98 01ee 8280468A 		.ascii	"\202\200F\212/(4\273\307y\232\371\354\333\344$\375\323"
  98      2F2834BB 
  98      C7799AF9 
  98      ECDBE424 
  98      FDD3
  99 0200 B47A2A93 		.ascii	"\264z*\223\011\216\215\347\262\271\023'\2033\371`|t"
  99      098E8DE7 
  99      B2B91327 
  99      8333F960 
  99      7C74
 100 0212 22C89F1B 		.ascii	"\"\310\237\033\013\316\216Nd\306\204\312^\310[\331\334"
 100      0BCE8E4E 
 100      64C684CA 
 100      5EC85BD9 
 100      DC
 101 0223 F9FC5FD9 		.ascii	"\371\374_\331g\372\376"
 101      67FAFE
 102              		.text
 103              		.section	.gnu.lto_palSetBusMode.188e37222c52777e,"",%progbits
 104 0000 789C8D90 		.ascii	"x\234\215\220\313K\224a\024\306\317\363\236o\276o\306"
 104      CB4B9461 
 104      14C6CFF3 
 104      9E6FBE6F 
 104      C6
 105 0011 4BB46F20 		.ascii	"K\264o \301\305\340\302\371\362oh!\264\021r\343\326"
 105      C1C5E0C2 
 105      F9F26F68 
 105      21B41172 
 105      E3D6
 106 0023 1B281846 		.ascii	"\033(\030FC\353y\235\361+\335H\020\032D\341jP\273xi"
 106      43EB799D 
 106      F12BDD48 
 106      101A44E1 
 106      6A50BB78 
 107 0038 5298201A 		.ascii	"R\230 \032\334\004\211\206k\021EED$f\350\"\004:\235"
 107      DC048986 
 107      6B114545 
 107      442466E8 
 107      22043A9D 
 108 004c F36A8B5A 		.ascii	"\363j\213Zy\340\275r\236\3379\347\361\010\244q\307\020"
 108      79E0BD72 
 108      9EDF39E7 
 108      F108A471 
 108      C710
 109 005e A5E4BC21 		.ascii	"\245\344\274!\013L0O6\210F\342\006\320\213\215\203\262"
 109      0B4C304F 
 109      368846E2 
 109      06D08B8D 
 109      83B2
 110 0070 0659FC34 		.ascii	"\006Y\3744g\006\253\217\017K\246e\306J\354\026~\337"
 110      6706AB8F 
 110      0F4BA665 
 110      C64AEC16 
ARM GAS  /var/folders/d3/p12xj6d96hx5ptyrkl_lzds40000gn/T//cck7hrFN.s 			page 8


 110      7EDF
 111 0082 B2B36544 		.ascii	"\262\263eDLT3\216D\230A\213dm\216.\276\340\037&b\300"
 111      4C54338E 
 111      4498418B 
 111      646D8E2E 
 111      BEE01F26 
 112 0098 936775FD 		.ascii	"\223gu\375\371\3765}\0324\3113\332|\366\210\371&H\356"
 112      F9FE357D 
 112      1A34C933 
 112      DA7CF688 
 112      F92648EE 
 113 00ac DB3BBB73 		.ascii	"\333;\273s\361T\301\332\234\265\247}6\0211\343\025X"
 113      F154C1DA 
 113      9CB5A77D 
 113      361131E3 
 113      1558
 114 00be 78984312 		.ascii	"x\230C\022\263H\222|\021^#%\331\337\213\205\247\365"
 114      B348927C 
 114      115E2325 
 114      D9DF8B85 
 114      A7F5
 115 00d0 DCEC946B 		.ascii	"\334\354\224k\023\037\273.\205\305~\025zx\363\277\320"
 115      131FBB2E 
 115      85C57E15 
 115      7A78F3BF 
 115      D0
 116 00e1 23BC454A 		.ascii	"#\274EJ\263\367\226\316'\033\375Q\355\273i\374o\303"
 116      B3F796CE 
 116      271BFD51 
 116      EDBB69FC 
 116      6FC3
 117 00f3 9887AF16 		.ascii	"\230\207\257\026,\334-\333Z-o\355\247\266o\315\011\231"
 117      2CDC2DDB 
 117      5A2D6FED 
 117      A7B66FCD 
 117      0999
 118 0105 5BAAB1C8 		.ascii	"[\252\261\310c\236l~L\266\300\327[\000\207\243\212\210"
 118      639E6C7E 
 118      4CB6C0D7 
 118      5B0087A3 
 118      8A88
 119 0117 D59AAA31 		.ascii	"\325\232\2521z\362!r\037\252\277\332\024\227g\226jS"
 119      7AF22172 
 119      1FAABFDA 
 119      14976796 
 119      6A53
 120 0129 D1EAD740 		.ascii	"\321\352\327@\007f\327\352\351\347/c\015\323x)V\305"
 120      0766D7EA 
 120      E9E72F63 
 120      0DD37829 
 120      56C5
 121 013b F362C282 		.ascii	"\363b\302\2024\247\377\205\203\334|\020\266F\234\300"
 121      34A7FF85 
 121      83DC7C10 
 121      B6469CC0 
 122 014b 22A671EE 		.ascii	"\"\246q\356L\304\022BR\".x\336U\000ux\347\000:\015\212"
 122      4CC41242 
ARM GAS  /var/folders/d3/p12xj6d96hx5ptyrkl_lzds40000gn/T//cck7hrFN.s 			page 9


 122      52222E78 
 122      DE550075 
 122      78E7003A 
 123 0161 FF026257 		.ascii	"\377\002bW\001\324\343\275\0038[\226\035 _\361/\000"
 123      01D4E3BD 
 123      03385B96 
 123      1D205FF1 
 123      2F00
 124 0173 DA8460E8 		.ascii	"\332\204`\350\010\356Cu\245\322\311V\220=\263c\326^"
 124      08EE4375 
 124      A5D2C956 
 124      903DB363 
 124      D65E
 125 0185 8FB8A1A6 		.ascii	"\217\270\241\246\205\261\202,\311\374N\020D\334H\307"
 125      85B1822C 
 125      C9FC4E10 
 125      44DC48C7 
 126 0195 C895B7DB 		.ascii	"\310\225\267\333\235F\243\"Yb\227\224H\246\323\341\355"
 126      9D46A322 
 126      59629794 
 126      48A6D3E1 
 126      ED
 127 01a6 81C19EC1 		.ascii	"\201\301\236\301\216\316p8\023\016t\017\205\231\007"
 127      8ECE7038 
 127      130E740F 
 127      859907
 128 01b5 BDE1FDEE 		.ascii	"\275\341\375\356\241t/q\317\303\214wo\270\257\377\017"
 128      A1742F71 
 128      CFC38C77 
 128      6FB8AFFF 
 128      0F
 129 01c6 8606C10F 		.ascii	"\206\006\301\017"
 130              		.text
 131              		.section	.gnu.lto_.symbol_nodes.188e37222c52777e,"",%progbits
 132 0000 789C6361 		.ascii	"x\234ca`d\010d\000\002\246\255\214\365\014\014\023\316"
 132      60640864 
 132      0002A6AD 
 132      8CF50C0C 
 132      13CE
 133 0012 313000A9 		.ascii	"10\000\251]\015\212@\221m\214\365\214\250\"\333\031"
 133      5D0D8A40 
 133      916D8CF5 
 133      8CA822DB 
 133      19
 134 0023 EB995044 		.ascii	"\353\231PD\030w1\3263\203E\030\030\032\032\024\030\030"
 134      187731D6 
 134      33834518 
 134      181A1A14 
 134      1818
 135 0035 98999819 		.ascii	"\230\231\230\031\226<\374\307\310\000\000@\307\023\362"
 135      963CFCC7 
 135      C8000040 
 135      C713F2
 136              		.text
 137              		.section	.gnu.lto_.refs.188e37222c52777e,"",%progbits
 138 0000 789C6361 		.ascii	"x\234ca`\004B \000\000\0009\000\007"
 138      60044220 
ARM GAS  /var/folders/d3/p12xj6d96hx5ptyrkl_lzds40000gn/T//cck7hrFN.s 			page 10


 138      00000039 
 138      0007
 139              		.text
 140              		.section	.gnu.lto_.decls.188e37222c52777e,"",%progbits
 141 0000 789CA558 		.ascii	"x\234\245XiP\024I\026\256\254\354\306\266i\300@w\306"
 141      69501449 
 141      16AEACEC 
 141      C6B669C0 
 141      4077C6
 142 0013 8865228C 		.ascii	"\210e\"\214\011F\3711\322\003\316\270\033\373kV\361"
 142      0946F931 
 142      D203CEB8 
 142      1BFB6B56 
 142      F1
 143 0024 DAC5C568 		.ascii	"\332\305\305h\235q\367W/B\243\304\"\270t\263\021\363"
 143      9D71F757 
 143      2F42A3C4 
 143      22B874B3 
 143      11F3
 144 0036 67A78096 		.ascii	"g\247\200\226C\307\341\024AD\004\345\006E\016\021\361"
 144      43C7E114 
 144      414404E5 
 144      06450E11 
 144      F1
 145 0047 60BCE516 		.ascii	"`\274\345\026\001\005/\030\360\\\034\271\224Kd_fVw5"
 145      01052F18 
 145      F05C1CB9 
 145      944B645F 
 145      66567735 
 146 005b 4DF7EC46 		.ascii	"M\367\354FXAVVf~\371\336\367\276|\231U\215\214C\034"
 146      58415656 
 146      667EF9DE 
 146      F7BE7C99 
 146      558D8C43 
 147 0070 B9FA5C39 		.ascii	"\271\372\\9.\207\3478\001\232\263p\311\240\357[N\272"
 147      2E87E738 
 147      019AB370 
 147      C9A0EF5B 
 147      4EBA
 148 0082 485B0963 		.ascii	"H[\011c.P>\206\362\011\342\346]d\\\0055\230\342\226"
 148      2E503E86 
 148      F209E2E6 
 148      5D645C05 
 148      3598E296 
 149 0096 40A981B2 		.ascii	"@\251\201\262\000\372F\241^\001\305\017\212\003\264"
 149      00FA46A1 
 149      5E01C50F 
 149      8A03B4
 150 00a5 DF423D02 		.ascii	"\337B=\002\345\002\224\031\3216\241\321\017\325,\024"
 150      E5029419 
 150      D136A1D1 
 150      0FD52C14 
 151 00b5 1ED126B5 		.ascii	"\036\321&\265G\352\317\255|\021\016\316\"?\223/\342"
 151      47EACFAD 
 151      7C110ECE 
 151      223F932F 
 151      E2
ARM GAS  /var/folders/d3/p12xj6d96hx5ptyrkl_lzds40000gn/T//cck7hrFN.s 			page 11


 152 00c6 87F8B3E5 		.ascii	"\207\370\263\345kF\364wO\364)\027\375\021?\304\337\000"
 152      6B46F477 
 152      4FF42917 
 152      FD113FC4 
 152      DF00
 153 00d8 942ED645 		.ascii	"\224.\326Em\223\332\313\312\347\307v|\272\332\211\257"
 153      6D93DACB 
 153      CAE7C776 
 153      7CBADA89 
 153      AF
 154 00e9 46F4EB0D 		.ascii	"F\364\353\015m7(\330\312'\317I:\022W\177\260\3627\303"
 154      6D3728D8 
 154      CA27CF49 
 154      3A12577F 
 154      B0F237C3 
 155 00fd A3E2A4CE 		.ascii	"\243\342\244\316s\370>\352F\200E\213h/B\354\216h\341"
 155      73F83EEA 
 155      4680458B 
 155      682F42EC 
 155      8E68E1
 156 0110 58A14D78 		.ascii	"X\241Mx\3409\321\226\251\013\231\200\344\0167\036\211"
 156      E039D196 
 156      A90B9980 
 156      E40E371E 
 156      89
 157 0121 7D9CD918 		.ascii	"}\234\331\030\375\023\347\323u\247\0275\"YG\342$df@"
 157      FD13E7D3 
 157      75A71735 
 157      225947E2 
 157      24646640 
 158 0135 8739366E 		.ascii	"\20796n\266\312*^\232`a\217\321\025\315I\234\3151!S"
 158      B6CA2A5E 
 158      9A60618F 
 158      D115CD49 
 158      9CCD3121 
 159 014a D07DEDE7 		.ascii	"\320}\355\347g\024\030T\202\347\307\223\205\353=K\005"
 159      67141854 
 159      82E7C793 
 159      85EB3D4B 
 159      05
 160 015b B8120581 		.ascii	"\270\022\005\201\377DR\346\266\261\374\010\036\343\221"
 160      FF4452E6 
 160      B6B1FC08 
 160      1EE391
 161 016a AB12C9A0 		.ascii	"\253\022\311\2409\334|\270\337\031\232K\224h\0314\017"
 161      39DC7CB8 
 161      DF199A4B 
 161      94681934 
 161      0F
 162 017b D78D35C8 		.ascii	"\327\2155\310\331\250\002\232\263\371\345\361\012\374"
 162      D9A8029A 
 162      B3F9E5F1 
 162      0AFC
 163 0189 11B5F8F0 		.ascii	"\021\265\370\360fQ\011\231\270B\211\010/\027\350:5X"
 163      66510999 
 163      B8428908 
 163      2F17E83A 
ARM GAS  /var/folders/d3/p12xj6d96hx5ptyrkl_lzds40000gn/T//cck7hrFN.s 			page 12


 163      3558
 164 019b 3BE9C4BA 		.ascii	";\351\304\272\010\242=a\344\304\002\374[\362\314_?P"
 164      08A23D61 
 164      E4C402FC 
 164      5BF2CC5F 
 164      3F50
 165 01ad 59E1883C 		.ascii	"Y\341\210<\224\371\204BoV\236\252V\020\026\241\012\244"
 165      94F98442 
 165      6F569EAA 
 165      561016A1 
 165      0AA4
 166 01bf 44E508A3 		.ascii	"D\345\010\243\"\344I\210\257P\302=N\020\242\204\304"
 166      22E44988 
 166      AF50C23D 
 166      4E10A284 
 166      C4
 167 01d0 68C1F5A6 		.ascii	"h\301\365\2463\207J\220\033*Fn\034:\215<\210Y\002D\247"
 167      33874A90 
 167      1B2A466E 
 167      1C3A8D3C 
 167      88590244 
 168 01e5 A0F32474 		.ascii	"\240\363$t\202\213\242\023I\271\016\370\337\324EFU\361"
 168      828BA213 
 168      49B90EF8 
 168      DFD44546 
 168      55F1
 169 01f7 B8D2EC22 		.ascii	"\270\322\354\"{\337\227\245\304E5\270\250\224\\\200"
 169      7BDF97A5 
 169      C44535B8 
 169      A8945C80 
 170 0207 47BB3EAA 		.ascii	"G\273>\252l\3730^}\233\344\204;\020u\222\326qh\324\021"
 170      6CFB305E 
 170      7D9BE484 
 170      3B107592 
 170      D67168D4 
 171 021c 293D6C5B 		.ascii	")=l[8k\303\002\243\223\322\372\375\211\275\240<\252"
 171      386BC302 
 171      A393D2FA 
 171      FD89BDA0 
 171      3CAA
 172 022e 013E6724 		.ascii	"\001>g$>\325\224\017x\351\034\036Is\306\007\331je\216"
 172      3ED5940F 
 172      78E91C1E 
 172      4973C607 
 172      D96A658E 
 173 0242 3E7CB190 		.ascii	">|\261\220\311\356a\261(\256lQ&r\006\222y|\204A\333"
 173      C9EE61B1 
 173      28AE6C51 
 173      26720692 
 173      797C8441 
 174 0257 0AE2DAB0 		.ascii	"\012\342\332\260\022\350D\377\337\001\225\317\246\366"
 174      12E844FF 
 174      DF0195CF 
 174      A6F6
 175 0265 3AE11C36 		.ascii	":\341\0346\377\027\343\223^Gf{)4\313&\036\237\221\343"
 175      FF17E393 
 175      5E47667B 
ARM GAS  /var/folders/d3/p12xj6d96hx5ptyrkl_lzds40000gn/T//cck7hrFN.s 			page 13


 175      2934CB26 
 175      1E9F91E3 
 176 0279 7C367620 		.ascii	"|6v \365\362e\031.a\215\343\031I\261r\\\316\032E\311"
 176      F5F26519 
 176      2E618DE3 
 176      1949B172 
 176      5CCE1A45 
 177 028e 89E54A5C 		.ascii	"\211\345J\\\301\032\355CMY\216,g\026A\363\332\354x\275"
 177      C11AED43 
 177      4D598E2C 
 177      671641F3 
 177      DAEC78BD 
 178 02a2 0BB3C843 		.ascii	"\013\263\310C3\275\370\356\324B\\\305\240yS\323C$i\226"
 178      33BDF8EE 
 178      D4425CC5 
 178      A07953D3 
 178      43246996 
 179 02b6 93A4C116 		.ascii	"\223\244\301\026)\263\234\245\314\245\306[\371*|\216"
 179      29B39CA5 
 179      CCA5C65B 
 179      F92A7C8E 
 180 02c6 82F913F5 		.ascii	"\202\371\023\365Q{\221Ik\210OY\010\301]\2058\256\221"
 180      517B9149 
 180      6B884F59 
 180      08C15D85 
 180      38AE91
 181 02d9 E01A21B8 		.ascii	"\340\032!\270\345bp7\241\363\206Y\353\254W\177\212\026"
 181      E5627037 
 181      A1F38659 
 181      EBAC577F 
 181      8A16
 182 02eb 04841A40 		.ascii	"\004\204\032@\352[\222\324\313E\245/&\335\177\252\304"
 182      EA5B92D4 
 182      CB45A52F 
 182      26DD7FAA 
 182      C4
 183 02fc D7988FA2 		.ascii	"\327\230\217\242\241\246R\027\273>Z\354\372\310\336"
 183      A1A65217 
 183      BB3E5AEC 
 183      FAC8DE
 184 030b B79CA657 		.ascii	"\267\234\246W3\370h\222|4\230\2263j\"\367\274\002\267"
 184      33F86892 
 184      7C349896 
 184      336A22F7 
 184      BC02B7
 185 031e 5027B2B2 		.ascii	"P'\262\262\324\356l\007\344\276\330\335#\227\270\351"
 185      D4EE6C07 
 185      E4BED8DD 
 185      2397B8E9 
 186 032e 4D490849 		.ascii	"MI\010I\211\215\021\332\376N\247\267\302\364\333h\261"
 186      898D11DA 
 186      FE4EA7B7 
 186      C2F4DB68 
 186      B1
 187 033f E455ED06 		.ascii	"\344U\355\006\226\274\340\306%\321\015[\017\301\204"
 187      96BCE0C6 
 187      25D10D5B 
ARM GAS  /var/folders/d3/p12xj6d96hx5ptyrkl_lzds40000gn/T//cck7hrFN.s 			page 14


 187      0FC184
 188 034e 4BCBCA51 		.ascii	"K\313\312Q48Dw\200^\033rG\355\310\235ngj\275\276\"A"
 188      34384477 
 188      805E1B72 
 188      47EDC89D 
 188      6E676ABD 
 189 0365 65327DDD 		.ascii	"e2}\335\246\351\253\304\010\213\243>\273\225\027\004"
 189      A6E9ABC4 
 189      088BA33E 
 189      BB951704 
 190 0375 05017162 		.ascii	"\005\001qb\014\354\\\220\345\346^\257T\240%\356\356"
 190      0CEC5C90 
 190      E5E65EAF 
 190      54A025EE 
 190      EE
 191 0386 1EC99404 		.ascii	"\036\311\224\004Q\324`I\242\003-\241$\356\002\211. "
 191      51D46049 
 191      A2032DA1 
 191      24EE0289 
 191      2E20
 192 0398 D1299100 		.ascii	"\321)\221\000\273\325\2558R\250\217b\356\257\000\015"
 192      BBD5AD38 
 192      52A88F62 
 192      EEAF000D 
 193 03a8 023727A6 		.ascii	"\0027'\246\024!\243\234\325\352\226!\324\0331\335\255"
 193      1421A39C 
 193      D5EA9621 
 193      D41B31DD 
 193      AD
 194 03b9 97EDA319 		.ascii	"\227\355\243\031\347\314\004g\302\0310s9\243\327#\231"
 194      E7CC0467 
 194      C2193073 
 194      39A3D723 
 194      99
 195 03ca 5D2E4B80 		.ascii	"].K\200o\244}\276\334\034\262\026\331\353\312\262\327"
 195      6FA47DBE 
 195      DC1CB216 
 195      D9EBCAB2 
 195      D7
 196 03db 78A5B35A 		.ascii	"x\245\263Z\205\333Y\272>i<\025\245\300]\254q\264\371"
 196      85DB59BA 
 196      3E693C15 
 196      A5C05DAC 
 196      71B4F9
 197 03ee 64A31CF7 		.ascii	"d\243\034\367\260F]\311\311v\036\367\262Fi\355\320~"
 197      B0465DC9 
 197      C9761EF7 
 197      B24669ED 
 197      D07E
 198 0400 849FB3C6 		.ascii	"\204\237\263\306p\354)\003~\315\236\215Y\211\255<\263"
 198      70EC2903 
 198      7ECD9E8D 
 198      5989AD3C 
 198      B3
 199 0411 FD3934D3 		.ascii	"\37594\323\342\217\364\312\330F\351%[\243\242\253\260"
 199      E28FF4CA 
 199      D846E925 
ARM GAS  /var/folders/d3/p12xj6d96hx5ptyrkl_lzds40000gn/T//cck7hrFN.s 			page 15


 199      5BA3A2AB 
 199      B0
 200 0422 4E81DF50 		.ascii	"N\201\337P\254Sf\332\351\016H\022r-&7\017w\367\\\301"
 200      AC5366DA 
 200      E90E4812 
 200      722D2637 
 200      0F77F75C 
 201 0437 182DD41F 		.ascii	"\030-\324\0372\211s\001\304\271\017\342<\007I\315\342"
 201      32897301 
 201      C4B90FE2 
 201      3C0749CD 
 201      E2
 202 0448 74230B2D 		.ascii	"t#\013-\215\240yM+\317\340\367 \340\237\254\341\227"
 202      8DA0794D 
 202      2BCFE0F7 
 202      20E09FAC 
 202      E197
 203 045a E6C0C1FA 		.ascii	"\346\300\301\372l\213\205\365\307\326p\265\025\372b"
 203      6C8B85F5 
 203      C7D670B5 
 203      15FA62
 204 0469 AB4A48F4 		.ascii	"\253JH\364\247\330\237\255\261\347\254M\237\225\300"
 204      A7D89FAD 
 204      B1E7AC4D 
 204      9F95C0
 205 0478 F5B67994 		.ascii	"\365\266y\224 )\313\005\266`}\200\350\245\203\317\305"
 205      2029CB05 
 205      B6607D80 
 205      E8A583CF 
 205      C5
 206 0489 2C7F0509 		.ascii	",\177\005\011\366\004\326\354\027(\203P^B\351\207\362"
 206      F604D6EC 
 206      17288350 
 206      5E42E987 
 206      F2
 207 049a 02CA0094 		.ascii	"\002\312\000\224gP\376\003\3455\224\247\346$$\004\322"
 207      6750FE03 
 207      E53594A7 
 207      E6242404 
 207      D2
 208 04ab 25023DB6 		.ascii	"%\002=\266uc\004\030:UB?\260F\227\316C\237\223\320\027"
 208      75630418 
 208      3A55423F 
 208      B04697CE 
 208      439F93D0 
 209 04c0 ADD175D6 		.ascii	"\255\321u\326J$K\340\207\266M[\244\367t\213\212\244"
 209      4A244BE0 
 209      87B64D5B 
 209      A4F7748B 
 209      8AA4
 210 04d2 F7F3B95B 		.ascii	"\367\363\271[\222\031J\262\314\205G6W\313\222\344y\311"
 210      92194AB2 
 210      CC854736 
 210      57CB92E4 
 210      79C9
 211 04e4 EF79DB24 		.ascii	"\357y\333$\031\032r\261\276y\242J\216'\331\251\330\177"
 211      191A72B1 
ARM GAS  /var/folders/d3/p12xj6d96hx5ptyrkl_lzds40000gn/T//cck7hrFN.s 			page 16


 211      BE79A24A 
 211      8E27D9A9 
 211      D87F
 212 04f6 6B6A0823 		.ascii	"kj\010#\217\305\214\320\355VD\010\215\300\354!\351\250"
 212      8FC58CD0 
 212      ED564408 
 212      8DC0EC21 
 212      E9A8
 213 0508 23FCECAC 		.ascii	"#\374\354\254\035\032\206%\373\220\345\003>\315\327"
 213      1D1A8625 
 213      FB90E503 
 213      3ECDD7
 214 0517 EFFDA450 		.ascii	"\357\375\244P\355\223^\263\324\277\264\235G\221Jd\002"
 214      ED935EB3 
 214      D4BFB49D 
 214      47914A64 
 214      02
 215 0528 E09AF8F4 		.ascii	"\340\232\370\364gN8\006S\362\311\017f2\200\274\212\221"
 215      674E3806 
 215      53F2C90F 
 215      663280BC 
 215      8A91
 216 053a BF93E646 		.ascii	"\277\223\346F\310\277\005\370\230D\036fCe\317:z\003"
 216      C8BF05F8 
 216      98441E66 
 216      4365CF3A 
 216      7A03
 217 054c 9CE73898 		.ascii	"\234\3478\230~\236\332\215\330FV\221\323\275\256;\311"
 217      7E9EDA8D 
 217      D8465691 
 217      D3BDAE3B 
 217      C9
 218 055d 45DCC864 		.ascii	"E\334\310dx,\245\347\2613N\302s>\214\374\346\177\030"
 218      782CA5E7 
 218      B1334EC2 
 218      733E8CFC 
 218      E67F18
 219 0570 F9B1B7DC 		.ascii	"\371\261\267\334`[\353\035\204\323\031\335\364\276\342"
 219      605BEB1D 
 219      84D319DD 
 219      F4BEE2
 220 057f 0999DD2F 		.ascii	"\011\231\335/\212\367\300\304O|\003MC\347\224\371\015"
 220      8AF7C0C4 
 220      4F7C034D 
 220      43E794F9 
 220      0D
 221 0590 9499B9FA 		.ascii	"\224\231\271\372\022y\003\315\300\342\276\223\"\363"
 221      127903CD 
 221      C0E2BE93 
 221      22F3
 222 059e 632F2079 		.ascii	"c/ y\317\335\254\375\216\310]z\351\324e\373&\027\304"
 222      CFDDACFD 
 222      8EC85D7A 
 222      E9D465FB 
 222      2617C4
 223 05b1 90742033 		.ascii	"\220t 3&aF$o;\015\331\231\374\356\006\315\035\"\\\255"
 223      26614624 
ARM GAS  /var/folders/d3/p12xj6d96hx5ptyrkl_lzds40000gn/T//cck7hrFN.s 			page 17


 223      6F3B0DD9 
 223      99FCEE06 
 223      CD1D225C 
 224 05c6 35D8FA0D 		.ascii	"5\330\372\015%\256\377\004\214\217S;\004M\026?\232\367"
 224      25AEFF04 
 224      8C8F533B 
 224      044D163F 
 224      9AF7
 225 05d8 4002EF8E 		.ascii	"@\002\357\216\242\240\314\316yK\2457P\363\344s\250\314"
 225      A2A0CCCE 
 225      794BA537 
 225      50F3E473 
 225      A8CC
 226 05ea A6F9128B 		.ascii	"\246\371\022\213\267\324\233\033tK\000\310\352\304\237"
 226      B7D49B1B 
 226      744B00C8 
 226      EAC49F
 227 05f9 2C1A1DC3 		.ascii	",\032\035\303\370G\031U2\367\315\275\\d\316\332\312"
 227      F8471955 
 227      32F7CDBD 
 227      5C64CEDA 
 227      CA
 228 060a 069AB531 		.ascii	"\006\232\2651`\330\310\233\345!&\354\260F{\201\354\257"
 228      60D8C89B 
 228      E52126EC 
 228      B0467B81 
 228      ECAF
 229 061c 11077FF9 		.ascii	"\021\007\177\371\375M\017Ts\2622\206\267\314\312X^e"
 229      FD4D0F54 
 229      73B23286 
 229      B7CCCA58 
 229      5E65
 230 062e 62662CEC 		.ascii	"bf,\354\345e<\353C;d\244\257\353R\313k\307\245i\342"
 230      E5653CEB 
 230      433B64A4 
 230      AFEB52CB 
 230      6BC7A569 
 231 0643 FB74998C 		.ascii	"\373t\231\214F/M\216\347\227\302=\216\2271\013\343e"
 231      462F4D8E 
 231      E797C23D 
 231      8E97310B 
 231      E365
 232 0655 8302FFE9 		.ascii	"\203\002\377\3511\341X\271\320\333\375\363\306\364\363"
 232      31E158B9 
 232      D0DBFDF3 
 232      C6F4F3
 233 0664 0382E02A 		.ascii	"\003\202\340*#(T(\2557<\222\252\000\336\014\034\332"
 233      23285428 
 233      AD373C92 
 233      AA00DE0C 
 233      1CDA
 234 0676 C77F0A13 		.ascii	"\307\177\012\023\013\322\243\033\035\361i*\012*\253"
 234      0BD2A31B 
 234      1DF1692A 
 234      0A2AAB
 235 0685 8A9B70A2 		.ascii	"\212\233p\242<\2103\306\243\266n\272Ti\346\366\003O"
 235      3C8833C6 
ARM GAS  /var/folders/d3/p12xj6d96hx5ptyrkl_lzds40000gn/T//cck7hrFN.s 			page 18


 235      A3B66EBA 
 235      5469E6F6 
 235      034F
 236 0697 3BFBE3AA 		.ascii	";\373\343\252\027Xr\373\366#\013j?Rj\007L\324\272\313"
 236      175872FB 
 236      F6230B6A 
 236      3F526A07 
 236      4CD4BACB 
 237 06ab 1A6EC919 		.ascii	"\032n\311\031\265\37271\230\034I\002\371\270\005\030"
 237      B5FA3731 
 237      981C4902 
 237      F9B80518 
 238 06bb DA2F890D 		.ascii	"\332/\211\015\217\022\267\004\312m\346Q\377\010\217"
 238      8F12B704 
 238      CA6DE651 
 238      FF088F
 239 06ca 2F306EC5 		.ascii	"/0n\305\315E\357d\270\221\255^\324\324\376j\205\335"
 239      CD45EF64 
 239      B891AD5E 
 239      D4D4FE6A 
 239      85DD
 240 06dc 7D90C2DB 		.ascii	"}\220\302\333\375\262NX\237G\277\254\223y%J\342\347"
 240      FDB24E58 
 240      9F47BFAC 
 240      9379254A 
 240      E2E7
 241 06ee 7F598FF7 		.ascii	"\177Y\217\367\305\336\3024Z\202`\012\014\367O<u0+\220"
 241      C5DEC234 
 241      5A82600A 
 241      0CF74F3C 
 241      75302B90 
 242 0702 CA14B85F 		.ascii	"\312\024\270_1\320\355lW\2024*\301A\223\004\223\261"
 242      31D0ED6C 
 242      5782342A 
 242      C1419304 
 242      93B1
 243 0714 599DCED2 		.ascii	"Y\235\316\322\352\034-\205\255\025)\010_S J\224x$Z\212"
 243      EA1C2D85 
 243      AD152908 
 243      5F53204A 
 243      9478245A 
 244 0729 70888AF0 		.ascii	"p\210\212\360*/:\305\005w0\021l\321\233>2\366LZ\264"
 244      2A2F3AC5 
 244      05773011 
 244      6CD19B3E 
 244      32F64C5A 
 245 073e 0C46EF6E 		.ascii	"\014F\357n\254\261\231e\024\331\223\207Y\347\253\236"
 245      ACB19965 
 245      14D99387 
 245      59E7AB9E 
 246 074e 84972ABB 		.ascii	"\204\227*\273\234\217P\316\231&\316\207\307;j\035\201"
 246      9C8F50CE 
 246      9926CE87 
 246      C73B6A1D 
 246      81
 247 075f 732F952D 		.ascii	"s/\225-(\275|@\210s\245(\224.\021N\247\204\341!\213"
 247      28BD7C40 
ARM GAS  /var/folders/d3/p12xj6d96hx5ptyrkl_lzds40000gn/T//cck7hrFN.s 			page 19


 247      8873A528 
 247      942E114E 
 247      A784E121 
 248 0774 92CD4EBB 		.ascii	"\222\315N\273\275\177!~\311\310\336\3556\326\212\347"
 248      BD7F217E 
 248      C9C8DEED 
 248      36D68AE7 
 249 0784 A0233977 		.ascii	"\240#9w\373\016^Z\310\316\301{d8\247y4M\211'\030vf\250"
 249      FB0E5E5A 
 249      C8CEC17B 
 249      6438A779 
 249      344D8927 
 250 079c 6D46C5B0 		.ascii	"mF\305\260Jh\366\224\314\236q ?T\004\323\326q\265L\376"
 250      4A68F694 
 250      CC9E7120 
 250      3F5404D3 
 250      D671B54C 
 251 07b1 E33C2C17 		.ascii	"\343<,\027\354|\224\313\323\037)\235\023\027\246T8R"
 251      EC7C94CB 
 251      D31F299D 
 251      1317A654 
 251      3852
 252 07c3 4E3FA02B 		.ascii	"N?\240+\243\036\3478#\0177\004p"
 252      A31EE738 
 252      230F3704 
 252      70
 253 07d0 C47EE091 		.ascii	"\304~\340\221\237\261\220\375 \331\011\221/\\\207\005"
 253      9FB190FD 
 253      20D90991 
 253      2F5C8705 
 254 07e0 B03FF43D 		.ascii	"\260?\364=\351\206g\005\255i>\015\345\012\016K9\264"
 254      E9866705 
 254      AD693E0D 
 254      E50A0E4B 
 254      39B4
 255 07f2 CA0D7D01 		.ascii	"\312\015}\001\311\224\007\311TH\375\025\360n(\2379\354"
 255      C99407C9 
 255      5448FD15 
 255      F06E289F 
 255      39EC
 256 0804 1A3C148B 		.ascii	"\032<\024\213\\\023E\333_#j\373\030\214g\363\204_\021"
 256      5C1345DB 
 256      5F236AFB 
 256      188C67F3 
 256      845F11
 257 0817 EF6A6249 		.ascii	"\357jbI\320=7\232\2144\032b;\361\177\331\036/\312\033"
 257      D03D379A 
 257      8C341A62 
 257      3BF17FD9 
 257      1E2FCA1B 
 258 082b 76B6B45D 		.ascii	"v\266\264]\374k\266/f\274\032\304\237\035\027\332\216"
 258      FC6BB62F 
 258      66BC1AC4 
 258      9F1D17DA 
 258      8E
 259 083c 91D4FA6B 		.ascii	"\221\324\372kz\276\020W\016\301\224\360\256(\007\226"
 259      7ABE1057 
ARM GAS  /var/folders/d3/p12xj6d96hx5ptyrkl_lzds40000gn/T//cck7hrFN.s 			page 20


 259      0EC194F0 
 259      AE280796 
 260 084c 0936B9C5 		.ascii	"\0116\271\305\334\243\320\263\015\224(\345?\203\251"
 260      DCA3D0B3 
 260      0D9428E5 
 260      3F83A9
 261 085b 2F664FB7 		.ascii	"/fO\267\270\340\030\252\032\212\276\377\376\262\213"
 261      B8E018AA 
 261      1A8ABEFF 
 261      FEB28B
 262 086a 7DC54F9A 		.ascii	"}\305O\232\024\317f$\243\205\330\231y\002HG\372)J\362"
 262      14CF6624 
 262      A385D899 
 262      79024847 
 262      FA294AF2 
 263 087e A489E4D9 		.ascii	"\244\211\344\331\003\245\027\034\254C\262\213\026jR"
 263      03A5171C 
 263      AC43B28B 
 263      166A52
 264 088d 5E221652 		.ascii	"^\"\026R\375\304z\032N\271\030\016\234\013\026\363\312"
 264      FDC47A1A 
 264      4EB9180E 
 264      9C0B16F3 
 264      CA
 265 089e C4704ED3 		.ascii	"\304pN\323p\366\036xtC6\347\270%\271*\205P\301\216["
 265      70F61E78 
 265      744336E7 
 265      B825B92A 
 265      8550C18E 
 266 08b3 5293C339 		.ascii	"R\223\3039\362\372\017\0168\225\005?\363 \362\275\370"
 266      F2FA0F0E 
 266      3895053F 
 266      F320F2BD 
 266      F8
 267 08c4 E9ED4CFE 		.ascii	"\351\355L\376s\361\242\373\270\230\251C\364\327\354"
 267      73F1A2FB 
 267      B898A943 
 267      F4D7EC
 268 08d3 CBDA2BE2 		.ascii	"\313\332+\342?6\234\240\031\337\3304\255\260/U\215I"
 268      3F369CA0 
 268      19DFD834 
 268      ADB02F55 
 268      8D49
 269 08e5 AA334CAA 		.ascii	"\2523L\252g\231\361\0152k\251\252aM\252\350\232\234"
 269      6799F10D 
 269      326BA9AA 
 269      614DAAE8 
 269      9A9C
 270 08f7 A5C1D798 		.ascii	"\245\301\327\230\2027\336\356.\302\326R\331E?\310(\330"
 270      8237DEEE 
 270      2EC2D652 
 270      D9453FC8 
 270      28D8
 271 0909 262AD5B5 		.ascii	"&*\325\265\201*U+*\005\207\207\305\264JQ\251s\374g\234"
 271      812A552B 
 271      2A058787 
 271      C5B44A51 
ARM GAS  /var/folders/d3/p12xj6d96hx5ptyrkl_lzds40000gn/T//cck7hrFN.s 			page 21


 271      A973FC67 
 272 091e 728F7F88 		.ascii	"r\217\177\210F\347\037\270&B\257\330\360\227o\226\255"
 272      46E71FB8 
 272      2642AFD8 
 272      F0976F96 
 272      AD
 273 092f F5F2E264 		.ascii	"\365\362\342d\273\375\365\377Pj\265\021\301\241\206"
 273      BBFDF5FF 
 273      506AB511 
 273      C1A186
 274 093e 55DE5AC3 		.ascii	"U\336Z\303vu\204>\\\035\022\026\340\037\242\336\031"
 274      7675843E 
 274      5C1D1216 
 274      E01FA2DE 
 274      19
 275 094f 10B0D23F 		.ascii	"\020\260\322?|\367\312\320\260P\335J\235\377\216\340"
 275      7CF7CAD0 
 275      B050DD4A 
 275      9DFF8EE0 
 276 095f 955F69BF 		.ascii	"\225_i\277\\\351\375\205\327\352\177z\253\347\014\250"
 276      5CE9FD85 
 276      D7EA7F7A 
 276      ABE70CA8 
 277 096f 83430342 		.ascii	"\203C\003B\"\002u\352\335\376\001\273\202Cujm\240.\310"
 277      220275EA 
 277      DDFE01BB 
 277      8243756A 
 277      6DA02EC8 
 278 0983 3F22C4A0 		.ascii	"?\"\304\2405|\267G\247\367\334\305)L\016|?\314\201\376"
 278      357CB747 
 278      A7F7DCC5 
 278      294C0E7C 
 278      3FCC81FE 
 279 0997 3BBD5AAB 		.ascii	";\275Z\2537\004\2025\260\252\012\016\333\023\026n 1"
 279      37048235 
 279      B0AA0A0E 
 279      DB13166E 
 279      2031
 280 09a9 680DAB3C 		.ascii	"h\015\253<=\325kw\005\357\010\366\333\252\016\323\253"
 280      3DD56B77 
 280      05EF08F6 
 280      DBAA0ED3 
 280      AB
 281 09ba 77810332 		.ascii	"w\201\0032\250Wo\335\266y\225\267\332\327\327G\275a"
 281      A8576FDD 
 281      B67995B7 
 281      DAD7D747 
 281      BD61
 282 09cc CB26BF7F 		.ascii	"\313&\277\177y\253A\007mHH \030p \210\340@\331\037\327"
 282      79AB4107 
 282      6D484820 
 282      18702088 
 282      E040D91F 
 283 09e1 6B36929B 		.ascii	"k6\222\233\257\314w\355\2375\2625[5\032\264\035m\224"
 283      AFCC77ED 
 283      9F35B235 
 283      5B351AB4 
ARM GAS  /var/folders/d3/p12xj6d96hx5ptyrkl_lzds40000gn/T//cck7hrFN.s 			page 22


 283      1D6D94
 284 09f4 0784E8FC 		.ascii	"\007\204\350\374\303Ey\274Vk\015\012\323\003\326\353"
 284      C34579BC 
 284      566B0D0A 
 284      D303D6EB 
 285 0a04 0CD8CF47 		.ascii	"\014\330\317G\2037\371h\344[\276\331\342\243Y\340\267"
 285      8337F968 
 285      E45BBED9 
 285      E2A359E0 
 285      B7
 286 0a15 75CBBA75 		.ascii	"u\313\272u>\032\007\277m\177\333\262N#\337\354\347\263"
 286      3E1A07BF 
 286      6D7FDBB2 
 286      4E23DFEC 
 286      E7B3
 287 0a27 4E83D768 		.ascii	"N\203\327h4*\275a7D\276sOp\230\326\240d\214\203\003"
 287      342ABD61 
 287      3744BE73 
 287      4F7098D6 
 287      A0648C83 
 288 0a3c B50687B0 		.ascii	"\265\006\207\260\240 \260\242\"&\265A\376z\303\357\265"
 288      A020B0A2 
 288      2226B541 
 288      FE7AC3EF 
 288      B5
 289 0a4d 860D1FA8 		.ascii	"\206\015\037\250\216I\230e\363\2650a x\000\3107\371"
 289      8E499865 
 289      F3B53061 
 289      207800C8 
 289      37F9
 290 0a5f 411AB8CD 		.ascii	"A\032\270\315\207\351\303\003($\200s\204j{x\260A\007"
 290      87E9C303 
 290      28248073 
 290      846A7B78 
 290      B04107
 291 0a72 402778DE 		.ascii	"@'x\336\2523\300\323\346\260@\235\"8l7TZ\303o\264\242"
 291      AA33C0D3 
 291      E6B0409D 
 291      22386C37 
 291      545AC36F 
 292 0a88 945A0864 		.ascii	"\224Z\010dgxX\304\036\322\357\244\325\006E\204\006h"
 292      677858C4 
 292      1ED2EFA4 
 292      D5064584 
 292      0668
 293 0a9a B59EABBD 		.ascii	"\265\236\253\275\277\362V\230Z\262\200]\376\341s\306"
 293      BFF25698 
 293      5AB2805D 
 293      FEE173C6 
 294 0aaa 7E67D95A 		.ascii	"~g\331Z\355\375_\355\276TF"
 294      EDFD5FED 
 294      BE5446
 295              		.text
 296              		.section	.gnu.lto_.symtab.188e37222c52777e,"",%progbits
 297 0000 70616C52 		.ascii	"palReadBus\000"
 297      65616442 
 297      757300
ARM GAS  /var/folders/d3/p12xj6d96hx5ptyrkl_lzds40000gn/T//cck7hrFN.s 			page 23


 298 000b 00       		.ascii	"\000"
 299 000c 00       		.ascii	"\000"
 300 000d 00       		.ascii	"\000"
 301 000e 00000000 		.ascii	"\000\000\000\000\000\000\000\000"
 301      00000000 
 302 0016 0A010000 		.ascii	"\012\001\000\000"
 303 001a 70616C57 		.ascii	"palWriteBus\000"
 303      72697465 
 303      42757300 
 304 0026 00       		.ascii	"\000"
 305 0027 00       		.ascii	"\000"
 306 0028 00       		.ascii	"\000"
 307 0029 00000000 		.ascii	"\000\000\000\000\000\000\000\000"
 307      00000000 
 308 0031 0F010000 		.ascii	"\017\001\000\000"
 309 0035 70616C53 		.ascii	"palSetBusMode\000"
 309      65744275 
 309      734D6F64 
 309      6500
 310 0043 00       		.ascii	"\000"
 311 0044 00       		.ascii	"\000"
 312 0045 00       		.ascii	"\000"
 313 0046 00000000 		.ascii	"\000\000\000\000\000\000\000\000"
 313      00000000 
 314 004e 17010000 		.ascii	"\027\001\000\000"
 315 0052 5F70616C 		.ascii	"_pal_lld_setgroupmode\000"
 315      5F6C6C64 
 315      5F736574 
 315      67726F75 
 315      706D6F64 
 316 0068 00       		.ascii	"\000"
 317 0069 02       		.ascii	"\002"
 318 006a 00       		.ascii	"\000"
 319 006b 00000000 		.ascii	"\000\000\000\000\000\000\000\000"
 319      00000000 
 320 0073 1D010000 		.ascii	"\035\001\000\000"
 321              		.text
 322              		.section	.gnu.lto_.opts,"",%progbits
 323 0000 272D666D 		.ascii	"'-fmath-errno' '-fsigned-zeros' '-ftrapping-math' '"
 323      6174682D 
 323      6572726E 
 323      6F272027 
 323      2D667369 
 324 0033 2D666E6F 		.ascii	"-fno-trapv' '-fno-openmp' '-fno-openacc' '-mcpu=cor"
 324      2D747261 
 324      70762720 
 324      272D666E 
 324      6F2D6F70 
 325 0066 7465782D 		.ascii	"tex-m0' '-mno-thumb-interwork' '-mthumb' '-ggdb' '-"
 325      6D302720 
 325      272D6D6E 
 325      6F2D7468 
 325      756D622D 
 326 0099 4F322720 		.ascii	"O2' '-fomit-frame-pointer' '-falign-functions=16' '"
 326      272D666F 
 326      6D69742D 
 326      6672616D 
ARM GAS  /var/folders/d3/p12xj6d96hx5ptyrkl_lzds40000gn/T//cck7hrFN.s 			page 24


 326      652D706F 
 327 00cc 2D666675 		.ascii	"-ffunction-sections' '-fdata-sections' '-fno-common"
 327      6E637469 
 327      6F6E2D73 
 327      65637469 
 327      6F6E7327 
 328 00ff 2720272D 		.ascii	"' '-flto'\000"
 328      666C746F 
 328      2700
 329              		.text
 330              		.comm	__gnu_lto_v1,1,1
 331              		.comm	__gnu_lto_slim,1,1
 332              		.ident	"GCC: (GNU Tools for ARM Embedded Processors) 5.4.1 20160609 (release) [ARM/embedded-5-bran
ARM GAS  /var/folders/d3/p12xj6d96hx5ptyrkl_lzds40000gn/T//cck7hrFN.s 			page 25


DEFINED SYMBOLS
                            *ABS*:0000000000000000 pal.c
                            *COM*:0000000000000001 __gnu_lto_v1
                            *COM*:0000000000000001 __gnu_lto_slim

NO UNDEFINED SYMBOLS
