ARM GAS  /var/folders/d3/p12xj6d96hx5ptyrkl_lzds40000gn/T//ccYtVRl8.s 			page 1


   1              		.syntax unified
   2              		.cpu cortex-m0
   3              		.fpu softvfp
   4              		.eabi_attribute 20, 1
   5              		.eabi_attribute 21, 1
   6              		.eabi_attribute 23, 3
   7              		.eabi_attribute 24, 1
   8              		.eabi_attribute 25, 1
   9              		.eabi_attribute 26, 1
  10              		.eabi_attribute 30, 2
  11              		.eabi_attribute 34, 0
  12              		.eabi_attribute 18, 4
  13              		.thumb
  14              		.syntax unified
  15              		.file	"pal_lld.c"
  16              		.text
  17              	.Ltext0:
  18              		.section	.gnu.lto_.profile.bbdb1a514c6897ee,"",%progbits
  19 0000 789C6361 		.ascii	"x\234ca`d`c`\000\2223\030\2471\002\000\004$\001="
  19      60646063 
  19      60009233 
  19      18A73102 
  19      00042401 
  20              		.text
  21              		.section	.gnu.lto_.icf.bbdb1a514c6897ee,"",%progbits
  22 0000 789C6361 		.ascii	"x\234ca`d\000\001>\006\004`b\230\361\355\377)N\306\236"
  22      60640001 
  22      3E060460 
  22      6298F1ED 
  22      FF294EC6 
  23 0015 9F47F7F2 		.ascii	"\237G\367\3621\000\0002\357\006\214"
  23      31000032 
  23      EF068C
  24              		.text
  25              		.section	.gnu.lto_.jmpfuncs.bbdb1a514c6897ee,"",%progbits
  26 0000 789C6361 		.ascii	"x\234ca`d\000\001\001\006\004`b`dd\254gd\006\222\354"
  26      60640001 
  26      01060460 
  26      62606464 
  26      AC676406 
  27 0016 F5F5F50C 		.ascii	"\365\365\365\014\000\015&\002%"
  27      000D2602 
  27      25
  28              		.text
  29              		.section	.gnu.lto_.inline.bbdb1a514c6897ee,"",%progbits
  30 0000 789C45CE 		.ascii	"x\234E\316\261\015\3020\020\005\320\377\317\026Ii\245"
  30      B10DC230 
  30      1005D0FF 
  30      CF164969 
  30      A5
  31 0011 A2344CE2 		.ascii	"\2424L\342QRR3\201\007`\204\024\031\200\005(\220\322"
  31      51525233 
  31      81076084 
  31      14198005 
  31      2890D2
  32 0024 8350D822 		.ascii	"\203P\330\"3D)\310\335\025\\\361\376wa\335E\020:\017"
  32      334429C8 
ARM GAS  /var/folders/d3/p12xj6d96hx5ptyrkl_lzds40000gn/T//ccYtVRl8.s 			page 2


  32      DD155CF1 
  32      FE7761DD 
  32      45103A0F 
  33 0038 FC478037 		.ascii	"\374G\2007^`\203L\204l\026\2637+-F\217\311\003\3512"
  33      5E60834C 
  33      846C16B3 
  33      372B2D46 
  33      8FC903E9 
  34 004d DD0F38D7 		.ascii	"\335\0178\327\225\002.Mt\225\326j\253$\253I\311V\263"
  34      95022E4D 
  34      7495D66A 
  34      AB24AB49 
  34      C956B3
  35 0060 52AC16A5 		.ascii	"R\254\026\245\372\357}\205*\376\020\275\212\370\340"
  35      FAEF7D85 
  35      2AFE10BD 
  35      8AF8E0
  36 006f 29A4ECDB 		.ascii	")\244\354\333\020\256\363v\302q\370\006A7\337\030\355"
  36      10AEF376 
  36      C271F806 
  36      4137DF18 
  36      ED
  37 0080 F01F0BC1 		.ascii	"\360\037\013\301 \306"
  37      20C6
  38              		.text
  39              		.section	.gnu.lto_.pureconst.bbdb1a514c6897ee,"",%progbits
  40 0000 789C6361 		.ascii	"x\234ca`d`e```b\220b\224\002\000\000\355\000B"
  40      60646065 
  40      60606062 
  40      90629402 
  40      0000ED00 
  41              		.text
  42              		.section	.gnu.lto__pal_lld_init.bbdb1a514c6897ee,"",%progbits
  43 0000 789CA598 		.ascii	"x\234\245\230kPT\347\031\307\317\373\036\330]v\271y"
  43      6B5054E7 
  43      19C7CFFB 
  43      1ED85D76 
  43      B979
  44 0012 BFA1E205 		.ascii	"\277\241\342\005\221|pk2\323\351d\246_\332\316t\332"
  44      917C706B 
  44      32D3E964 
  44      A65FDACE 
  44      74DA
  45 0024 B14DDAF4 		.ascii	"\261M\332\364{'\2276q\306\251N\323\351W\017\227\365"
  45      7B279736 
  45      71C6A94E 
  45      D3E9570F 
  45      97F5
  46 0036 12DB88D7 		.ascii	"\022\333\210\327hL\024\342\015o\254H\024E\243\013A\361"
  46      684C14E2 
  46      0D6FAC48 
  46      1445A30B 
  46      41F1
  47 0048 12454421 		.ascii	"\022ED!AQ@\271j\024D\253M*\333\367\371\237\367\345\354"
  47      415140B9 
  47      6A1444AB 
  47      4D2ADBF7 
ARM GAS  /var/folders/d3/p12xj6d96hx5ptyrkl_lzds40000gn/T//ccYtVRl8.s 			page 3


  47      F99FF7E5 
  48 005d 82E81ECE 		.ascii	"\202\350\036\316\316\360\260\207s\316\377\375\275\317"
  48      CEF0B087 
  48      73CEFFFD 
  48      BDCF
  49 006b 79F6A7B3 		.ascii	"y\366\247\263q\032\323\350U8]\323~!~O\021?L\327\030"
  49      711AD3E8 
  49      55385DD3 
  49      7E217E4F 
  49      113F4CD7 
  50 0080 CFBFA469 		.ascii	"\317\277\244i\331\036\316\030\2751<L[\312\331R\366\230"
  50      D91ECE18 
  50      BD313C4C 
  50      5BCAD952 
  50      F698
  51 0092 3FE3AC72 		.ascii	"?\343\254ry\3731\236\265\333\020\257\346\300\375\237"
  51      79FB319E 
  51      B5DB10AF 
  51      E6C0FD9F 
  52 00a2 18452116 		.ascii	"\030E!\026\3205-\314\221\244\261\335,K\\U\233w\3603"
  52      D0352DCC 
  52      91A4B1DD 
  52      2C4B5C55 
  52      9B77F033 
  53 00b6 FD110FE8 		.ascii	"\375\021\017\350\214\305\211\303\336\213\237\336N\246"
  53      8CC589C3 
  53      DE8B9FDE 
  53      4EA6
  54 00c4 43CED2C5 		.ascii	"C\316\322\305aW\177\260#N\377)\323\304\373=7\267\374"
  54      61577FB0 
  54      234EFF29 
  54      D3C4FB3D 
  54      37B7FC
  55 00d7 2173A761 		.ascii	"!s\247a\344\030\306\226\277\030\011\001]g{\231.\342"
  55      E418C696 
  55      BF180901 
  55      5D677B99 
  55      2EE2
  56 00e9 D81E96C6 		.ascii	"\330\036\226\306\212X\232&\376\244\261},\223\256n-\351"
  56      8A589A26 
  56      FEA4B17D 
  56      2C93AE6E 
  56      2DE9
  57 00fb DF90E4CA 		.ascii	"\337\220\344\312\243\325\323\3155\331~\346\242]\004"
  57      A3D5D3CD 
  57      35D97EE6 
  57      A25D04
  58 010a FF1832C2 		.ascii	"\377\0302\302\341\\\3038>\277(c\001\027w\305\351T\342"
  58      E15CC338 
  58      3EBF2863 
  58      011777C5 
  58      E954E2
  59 011d 19DDEBA6 		.ascii	"\031\335\353\246\267\036*\011T\274T|T\022\251$QI\246"
  59      B71E2A09 
  59      54BC547C 
  59      5412A924 
  59      5149A6
ARM GAS  /var/folders/d3/p12xj6d96hx5ptyrkl_lzds40000gn/T//ccYtVRl8.s 			page 4


  60 0130 92422595 		.ascii	"\222B%\225\312(*\243\251\214\2412\226\3128*\343\251"
  60      CA282AA3 
  60      A98CA132 
  60      96CA382A 
  60      E3A9
  61 0142 4CA03291 		.ascii	"L\2402\221\312$*\223\251L\241B\270qS\251L\2432\235J"
  61      CA242A93 
  61      A94CA142 
  61      B87153A9 
  61      4CA3329D 
  62 0157 3A951954 		.ascii	":\225\031TfR\231Ee6\225\014*s\250dR\231K%\213\212\246"
  62      66529945 
  62      6536950C 
  62      2A73A864 
  62      52994B25 
  63 016e F588BD51 		.ascii	"\365\210\275Q\363{9\247\337z;\253,/i\237O\273\315\325"
  63      F37B39A7 
  63      DF7A3BAB 
  63      2C2F699F 
  63      4FBBCDD5 
  64 0182 E9396C0C 		.ascii	"\3519l\014T\326\270\251\245\361h\343\365\340\305\273"
  64      54D6B8A9 
  64      A5F168E3 
  64      F5E0C5BB 
  65 0192 1EF3D028 		.ascii	"\036\363\320(XaP\323[\317~\224\264\215}.\036\217\213"
  65      586150D3 
  65      5BCF7E94 
  65      B48D7D2E 
  65      1E8F8B
  66 01a5 158B5E1E 		.ascii	"\025\213^\036\020\275\244K+>\356\334\225\344?`\344e"
  66      10BDA44B 
  66      2B3EEEDC 
  66      95E43F60 
  66      E465
  67 01b7 1BA901DD 		.ascii	"\033\251\001\335\315\202l\033\353\307\343c\007\231_"
  67      CD826C1B 
  67      EBC7E363 
  67      07995F
  68 01c6 6B67B94F 		.ascii	"kg\271O]\346:\272\271\324\332{e\215\011\224\035\307"
  68      5DE63ABA 
  68      B9D4DA7B 
  68      658D0994 
  68      1DC7
  69 01d8 0CE32967 		.ascii	"\014\343)g%\"H\360ldt\225\215\205\016Y\013\2252\277"
  69      252248F0 
  69      6C647495 
  69      8D850E59 
  69      0B9532BF 
  70 01ec 88D75A59 		.ascii	"\210\327ZYN\350\262[\3064|qr]\362+E\364lC\265\277\337"
  70      4EE8B25B 
  70      C6347C71 
  70      725DF22B 
  70      45F46C43 
  71 0203 5CE009E8 		.ascii	"\\\340\011\350\036MN\325\227\354\225\310=\353\330\363"
  71      1E4D4ED5 
  71      97EC95C8 
  71      3DEBD8F3 
ARM GAS  /var/folders/d3/p12xj6d96hx5ptyrkl_lzds40000gn/T//ccYtVRl8.s 			page 5


  72 0213 93EAF32B 		.ascii	"\223\352\363+\022\305\302\331\270c9u=!W4\340\260\\\177"
  72      12C5C2D9 
  72      B8633975 
  72      3D215734 
  72      E0B05C7F 
  73 0227 EBA6A37D 		.ascii	"\353\246\243}\311b}\261\270\227\035\301\3424)\342\314"
  73      C9627DB1 
  73      B8971DC1 
  73      E23429E2 
  73      CC
  74 0238 E11355AF 		.ascii	"\341\023U\257/}f\344\213\033\335b\025V\306\374\004\241"
  74      2F7D66E4 
  74      8B1BDD62 
  74      1556C6FC 
  74      04A1
  75 024a B1A36CA9 		.ascii	"\261\243l\251\200\342\222hU[Q6\327\177\216\305\036\324"
  75      80E29268 
  75      555B5136 
  75      D77F8EC5 
  75      1ED4
  76 025c 56E4B28C 		.ascii	"V\344\262\214\3554\250\241\336e\372f#\224\227\036\320"
  76      ED34A8A1 
  76      DE65FA66 
  76      2394971E 
  76      D0
  77 026d 7DEC58F4 		.ascii	"}\354X\364\260\202\266\234eP[r6\230\264>F\200q\354\270"
  77      B082B69C 
  77      65505B72 
  77      3698B43E 
  77      468071EC 
  78 0282 384F3BAE 		.ascii	"8O;\256\255V\235\333\320\037\330\355\035\022\352\031"
  78      AD569DDB 
  78      D01FD8ED 
  78      1D12EA19 
  79 0292 FC0940E8 		.ascii	"\374\011@\350\011\226Am\020\235\317)\357=\365z\364\207"
  79      0996416D 
  79      109DCF29 
  79      EF3DF57A 
  79      F487
  80 02a4 C1D8BE5A 		.ascii	"\301\330\276Z\307\025bi|$\302\234\015\371\274\260\257"
  80      C7156269 
  80      7C24C29C 
  80      0DF9BCB0 
  80      AF
  81 02b5 C4163576 		.ascii	"\304\0265v\222\036\255;\262\235\236!\355\024-K\244V"
  81      921EAD3B 
  81      B29D9E21 
  81      ED142D4B 
  81      A456
  82 02c7 9E1AD44A 		.ascii	"\236\032\324J\321\261P\270K<\351$\026BC\271\231\312"
  82      D1B150B8 
  82      4B3CE924 
  82      164243B9 
  82      99CA
  83 02d9 2A303995 		.ascii	"*09\225\033\013\307Q~d\270\017\341\267\326u\256\347"
  83      1B0BC751 
  83      7E64B80F 
ARM GAS  /var/folders/d3/p12xj6d96hx5ptyrkl_lzds40000gn/T//ccYtVRl8.s 			page 6


  83      E1B7D675 
  83      AEE7
  84 02eb 56783235 		.ascii	"Vx25\203U\312\364\375-\353k\2709(\306|\232\224\257\221"
  84      8355CAF4 
  84      FD2DEB6B 
  84      B83928C6 
  84      7C9A94AF 
  85 0300 ADCBEC2A 		.ascii	"\255\313\354*\032\02676^RU\350670;F\342Tb=\215\2748"
  85      1A163736 
  85      5E5255E8 
  85      3637303B 
  85      46E25462 
  86 0318 99776630 		.ascii	"\231wf0\253=\270j\204\305\313\260\263\0047\333|*\003"
  86      AB3DB86A 
  86      84C5CBB0 
  86      B30437DB 
  86      7C2A03
  87 032b 701976E0 		.ascii	"p\031v\340\316!\317%\363\316;\203\273\2000\267\014\373"
  87      CE21CF25 
  87      F3CE3B83 
  87      BB8030B7 
  87      0CFB
  88 033d 86E032CC 		.ascii	"\206\3402\314\316\235Vps\354\300]D\236G\346]r\006W\203"
  88      CE9D5670 
  88      73ECC05D 
  88      449E47E6 
  88      5D720657 
  89 0352 B0041976 		.ascii	"\260\004\031v\231\340\346\230\235\033\200\313\264\003"
  89      99E0E698 
  89      9D1B80CB 
  89      B403
  90 0360 578B3CAF 		.ascii	"W\213<\257\314\273\342\014\256\016a>\031v\225\3402\315"
  90      CCBBE20C 
  90      AE0E613E 
  90      197695E0 
  90      32CD
  91 0372 CE9D5170 		.ascii	"\316\235Qps\355\300]C^\242\314\253w\006\327\200\260"
  91      73EDC05D 
  91      435EA2CC 
  91      AB7706D7 
  91      80B0
  92 0384 2419F62D 		.ascii	"$\031\366-\301\3155;7\000\227e\007\356;\344%\313\274"
  92      C1CD353B 
  92      37009765 
  92      07EE3BE4 
  92      25CBBC
  93 0397 466770D7 		.ascii	"Fgp\327\021\226\"\303n\020\\V\244\350 %\245U\262\224"
  93      119622C3 
  93      6E105C56 
  93      A4E82025 
  93      A555B294 
  94 03ab 86B3F5B1 		.ascii	"\206\263\365\261\210\277\011\342\2172}\303KL\177\023"
  94      88BF09E2 
  94      8F327DC3 
  94      4B4C7F13 
  95 03bb 38A9CF37 		.ascii	"8\251\3177\375-e\372\346(\323\333\261{\013\354^PV\326"
  95      FD2D65FA 
ARM GAS  /var/folders/d3/p12xj6d96hx5ptyrkl_lzds40000gn/T//ccYtVRl8.s 			page 7


  95      E628D3DB 
  95      B17B0BEC 
  95      5E5056D6 
  96 03cf E191765F 		.ascii	"\341\221v_Avo\225vo\030\221\335o\013w7\015k\367\240"
  96      41766F95 
  96      766F1891 
  96      DD6F0B77 
  96      370D6BF7 
  97 03e4 B03B5DD1 		.ascii	"\260;]\321\362\"\273\337\201\335\333h\026<\342d\333"
  97      F222BBDF 
  97      81DDDB68 
  97      163CE264 
  97      DB
  98 03f5 B975CB12 		.ascii	"\271u\313\022M\273\247\211\303\2365\025}l\320h\264\313"
  98      4DBBA789 
  98      C39E3515 
  98      7D6CD068 
  98      B4CB
  99 0407 F69D5FBD 		.ascii	"\366\235_\275csb\264\335;\224\335)\225uZ\003\322\206"
  99      637362B4 
  99      DD3B94DD 
  99      2995755A 
  99      03D286
 100 041a AD3D0994 		.ascii	"\255=\011\224\036\212\217\034\220\326\210\001Y\273k"
 100      1E8A8F1C 
 100      90D68801 
 100      59BB6B
 101 0429 4D306A40 		.ascii	"M0j@\272\224\316\021\326M\003\342\261t\016\342i1\"b"
 101      BA94CE11 
 101      D64D03E2 
 101      B1740EE2 
 101      69312262 
 102 043d 7AEF2A9D 		.ascii	"z\357*\235#\357\2363\270\357\225\316\021v\237\340\246"
 102      23EF9E33 
 102      B8EF95CE 
 102      11769FE0 
 102      A6
 103 044e 593A07DC 		.ascii	"Y:\007\334t;p\017\224\316\221\327\343\014\256W\351\034"
 103      743B700F 
 103      94CE91D7 
 103      E30CAE57 
 103      E91C
 104 0460 610F096E 		.ascii	"a\017\011n\272\245s\300\245\333\201\353S:G\336#gp\217"
 104      BAA573C0 
 104      A5DB81EB 
 104      533A47DE 
 104      2367708F 
 105 0474 95CE11F6 		.ascii	"\225\316\021\366\037\202K\267t\016\270\031v\340\236"
 105      1F824BB7 
 105      740EB819 
 105      76E09E
 106 0483 289D23EF 		.ascii	"(\235#\357\2513\270\377*\235#\354\007\202\233a\351\034"
 106      A933B8FF 
 106      2A9D23EC 
 106      07829B61 
 106      E91C
 107 0495 7033EDC0 		.ascii	"p3\355\300\375\250t\216\274\3779\203{\246t\216\260~"
ARM GAS  /var/folders/d3/p12xj6d96hx5ptyrkl_lzds40000gn/T//ccYtVRl8.s 			page 8


 107      FDA8748E 
 107      BCFF3983 
 107      7BA6748E 
 107      B07E
 108 04a7 829B69E9 		.ascii	"\202\233i\351\034p\263\354\300\205\225\316\221gpGp\331"
 108      1C70B3EC 
 108      C08595CE 
 108      91677047 
 108      70D9
 109 04b9 5CEA1C61 		.ascii	"\\\352\034a9\\\300\315\2124\033,4\240\363\333J\3477"
 109      395CC0CD 
 109      8A341B2C 
 109      34A0F3DB 
 109      4AE737
 110 04cc 62D1792E 		.ascii	"b\321y.\037\242\363\246\227\350<\0178\243\236\257\363"
 110      1FA2F3A6 
 110      97E83C0F 
 110      38A39EAF 
 110      F3
 111 04dd 00973A5F 		.ascii	"\000\227:_\306G\252\363\345\234t~\262\263\240>E\352"
 111      C647AAF3 
 111      E59C747E 
 111      B2B3A03E 
 111      45EA
 112 04ef 3C9F74BE 		.ascii	"<\237t\276\202\233:o\032\221\316W\362\014\332\3530:"
 112      829B3A6F 
 112      1A91CE57 
 112      F20CDAEB 
 112      303A
 113 0501 3F2E744E 		.ascii	"?.tNW\210\245\207\327\371G\234t\276\212\213YH \235_"
 113      5788A587 
 113      D7F9479C 
 113      74BE8A8B 
 113      5948209D 
 114 0516 39529D6C 		.ascii	"9R\235l\352\374g\3420\333\270\276s\360\277\364\377\342"
 114      EAFC67E2 
 114      30DBB8BE 
 114      73F0BFF4 
 114      FFE2
 115 0528 66FB569E 		.ascii	"f\373V\236\335z\337\027\255\363\177s\251sJe\037[\003"
 115      DD7ADF17 
 115      ADF37F73 
 115      A9734A65 
 115      1F5B03
 116 053b 22F2C51D 		.ascii	"\"\362\305\035\335\217n\325G\015\210\330\375\300\200"
 116      DD8F6ED5 
 116      470D88D8 
 116      FDC080
 117 054a EC2B2E2A 		.ascii	"\354+.*tE\016\310j.u\216\260|\032\220\004K\347 \236"
 117      74450EC8 
 117      6A2E758E 
 117      B07C1A90 
 117      044BE720 
 118 055f 182322A6 		.ascii	"\030#\"\246w\015\227:G\336Zgp\353\270\3249\302\326\023"
 118      770D973A 
 118      47DE5A67 
 118      70EBB8D4 
ARM GAS  /var/folders/d3/p12xj6d96hx5ptyrkl_lzds40000gn/T//ccYtVRl8.s 			page 9


 118      39C2D613 
 119 0573 DC444BE7 		.ascii	"\334DK\347\200\233d\007n\003\227:G\336Fgp\237p\251s"
 119      809B6407 
 119      6E03973A 
 119      47DE4667 
 119      709F70A9 
 120 0588 846D22B8 		.ascii	"\204m\"\270I\226\316\0017\331\016\334f.u\216\274O\235"
 120      4996CE01 
 120      37D90EDC 
 120      662E758E 
 120      BC4F9D
 121 059b C16DE152 		.ascii	"\301m\341R\347\010\373\214\340&[:\007\334\024;p\237"
 121      E708FB8C 
 121      E0265B3A 
 121      07DC143B 
 121      709F
 122 05ad 73A973E4 		.ascii	"s\251s\344mu\006\267\215K\235#\254\200\340\246X:\007"
 122      6D7506B7 
 122      8D4B9D23 
 122      AC80E0A6 
 122      583A07
 123 05c0 5C9A1DB8 		.ascii	"\\\232\035\270B.u\216\274/\234\301m\347R\347\010\333"
 123      422E758E 
 123      BC2F9CC1 
 123      6DE752E7 
 123      08DB
 124 05d2 41706996 		.ascii	"Api\226\316\0017\325\016\334N.u\216\274]\316\340v+\235"
 124      CE0137D5 
 124      0EDC4E2E 
 124      758EBC5D 
 124      CEE0762B 
 125 05e7 23AC88E0 		.ascii	"#\254\210\340\246F\232\015\026\032\320\371J.u\3760\026"
 125      A6469A0D 
 125      161AD0F9 
 125      4A2E75FE 
 125      3016
 126 05f9 9DEF19AA 		.ascii	"\235\357\031\252\363\276\227\350|/pF?_\347\373\224\316"
 126      F3BE97E8 
 126      7C2F7046 
 126      3F5FE7FB 
 126      94CE
 127 060b F78F58E7 		.ascii	"\367\217X\347\007\240\363\346S\315\215\361R\347\233"
 127      07A0F3E6 
 127      53CD8DF1 
 127      52E79B
 128 061a 48E7C552 		.ascii	"H\347\305R\347}#\322yP\310z\317\260:\357\020:\247+\016"
 128      E77D23D2 
 128      7950C87A 
 128      CFB03AEF 
 128      103AA72B 
 129 062f BC48E707 		.ascii	"\274H\347\007\241\363\022\232\005\2578\371Ciq\227\374"
 129      A1F3129A 
 129      05AF38F9 
 129      43697197 
 129      FC
 130 0640 DFF955BA 		.ascii	"\337\371U\272\270\356qiW\374\240\3318$g\243\373\301"
 130      B8EE7169 
ARM GAS  /var/folders/d3/p12xj6d96hx5ptyrkl_lzds40000gn/T//ccYtVRl8.s 			page 10


 130      57FCA0D9 
 130      382467A3 
 130      FBC1
 131 0652 A133DE68 		.ascii	"\2413\336h\237\227*\237S,\373\322\232\220\022L\310\205"
 131      9F972A9F 
 131      532CFBD2 
 131      9A90124C 
 131      C885
 132 0664 55812BAE 		.ascii	"U\201+\256\310\011)\216\230\220\252\306e\373}\221\023"
 132      C809298E 
 132      9890AAC6 
 132      65FB7D91 
 132      13
 133 0675 7258F91C 		.ascii	"rX\371\034aGhB\274\226\317\201<:FD\214o\231\3629\362"
 133      61476842 
 133      BC96CF81 
 133      3C3A4644 
 133      8C6F99F2 
 134 068b 8E3A833B 		.ascii	"\216:\203;\246|\216\260r\202\033m\371\034pc\354\300"
 134      A67C8EB0 
 134      72821B6D 
 134      F91C7063 
 134      ECC0
 135 069d 1D573E47 		.ascii	"\035W>G\336\011gp_)\237#\354$\301\215\261|\016\270\261"
 135      DE096770 
 135      5F299F23 
 135      EC24C18D 
 135      B17C0EB8 
 136 06b2 76E04E29 		.ascii	"v\340N)\237#/\344\014\256B\371\034a\225\0047\326\362"
 136      9F232FE4 
 136      0CAE42F9 
 136      1C619504 
 136      37D6F2
 137 06c5 39E0C6D9 		.ascii	"9\340\306\331\201\373Z\371\034yU\316\340N+\237#\354"
 137      81FB5AF9 
 137      1C7955CE 
 137      E04E2B9F 
 137      23EC
 138 06d7 0CC18DB3 		.ascii	"\014\301\215\263|\016\270\361v\340\252\225\317\221w"
 138      7C0EB8F1 
 138      76E0AA95 
 138      CF9177
 139 06e6 D619DC39 		.ascii	"\326\031\3349\345s\204\235'\270\361\226\317\0017\301"
 139      E573849D 
 139      27B8F196 
 139      CF0137C1 
 140 06f6 0EDC05E5 		.ascii	"\016\334\005\345s\344}\343\014\356\242\3629\302.\021"
 140      73E47DE3 
 140      0CEEA2F2 
 140      39C22E11 
 141 0706 DC8448B5 		.ascii	"\334\204H\265AC\003>\017*\237\367\307\342\363\232\241"
 141      4143033E 
 141      0F2A9FF7 
 141      C7E2F39A 
 141      A1
 142 0717 3E0FBFC4 		.ascii	">\017\277\304\347\227\2013\346\371>\257U>\2772b\237"
 142      E7978133 
ARM GAS  /var/folders/d3/p12xj6d96hx5ptyrkl_lzds40000gn/T//ccYtVRl8.s 			page 11


 142      E6F93EAF 
 142      553EBF32 
 142      629F
 143 0729 D7C1E77B 		.ascii	"\327\301\347{\273Z\203^\351\363\"\362\371U\351\363\360"
 143      BB5A835E 
 143      E9F322F2 
 143      F955E9F3 
 143      F0
 144 073a 887C7E4D 		.ascii	"\210|~M\330\272fX\237\207\205\317\351\212\272\027\371"
 144      D8BA6658 
 144      9F8785CF 
 144      E98ABA17 
 144      F9
 145 074b BC1E3E6F 		.ascii	"\274\036>o\240Y\360\211\223-\3315\235>\323\347=\350"
 145      A059F089 
 145      932DD935 
 145      9D3ED3E7 
 145      3DE8
 146 075d 44C98E3A 		.ascii	"D\311\216:\317\240\331\370V\315FW\361\035W\264\317\277"
 146      CFA0D9F8 
 146      56CD4657 
 146      F11D57B4 
 146      CFBF
 147 076f 533EA758 		.ascii	"S>\247X\326hMH\003&\344\331\336`y\324\367qW#&\344\310"
 147      D6684D48 
 147      0326E4D9 
 147      DE6079D4 
 147      F7715723 
 148 0786 964F7EF4 		.ascii	"\226O~\364F}\037\247|\216\260\0334!>\313\347@N\214\021"
 148      467D1FA7 
 148      7C8EB01B 
 148      34213ECB 
 148      E7404E8C 
 149 079b 11E3DBA4 		.ascii	"\021\343\333\244|\216\274\233\316\340n)\237#\254\231"
 149      7C8EBC9B 
 149      CEE06E29 
 149      9F23AC99 
 150 07ab E0122D9F 		.ascii	"\340\022-\237\003.\311\016\\\213\3629\362Z\235\301\335"
 150      032EC90E 
 150      5C8BF239 
 150      F25A9DC1 
 150      DD
 151 07bc 563E47D8 		.ascii	"V>G\330\035\202K\262|\016\270d;pm\312\347\310kw"
 151      1D824BB2 
 151      7C0EB864 
 151      3B706DCA 
 151      E7C86B77 
 152 07d0 06D7A17C 		.ascii	"\006\327\241|\216\260N\202K\266|\016\270\024;p]\312"
 152      8EB04E82 
 152      4BB67C0E 
 152      B8143B70 
 152      5DCA
 153 07e2 E7C8EB76 		.ascii	"\347\310\353v\006wW\371\034a\367\010.\305\3629\340R"
 153      067757F9 
 153      1C61F708 
 153      2EC5F239 
 153      E052
ARM GAS  /var/folders/d3/p12xj6d96hx5ptyrkl_lzds40000gn/T//ccYtVRl8.s 			page 12


 154 07f4 EDC07DAF 		.ascii	"\355\300}\257|\216\274\373\316\340\036(\237#\254\207"
 154      7C8EBCFB 
 154      CEE01E28 
 154      9F23AC87 
 155 0804 E0522D9F 		.ascii	"\340R-\237\003n\224\035\270^\345s\344=t\006\327\247"
 155      036E941D 
 155      B85EE573 
 155      E43D7406 
 155      D7A7
 156 0816 7C8EB047 		.ascii	"|\216\260G\0047*Rm\320\320\200\317\257\321A7}\267\376"
 156      04372A52 
 156      6DD0D080 
 156      CFAFD141 
 156      377DB7FE 
 157 082a 5B98955E 		.ascii	"[\230\225^=\302O\371\2274\256i\257\315\233\347\377\345"
 157      3DC24FF9 
 157      9734AE69 
 157      AFCD9BE7 
 157      FFE5
 158 083c 070BDF59 		.ascii	"\007\013\337Y\370\306[\376\305\037\372?x{\221\177\311"
 158      F8C65BFE 
 158      C51FFA3F 
 158      787B917F 
 158      C9
 159 084d E2BFFFE3 		.ascii	"\342\277\377\343C\377[\177\372\335k\257\372\027,\370"
 159      43FF5B7F 
 159      FADD6BAF 
 159      FA172CF8 
 160 085d 95FFD76F 		.ascii	"\225\377\327o\376\346\215\177\276\352_\362\366\242?"
 160      FEE68D7F 
 160      BEEA5FF2 
 160      F6A23F
 161 086c 2F5AF4DE 		.ascii	"/Z\364\336\274w5\327\273\213\377\366\327\205\357\307"
 161      BC7735D7 
 161      BB8BFFF6 
 161      D785EFC7 
 162 087c BFBF64E1 		.ascii	"\277\277d\341\342%\377\007\343\300ih"
 162      E225FF07 
 162      E3C06968 
 163              		.text
 164              		.section	.gnu.lto__pal_lld_setgroupmode.bbdb1a514c6897ee,"",%progbits
 165 0000 789C9D57 		.ascii	"x\234\235WkPTW\022\276}\317\235\007\303\314\240\321"
 165      6B505457 
 165      12BE7DCF 
 165      9D07C3CC 
 165      A0D1
 166 0012 55A3C490 		.ascii	"U\243\304\220\007!\032\302($\312\252\205T\3242X\274"
 166      07211AC2 
 166      2824CAAA 
 166      8554D432 
 166      58BC
 167 0024 4CF263B7 		.ascii	"L\362c\267*UY\015Ti\005\012\012\310\326\356\376\331"
 167      2A55590D 
 167      5469050A 
 167      0AC8D6EE 
 167      FED9
 168 0036 D181D144 		.ascii	"\321\201\321Dt\331\265\324h\2315\331M\202&\240\260h"
ARM GAS  /var/folders/d3/p12xj6d96hx5ptyrkl_lzds40000gn/T//ccYtVRl8.s 			page 13


 168      74D9B5D4 
 168      689935D9 
 168      4D8226A0 
 168      B068
 169 0048 14431282 		.ascii	"\024C\022\202(Q|\304h\214\2575\"J\024Y\205\001\037\251"
 169      28517CC4 
 169      688CAF35 
 169      224A1459 
 169      85011FA9 
 170 005c E5B1DD7D 		.ascii	"\345\261\335}\356<\235\265(\246jz\356\351\373}}\373"
 170      EE3C9DB5 
 170      28A66A7A 
 170      EEE9FB7D 
 170      7DFB
 171 006e EBD3E7DC 		.ascii	"\353\323\347\3343\232\002\012}\006F+\312\237\360w\017"
 171      339A020A 
 171      7D06462B 
 171      CA9FF077 
 171      0F
 172 007f 7E214A01 		.ascii	"~!J\001\265\342\270\242\2540\253 \344\205P\265\325q"
 172      B5E2B8A2 
 172      AC30AB20 
 172      E48550B5 
 172      D571
 173 0091 8AD36225 		.ascii	"\212\323b%k\325TC\367\257p\024\361A2\216\014\252\221"
 173      6BD55443 
 173      F7AF7014 
 173      F141328E 
 173      0CAA91
 174 00a4 EF99F89E 		.ascii	"\357\231\370\236\021\314\222b\362^\230\301*/\"T\013"
 174      11CC9262 
 174      F25E98C1 
 174      2A2F2254 
 174      0B
 175 00b5 03231968 		.ascii	"\003#\031h\361\272#\275\027V\325^j\302\373\266\362\026"
 175      F1BA23BD 
 175      1756D55E 
 175      6AC2FBB6 
 175      F216
 176 00c7 050136F9 		.ascii	"\005\0016\371\360o\314v\000\272p\232A\371\263*4\203"
 176      F06FCC76 
 176      00BA709A 
 176      41F9B32A 
 176      3483
 177 00d9 D1648EB0 		.ascii	"\321d\216\260DZmv\300\241\"?w\324\001\025\232Vu\324"
 177      445A6D76 
 177      C0A1223F 
 177      77D40115 
 177      9A5675D4 
 178 00ed AB532A9D 		.ascii	"\253S*\235\370\271|m\327t\347\366F(C\300\220*1P\011"
 178      F8B97C6D 
 178      D774E7F6 
 178      462843C0 
 178      902A3150 
 179 0102 531075B2 		.ascii	"S\020u\262\264f\253\350S\313\004\200\206\303\236c[\332"
 179      B466ABE8 
 179      53CB0480 
ARM GAS  /var/folders/d3/p12xj6d96hx5ptyrkl_lzds40000gn/T//ccYtVRl8.s 			page 14


 179      86C39E63 
 179      5BDA
 180 0114 ED345421 		.ascii	"\3554T!\006\207\007\216\017\355\263\210\031\240\340"
 180      0687078E 
 180      0FEDB388 
 180      19A0E0
 181 0123 F5CA7F6C 		.ascii	"\365\312\177ln\266\305}\354t\256t:\267\345:#\312\204"
 181      6EB6C57D 
 181      EC74AE74 
 181      3AB7E53A 
 181      23CA84
 182 0136 804F4160 		.ascii	"\200OA`<\330\001\321\260\035\242\025t)\360\031\304!"
 182      3CD801D1 
 182      B01DA215 
 182      7429F019 
 182      C421
 183 0148 7AE8939A 		.ascii	"z\350\223\232w\314b63\177\331\360\355\373 \231\215\177"
 183      77CC6236 
 183      337FD9F0 
 183      EDFB2099 
 183      8D7F
 184 015a 6D8DDFEC 		.ascii	"m\215\337\354l\324\312\204\006U\241dM\201j&\367\326"
 184      6CD4CA84 
 184      0655A164 
 184      4D816A26 
 184      F7D6
 185 016c 7DBC3E52 		.ascii	"}\274>R\2442\271u\335\227\277\321\271\353[\237\221\\"
 185      A432B975 
 185      DD97BFD1 
 185      B9EB5B9F 
 185      915C
 186 017e 03EC0CE5 		.ascii	"\003\354\014\345\032\024\330\005qD(_\261\343\262\020"
 186      1A14D805 
 186      7144285F 
 186      B1E3B210 
 187 018e 0B987CED 		.ascii	"\013\230|\355T\373u\210\375'\263k\327\330\221]\032S"
 187      54FB7588 
 187      FD27B36B 
 187      D7D8915D 
 187      1A53
 188 01a0 268C5013 		.ascii	"&\214P\023L\347IWa\307\320\211\277\231E\0323\377\373"
 188      4CE74957 
 188      61C7D089 
 188      BF99451A 
 188      33FFFB
 189 01b3 5DBFDBAC 		.ascii	"]\277\333\2543\377\336juV\2540\023\361_a\211\267\327"
 189      33FFDE6A 
 189      7556AC30 
 189      13F15F61 
 189      89B7D7
 190 01c6 1F3CA68A 		.ascii	"\037<\246\212L&\256\333v\254\315\256\023\267\372\211"
 190      4C26AEDB 
 190      76ACCDAE 
 190      13B7FA89 
 191 01d6 BBC3123B 		.ascii	"\273\303\022;\316\2726\033\305kL\354\\\267\373\224E"
 191      CEBA361B 
 191      C56B4CEC 
ARM GAS  /var/folders/d3/p12xj6d96hx5ptyrkl_lzds40000gn/T//ccYtVRl8.s 			page 15


 191      5CB7FB94 
 191      45
 192 01e7 276EF113 		.ascii	"'n\361\023?\017K\254\0308\3474\212\327\231x\262\267"
 192      3F0F4BAC 
 192      1838E734 
 192      8AD79978 
 192      B2B7
 193 01f9 EE534D27 		.ascii	"\356SM'\276\347'\356\013K\\{\373\376\207\232x\223\211"
 193      BEE727EE 
 193      0B4B5C7B 
 193      FBFE879A 
 193      789389
 194 020c 2D174F5E 		.ascii	"-\027O^\367\246\272\321O\334\037\226x\245vp\203\315"
 194      F7A6BAD1 
 194      4FDC1F96 
 194      78A57670 
 194      83CD
 195 021e 584AED14 		.ascii	"XJ\355\024\003_@,\324\343w/~\367\340\267\016\277\265"
 195      035F402C 
 195      D4E3772F 
 195      7EF7E0B7 
 195      0EBFB5
 196 0231 102B9B0B 		.ascii	"\020+\233\013\032\300\210\013\311\362\377P\030l\340"
 196      1AC0880B 
 196      C9F2FF50 
 196      186CE0
 197 0240 46ED6716 		.ascii	"F\355g\026\261\234\263\370\244a`\2557\213\275k\306\372"
 197      B19CB3F8 
 197      A46160AD 
 197      378BBD6B 
 197      C6FA
 198 0252 E6E8CB07 		.ascii	"\346\350\313\007\323\200\257\230\275\341FG\255&\212"
 198      D380AF98 
 198      BDE14647 
 198      AD268A
 199 0261 98ED193C 		.ascii	"\230\355\031<\364\223>\303\316;9\316wR\211\372u\030"
 199      F4933EC3 
 199      CE3B39CE 
 199      775289FA 
 199      7518
 200 0273 6A2353D7 		.ascii	"j#S\327\336\374\313\032\020o3\365g\367M\227U\247\016"
 200      DEFCCB1A 
 200      106F33F5 
 200      67F74D97 
 200      55A70E
 201 0286 78A9DF84 		.ascii	"x\251\337\204\24161\265\274\355\203\312\010\361\007"
 201      A13631B5 
 201      BCED83CA 
 201      08F107
 202 0295 A6BEBBEF 		.ascii	"\246\276\273\357\3523:sC\256\316<\020\206\331\014\261"
 202      EA333A73 
 202      43AECE3C 
 202      1086D90C 
 202      B1
 203 02a6 BB5E6974 		.ascii	"\273^it\016\015\271\260{#/\274\327\031\361\012p\223"
 203      0E0DB9B0 
 203      7B232FBC 
ARM GAS  /var/folders/d3/p12xj6d96hx5ptyrkl_lzds40000gn/T//ccYtVRl8.s 			page 16


 203      D719F10A 
 203      7093
 204 02b8 2310AB83 		.ascii	"#\020\253\203\253\005\353\203m\217\025\302\006\306\032"
 204      AB05EB83 
 204      6D8F15C2 
 204      06C61A
 205 02c7 1915AA90 		.ascii	"\031\025\252\220\005\250\231#\031c\305\3466\331\030"
 205      05A89923 
 205      1963C5E6 
 205      36D918
 206 02d6 68A7CB28 		.ascii	"h\247\313(F\217\242\313\321Ly\204.\307(T\335\261@\261"
 206      468FA2CB 
 206      D14C7984 
 206      2EC72854 
 206      DDB140B1 
 207 02ea C791633C 		.ascii	"\307\221c<\231\011d\036\345\262M\304K\363$.\003-\027"
 207      9909641E 
 207      E5B24DC4 
 207      4BF3242E 
 207      032D17
 208 02fd D363349E 		.ascii	"\323c4\236\314\332\036\247\313\030N\366\011\240\345"
 208      CCDA1EA7 
 208      CB184EF6 
 208      09A0E5
 209 030c FB24019E 		.ascii	"\373$\001\236\"\3634\231X2qd\236%3\205\314T2\361d\236"
 209      22F33499 
 209      58327164 
 209      9E253385 
 209      CC5432F1 
 210 0322 27934066 		.ascii	"'\223@f\032\231\351d\022\311$\221y\221\314\01423\311"
 210      1A99E964 
 210      12C92491 
 210      7991CC0C 
 210      3233C9
 211 0335 24939945 		.ascii	"$\223\231Ef6\2319dR\310\314%\223J\346%2\363\310\314"
 211      66369939 
 211      6452C8CC 
 211      25934AE6 
 211      2532F3C8 
 212 034a 27B380CC 		.ascii	"'\263\200\314B2/\223I#\263\210L:\3271\203\013\223\311"
 212      42322F93 
 212      4923B388 
 212      4C3AD731 
 212      830B93C9 
 213 035e 35C9E272 		.ascii	"5\311\342rds\325\026s\035\025\245\033\033\022\267\321"
 213      6473D516 
 213      731D15A5 
 213      1B1B12B7 
 213      D1
 214 036f 1E55C51F 		.ascii	"\036U\305\037\321\001\256~\367\245\252d\352P\227\210"
 214      D101AE7E 
 214      F7A5AA64 
 214      EA509788 
 215 037f 74090BED 		.ascii	"t\011\013\355\223\236\232J+my&\020p\020g\356\012\250"
 215      939E9A4A 
 215      2B6D7926 
 215      10701067 
ARM GAS  /var/folders/d3/p12xj6d96hx5ptyrkl_lzds40000gn/T//ccYtVRl8.s 			page 17


 215      EE0AA8
 216 0392 DCC21806 		.ascii	"\334\302\030\006A\012\222<\356\216\252\263 YV\311:8"
 216      410A923C 
 216      EE8EAAB3 
 216      205956C9 
 216      3A38
 217 03a4 74AF318A 		.ascii	"t\2571\212XfD\037B\026\307\276\252\203l\210C\320\356"
 217      5866441F 
 217      4216C7BE 
 217      AA836C88 
 217      43D0EE
 218 03b7 E616B759 		.ascii	"\346\026\267Y\206\006h\011\010]O\241m2\364\255\252\363"
 218      86066809 
 218      085D4FA1 
 218      6D32F4AD 
 218      AAF3
 219 03c9 3ACB8EA1 		.ascii	":\313\216\241!>$T\024\372\203\322\332K\334(\311\275"
 219      213E2454 
 219      14FA83D2 
 219      DA4BDC28 
 219      C9BD
 220 03db EB4B6B94 		.ascii	"\353Kk\224L\353\360G\373\373\2552-\003|\033\232\326"
 220      4CEBF047 
 220      FBFBAD32 
 220      2D037C1B 
 220      9AD6
 221 03ed 68C405C5 		.ascii	"h\304\005\305\332C\261F\313X\203U\335:\354\021\031\253"
 221      DA43B146 
 221      CB588355 
 221      DD3AEC11 
 221      19AB
 222 03ff EFDDB27B 		.ascii	"\357\335\262{B\3062\301\341\320Xc\020\207\240\235\236"
 222      42C632C1 
 222      E1D05863 
 222      1087A09D 
 222      9E
 223 0410 BE9D4629 		.ascii	"\276\235F)1\012\216\004\204\256\243\320cp\270\262\261"
 223      310A8E04 
 223      84AEA3D0 
 223      6370B8B2 
 223      B1
 224 0421 26923D72 		.ascii	"&\222=r\351o,k:a\"\002\356\021\320\312\013\245\007_"
 224      E96F2C6B 
 224      3A612202 
 224      EE11D0CA 
 224      0BA5075F 
 225 0435 5CF84E13 		.ascii	"\\\370N\023\210\035\305\363\346\022FE\0168A\203>`\345"
 225      881DC5F3 
 225      E6124645 
 225      0E384183 
 225      3E60E5
 226 0448 9A3EE012 		.ascii	"\232>\340\022\012}\300S\245\352\003l\013\227\000\231"
 226      0A7DC053 
 226      A5EA036C 
 226      0B970099 
 227 0458 ED99EA14 		.ascii	"\355\231\352\024\231\3568t\361\024\264A\351\005\327"
 227      99EE3874 
ARM GAS  /var/folders/d3/p12xj6d96hx5ptyrkl_lzds40000gn/T//ccYtVRl8.s 			page 18


 227      F114B441 
 227      E905D7
 228 0467 52DD89F9 		.ascii	"R\335\211\371\354\352\252\377\305&\005(pT.\\\017\200"
 228      ECEAAAFF 
 228      C5260528 
 228      70542E5C 
 228      0F80
 229 0479 4B8C55D1 		.ascii	"K\214U\321\244\333\372{\226y@\305FP\033\316\025\272"
 229      A4DBFA7B 
 229      967940C5 
 229      46501BCE 
 229      15BA
 230 048b 44B6ED62 		.ascii	"D\266\355bo\236\007\004N\237z\224\034\031\266\217\212"
 230      6F9E0704 
 230      4E9F7A94 
 230      1C19B68F 
 230      8A
 231 049c 3DA0E194 		.ascii	"=\240\341\224\250\247\177\353\022\231\266\206\336\022"
 231      A8A77FEB 
 231      1299B686 
 231      DE12
 232 04aa 0F18B0AC 		.ascii	"\017\030\260\254j\027\335\317\262\035%\202\221\264\252"
 232      6A17DDCF 
 232      B21D2582 
 232      91B4AA
 233 04b9 E517D0B3 		.ascii	"\345\027\320\263\330\326\325\373;\024\255)\253\343d"
 233      D8D6D5FB 
 233      3B14AD29 
 233      ABE364
 234 04c8 4BDEAAAE 		.ascii	"K\336\252\256\200\320-\026\327,-VZ\240\2642yW\305\035"
 234      80D02D16 
 234      D72C2D56 
 234      5AA0B432 
 234      7957C51D 
 235 04dc E518E53D 		.ascii	"\345\030\345=\036\013\0248A&\234\240\343r\202\266\270"
 235      1E0B1438 
 235      41269CA0 
 235      E37282B6 
 235      B8
 236 04ed BB34099A 		.ascii	"\2734\011\232\200\270\300\027\274\01148!A\335\356fU"
 236      80B8C017 
 236      BC093438 
 236      2141DDEE 
 236      6655
 237 04ff 821EE589 		.ascii	"\202\036\345\211\234\300\263\206\016z*:%\346n\365\034"
 237      9CC0B386 
 237      0E7A2A3A 
 237      25E66EF5 
 237      1C
 238 0510 099A08CF 		.ascii	"\011\232\010\317E\323\224t\300J\317\252\323 \235\223"
 238      45D39474 
 238      C04ACFAA 
 238      D3209D93 
 239 0520 D0EFA335 		.ascii	"\320\357\2435\022m\222|\376`\365\353\022\021-\263\364"
 239      126D927C 
 239      FE60F5EB 
 239      12112DB3 
ARM GAS  /var/folders/d3/p12xj6d96hx5ptyrkl_lzds40000gn/T//ccYtVRl8.s 			page 19


 239      F4
 240 0531 AD141382 		.ascii	"\255\024\023\202\277\363&\320\247\207y\014\033\036\241"
 240      BFF326D0 
 240      A787790C 
 240      1B1EA1
 241 0540 C1B127A3 		.ascii	"\301\261'\243\337\027\273\211bO\226\254C;S$\342\361"
 241      DF17BB89 
 241      624F96AC 
 241      433B5324 
 241      E2F1
 242 0552 C0D63363 		.ascii	"\300\3263c\353\235\204h\322\021\024&\006q\2760\315\024"
 242      EB9D8468 
 242      D2111426 
 242      0671BE30 
 242      CD14
 243 0564 2606014D 		.ascii	"&\006\001M\373{\372\232L\022\361d`C\012\336\332\357"
 243      FB7BFA9A 
 243      4C12F164 
 243      60430ADE 
 243      DAEF
 244 0576 B51C596D 		.ascii	"\265\034Ym\335\006\357\343a)\302%\236\200\357\251%\320"
 244      DD06EFE3 
 244      6129C225 
 244      9E80EFA9 
 244      25D0
 245 0588 FFA3C773 		.ascii	"\377\243\307s\300\352\250v\226\342\015\013\234\202m"
 245      C0EAA876 
 245      96E20D0B 
 245      9C826D
 246 0597 30C82729 		.ascii	"0\310')8\015\016z\354\240\273_/\374Sz)\372}S\3614>\011"
 246      380D0E7A 
 246      ECA0BB5F 
 246      2FFC537A 
 246      29FA7D53 
 247 05af FDE4BCEF 		.ascii	"\375\344\274\357\276j\220Nj_\274E\031ml\033G\276\200"
 247      BE6A904E 
 247      6A5FBC45 
 247      196D6C1B 
 247      47BE80
 248 05c2 A7AFA026 		.ascii	"\247\257\240&\240-\363!9\374\340\317\341\01480 \213"
 248      A02DF321 
 248      39FCE0CF 
 248      E10C3830 
 248      208B
 249 05d4 ABBDE315 		.ascii	"\253\275\343\025\0277l5?r$:\374\302Y\257\232f=\315g"
 249      17376C35 
 249      3F72243A 
 249      FCC259AF 
 249      9A663DCD 
 250 05e9 F5E2F7BB 		.ascii	"\365\342\367\273\373t5S04\372\245\232.\0356\025W&\336"
 250      FB743553 
 250      3034FAA5 
 250      9A2E1D36 
 250      155726DE 
 251 05fd 1AB99A73 		.ascii	"\032\271\232s\376\034\316\223\232\251r\252|j\342\207"
 251      FE1CCE93 
 251      9AA972AA 
ARM GAS  /var/folders/d3/p12xj6d96hx5ptyrkl_lzds40000gn/T//ccYtVRl8.s 			page 20


 251      7C6AE287 
 252 060d ADE60247 		.ascii	"\255\346\002G\342\223\310EVC\273\226\236\373\363,(^"
 252      E293C845 
 252      5643BB96 
 252      9EFBF32C 
 252      285E
 253 061f E67E51CF 		.ascii	"\346~Q\317=\001\267\030\2745\362\334\377\355\177\342"
 253      3D01B718 
 253      BC35F2DC 
 253      FFED7FE2 
 254 062f 25CA3D81 		.ascii	"%\312=\201v\231\363\256\272M\023\345\003d\337+\274\325"
 254      7699F3AE 
 254      BA4D13E5 
 254      0364DF2B 
 254      BCD5
 255 0641 1994FB16 		.ascii	"\031\224\373\026\201\267O\270\276\336\024-o\323\343"
 255      81B74FB8 
 255      BEDE142D 
 255      6FD3E3
 256 0650 0E1FD9B4 		.ascii	"\016\037\331\264\335*\267E\023\374\344C\033\225\006"
 256      DD2AB745 
 256      13FCE443 
 256      1B9506
 257 065f 83E069ED 		.ascii	"\203\340i\355\377^/\304\264a\027\3422\247E\177\012\240"
 257      FF5E2FC4 
 257      B46117E2 
 257      32A7457F 
 257      0AA0
 258 0671 CD3BADDE 		.ascii	"\315;\255\336I\234.\027C@i\02214\372\203K\223\304[D"
 258      499C2E17 
 258      43406912 
 258      3134FA83 
 258      4B93C45B 
 259 0686 2297E6C3 		.ascii	"\"\227\346\303\361\341J3\367\341\245\271\342\317\241"
 259      F1E14A33 
 259      F7E1A5B9 
 259      E2CFA1
 260 0695 9D4A93C4 		.ascii	"\235J\223\304\262L>Y\003^Y/\016[\326U\016\251Q\310k"
 260      B24C3E59 
 260      035E592F 
 260      0E5BD655 
 260      0EA951C8 
 261 06aa A1B2663C 		.ascii	"\241\262f< k&\206F\177\260\254d\2265s\344\262:\3749"
 261      206B2686 
 261      467FB0AC 
 261      64963573 
 261      E4B23AFC 
 262 06bf FC4CB292 		.ascii	"\374L\262\222Y\226\231\346\226\333v\340\212.k\326\260"
 262      599699E6 
 262      96DB76E0 
 262      8A2E6BD6 
 262      B0
 263 06d0 655DE790 		.ascii	"e]\347\220\006\012y\303\333\266^Y\263\271mg\005/\271"
 263      060A79C3 
 263      DBB65E59 
 263      B3B96D67 
 263      052FB9
ARM GAS  /var/folders/d3/p12xj6d96hx5ptyrkl_lzds40000gn/T//ccYtVRl8.s 			page 21


 264 06e3 39D85878 		.ascii	"9\330XxK\266mX\021\263\037.\242\323\377\304\233$b\016"
 264      4BB66D58 
 264      11B31F2E 
 264      A2D3FFC4 
 264      9B24620E 
 265 06f7 8B88502A 		.ascii	"\213\210P*\242\345\3344\267\353\"R\206-\242\313\037"
 265      A2E5DC34 
 265      B7EB2252 
 265      862DA2CB 
 265      1F
 266 0708 F23FA122 		.ascii	"\362?\241\"\346\262\210\224`\021\251,b\356\310E\334"
 266      E6B28894 
 266      6011A92C 
 266      62EEC845 
 266      DC
 267 0719 F23FF136 		.ascii	"\362?\3616\211HUxqUn\365.\256\200\325dQV\333\245\264"
 267      89485578 
 267      71556EF5 
 267      2EAE80D5 
 267      645156DB 
 268 072f 83A77469 		.ascii	"\203\247ti/\015[Z\267\277\223{B\333n\336\003m7\037C"
 268      2F0D5B5A 
 268      B7BF937B 
 268      42DB6EDE 
 268      036D371F 
 269 0744 A33FB8ED 		.ascii	"\243?\270\355\026p\333\315\037y\333y\3749\364\222\330"
 269      1670DBCD 
 269      1F79DB79 
 269      FC39F492 
 269      D8
 270 0755 052C2BD2 		.ascii	"\005,+\322'\353\220W\326\302a\313\352\363w\362\235P"
 270      27EB9057 
 270      D6C261CB 
 270      EAF377F2 
 270      9D50
 271 0767 592F3F20 		.ascii	"Y/? +\015C\243?X\326\"\226\2256rYw\3759\334#Y\213X\226"
 271      2B0D43A3 
 271      3F58D622 
 271      96953672 
 271      5977FD39 
 272 0781 950F85F2 		.ascii	"\225\017\205\362l\272\357\005ybK\247c\334s\376S&\237"
 272      6CBAEF05 
 272      79624BA7 
 272      63DC73FE 
 272      53269F
 273 0794 F5D2E576 		.ascii	"\365\322\345v\333\276u\202\016\362\236\3430\210M)o\341"
 273      DBBE7582 
 273      0EF29EE3 
 273      30884D29 
 273      6FE1
 274 07a6 20DDEE33 		.ascii	" \335\3563\365\372\301?\003\337\274\201A\370(\231!O"
 274      F5FAC13F 
 274      03DFBC81 
 274      41F82899 
 274      214F
 275 07b8 1897EA67 		.ascii	"\030\227\352gIP&\276\320\370`\037t\356\316\224\250\216"
 275      495026BE 
ARM GAS  /var/folders/d3/p12xj6d96hx5ptyrkl_lzds40000gn/T//ccYtVRl8.s 			page 22


 275      D0F8601F 
 275      74EECE94 
 275      A88E
 276 07ca FA191295 		.ascii	"\372\031\022\225\205\257"
 276      85AF
 277 07d0 8E20141F 		.ascii	"\216 \024\037X\263$\252\363\327\022\224Mo\200@\020\037"
 277      58B324AA 
 277      F3D71294 
 277      4D6F8040 
 277      101F
 278 07e2 57B309B4 		.ascii	"W\263\011\264\321}\267~\232D-\226/\202=\253\216\326"
 278      D17DB77E 
 278      9A442D96 
 278      2F823DAB 
 278      8ED6
 279 07f4 5AE48B00 		.ascii	"Z\344\213\000\340~\000\211\317\305\213Y\224\235\376"
 279      E07E0089 
 279      CFC58B59 
 279      949DFE
 280 0803 CC74E2C9 		.ascii	"\314t\342\311\272\356\270\220\347B\205\376\352\000\272"
 280      BAEEB890 
 280      E74285FE 
 280      EA00BA
 281 0812 F1259494 		.ascii	"\361%\224\224\220\340\230\267l\371\322\345Y\257:\012"
 281      90E098B7 
 281      6CF9D2E5 
 281      59AF3A0A 
 282 0822 8A1DCB96 		.ascii	"\212\035\313\226\3449\012\013\212J\212\035\257\276\226"
 282      E4390A0B 
 282      8A4A8A1D 
 282      AFBE96
 283 0831 9194E848 		.ascii	"\221\224\350HO\237\357X\230\235\226\365\373DG\341\222"
 283      4F9FEF58 
 283      989D96F5 
 283      FB4447E1 
 283      92
 284 0842 BC37F2F2 		.ascii	"\2747\362\362r\022\336T4Bh\371K\212\337\322\362\013"
 284      7212DE54 
 284      344268F9 
 284      4B8ADFD2 
 284      F20B
 285 0854 7272C5D2 		.ascii	"rr\305\322\345%\332\222\274\222\"C\341\333\2059E\246"
 285      E525DA92 
 285      BC922243 
 285      E1DB8539 
 285      45A6
 286 0866 82E2C2DC 		.ascii	"\202\342\302\334\334\234\"cA\311\037\013s\213\014\004"
 286      DC9C2263 
 286      41C91F0B 
 286      738B0C04 
 287 0876 2932D37D 		.ascii	")2\323}b\250\371\323\325\374D5\377\205\377\001\253\333"
 287      62A8F9D3 
 287      D5FC4435 
 287      FF85FF01 
 287      ABDB
 288 0888 D75D     		.ascii	"\327]"
 289              		.text
ARM GAS  /var/folders/d3/p12xj6d96hx5ptyrkl_lzds40000gn/T//ccYtVRl8.s 			page 23


 290              		.section	.gnu.lto_.symbol_nodes.bbdb1a514c6897ee,"",%progbits
 291 0000 789C6361 		.ascii	"x\234ca`dPc\000\002\246m\214\365\014\014\023\31610\000"
 291      60645063 
 291      0002A66D 
 291      8CF50C0C 
 291      13CE3130 
 292 0015 A95D0D8A 		.ascii	"\251]\015\212@\221\355\214\365\214(\"\014\000\272\323"
 292      4091ED8C 
 292      F58C2822 
 292      0C00BAD3 
 293 0025 090E     		.ascii	"\011\016"
 294              		.text
 295              		.section	.gnu.lto_.refs.bbdb1a514c6897ee,"",%progbits
 296 0000 789C6361 		.ascii	"x\234ca`\004B \000\000\0009\000\007"
 296      60044220 
 296      00000039 
 296      0007
 297              		.text
 298              		.section	.gnu.lto_.decls.bbdb1a514c6897ee,"",%progbits
 299 0000 789CAD58 		.ascii	"x\234\255X{PT\327\031\277\347\236\335eY\026q\2046\351"
 299      7B5054D7 
 299      19BFE79E 
 299      DD655916 
 299      718436E9 
 300 0014 94766C86 		.ascii	"\224vl\206\030fZ]\3014\223\2772\243\240\321V\003]L\322"
 300      18665A5D 
 300      C13493BF 
 300      32A3A0D1 
 300      56035D4C 
 301 0029 CE74664B 		.ascii	"\316tfK`\325\235\"PX:\346\257\256\260\210`P\036\212"
 301      60D59D22 
 301      50583AE6 
 301      AFAEB088 
 301      60501E8A 
 302 003d A0F8428C 		.ascii	"\240\370B\214\200(\017E\004|\254\242\010\"\357\267\242"
 302      80280F45 
 302      047CACA2 
 302      0822EFB7 
 302      A2
 303 004e E1A96262 		.ascii	"\341\251bb\004_\240\306\330\357\234sw\357\356e\2675"
 303      045FA0C6 
 303      D8EF9C73 
 303      77EFEE65 
 303      B735
 304 0060 D3DEE1BB 		.ascii	"\323\336\341\273\347~\347\376\316\367\375\316w\316\375"
 304      E77EE7FE 
 304      CEF7FDCE 
 304      77CEFD
 305 006f BEB3C838 		.ascii	"\276\263\3108\304\221k\343[\0347\302s\334JP_\303\205"
 305      C4916BE3 
 305      5B1C37C2 
 305      73DC4A50 
 305      5FC385
 306 0082 A1EF334E 		.ascii	"\241\3573N\274\340\0257\006\362[\304\315\272H\277\227"
 306      BCE01537 
 306      06F25BC4 
 306      CDBA48BF 
ARM GAS  /var/folders/d3/p12xj6d96hx5ptyrkl_lzds40000gn/T//ccYtVRl8.s 			page 24


 306      97
 307 0093 809F07E2 		.ascii	"\200\237\007\342\0032\014\362\036H\010\340\327\200L"
 307      03320CF2 
 307      1E4808E0 
 307      D7804C
 308 00a2 C1F39FA0 		.ascii	"\301\363\237\240\035\202V\013\355\273 \241 a ~\210\215"
 308      1D82560B 
 308      EDBB20A1 
 308      2061207E 
 308      888D
 309 00b4 590A6D2F 		.ascii	"Y\012m/\264M \363\341\3712\264\277\206\366\032\264\276"
 309      B44D20F3 
 309      E1F932B4 
 309      BF86F61A 
 309      B4BE
 310 00c6 D0D643FB 		.ascii	"\320\326C\373Kh\233\241\375\025\264W\241\375\015\264"
 310      4B689BA1 
 310      FD15B457 
 310      A1FD0DB4 
 311 00d6 0DD0BE05 		.ascii	"\015\320\276\005m\037\264\375 \003 7\3548\377\331\011"
 311      6D1FB4FD 
 311      20032037 
 311      EC38FFD9 
 311      09
 312 00e7 67320F0F 		.ascii	"g2\017\017\011g\177\350\373\026\332\273 u\002\377P\216"
 312      09677FE8 
 312      FB16DABB 
 312      207502FF 
 312      508E
 313 00f9 F123FC15 		.ascii	"\361#\374\025\002/\302\211\360!\034\210\177\342\033"
 313      022FC289 
 313      F0211C88 
 313      7FE21B
 314 0108 B988CD2B 		.ascii	"\271\210\315+\036\225d\366\324\342\233h\000\001\037"
 314      1E9564F6 
 314      D4E29B68 
 314      00011F
 315 0117 3497F622 		.ascii	"4\227\366\"\304\356\210\012\307\204\252\360\300s\202"
 315      C4EE880A 
 315      C784AAF0 
 315      C07382
 316 0126 3D6B17B2 		.ascii	"=k\027\262\002\311\035n<\022\3728\2331\372'\214\247"
 316      02C91D6E 
 316      3C12FA38 
 316      9B31FA27 
 316      8CA7
 317 0138 EB472F6A 		.ascii	"\353G/jD\264\216\204A\310\306\200\276\346\330{\233U"
 317      44B48E84 
 317      41C8C680 
 317      BEE6D87B 
 317      9B55
 318 014a D6F0E200 		.ascii	"\326\360\342\000;{\214\256`N\344l\233\023\262M\2724"
 318      3B7B8CAE 
 318      604EE46C 
 318      9B13B24D 
 318      BA34
 319 015c 6FDC1DF3 		.ascii	"o\334\035\363\210<\177\363\274h\305\242R\023\\\031&"
ARM GAS  /var/folders/d3/p12xj6d96hx5ptyrkl_lzds40000gn/T//ccYtVRl8.s 			page 25


 319      883C7FF3 
 319      BC68C5A2 
 319      52135C19 
 319      26
 320 016d 13EF2F46 		.ascii	"\023\357/F\246\303\\\236\217\237\360h\236\012\311@\235"
 320      A6C35C9E 
 320      8F9FF068 
 320      9E0AC940 
 320      9D
 321 017e 6AD9333A 		.ascii	"j\3313:\007T\037\025\232\017\352\353\211\201\303\356"
 321      07541F15 
 321      9A0FEAEB 
 321      8981C3EE 
 322 018e ECED2441 		.ascii	"\354\355$A\2379\367 \220\251\276\240\325\336\232\262"
 322      9F39F720 
 322      90A9BEA0 
 322      D5DE9AB2 
 323 019e 7830F010 		.ascii	"x0\360\020\002\275\353\316!\263\232\275n'\350\355;N"
 323      02BDEBCE 
 323      21B39ABD 
 323      6E27E8ED 
 323      3B4E
 324 01b0 56A8F02F 		.ascii	"V\250\360/(\201\357\315\343C\036\354\335\333\240vN^"
 324      2881EFCD 
 324      E3431EEC 
 324      DDDBA076 
 324      4E5E
 325 01c2 DF27A873 		.ascii	"\337'\250sA\035L\335\262_\201\347S\344\255\306\342c"
 325      411D4CDD 
 325      B25F81E7 
 325      53E4ADC6 
 325      E263
 326 01d4 84D17B2A 		.ascii	"\204\321{*D&\354\005]e\337\325<\367d]\004\321\271\343"
 326      4426EC05 
 326      5D65DFD5 
 326      3CF7645D 
 326      04D1B9E3 
 327 01e8 51A11B7E 		.ascii	"Q\241\033~\227<\363\015\351'+=\220\277\352k2\267\241"
 327      973CF30D 
 327      E9272B3D 
 327      90BFEA6B 
 327      32B7A1
 328 01fb 8E23EA1A 		.ascii	"\216#\352\032\223i.:\203T\3504\302\250\030-\"\021yO"
 328      93692E3A 
 328      8354E834 
 328      C2A8182D 
 328      2211794F 
 329 020f 05F7AD26 		.ascii	"\005\367\255&S\242)#\3114\257q\016\207\216!_T\202|9"
 329      53A22923 
 329      C934AF71 
 329      0E878E21 
 329      5F54827C 
 330 0224 548DFC89 		.ascii	"T\215\374\211Y\002DU\320y\012:\301Eqaf\201\002oE\324"
 330      59024455 
 330      D0790A3A 
 330      C1457161 
 330      6681026F 
ARM GAS  /var/folders/d3/p12xj6d96hx5ptyrkl_lzds40000gn/T//ccYtVRl8.s 			page 26


 331 023a 47DEA992 		.ascii	"G\336\251\222i\225\315GW\332\373\245\304G\035\370\250"
 331      6995CD47 
 331      57DAFBA5 
 331      C4471DF8 
 331      A8
 332 024b 117D804B 		.ascii	"\021}\200K\227Nj\235;\031\251\035\334\314\343\333\324"
 332      974E6A9D 
 332      3B19A91D 
 332      DCCCE3DB 
 332      D4
 333 025c 09DA53F7 		.ascii	"\011\332S\367\344\232\234ED\011\352\303\354+-<\036a"
 333      E49A9C45 
 333      4409EAC3 
 333      EC2B2D3C 
 333      1E61
 334 026e EFEEF427 		.ascii	"\357\356\364'\345)\360=\246d\274\0320)\360$S\322\037"
 334      E529F03D 
 334      A664BC1A 
 334      3029F024 
 334      53D21F
 335 0281 CE1C92E1 		.ascii	"\316\034\222\341i\246\014$M\367z\342WTq?\361|\333\230"
 335      69A60C24 
 335      4DF77AE2 
 335      5754713F 
 335      F17CDB98 
 336 0295 1AF9F979 		.ascii	"\032\371\371y\373\371\371\373\371\371\025\020bC\273"
 336      FBF9F9FB 
 336      F9F91510 
 336      6243BB
 337 02a4 3AFF957D 		.ascii	":\377\225}t\213)#\234\262?\013\354\257 o\221g%\3348"
 337      748B2923 
 337      9CB23F0B 
 337      ECAF206F 
 337      916725DC 
 338 02b9 1400378E 		.ascii	"\024\0007\216\342-\317\332\324V\360\005)\370\234\010"
 338      E22DCFDA 
 338      D456F005 
 338      29F89C08 
 339 02c9 CE143696 		.ascii	"\316\0246\226\011\0319t\002\000\307\351;\002\2079\243"
 339      09193974 
 339      0200C7E9 
 339      3B028739 
 339      A3
 340 02da 46987E03 		.ascii	"F\230~\003\362CM \227A\256\201\324\2034\203\\E~t+2\177"
 340      F2434D20 
 340      9741AE81 
 340      D4833483 
 340      5C457E74 
 341 02f1 B7457F17 		.ascii	"\267E\177\027\245\3764\022n9\2356\354%)\266B\344F\027"
 341      A5FE3412 
 341      6E399D36 
 341      EC2529B6 
 341      42E44617 
 342 0305 CD72130C 		.ascii	"\315r\023\014\233\224\004\304\011\013&:}\334\346\233"
 342      9B9404C4 
 342      090B263A 
 342      7DDCE69B 
ARM GAS  /var/folders/d3/p12xj6d96hx5ptyrkl_lzds40000gn/T//ccYtVRl8.s 			page 27


 343 0315 67B29831 		.ascii	"g\262\23015eq\352\366\030\022\375\276\0209\236w\036"
 343      356571EA 
 343      F61812FD 
 343      BE10399E 
 343      771E
 344 0327 137B7496 		.ascii	"\023{t\226\310\362\244\363p34,\337\205\037\315\355\012"
 344      C8F2A4F3 
 344      7033342C 
 344      DF851FCD 
 344      ED0A
 345 0339 7C9A7EB0 		.ascii	"|\232~\260|R\341T\246\022\371{3\372y\235\210\320o\205"
 345      7C52E154 
 345      A612F97B 
 345      33FA799D 
 345      88D06F85 
 346 034d D1D7C52D 		.ascii	"\321\327\305-Gf\343\"\370\250\005b\376S\342\017\376"
 346      4766E322 
 346      F8A80562 
 346      FE53E20F 
 346      FE
 347 035e 8BEEE46F 		.ascii	"\213\356\344o\027>\337\017A\255j9s[\216\233X\376\030"
 347      173EDF0F 
 347      41AD6A39 
 347      735B8E9B 
 347      58FE18
 348 0371 7CD49BE2 		.ascii	"|\324\233\342\201\333\231R\366\303\316\243\012\334\307"
 348      81DB9952 
 348      F6C3CEA3 
 348      0ADCC7
 349 0380 14F3D8F7 		.ascii	"\024\363\330\367\255\302\227\374\025I\002/'Ow{\011I"
 349      ADC297FC 
 349      1549022F 
 349      274F777B 
 349      0949
 350 0392 816CE4AE 		.ascii	"\201l\344\256\351\366\024\025\276M\301n\343\015\205"
 350      E9F61415 
 350      BE4DC16E 
 350      E30D85
 351 03a1 756EB029 		.ascii	"un\260)\341\362\367.\240S\353\350\364\335L\243O&\327"
 351      E1F2F72E 
 351      A053EBE8 
 351      F4DD4CA3 
 351      4F26D7
 352 03b4 09931B84 		.ascii	"\011\223\033\204\3266\015\207E\007t\277\226D\223@;\244"
 352      D6360D87 
 352      450774BF 
 352      96449340 
 352      3BA4
 353 03c6 D00AC7D8 		.ascii	"\320\012\307\330\003x\322\006n\227\202\333\220\304\360"
 353      0378D206 
 353      6E9782DB 
 353      90C4F0
 354 03d5 8C0D5B2E 		.ascii	"\214\015[.\305\226\3152\234\033f\005\367H\301\245\322"
 354      C596CD32 
 354      9C1B6605 
 354      F748C1A5 
 354      D2
ARM GAS  /var/folders/d3/p12xj6d96hx5ptyrkl_lzds40000gn/T//ccYtVRl8.s 			page 28


 355 03e6 9D57D749 		.ascii	"\235W\327Iw\336\240\343\316sX\264n\030\334E\307\015"
 355      77DEA0E3 
 355      CE7358B4 
 355      6E18DC45 
 355      C70D
 356 03f8 0A2B7613 		.ascii	"\012+v\023V\254\027V\247\017\244\037d\000\344\206\270"
 356      56AC1756 
 356      A70FA41F 
 356      6400E486 
 356      B8
 357 0409 52179F7F 		.ascii	"R\027\237\177\227\354\205\307\331N)7\027\317\310l;\345"
 357      97EC85C7 
 357      D94E2937 
 357      17CFC86C 
 357      3BE5
 358 041b 6917DD29 		.ascii	"i\027\335)\337\200\241[\342N\031\234\275S\254N\321m"
 358      DF80A15B 
 358      E24E199C 
 358      BD53AC4E 
 358      D16D
 359 042d F0F5867E 		.ascii	"\360\365\206~\307\312\253-^\336\202\031\213K3\334\177"
 359      C7CAAB2D 
 359      5EDE8219 
 359      8B4B33DC 
 359      7F
 360 043e B271B9EB 		.ascii	"\262q\271\353\322G\35241MB\351\020?\011\016\015#\265"
 360      D247EA34 
 360      314D42E9 
 360      103F090E 
 360      0D23B5
 361 0451 00CCBE58 		.ascii	"\000\314\276X\225\357)\343Y\037\372BF\372\362\266M\344"
 361      95EF29E3 
 361      591FFA42 
 361      46FAF2B6 
 361      4DE4
 362 0463 C9DECEA1 		.ascii	"\311\336\316\241\004\222L\363e\350\263\237\333\215\035"
 362      04924CF3 
 362      65E8B39F 
 362      DB8D1D
 363 0472 456FC37D 		.ascii	"Eo\303}\004\311\230\201\252\321\306\034\367w\016\232"
 363      04C99881 
 363      AAD1C61C 
 363      F7770E9A 
 364 0482 0E969B86 		.ascii	"\016\226\233\206.\354\376\353p\245\311\224\012\003e"
 364      2EECFEEB 
 364      70A5C994 
 364      0A0365
 365 0491 04878AC4 		.ascii	"\004\207\212\304\340\300#i\216\302\35494\206\336\201"
 365      E0C02369 
 365      8EC2EC39 
 365      3486DE81 
 366 04a1 A10F8E24 		.ascii	"\241\017\216$e{\341\303\230\356\360\222\226\342\037"
 366      657BE1C3 
 366      98EEF092 
 366      96E21F
 367 04b0 64B8862A 		.ascii	"d\270\206*|\342\213mUJ\244\362w\236\350\3579I\364\254"
 367      7CE28B6D 
ARM GAS  /var/folders/d3/p12xj6d96hx5ptyrkl_lzds40000gn/T//ccYtVRl8.s 			page 29


 367      554AA4F2 
 367      779EE8EF 
 367      3949F4AC 
 368 04c4 6AECCA5A 		.ascii	"j\354\312Zq$\031J/\272\013\231\340\216\350\274\216\226"
 368      7124194A 
 368      2FBA0B99 
 368      E08EE8BC 
 368      8E96
 369 04d6 0DF0323D 		.ascii	"\015\3602=\234\322\204\351t\011\202M\327|\371Y\246'"
 369      9CD284E9 
 369      7409824D 
 369      D77CF959 
 369      A627
 370 04e8 BEC43CE7 		.ascii	"\276\304<\347t\357~\354\341\322\363w\256<[~\364\006"
 370      74EF7EEC 
 370      E1D2F377 
 370      AE3C5B7E 
 370      F406
 371 04fa AFDF82CD 		.ascii	"\257\337\202\315\373N\274\276\314\177r\227\005\231 "
 371      FB4EBCBE 
 371      CC7F7297 
 371      059920
 372 0509 261075BB 		.ascii	"&\020u\273\367\361\255\011\241\352\373\333\235\011\346"
 372      F7F1AD09 
 372      A1EAFBDB 
 372      9D09E6
 373 0518 B133C1CC 		.ascii	"\2613\301\314\241\261,\036\267\261\330\264\037\335\332"
 373      A1B12C1E 
 373      B7B1D8B4 
 373      1FDDDA
 374 0527 8E554029 		.ascii	"\216U@)\351\215\253^\371\353\235C\236\270\233\215?>"
 374      E98DAB5E 
 374      F9EB9D43 
 374      9EB89B8D 
 374      3F3E
 375 0539 F3CD6939 		.ascii	"\363\315i9\036`J\372\316K\227d\3706S\016\347e\246\310"
 375      1E604AFA 
 375      CE4B9764 
 375      F836530E 
 375      E765A6C8 
 376 054d F128538A 		.ascii	"\361(S\212\2632\312Ux\234)\326\263\203\017;;\\y=m\361"
 376      B332CA55 
 376      789C29D6 
 376      B3830F3B 
 376      3B5C793D 
 377 0563 62F47850 		.ascii	"b\364xPsK\372^\270\343\273\014z\344\305\313Ir\226X@"
 377      734BFA5E 
 377      B8E3BB0C 
 377      7AE4C5CB 
 377      49729658 
 378 0578 CE12D8EE 		.ascii	"\316\022\330\356$\261\200\235$.47}\255\306\017X\200"
 378      24B1809D 
 378      242E3437 
 378      7DADC60F 
 378      5880
 379 058a 0B2D89C9 		.ascii	"\013-\211\311\310\032`\230\220\252\010f3\015\304g\310"
 379      C81A6098 
ARM GAS  /var/folders/d3/p12xj6d96hx5ptyrkl_lzds40000gn/T//ccYtVRl8.s 			page 30


 379      90AA0866 
 379      330DC467 
 379      C8
 380 059b 6C7E84D9 		.ascii	"l~\204\331,\020f\363\022:_\330\226\266\343\301\037\222"
 380      2C1066F3 
 380      123A5FD8 
 380      96B6E3C1 
 380      1F92
 381 05ad E09B42AF 		.ascii	"\340\233B\257 \202?\2101^ \204\370|\346\315;*<\303|"
 381      20823F88 
 381      315E2084 
 381      F87CE6CD 
 381      3B2A3CC3 
 382 05c2 144F5E2F 		.ascii	"\024O^/\365r\351c3\357\312GW\332\002z\3500\3610\023"
 382      F572E963 
 382      33EFCA47 
 382      57DA027A 
 382      E830F130 
 383 05d7 D1C72BEB 		.ascii	"\321\307+\353:&\316\024\234U\342\3152\342Dv|\347\300"
 383      3A26CE14 
 383      9C55E2CD 
 383      32E24476 
 383      7CE7C0
 384 05ea 010582CA 		.ascii	"\001\005\202\312\357/T\375\254\250\354\224-\246\366"
 384      EF2F54FD 
 384      ACA8EC94 
 384      2DA6F6
 385 05f9 BFD1E189 		.ascii	"\277\321\341\211<Ff\336[\364\252\221\324q\013L&\216"
 385      3C4666DE 
 385      5BF4AA91 
 385      D4710B4C 
 385      268E
 386 060b B3FBAE08 		.ascii	"\263\373\256\010\232d\207-@/\211\367C\311\274}\315\256"
 386      9A64872D 
 386      402F89F7 
 386      43C9BC7D 
 386      CDAE
 387 061d DCA1B69A 		.ascii	"\334\241\266\232~\216\234\231\236Fb6<\320\306\223\364"
 387      7E8E9C99 
 387      9E466236 
 387      3CD0C693 
 387      F4
 388 062e 0420FB6C 		.ascii	"\004 \373l\010\234\013\012\032N*\221\017\324\205,\341"
 388      089C0B0A 
 388      1A4E2A91 
 388      0FD4852C 
 388      E1
 389 063f EBA6E945 		.ascii	"\353\246\351E$\221\302\373P\022i@\"\025Hl\025I\200\335"
 389      2491C2FB 
 389      50126940 
 389      2215486C 
 389      154980DD 
 390 0653 AA360C55 		.ascii	"\2526\014U$\221\271\177\0064\010\334\345\321a\237}\305"
 390      2491B97F 
 390      063408DC 
 390      E5D1619F 
 390      7DC5
ARM GAS  /var/folders/d3/p12xj6d96hx5ptyrkl_lzds40000gn/T//ccYtVRl8.s 			page 31


 391 0665 7FEA1ACD 		.ascii	"\177\352\032\3158\357\3351\207p\006\214#g\364\360\321"
 391      38EFDD31 
 391      8770068C 
 391      2367F4F0 
 391      D1
 392 0676 DE5E2F1F 		.ascii	"\336^/\037\340\273\3315_\316\201,\371\246\353{\252\324"
 392      E0BBD935 
 392      5FCE812C 
 392      F9A6EB7B 
 392      AAD4
 393 0688 3899AE14 		.ascii	"8\231\256\024\032o.KT\342T\246\354o9\321,\307\351L\251"
 393      1A6F2E4B 
 393      54E254A6 
 393      EC6F39D1 
 393      2CC7E94C 
 394 069d 3B76A293 		.ascii	";v\242\223\307\331L)\255\231\334\206\360^\246L\245\224"
 394      C7D94C29 
 394      AD99DC86 
 394      F05EA64C 
 394      A594
 395 06af 1971017B 		.ascii	"\031q\001{6\357\313h\343\331\336\377\035\2509\251\371"
 395      36EFCB68 
 395      E3D9DEFF 
 395      1DA839A9 
 395      F9
 396 06c0 4332A1F6 		.ascii	"C2\241\366\222o\241\262\267\250N\211\213(\326soNE\267"
 396      926FA1B2 
 396      B7A84E89 
 396      8B28D673 
 396      6F4E45B7 
 397 06d4 82D55E6F 		.ascii	"\202\325^oZ\200\311\241\320\234d\262\354\266Fc\012\242"
 397      5A80C9A1 
 397      D09C64B2 
 397      ECB64663 
 397      0AA2
 398 06e6 910EBB63 		.ascii	"\221\016\273c\017\357\352Lh\206 W\267\361\014\276\015"
 398      0FEFEA4C 
 398      68862057 
 398      B7F10CBE 
 398      0D
 399 06f7 66F80449 		.ascii	"f\370\004I\340\025\016p\260\376\272\325\316z\246\324"
 399      E0150E70 
 399      B0FEBAD5 
 399      CE7AA6D4 
 400 0707 BA46823E 		.ascii	"\272F\202>\317\016W\004\273S\212\375^j\372\214\010~"
 400      CF0E5704 
 400      BB538AFD 
 400      5E6AFA8C 
 400      087E
 401 0719 EC9C072B 		.ascii	"\354\234\007+\332\016u/\233\367EY<y\271G\330\326\007"
 401      DA0E752F 
 401      9BF74559 
 401      3C79B947 
 401      D8D607
 402 072c 6047ED86 		.ascii	"`G\355\206E:\010\262\037$\037d\027\310^\220\034\220"
 402      453A08B2 
 402      1F241F64 
ARM GAS  /var/folders/d3/p12xj6d96hx5ptyrkl_lzds40000gn/T//ccYtVRl8.s 			page 32


 402      17C85E90 
 402      1C90
 403 073e 3C907D20 		.ascii	"<\220} \207@rm\273\216\020\310\025\011|\345<n\326S\003"
 403      8740726D 
 403      BB8E10C8 
 403      15097CE5 
 403      3C6ED653 
 404 0753 41EF14D1 		.ascii	"A\357\024\321\333\245\350s\263\320\265\"\372\221tr\017"
 404      DBA5E873 
 404      B3D0B522 
 404      FA917472 
 404      0F
 405 0764 A591C812 		.ascii	"\245\221\310\022\301;\234\233\266\333\317/[\351\211"
 405      C13B9C9B 
 405      B6DBCF2F 
 405      5BE989
 406 0773 640F2F39 		.ascii	"d\017/9\013\023C\231\366{!\303\351j\331\223<+\372\235"
 406      0B134399 
 406      F67B21C3 
 406      E96AD993 
 406      3C2BFA9D 
 407 0787 744ED276 		.ascii	"tN\322v\272\265\264\314\234\222\343R\272\027\371\321"
 407      BAB5B4CC 
 407      9C92E352 
 407      BA17F9D1 
 408 0797 A61793D8 		.ascii	"\246\027\223\330vf\351h\243g\226B\030]\300\333r\033"
 408      7666E968 
 408      A3679642 
 408      185DC0DB 
 408      721B
 409 07a9 E1E762ED 		.ascii	"\341\347b\355\320aX\262\377e\371\200OKC\377E\245\303"
 409      D06158B2 
 409      FF65F980 
 409      4F4B43FF 
 409      45A5C3
 410 07bc 41A490B7 		.ascii	"A\244\220\267?\210\034\341\325\002\023\000W\247\346"
 410      3F881CE1 
 410      D5021300 
 410      57A7E6
 411 07cb DEF5C435 		.ascii	"\336\365\3045\214"
 411      8C
 412 07d0 7CD6E0AB 		.ascii	"|\326\340\253< \257f\344\273r|\011\371\"\200\177-\222"
 412      3C20AF66 
 412      E4BB727C 
 412      09F92280 
 412      7F2D92
 413 07e3 87D1D0B8 		.ascii	"\207\321\320\270\262\216\216\002g\007\007})\346\026"
 413      B28E8E02 
 413      6707077D 
 413      29E616
 414 07f2 9ED66162 		.ascii	"\236\326ab\350\001\253\303\017n\354\270\257vy\332)\341"
 414      E801ABC3 
 414      0F6EECB8 
 414      AF7679DA 
 414      29E1
 415 0804 C969A798 		.ascii	"\311i\247\230\027N;\203\317\256\226xZO;}\272\021\333"
 415      174E3B83 
ARM GAS  /var/folders/d3/p12xj6d96hx5ptyrkl_lzds40000gn/T//ccYtVRl8.s 			page 33


 415      CFAE9678 
 415      5A4F3B7D 
 415      BA11DB
 416 0817 69077068 		.ascii	"i\007ph\\,\031\343\366\247\235c<9\355\324U\237m\020"
 416      5C2C19E3 
 416      F6A79D63 
 416      3C39EDD4 
 416      559F6D10 
 417 082b 7E7A2E26 		.ascii	"~z.&\005>7\371(\302\227Y\206i\356=tB\216\2571\245\345"
 417      053E37F9 
 417      28C29759 
 417      8669EE3D 
 417      74428EAF 
 418 0842 6E45A71B 		.ascii	"nE\247\033ng\312\356\232\221\3119\270\237)\231\365O"
 418      6E67CAEE 
 418      9A91C939 
 418      B89F2999 
 418      F54F
 419 0854 1F7BE041 		.ascii	"\037{\340A\001\226\232\265\213\307\303B\272j\257Os\307"
 419      01969AB5 
 419      8BC7C342 
 419      BA6AAF4F 
 419      73C7
 420 0866 134C49BB 		.ascii	"\023LI\2738\260\305\035O1\345\320\275\0328d\3150\345"
 420      38B0C51D 
 420      4F31E5D0 
 420      BD1A3864 
 420      CD30E5
 421 0879 ECCD2A0D 		.ascii	"\354\315*\015\336,g\325\276&}X\216\323\2302Zm~&\303"
 421      DE2C67D5 
 421      BE267D58 
 421      8ED39832 
 421      5A6D7E26 
 422 088e DB99D25E 		.ascii	"\333\231\322^;4>\007g3\345\321\341\262\003\210e;\013"
 422      3B343E07 
 422      6733E5D1 
 422      E1B20388 
 422      653B0B
 423 08a1 A9EDDD35 		.ascii	"\251\355\3355=[=p\016}9\367N\2569]\305\262\235\220\354"
 423      3D5B3D70 
 423      0E7D39F7 
 423      4EAE395D 
 423      C5B29D90 
 424 08b6 BCFD8484 		.ascii	"\274\375\204\2047\364\364\376\206\201\3161\223)KMwn"
 424      37F4F4FE 
 424      8681CE31 
 424      93294B4D 
 424      776E
 425 08c8 392C5BA3 		.ascii	"9,[\243\253\235\313\366yg\257m\237\327I\321\245\274"
 425      AB9DCBF6 
 425      7967AF6D 
 425      9FD749D1 
 425      A5BC
 426 08da 145D2EA2 		.ascii	"\024].\242\253\244\350J\351\247{Z\004WJ\301\025\263"
 426      ABA4E84A 
 426      E9A77B5A 
 426      04574AC1 
ARM GAS  /var/folders/d3/p12xj6d96hx5ptyrkl_lzds40000gn/T//ccYtVRl8.s 			page 34


 426      15B3
 427 08ec 88EC11D1 		.ascii	"\210\354\021\321g\244\350Y_g\245\010>\345\234\207\303"
 427      67A4E859 
 427      5F67A508 
 427      3EE59C87 
 427      C3
 428 08fd B72CA2CB 		.ascii	"\267,\242\313\244\350Y\251w\277\010>-\005\317\316e\247"
 428      A4E859A9 
 428      77BF083E 
 428      2D05CFCE 
 428      65A7
 429 090f 44F449E7 		.ascii	"D\364I\347s\264KO\273zizjt\226\236:z}\304\364t\334\371"
 429      73B44B4F 
 429      BB7A697A 
 429      6A74969E 
 429      3A7A7DC4 
 430 0927 4AD81708 		.ascii	"J\330\027\010\321o\205\363E\236\375\357\213Z\3101\354"
 430      D16F85F3 
 430      459EFDEF 
 430      8B5AC831 
 430      EC
 431 0938 D761A390 		.ascii	"\327a\243\220`\256\300\307\332\014\311\303\002\322\004"
 431      60AEC0C7 
 431      DA0CC9C3 
 431      02D204
 432 0947 520F721E 		.ascii	"R\017r\036\344\"\310e\220\013 WA\316\202\\\002\271\006"
 432      E422C865 
 432      900B2057 
 432      41CE825C 
 432      02B906
 433 095a D20072CE 		.ascii	"\322\000r\316\241V\344\213\\\252\235G\314\276\014\212"
 433      A156E48B 
 433      5CAA9D47 
 433      CCBE0C8A 
 434 096a E013CED7 		.ascii	"\340\023\316\327\302>\274\271\"\272\306\351\246\010"
 434      C23EBCB9 
 434      22BAC6E9 
 434      A608
 435 0978 1072F0D3 		.ascii	"\020r\360\323\322\322[\036\270\225~!\374\363\376\236"
 435      D2D25B1E 
 435      B8957E21 
 435      FCF3FE9E 
 436 0988 118CBCFD 		.ascii	"\021\214\274\375\235\316\036\265\302\244\377_\001`\353"
 436      9DCE1EB5 
 436      C2A4FF5F 
 436      0160EB
 437 0997 DA9343B3 		.ascii	"\332\223C\263|\013\030\275.&\312F\232\345\201\333\276"
 437      7C0B18BD 
 437      2E26CA46 
 437      9AE581DB 
 437      BE
 438 09a8 D2E97B32 		.ascii	"\322\351{2\207|\334\342\220\217\333hF\245-\240\237\325"
 438      877CDCE2 
 438      908FDB68 
 438      46A52DA0 
 438      9FD5
 439 09ba 27A7783A 		.ascii	"'\247x:\376\022u\366\257\017\356M\376\357\221c\351H"
ARM GAS  /var/folders/d3/p12xj6d96hx5ptyrkl_lzds40000gn/T//ccYtVRl8.s 			page 35


 439      FE1275F6 
 439      AF0FEE4D 
 439      FEEF9163 
 439      E948
 440 09cc 410E9EDB 		.ascii	"A\016\236\333\035<w\010\236;\250\347\322\255\367'\274"
 440      1D3C7708 
 440      9E3BA8E7 
 440      D2ADF727 
 440      BC
 441 09dd 9C7BE6DE 		.ascii	"\234{\346\336\334-\352\344\275\301Xc\317h\256R%\374"
 441      DC2DEAE4 
 441      BDC15863 
 441      CF68AE52 
 441      25FC
 442 09ef A2CBF8EF 		.ascii	"\242\313\370\357?\237P\027\257\"it\313\303>\214o\260"
 442      3F9F5017 
 442      AF226974 
 442      CBC33E8C 
 442      6FB0
 443 0a01 34782DAD 		.ascii	"4x-\255\264UEK\007\020\024~8\036l>R\340N\373H\225\351"
 443      B455454B 
 443      0710147E 
 443      381E6C3E 
 443      52E04EFB 
 444 0a18 E169E7FD 		.ascii	"\341i\347\375\341\364b\225\313r\322G\313I\257\265\234"
 444      E1F46295 
 444      CB72D247 
 444      CB49AFB5 
 444      9C
 445 0a29 E4744C8C 		.ascii	"\344tL\214\253\241\234Xh9\371h\037+'\2112\202C\335\342"
 445      ABA19C58 
 445      6839F968 
 445      1F2B2789 
 445      328243DD 
 446 0a3e FAC1A358 		.ascii	"\372\301\243XN\372\371w8O]lx\224.**Rg\2106\030\225\037"
 446      4EFAF977 
 446      384F5D6C 
 446      78942E2A 
 446      2A526788 
 447 0a56 7FF2E9FC 		.ascii	"\177\362\351\374\240\200\000N\021\032\034\034n\014\227"
 447      A080004E 
 447      111A1C1C 
 447      6E0C97
 448 0a65 85AF8B8B 		.ascii	"\205\257\213\213R\351t\011\206h\343\222@\235\361sMB"
 448      52E97409 
 448      8668E392 
 448      409DF173 
 448      4D42
 449 0a77 7C9C262A 		.ascii	"|\234&*&\"<J\263>\"bax\334\306\205\3211\321\372\205"
 449      26223C4A 
 449      B33E2262 
 449      6178DCC6 
 449      85D131D1 
 450 0a8d FAF02F0C 		.ascii	"\372\360/\014\013\177\257{\177a\340\342\200\017\376"
 450      0B7FAF7B 
 450      7F61E0E2 
 450      800FFE
ARM GAS  /var/folders/d3/p12xj6d96hx5ptyrkl_lzds40000gn/T//ccYtVRl8.s 			page 36


 451 0a9c 11A87178 		.ascii	"\021\250qx\2411DGD%D\3525\033\303#6\030\242\365\032"
 451      A1314447 
 451      442544EA 
 451      351BC323 
 451      3618A2F5 
 452 0ab1 5DA47E5D 		.ascii	"]\244~]xB\224Qg\3742V\037\277h\003\247\264:X\375\277"
 452      78429451 
 452      67FC3256 
 452      1FBF6803 
 452      A7B43A58 
 453 0ac7 3988FF32 		.ascii	"9\210\3772^\243\2137F\2025\260\212c\"\343\344\261\011"
 453      5EA38B37 
 453      468235B0 
 453      8A6322E3 
 453      E4B109
 454 0ada B191716E 		.ascii	"\261\221qn1\361\261z}d\234\"\206x\214\223o\214\211\324"
 454      31F1B17A 
 454      7D649C22 
 454      86788C93 
 454      6F8C89D4 
 455 0aee C791C96D 		.ascii	"\307\221\311mX\262h\221&h\203\341\013CH\230&&^\263\001"
 455      58B26891 
 455      266883E1 
 455      0B434898 
 455      26265EB3 
 456 0b03 FCC6C6C4 		.ascii	"\374\306\306\304\031\3435ak\327,\011\324\254^\035\254"
 456      19E33561 
 456      6BD72C09 
 456      D4AC5E1D 
 456      AC
 457 0b14 F9387455 		.ascii	"\3718tU\310?\0035B\234\300\356\274x\343F \273>\326\020"
 457      C83F0335 
 457      429CC0EE 
 457      BC78E346 
 457      20BB3ED6 
 458 0b29 A38BD71B 		.ascii	"\243\213\327\033\023buFEh\020\211\227\"t\031k\226\262"
 458      13627546 
 458      45681089 
 458      97227419 
 458      6B96B2
 459 0b3c 660569DC 		.ascii	"f\005i\334C\227\256\016\212\211^gX\377\323\235Ep?\263"
 459      4397AE0E 
 459      8A895E67 
 459      58FFD39D 
 459      45703FB3 
 460 0b50 2D10B85A 		.ascii	"-\020\270Z\037\027\223\020K\310+\0151\244\321\031\325"
 460      1F179310 
 460      4BC82B0D 
 460      31A4D119 
 460      D5
 461 0b61 86186262 		.ascii	"\206\030bbcx\374\337uF\331\322\025\332\225\344\266Z"
 461      6378FCDF 
 461      7546D9D2 
 461      15DA95E4 
 461      B65A
 462 0b73 B63AE88F 		.ascii	"\266:\350\217Z\331\2620\255\026}\216V\312#\242\364\341"
 462      5AD9B230 
ARM GAS  /var/folders/d3/p12xj6d96hx5ptyrkl_lzds40000gn/T//ccYtVRl8.s 			page 37


 462      AD167D8E 
 462      56CA23A2 
 462      F4E1
 463 0b85 71C23A06 		.ascii	"q\302:\006|\2403*\255\017\030\214\342\220`-^\025\254"
 463      7CA0332A 
 463      AD0F188C 
 463      E290602D 
 463      5E15AC
 464 0b98 95877E1A 		.ascii	"\225\207~\032\032\254u\013\011\013]\276<X\253\010Y\373"
 464      1AAC750B 
 464      090B5DBE 
 464      3C58AB08 
 464      59FB
 465 0baa 97D0E55A 		.ascii	"\227\320\345Z\371\232\220\340\345Z\274L\253U\333\315"
 465      F99A90E0 
 465      E55ABC4C 
 465      AB55DBCD 
 466 0bba DAA8626E 		.ascii	"\332\250bn\015\221:\243<h\305\307\332%\364\036\350\266"
 466      0D913AA3 
 466      3C68C5C7 
 466      DA25F41E 
 466      E8B6
 467 0bcc 74E5326D 		.ascii	"t\3452m\330Z-\016\012\003\357\301AZ\267\245\241\313"
 467      D85A2D0E 
 467      0A03EFC1 
 467      415AB7A5 
 467      A1CB
 468 0bde 02967F42 		.ascii	"\002\226\177B\333@h\025\000\200FI\272\011\220<\004\262"
 468      DB406815 
 468      00804649 
 468      BA09903C 
 468      04B2
 469 0bf0 11ABB432 		.ascii	"\021\253\2642b\203\017\202gm\240$T\372MFM\320\232\260"
 469      62830F82 
 469      676DA024 
 469      54FA4D46 
 469      4DD09AB0 
 470 0c04 5561102A 		.ascii	"Ua\020*\026\255\025\2137m\322PJ\353\026/Y\274\351CX"
 470      16AD158B 
 470      376DD250 
 470      4AEB162F 
 470      59BCE943 
 471 0c19 170F6D50 		.ascii	"\027\017mP\220n-,p\260~\235\222lg\302\365\337\326\012"
 471      906E2D2C 
 471      70B07E9D 
 471      926C67C2 
 471      F5DFD60A 
 472 0c2d 91C9     		.ascii	"\221\311"
 473              		.text
 474              		.section	.gnu.lto_.symtab.bbdb1a514c6897ee,"",%progbits
 475 0000 5F70616C 		.ascii	"_pal_lld_init\000"
 475      5F6C6C64 
 475      5F696E69 
 475      7400
 476 000e 00       		.ascii	"\000"
 477 000f 00       		.ascii	"\000"
 478 0010 00       		.ascii	"\000"
ARM GAS  /var/folders/d3/p12xj6d96hx5ptyrkl_lzds40000gn/T//ccYtVRl8.s 			page 38


 479 0011 00000000 		.ascii	"\000\000\000\000\000\000\000\000"
 479      00000000 
 480 0019 E4000000 		.ascii	"\344\000\000\000"
 481 001d 5F70616C 		.ascii	"_pal_lld_setgroupmode\000"
 481      5F6C6C64 
 481      5F736574 
 481      67726F75 
 481      706D6F64 
 482 0033 00       		.ascii	"\000"
 483 0034 00       		.ascii	"\000"
 484 0035 00       		.ascii	"\000"
 485 0036 00000000 		.ascii	"\000\000\000\000\000\000\000\000"
 485      00000000 
 486 003e 2B010000 		.ascii	"+\001\000\000"
 487              		.text
 488              		.section	.gnu.lto_.opts,"",%progbits
 489 0000 272D666D 		.ascii	"'-fmath-errno' '-fsigned-zeros' '-ftrapping-math' '"
 489      6174682D 
 489      6572726E 
 489      6F272027 
 489      2D667369 
 490 0033 2D666E6F 		.ascii	"-fno-trapv' '-fno-openmp' '-fno-openacc' '-mcpu=cor"
 490      2D747261 
 490      70762720 
 490      272D666E 
 490      6F2D6F70 
 491 0066 7465782D 		.ascii	"tex-m0' '-mno-thumb-interwork' '-mthumb' '-ggdb' '-"
 491      6D302720 
 491      272D6D6E 
 491      6F2D7468 
 491      756D622D 
 492 0099 4F322720 		.ascii	"O2' '-fomit-frame-pointer' '-falign-functions=16' '"
 492      272D666F 
 492      6D69742D 
 492      6672616D 
 492      652D706F 
 493 00cc 2D666675 		.ascii	"-ffunction-sections' '-fdata-sections' '-fno-common"
 493      6E637469 
 493      6F6E2D73 
 493      65637469 
 493      6F6E7327 
 494 00ff 2720272D 		.ascii	"' '-flto'\000"
 494      666C746F 
 494      2700
 495              		.text
 496              		.comm	__gnu_lto_v1,1,1
 497              		.comm	__gnu_lto_slim,1,1
 498              		.ident	"GCC: (GNU Tools for ARM Embedded Processors) 5.4.1 20160609 (release) [ARM/embedded-5-bran
ARM GAS  /var/folders/d3/p12xj6d96hx5ptyrkl_lzds40000gn/T//ccYtVRl8.s 			page 39


DEFINED SYMBOLS
                            *ABS*:0000000000000000 pal_lld.c
                            *COM*:0000000000000001 __gnu_lto_v1
                            *COM*:0000000000000001 __gnu_lto_slim

NO UNDEFINED SYMBOLS
