ARM GAS  /var/folders/d3/p12xj6d96hx5ptyrkl_lzds40000gn/T//ccJy2hBm.s 			page 1


   1              		.syntax unified
   2              		.cpu cortex-m0
   3              		.fpu softvfp
   4              		.eabi_attribute 20, 1
   5              		.eabi_attribute 21, 1
   6              		.eabi_attribute 23, 3
   7              		.eabi_attribute 24, 1
   8              		.eabi_attribute 25, 1
   9              		.eabi_attribute 26, 1
  10              		.eabi_attribute 30, 2
  11              		.eabi_attribute 34, 0
  12              		.eabi_attribute 18, 4
  13              		.thumb
  14              		.syntax unified
  15              		.file	"st.c"
  16              		.text
  17              	.Ltext0:
  18              		.section	.gnu.lto_.profile.ab31048a0a8d661a,"",%progbits
  19 0000 789C6361 		.ascii	"x\234ca`d`a`\000\222R<\000\000\252\0001"
  19      60646061 
  19      60009252 
  19      3C0000AA 
  19      0031
  20              		.text
  21              		.section	.gnu.lto_.icf.ab31048a0a8d661a,"",%progbits
  22 0000 789C6361 		.ascii	"x\234ca`d\000\001\005\006\004`e\230?\363\3201.\306\277"
  22      60640001 
  22      05060460 
  22      65983FF3 
  22      D0312EC6 
  23 0015 BD2B1E32 		.ascii	"\275+\03623\335\357<=\205\231\271\351\342\233\205l,"
  23      33DDEF3C 
  23      3D8599B9 
  23      E9E29B85 
  23      6C2C
  24 0027 17FB8ECD 		.ascii	"\027\373\216\315`e\000\000\365x\016\207"
  24      60650000 
  24      F5780E87 
  25              		.text
  26              		.section	.gnu.lto_.jmpfuncs.ab31048a0a8d661a,"",%progbits
  27 0000 789C6361 		.ascii	"x\234ca`d\000\0011\006\004`\005\021\214@P\317\304\300"
  27      60640001 
  27      31060460 
  27      05118C40 
  27      50CFC4C0 
  28 0014 C00CA259 		.ascii	"\300\014\242Y\200\002\000\015\330\001/"
  28      8002000D 
  28      D8012F
  29              		.text
  30              		.section	.gnu.lto_.inline.ab31048a0a8d661a,"",%progbits
  31 0000 789C6361 		.ascii	"x\234ca`d\000\201T\006\004`e``\341ad`\0022\331\026\310"
  31      60640081 
  31      54060460 
  31      656060E1 
  31      61646002 
  32 0018 83280646 		.ascii	"\203(\006F.\020\301\300\306\012\024f\373\240\007\027"
  32      2E10C1C0 
ARM GAS  /var/folders/d3/p12xj6d96hx5ptyrkl_lzds40000gn/T//ccJy2hBm.s 			page 2


  32      C60A1466 
  32      FBA00717 
  33 0028 67626061 		.ascii	"gb`a\006\0121]\340\207\0131c\012\261`\0121\000\000\234"
  33      060A315D 
  33      E0870B31 
  33      630AB160 
  33      0A310000 
  34 003d 1B086E   		.ascii	"\033\010n"
  35              		.text
  36              		.section	.gnu.lto_.pureconst.ab31048a0a8d661a,"",%progbits
  37 0000 789C6361 		.ascii	"x\234ca`d\340f```e\220`\224b\222b\226b\221\002\000\003"
  37      6064E066 
  37      60606065 
  37      90609462 
  37      92629662 
  38 0018 EC00A0   		.ascii	"\354\000\240"
  39              		.text
  40              		.section	.gnu.lto_stInit.ab31048a0a8d661a,"",%progbits
  41 0000 789C6361 		.ascii	"x\234ca`d\000\201\225@,\013\304\322@\314\310\314\300"
  41      60640081 
  41      95402C0B 
  41      C4D240CC 
  41      C8CCC0
  42 0013 C834E11C 		.ascii	"\3104\341\034\003C#\007\023##\210\321\300\301\310P\317"
  42      03432307 
  42      13232388 
  42      D1C0C1C8 
  42      50CF
  43 0025 C458CFF8 		.ascii	"\304X\317\370\225\351/\023\343\241\366g;\2314\2277\000"
  43      95E92F13 
  43      E3A1F667 
  43      3B993497 
  43      3700
  44 0037 C183D6F9 		.ascii	"\301\203\326\371\314\015+\0160\266230\374g\002\233\304"
  44      CC0D2B0E 
  44      30B63233 
  44      30FC6702 
  44      9BC4
  45 0049 C0B89C51 		.ascii	"\300\270\234Q\223\001\250\354\321\306\177Sy\331Z@\312"
  45      9301A8EC 
  45      D1C67F53 
  45      79D95A40 
  45      CA
  46 005a 1420928C 		.ascii	"\024 \222\214+\030\331@\326\255\017:\320\360\377\177"
  46      2B18D940 
  46      D6AD0F3A 
  46      D0F0FF7F 
  47 006a 7343C375 		.ascii	"sC\303u\203\377L@\235\037\200\222 k>21\201h\346\027"
  47      83FF4C40 
  47      9D1F8092 
  47      206B3E32 
  47      318168E6 
  48 007f 8CCD07FE 		.ascii	"\214\315\007\376\362\202T\203\314\331\271\363\315m\366"
  48      F2825483 
  48      CCD9B9F3 
  48      CD6DF6
  49 008e FABF0D1D 		.ascii	"\372\277\015\035\015\015\002\255\314\214\377\231\200"
ARM GAS  /var/folders/d3/p12xj6d96hx5ptyrkl_lzds40000gn/T//ccJy2hBm.s 			page 3


  49      0D0D02AD 
  49      CC8CFF99 
  49      80
  50 009b 4630AE64 		.ascii	"F0\256d\254ghefbx\305\330t\340?+X)\010|\000J\002M\000"
  50      AC676865 
  50      666278C5 
  50      D874E03F 
  50      2B582908 
  51 00b5 9A27ADA7 		.ascii	"\232'\255\247\247\357\234\221\231\224\351\037\254\237"
  51      A7EF9C91 
  51      9994E91F 
  51      AC9F
  52 00c3 5FAC9F91 		.ascii	"_\254\237\221\230\243_\\\224\254_\\\242\227\314\000"
  52      98A35F5C 
  52      94AC5F5C 
  52      A297CC00 
  53 00d3 00A20446 		.ascii	"\000\242\004F\247"
  53      A7
  54              		.text
  55              		.section	.gnu.lto_stStartAlarm.ab31048a0a8d661a,"",%progbits
  56 0000 789C9D52 		.ascii	"x\234\235RMkSA\024\2353\023\337\213\001k7\202\320\240"
  56      4D6B5341 
  56      149D3313 
  56      DF8B016B 
  56      3782D0A0 
  57 0014 01A9A52E 		.ascii	"\001\251\245.\362\214\376\000\027\212 \264\010\266\033"
  57      F28CFE00 
  57      178A20B4 
  57      08B61B
  58 0023 41907E08 		.ascii	"A\220~\010\011D*Mp\333I\232\247T\\\210`\301b\311\242"
  58      09442A4D 
  58      70DB499A 
  58      A7545C88 
  58      60C162C9 
  59 0038 84B6D134 		.ascii	"\204\266\3214\211\037\2555\202\217 \210H+\202\356TB"
  59      891FAD35 
  59      828F2088 
  59      482B82EE 
  59      5442
  60 004a 852A4521 		.ascii	"\205*E!\305\250H\261\361\336\327\010V7\342\300{3w\346"
  60      C5A848B1 
  60      F1DED708 
  60      5637E2C0 
  60      7B3377E6 
  61 005e DC7BCEB9 		.ascii	"\334{\316\2713\036\001\301\343\251\024\342\024\315-"
  61      331E01C1 
  61      E3A914E2 
  61      14CD2D
  62 006d F44109C8 		.ascii	"\364A\011\310+\213B$\274\022\340\205\366B\014I\014\341"
  62      2B8B4224 
  62      BC12E085 
  62      F6420C49 
  62      0CE1
  63 007f 8BFC2151 		.ascii	"\213\374!Q\276\270</\333'5\215J\346\375~=\345\300VB"
  63      BEB83C2F 
  63      DB27358D 
  63      4AE6FD7E 
ARM GAS  /var/folders/d3/p12xj6d96hx5ptyrkl_lzds40000gn/T//ccJy2hBm.s 			page 4


  63      3DE5C056 
  64 0094 D4A55B49 		.ascii	"\324\245[I`\022\355\204z\221*\334P5i+\300C\341\352\302"
  64      6012ED84 
  64      7A912ADC 
  64      5035692B 
  64      C043E1EA 
  65 00a9 D8BB260E 		.ascii	"\330\273&\016%\002\024\256e\013\257\267\253]\020\264"
  65      250214AE 
  65      650BAFB7 
  65      AB5D10B4 
  66 00b9 FEF0A872 		.ascii	"\376\360\250r\025m\031\255\223Z\257\365\353\255\266"
  66      156D19AD 
  66      935AAFF5 
  66      EBADB6
  67 00c8 52C84251 		.ascii	"R\310BQ=L\303\217)\370\005m\011\334D\033\303\227\212"
  67      3D4CC38F 
  67      29F8056D 
  67      09DC441B 
  67      C3978A
  68 00db EBD7B619 		.ascii	"\353\327\266\031)\246\017\214\374\342\305-\030\354$"
  68      29A60F8C 
  68      FCE2C52D 
  68      18EC24
  69 00ea 7FC2D1F5 		.ascii	"\177\302\321\365\372\260\326\343\241\354\036\203\344"
  69      FAB0D6E3 
  69      A1EC1E83 
  69      E4
  70 00f7 7392A812 		.ascii	"s\222\250\022\204}\254J\311\263ZB\262\231K\2158\227"
  70      847DAC4A 
  70      C9B35A42 
  70      B2994B8D 
  70      3897
  71 0109 1EFBD45E 		.ascii	"\036\373\324^WE:;\373\021\255\023\254\302)]P\327\265"
  71      57453A3B 
  71      FB11AD13 
  71      ACC2295D 
  71      50D7B5
  72 011c 930AB092 		.ascii	"\223\012\260\222\334f%\256\303\031\264\016+)\226Q\036"
  72      DC6625AE 
  72      C319B40E 
  72      2B299651 
  72      1E
  73 012d FB9E2BD9 		.ascii	"\373\236+\331M\233U9\317^\206\030\342\212\252K\374)"
  73      4D9B5539 
  73      CF5E8618 
  73      E28AAA4B 
  73      FC29
  74 013f 5A200F83 		.ascii	"Z \017\203\252\024`\320\311\250]~nrc<.p1\367\255\352"
  74      AA1460D0 
  74      C9A85D7E 
  74      6E72633C 
  74      2E7031F7 
  75 0155 DB0819CC 		.ascii	"\333\010\031\314\255\233\230\371\372\304\233\306x\202"
  75      AD9B98F9 
  75      FAC49BC6 
  75      7882
  76 0163 E2665B6D 		.ascii	"\342f[m\301m\322Rd-t\230]\250}6\255\234N%te\356\323"
ARM GAS  /var/folders/d3/p12xj6d96hx5ptyrkl_lzds40000gn/T//ccJy2hBm.s 			page 5


  76      C16DD252 
  76      642D7498 
  76      5DA87D36 
  76      AD9C4E25 
  77 017b 8EDDB632 		.ascii	"\216\335\2662p\007i\254\223e\227\2070\365\321\342\033"
  77      700769AC 
  77      93659787 
  77      30F5D1E2 
  77      1B
  78 018c 2394678C 		.ascii	"#\224g\214>i+\023waa\237\277\001\300=\204\032nj\205"
  78      3E692B13 
  78      7761619F 
  78      BF01C03D 
  78      841A6E6A 
  79 01a1 B749B3A1 		.ascii	"\267I\263\241\353_Y\365!\2568\353R\242Qq\016\326\357"
  79      EB5F59F5 
  79      21AE38EB 
  79      52A25171 
  79      0ED6EF
  80 01b4 CE4CDABF 		.ascii	"\316L\332\277O\231\314P\375_\206y\227A6\030\036\270"
  80      4F99CC50 
  80      FD5F8679 
  80      97413618 
  80      1EB8
  81 01c6 0C0FD397 		.ascii	"\014\017\323\227\247}\033\014\022%\312\244\213\255d"
  81      A77D1B0C 
  81      1225CAA4 
  81      8BAD64
  82 01d5 5676BAAF 		.ascii	"Vv\272\257\201o@\254 \351\274:\312\261{sU\222H\017\200"
  82      816F40AC 
  82      20E9BC3A 
  82      CAB17B73 
  82      5592480F 
  83 01ea 7AD3120C 		.ascii	"z\323\022\014Z\207\303\221\336\310\361.k f\205{\242"
  83      5A87C391 
  83      DEC8F12E 
  83      6B206685 
  83      7BA2
  84 01fc 566CB0CF 		.ascii	"Vl\260\317\212\305\203}\302\354\351\215\305#g\317x\370"
  84      8AC5837D 
  84      C2ECE98D 
  84      C52367CF 
  84      78F8
  85 020e 17FA1B78 		.ascii	"\027\372\033xn`0\036\263\272\272;\017\036\260::\216"
  85      6E60301E 
  85      B3BABA3B 
  85      0F1EB03A 
  85      3A8E
  86 0220 58DDC73A 		.ascii	"X\335\307:\317\207(\365t4\332\037\014\213\237\320\302"
  86      CF8728F5 
  86      7434DA1F 
  86      0C8B9FD0 
  86      C2
  87 0231 13F2     		.ascii	"\023\362"
  88              		.text
  89              		.section	.gnu.lto_stStopAlarm.ab31048a0a8d661a,"",%progbits
  90 0000 789C6550 		.ascii	"x\234eP1KBQ\024\276\337\275\362\224\"hjQ(hryWki\257"
ARM GAS  /var/folders/d3/p12xj6d96hx5ptyrkl_lzds40000gn/T//ccJy2hBm.s 			page 6


  90      314B4251 
  90      14BEDFBD 
  90      F2942268 
  90      6A512868 
  91 001a 25508474 		.ascii	"%P\204t\217\262AA0|\322\352\263|\264\266\324\026\016"
  91      8FB24141 
  91      307CD2EA 
  91      B37CB4B6 
  91      D4160E
  92 002d 0D9AA5D2 		.ascii	"\015\232\245\322V\020!\2024D\372\017B\202\034\032J\311"
  92      56102182 
  92      3444FA0F 
  92      42821C1A 
  92      4AC9
  93 003f 6AD2D7B9 		.ascii	"j\322\327\271\257\245\360\300\345\234s\277\357;\337"
  93      AFA5F0C0 
  93      E59C73BF 
  93      EF3BDF
  94 004e B9D7C5C0 		.ascii	"\271\327\305\300T\254P\212P\366\322\201`\340Gm\306\362"
  94      54AC508A 
  94      50F6D281 
  94      60E0476D 
  94      C6F2
  95 0060 1E0EA8C2 		.ascii	"\036\016\250\302\364\200\3458r\370\344#\216\346a\357"
  95      F480E538 
  95      72F8E423 
  95      8EE661EF 
  96 0070 86FB4B26 		.ascii	"\206\373K&E\367\345-`\226\033\260\004c6w&1\224\340g"
  96      45F7E52D 
  96      60961BB0 
  96      04633677 
  96      263194E0 
  97 0085 447BBE1A 		.ascii	"D{\276\032\037\317h\005E[\370\005Q\206\246\354\352\033"
  97      1FCF6805 
  97      455BF805 
  97      5186A6EC 
  97      EA1B
  98 0097 0DD3B60F 		.ascii	"\015\323\266\017Ls\020\270[$e\237@e3\340\\e\321Csx]"
  98      4C7310B8 
  98      5B24659F 
  98      406533E0 
  98      5C65D143 
  99 00ae ECB4A6FF 		.ascii	"\354\264\246\377Oi<<\005\235\0316\307\204\001\316\241"
  99      4F693C3C 
  99      059D1936 
  99      C78401CE 
  99      A1
 100 00bf 9143051A 		.ascii	"\221C\005\032!'V\263\343\036rK\300!\266\253\337\375"
 100      212756B3 
 100      E31E724B 
 100      C021B6AB 
 100      DFFD
 101 00d1 A9DF5691 		.ascii	"\251\337V\221]tuV\373\272\367\024q\232\247~\326\022"
 101      5D747556 
 101      FBBAF714 
 101      719AA77E 
 101      D612
ARM GAS  /var/folders/d3/p12xj6d96hx5ptyrkl_lzds40000gn/T//ccJy2hBm.s 			page 7


 102 00e3 1C97F0E1 		.ascii	"\034\227\360\341\002>\246\370\225\307\341\207[V\315"
 102      023EA6F8 
 102      95C7E187 
 102      5B56CD
 103 00f2 42DEEC8E 		.ascii	"B\336\354\216n\347\346-!PE\021c\332\323\361A\015\362"
 103      6EE7E62D 
 103      21504511 
 103      63DAD3F1 
 103      410DF2
 104 0105 AF8D0043 		.ascii	"\257\215\000C\235\304\257\330\357\266\336=jG\347+\372"
 104      9DC4AFD8 
 104      EFB6DE3D 
 104      6A47E72B 
 104      FA
 105 0116 B4283D88 		.ascii	"\264(=\210d^]\227\253\211\344v2\022\225iC&\266R\322"
 105      645E5D97 
 105      AB89E476 
 105      32129569 
 105      4326B652 
 106 012b C8C4A591 		.ascii	"\310\304\245\221\325\343,8\211\355\2463YCFc\341\345"
 106      D5E32C38 
 106      89EDA633 
 106      59434663 
 106      E1E5
 107 013d 25190AAD 		.ascii	"%\031\012\255\311\330zx/H\354\315TjGO\260\037\357\222"
 107      C9D87A78 
 107      2F48ECCD 
 107      546A474F 
 107      B01FEF92 
 108 0151 8CD1     		.ascii	"\214\321"
 109              		.text
 110              		.section	.gnu.lto_stSetAlarm.ab31048a0a8d661a,"",%progbits
 111 0000 789C6590 		.ascii	"x\234e\220\315k\023A\030\306\347\231\331nb\301\332["
 111      CD6B1341 
 111      18C6E799 
 111      D96E62C1 
 111      DA5B
 112 0012 85060D48 		.ascii	"\205\006\015H-\365\220q\365OP\020\241E\260\275\010\202"
 112      2DF59071 
 112      F54F5010 
 112      A145B0BD 
 112      0882
 113 0024 F4434820 		.ascii	"\364CH R\351\006\257\235\244YJ=\211`\241E\311\241\204"
 113      52E906AF 
 113      9DA4594A 
 113      3D8960A1 
 113      45C9A184 
 114 0038 D6E83689 		.ascii	"\326\3506\211\365\003\017\342\022\004\017\322\212w\225"
 114      F5030FE2 
 114      12040FD2 
 114      8A7795
 115 0047 50A1888A 		.ascii	"P\241\210\212\244X\033Dl\372\276\253\036\252\003\263"
 115      A4581B44 
 115      6CFABEAB 
 115      1EAA03B3 
 116 0057 33CFCE33 		.ascii	"3\317\3163\357\374\236\327\022\020<\332\244\020\027"
 116      EFFC9ED7 
ARM GAS  /var/folders/d3/p12xj6d96hx5ptyrkl_lzds40000gn/T//ccJy2hBm.s 			page 8


 116      12103CDA 
 116      A41017
 117 0066 69EDA609 		.ascii	"i\355\246\011% o\254\011\221\215J\2007&\0121)1\211\357"
 117      25206FAC 
 117      09918D4A 
 117      8037260A 
 117      31293189 
 118 007b F297446D 		.ascii	"\362\227Dmz\343\251\354[44\352\305\355\343f)\200\247"
 118      7AE3A9EC 
 118      5B3434EA 
 118      C5EDE366 
 118      2980A7
 119 008e 8468C9B0 		.ascii	"\204h\311\260\222\300\"\372\310\365&_\271\255\266\244"
 119      92C022FA 
 119      C8F5265F 
 119      B9ADB6A4 
 120 009e A7008BE4 		.ascii	"\247\000\213\344\346\352\374\207\016\226\022q\222?K"
 120      E6EAFC87 
 120      0E961271 
 120      923F4B
 121 00ad 95B707D4 		.ascii	"\225\267\007\324!\010\332\177|^\277\211\336\24219c\232"
 121      2108DA7F 
 121      7C5EBF89 
 121      DEA23139 
 121      639A
 122 00bf 63669FA7 		.ascii	"cf\237\247\024JPT\017w\021\303\022b\202~\011\334C/\333"
 122      144A5054 
 122      0F7711C3 
 122      1262827E 
 122      09DC432F 
 123 00d4 D7AB3BB7 		.ascii	"\327\253;\267\366\333y~>>\363\367]\334\207\315I\312"
 123      F6DB797E 
 123      3E3EF3F7 
 123      5DDC87CD 
 123      49CA
 124 00e6 E703D36A 		.ascii	"\347\003\323jM\0313\347\274?b\021>_\022\015\262p\216"
 124      4D1933E7 
 124      BC3F6211 
 124      3E5F120D 
 124      B2708E
 125 00f9 4D297955 		.ascii	"M)yU\353\310ur\251\231\340\372\213vu4\244(\224\036\177"
 125      EBC87572 
 125      A999E0FA 
 125      8B767534 
 125      A428941E 
 126 010e 41CF0253 		.ascii	"A\317\002S\004+\323j\316\004\3718\223\370{I\302\204"
 126      042BD36A 
 126      CE04F938 
 126      93F87B49 
 126      C284
 127 0120 CBE89952 		.ascii	"\313\350\231RRl\2406\377\303\377\354u\354\245\012^}"
 127      526CA036 
 127      FFC3FFEC 
 127      75ECA50A 
 127      5E7D
 128 0132 75D81242 		.ascii	"u\330\022B\265$\376\205\026(\303\246*\025\330t2\353"
 128      B524FE85 
ARM GAS  /var/folders/d3/p12xj6d96hx5ptyrkl_lzds40000gn/T//ccJy2hBm.s 			page 9


 128      1628C3A6 
 128      2A15D874 
 128      32EB
 129 0144 D55E47B8 		.ascii	"\325^G\2701Vh\\\363\233\215\366\337\222\315\334\272"
 129      3156685C 
 129      F39B8DF6 
 129      DF92CDDC 
 129      BA
 130 0155 85E5ED97 		.ascii	"\205\345\355\227\321\002\356dIwz\252\015\017\210\245"
 130      D102EE64 
 130      49777AAA 
 130      0D0F88A5 
 131 0165 CA2C7458 		.ascii	"\312,tXZ\335\372\026\321\276\311gM\375\211\337u\330"
 131      5ADDFA16 
 131      D1BEC967 
 131      4DFD89DF 
 131      75D8
 132 0177 53365650 		.ascii	"S6VP\300\016E\016\337!Ok\266\372\316v\312\3541\027<"
 132      C00E450E 
 132      DF214F6B 
 132      B6FACE76 
 132      CAEC3117 
 133 018c 15C14368 		.ascii	"\025\301Ch\034\213\3751\340\021\034NCM\251\027\233\007"
 133      1C8BFD31 
 133      E0111C4E 
 133      434DA917 
 133      9B07
 134 019e C34E32BD 		.ascii	"\303N2\275\370\204\\\360\354\014\3530u\203\222P\363"
 134      F8845CF0 
 134      EC0CEB30 
 134      75839250 
 134      F3
 135 01af A86E7722 		.ascii	"\250nw\"\241O%S#\251s\203z\334\325\311\341\264v'F\265"
 135      A14F2553 
 135      23A97383 
 135      7ADCD5C9 
 135      E1B47627 
 136 01c5 9B498C8A 		.ascii	"\233I\214\212\310\360\210\233I]\271l\361\307\371\337"
 136      C8F0889B 
 136      495DB96C 
 136      F1C7F9DF 
 137 01d5 78757C22 		.ascii	"xu|\"\343\352\301\241\201\223't\177\377i=tv\340\232"
 137      E3EAC1A1 
 137      81932774 
 137      7FFF693D 
 137      7476E09A 
 138 01e9 43572FA5 		.ascii	"CW/\245\323c\211\244\330\005z\204\317\362"
 138      D36389A4 
 138      D8057A84 
 138      CFF2
 139              		.text
 140              		.section	.gnu.lto_stGetAlarm.ab31048a0a8d661a,"",%progbits
 141 0000 789C658F 		.ascii	"x\234e\2179KCQ\020\205\357\2717\276\004A\261\2630E\300"
 141      394B4351 
 141      1085EFB9 
 141      37BE0441 
 141      B1B33045 
ARM GAS  /var/folders/d3/p12xj6d96hx5ptyrkl_lzds40000gn/T//ccJy2hBm.s 			page 10


 142 0015 4A8B5CA3 		.ascii	"J\213\\\243?A\013\005E0\026v\342R$\020P\214\010V\336"
 142      3F410B05 
 142      45301676 
 142      E2522410 
 142      508C0856 
 143 002a 2CAFB0D3 		.ascii	",\257\260\323B\013\027RH\210[\214)mD\004\021\213\270"
 143      420B1752 
 143      48885B8C 
 143      296D4404 
 143      118BB8
 144 003d F54250B0 		.ascii	"\365BP\260\260R\334\020\314{\316D\033u`\2309\314\307"
 144      B052DC10 
 144      CC7BCE44 
 144      1B756098 
 144      39CCC7
 145 0050 CC1C8F80 		.ascii	"\314\034\217\200\340\230\245\322O\265\211\022J@.\234"
 145      E098A5D2 
 145      4FB58912 
 145      4A402E9C 
 146 0060 0B91F049 		.ascii	"\013\221\360I\200\033\343\203\230\223\230\303\253\254"
 146      801BE383 
 146      989398C3 
 146      ABAC
 147 006e 485CA5F7 		.ascii	"H\\\245\367\327\324\213\264\011\363\220|*\255\334\325"
 147      D7D48BB4 
 147      09F3907C 
 147      2AADDCD5 
 148 007e B3040224 		.ascii	"\263\004\002$W\315\365\274\267%gL\322\224\263\316\320"
 148      57CDF5BC 
 148      B725674C 
 148      D294B3CE 
 148      D0
 149 008f 62CAEEB6 		.ascii	"b\312\356\266\225\024\256\024\330\204\0379\370\371\304"
 149      9514AE14 
 149      D8841F39 
 149      F8F9C4
 150 009e 165A04C1 		.ascii	"\026Z\004\301\267Eg\251\316J\033\212\300\274\022L\321"
 150      B74567A9 
 150      CE4A1B8A 
 150      C0BC124C 
 150      D1
 151 00af 701B167F 		.ascii	"p\033\026\177U\03082\256\2332\346\243\315i\246\025\274"
 151      55183832 
 151      AE9B32E6 
 151      A3CD69A6 
 151      15BC
 152 00c1 463C52F2 		.ascii	"F<R\362KORrU\3678><\310\270'\326\357mGg\016\252\213"
 152      4B4F5272 
 152      55F7383E 
 152      3CC8B827 
 152      D6EF6D47 
 153 00d9 5C89BF87 		.ascii	"\\\211\277\207\004v`\321\231]X)\305\206\226\355\343"
 153      047660D1 
 153      995D5829 
 153      C58696ED 
 153      E3
 154 00ea 0B2F3B50 		.ascii	"\013/;PU\366<\377\376X\373-\231g\217\033{o\247\276\014"
ARM GAS  /var/folders/d3/p12xj6d96hx5ptyrkl_lzds40000gn/T//ccJy2hBm.s 			page 11


 154      55F63CFF 
 154      FE58FB2D 
 154      99678F1B 
 154      7B6FA7BE 
 155 00ff D613A41B 		.ascii	"\326\023\244\033l\345\301\036Y\311\263\025\032n\227"
 155      6CE5C11E 
 155      59C9B315 
 155      1A6E97
 156 010e 5E9EBD3A 		.ascii	"^\236\275:o\322\011S\256|6\366\330\252\006\005d\340"
 156      6FD20953 
 156      AE7C36F6 
 156      D8AA0605 
 156      64E0
 157 0120 D0ABD553 		.ascii	"\320\253\325S\304\270\313\305\033+T`\306\254\303V\026"
 157      C4B8CBC5 
 157      1B2B5460 
 157      C6ACC356 
 157      16
 158 0131 F6A1D1EA 		.ascii	"\366\241\321\352\377!PDH< Y\316\272\227\340\267S\354"
 158      FF215044 
 158      483C2059 
 158      CEBA97E0 
 158      B753EC
 159 0144 95DD825D 		.ascii	"\225\335\202]R\337\024\014\352\316Ht4\332\037\326\023"
 159      52DF140C 
 159      EACE4874 
 159      34DA1FD6 
 159      13
 160 0155 711D1989 		.ascii	"q\035\031\211\351\370\324\230\216O\007\307D\350\377"
 160      E9F8D498 
 160      8E4F07C7 
 160      44E8FF
 161 0164 6C72626A 		.ascii	"lrbj:\256\303\203}\035\355\272\267\267K\017\366\364"
 161      3AAEC383 
 161      7D1DEDBA 
 161      B7B74B0F 
 161      F6F4
 162 0176 CD84881E 		.ascii	"\315\204\210\036\216\305\306\203\021\361\005:\016\241"
 162      8EC5C683 
 162      11F1053A 
 162      0EA1
 163 0184 60       		.ascii	"`"
 164              		.text
 165              		.section	.gnu.lto_.symbol_nodes.ab31048a0a8d661a,"",%progbits
 166 0000 789C55C8 		.ascii	"x\234U\310K\015\2000\020\006\341\371\373\360\001\"9"
 166      4B0D8030 
 166      1006E1F9 
 166      FBF00122 
 166      39
 167 0011 EF4A4004 		.ascii	"\357J@\004\026\240P\021h@\011\241\341\266s\231\344+"
 167      16A05011 
 167      684009A1 
 167      E1B67399 
 167      E42B
 168 0023 888551DA 		.ascii	"\210\205Q\332e\260\3360\326}\036r\310\024\245\311R\224"
 168      65B0DE30 
 168      D67D1E72 
ARM GAS  /var/folders/d3/p12xj6d96hx5ptyrkl_lzds40000gn/T//ccJy2hBm.s 			page 12


 168      C814A5C9 
 168      5294
 169 0035 5396A35C 		.ascii	"S\226\243\\\262\022D]V\177\001\367\0112\225\355y\305"
 169      B212445D 
 169      567F01F7 
 169      093295ED 
 169      79C5
 170 0047 07D1931D 		.ascii	"\007\321\223\035\003"
 170      03
 171              		.text
 172              		.section	.gnu.lto_.refs.ab31048a0a8d661a,"",%progbits
 173 0000 789C6361 		.ascii	"x\234ca`\004B \000\000\0009\000\007"
 173      60044220 
 173      00000039 
 173      0007
 174              		.text
 175              		.section	.gnu.lto_.decls.ab31048a0a8d661a,"",%progbits
 176 0000 789CB557 		.ascii	"x\234\265W{LT\331\031\277\347\236\001\206a\000w4\033"
 176      7B4C54D9 
 176      19BFE79E 
 176      01866100 
 176      77341B
 177 0013 9BA5A9D9 		.ascii	"\233\245\251\331`\245id\004\037\3774itG\327\232\350"
 177      60A56964 
 177      041FFF34 
 177      697447D7 
 177      9AE8
 178 0025 EE66B0DB 		.ascii	"\356f\260\333&m2A\304\205\004\301\302\270\311\376\321"
 178      266D3241 
 178      C48504C1 
 178      C2B8C9FE 
 178      D1
 179 0036 F60A08F8 		.ascii	"\366\012\010\370X\005AP^\"o\004\025APD\005E\007PP\226"
 179      58054150 
 179      5E226F04 
 179      15415044 
 179      05450750 
 180 004c 15585E82 		.ascii	"\025X^\202\353cu\265\012\310\212\256\"\375\316\343\316"
 180      EB6375B5 
 180      0AC88AAE 
 180      22FDCEE3 
 180      CE
 181 005d BD8C83B5 		.ascii	"\275\214\203\265iz\303w\357\371\316\371}\277\357u\356"
 181      697AC377 
 181      EFF9CEF9 
 181      7DBFEF75 
 181      EE
 182 006e DC834640 		.ascii	"\334\203F@\002\271>~O\020rEA\310\003u\012.W\230\373"
 182      02B93E7E 
 182      4F107245 
 182      41C80375 
 182      0A2E5798 
 183 0083 5C502EA2 		.ascii	"\\P.\242\037\0059\013r\036\244\021\244\011\344\262\360"
 183      1F05390B 
 183      721EA411 
 183      A409E4B2 
 183      F0
ARM GAS  /var/folders/d3/p12xj6d96hx5ptyrkl_lzds40000gn/T//ccJy2hBm.s 			page 13


 184 0094 E6457098 		.ascii	"\346Ep\230\333\333@*\370\274\310\327\234\331\020^-\267"
 184      DBDB402A 
 184      F8BCC8D7 
 184      9CD9105E 
 184      2DB7
 185 00a6 3180CC01 		.ascii	"1\200\314\0019\015\242\203x\264 }0n\343\274S\304\000"
 185      390DA283 
 185      78B4207D 
 185      306EE3BC 
 185      53C400
 186 00b9 E6263827 		.ascii	"\346&8'\261\325#:%|\200\246\363\222X5\234W\346jc\346"
 186      B1D5233A 
 186      257C80A6 
 186      F3925835 
 186      9C57E66A 
 187 00cf 767B82F9 		.ascii	"v{\202\371\245\203\235\300s|\227\230\020\217I\3446\277"
 187      A5839DC0 
 187      737C9798 
 187      108F49E4 
 187      36BF
 188 00e1 E2B12C70 		.ascii	"\342\261,p\340$\365r\373/\270\010\3767\234\353\267\016"
 188      E024F572 
 188      FB2FB808 
 188      FE379CEB 
 188      B70E
 189 00f3 5C93223A 		.ascii	"\\\223\":\222\322u\006\367\243^\004X4\213\316\"\304"
 189      92D27506 
 189      F7A35E04 
 189      58348BCE 
 189      22C4
 190 0105 EE888AC0 		.ascii	"\356\210\212\300\204\2520\020\005\316%O!\031H\356p\023"
 190      84AA3010 
 190      05CE254F 
 190      211948EE 
 190      7013
 191 0117 119F13EC 		.ascii	"\021\237\023\354d\364\217\333\323}A/J\242\260#n\204"
 191      64F48FDB 
 191      D37D412F 
 191      4AA2B023 
 191      6E84
 192 0129 EC11D065 		.ascii	"\354\021\320e\201\255\333Y\331CT\014T|,\\N\247\304l"
 192      81ADDB59 
 192      D943540C 
 192      547C2C5C 
 192      4EA7C46C 
 193 013d CF09C949 		.ascii	"\317\011\311I'V=\036r\301\"\"\343\241\027\245\037\373"
 193      27563D1E 
 193      72C12222 
 193      E3A117A5 
 193      1FFB
 194 014f 57487025 		.ascii	"WHp%K\222\370\013\2452\337\304Wf\343q\021\031tH\003"
 194      4B92F80B 
 194      A532DFC4 
 194      5766E371 
 194      11197448 
 195 0164 EA687BE6 		.ascii	"\352h{\346m/P\347\350\320<P'[\2632\305\271\351\324."
 195      6D2F50E7 
ARM GAS  /var/folders/d3/p12xj6d96hx5ptyrkl_lzds40000gn/T//ccJy2hBm.s 			page 14


 195      E8D03C50 
 195      275BB332 
 195      C5B9E9D4 
 196 0179 4E9AA741 		.ascii	"N\232\247A\237\277\217\312\221\017:\202|\300Q\005\232"
 196      9FBF8FCA 
 196      910F3A82 
 196      7CC05105 
 196      9A
 197 018a 0BF70D1A 		.ascii	"\013\367\015\032\306tm\207$\271}\230'\345UJ\303]#\213"
 197      C6746D87 
 197      24B97D98 
 197      27E5554A 
 197      C35D238B 
 198 019e 0F4A8DF1 		.ascii	"\017J\215\361`&\022\024*E\030\225!\177\022\035\014\311"
 198      60261214 
 198      2A451895 
 198      217F121D 
 198      0CC9
 199 01b0 A304F543 		.ascii	"\243\004\365C\330G\321\207`\031W\321\267\323\005\373"
 199      D847D187 
 199      601957D1 
 199      B7D305FB 
 200 01c0 D340075B 		.ascii	"\323@\007[\312\312I<\013t\210\244\353\015S\307\037\325"
 200      CACA493C 
 200      0B7488A4 
 200      EB0D53C7 
 200      1FD5
 201 01d2 BDF06453 		.ascii	"\275\360dS\004\321\271w\254\320\015\377\216\214E\333"
 201      04D1B977 
 201      ACD00DFF 
 201      8E8C45DB 
 202 01e2 D7D5551E 		.ascii	"\327\325U\036\310OWL\"\034\316\261\255LI$.\253\221\016"
 202      C84F574C 
 202      221CCEB1 
 202      AD4C4924 
 202      2EAB910E 
 203 01f6 9D505C2E 		.ascii	"\235P\\.\320\301=I\222bI\022\206\026/\301\236\003\252"
 203      D0C13D49 
 203      92624912 
 203      86162FC1 
 203      9E03AA
 204 0209 427E8497 		.ascii	"B~\204\227\000Q%L\036\207I\360QV\230\222\357\212s\021"
 204      0051254C 
 204      1E8749F0 
 204      51569892 
 204      EF8A7311 
 205 021d 7572F0E4 		.ascii	"ur\360\344\221\011\235\335\311\241]K\240\216\263P-\370"
 205      91099DDD 
 205      C9A15D4B 
 205      A08EB350 
 205      2DF8
 206 022f 38A9F800 		.ascii	"8\251\370\000\2273:\251q\356doM\377+o<\316\234L=\273"
 206      97333AA9 
 206      71EE646F 
 206      4DFF2B6F 
 206      3CCE9C4C 
 207 0245 57A3433A 		.ascii	"W\243C:?\347\014uN\030X8\223\327\227\036!\341\234\206"
ARM GAS  /var/folders/d3/p12xj6d96hx5ptyrkl_lzds40000gn/T//ccJy2hBm.s 			page 15


 207      3FE70C75 
 207      4E185838 
 207      93D7971E 
 207      21E19C86 
 208 0259 704E29E1 		.ascii	"pN)\341\324\322p\300\311\241\362\301\0027\015\331\366"
 208      D4D270C0 
 208      C9A1F2C1 
 208      02370DD9 
 208      F6
 209 026a 0401BD82 		.ascii	"\004\001\275\202\271\332\312\275\243.3v\265\236v\365"
 209      B9DACABD 
 209      A32E3376 
 209      B59E76F5 
 210 027a 0CE26DDD 		.ascii	"\014\342m\3353V\226\240\203\266\016\223\266\216\353"
 210      335696A0 
 210      83B60E93 
 210      B68EEB
 211 0289 D3E3A416 		.ascii	"\323\343\244\026\260\233G`\350\230\342\360\230\272\255"
 211      B09B4760 
 211      E898E2F0 
 211      98BAAD
 212 0298 67695B5B 		.ascii	"gi[[_Vy\341\"\266\377\356\247=8)2\226\306g6\275\224"
 212      5F5679E1 
 212      22B6FFEE 
 212      A73D3829 
 212      3296C667 
 213 02af BC4D9296 		.ascii	"\274M\222\226\323\255qN\3418\247\3468O9\366UO\034r\301"
 213      D3AD714E 
 213      E138A7E6 
 213      384F39F6 
 213      554F1C72 
 214 02c4 2718494F 		.ascii	"'\030IO}R\226;'\251j\226IH \015\012I\203\232\244\221"
 214      7D52963B 
 214      27A96A96 
 214      4948200D 
 214      0A49839A 
 215 02da 92548C77 		.ascii	"\222T\214wTy\342\263\214\344\322\324\265.7u\362\244"
 215      5479E2B3 
 215      8CE4D2D4 
 215      B52E3775 
 215      F2A4
 216 02ec 2E4AF617 		.ascii	".J\366\027\247\355\351\206\251\302D\314=>m\366\264\357"
 216      A7EDE986 
 216      A9C244CC 
 216      3D3E6DF6 
 216      B4EF
 217 02fe 6940A10B 		.ascii	"i@\241\013\212\317\013j\237M\324\347\350\356'y\336\270"
 217      8ACF0B6A 
 217      9F4DD4E7 
 217      E8EE2779 
 217      DEB8
 218 0310 99F93C35 		.ascii	"\231\371<5\361\352\236'\241\201\206\365t\377}[ABc2\242"
 218      F1EA9E27 
 218      A18186F5 
 218      74FF7D5B 
 218      41426332 
 219 0325 EF0FBAA4 		.ascii	"\357\017\272\244\260\\\242,0\270L\031^\336=\376\203"
ARM GAS  /var/folders/d3/p12xj6d96hx5ptyrkl_lzds40000gn/T//ccJy2hBm.s 			page 16


 219      B05CA22C 
 219      30B84C19 
 219      5EDE3DFE 
 219      83
 220 0336 5EBF53D9 		.ascii	"^\277S\331\017\024\257DjCz\212\206'qqk\177\203;{\217"
 220      0F14AF44 
 220      6A437A8A 
 220      86277171 
 220      6B7F833B 
 221 034c BF232E33 		.ascii	"\277#.3\353\307\257\2700]K\226\037\227\237\362d\357"
 221      EBC7AFB8 
 221      305D4B96 
 221      1F979FF2 
 221      64EF
 222 035e 752359FE 		.ascii	"u#Y\376\366\336\341x=[\356 zSw\363\210\006o\3074\334"
 222      F6DEE178 
 222      3D5BEE20 
 222      7A5377F3 
 222      88066FC7 
 223 0374 8E92A40E 		.ascii	"\216\222\244\016\254\203\235\030\367\316{\271\255\355"
 223      AC839D18 
 223      F7CE7BB9 
 223      ADED
 224 0382 65BB0BDE 		.ascii	"e\273\013\336\305\354w]\256\261\361\337\224\026\242"
 224      C5EC775D 
 224      AEB1F1DF 
 224      9416A2
 225 0391 A79D69AA 		.ascii	"\247\235i\252\367\300{\330\342\355\235\3377\271\342"
 225      F7C07BD8 
 225      E2ED9DDF 
 225      37B9E2
 226 03a0 54A6C861 		.ascii	"T\246\310a\031xX\207\372\177\272\202p\006[\254?u\326"
 226      19785887 
 226      FA7FBA82 
 226      70065BAC 
 226      3F75D6
 227 03b3 C6535844 		.ascii	"\306SXD\336\373\221\266\034\017\246\316\"\233\370^\253"
 227      DEFB91B6 
 227      1C0FA6CE 
 227      229BF85E 
 227      AB
 228 03c4 4DC73292 		.ascii	"M\3072\222\020\350\347:\007\226\343lfyq\254\262\204"
 228      10E8E73A 
 228      0796E36C 
 228      667971AC 
 228      B284
 229 03d6 6787417D 		.ascii	"g\207A}2\221\277CK\362\221\344J\032\324-\377\216\274"
 229      3291BF43 
 229      4BF291E4 
 229      4A1AD42D 
 229      FF8EBC
 230 03e9 2BC8E883 		.ascii	"+\310\350\203zX.\2119C\325.\206d\376c\271\334J_\365"
 230      7A582E89 
 230      3943D52E 
 230      8664FE63 
 230      B9DC4A5F 
 231 03fe 2E80DFA0 		.ascii	".\200\337\240\360^d\220\215\010\372\346\253\354\313"
ARM GAS  /var/folders/d3/p12xj6d96hx5ptyrkl_lzds40000gn/T//ccJy2hBm.s 			page 17


 231      F05E6490 
 231      8D08FAE6 
 231      ABECCB
 232 040d 588D6E7B 		.ascii	"X\215n{\033\372XAQ\206\016\347\2610\263\236\016>\340"
 232      1BFA5841 
 232      51860EE7 
 232      B130B39E 
 232      0E3EE0
 233 0420 3DF303B5 		.ascii	"=\363\003\265\370Y}\234\026\027\262\265\324\3639\355"
 233      F8597D9C 
 233      1617B2B5 
 233      D4F339ED 
 234 0430 6EB89429 		.ascii	"n\270\224)\362\257\262\201\375*\307\366|\204+\330JC"
 234      F2AFB281 
 234      FD2AC7F6 
 234      7C842BD8 
 234      4A43
 235 0442 CABE4184 		.ascii	"\312\276A\204+\231\3628\376\3560\257\320\\P\367_}\270"
 235      2B99F238 
 235      FEEE30AF 
 235      D05C50F7 
 235      5F7DB8
 236 0455 00D7B0A5 		.ascii	"\000\327\260\245\327-M\013p=\033\333jKK\020\276\300"
 236      D72D4D0B 
 236      703D1BDB 
 236      6A4B4B10 
 236      BEC0
 237 0467 94B14CDB 		.ascii	"\224\261L\333C\035\276\314\224\274\316\354\323Z\334"
 237      431DBECC 
 237      94BCCEEC 
 237      D35ADC
 238 0476 C294E2E7 		.ascii	"\302\224\342\347\351\305z\334\316\224\033u]I\036\270"
 238      E9C57ADC 
 238      CE941B75 
 238      5D491EB8 
 239 0486 93294927 		.ascii	"\223)I'N\034\360\300\335L\211\255\357M\361fN\207\211"
 239      4E1CF0C0 
 239      DD4C89AD 
 239      EF4DF166 
 239      4E8789
 240 0499 7EA7E84E 		.ascii	"~\247\350N\236;\357\213+\350;;\333&\020\356c\340\232"
 240      9E3BEF8B 
 240      2BE83B3B 
 240      DB2610EE 
 240      63E09A
 241 04ac 9CEE5C8F 		.ascii	"\234\356\\\217\231;\361X\356\304\"\332\210\254\336\327"
 241      993BF158 
 241      EEC422DA 
 241      88ACDED7 
 242 04bc 95DEBCB4 		.ascii	"\225\336\274\264\215r#Z\001\335B\321Ohi\037\313\245"
 242      8D72235A 
 242      01DD42D1 
 242      4F68691F 
 242      CBA5
 243 04ce AD4A2DB2 		.ascii	"\255J-\262i\325\350\266\267\240\337o\031\272s\314\035"
 243      69D5E8B6 
 243      B7A0DF6F 
ARM GAS  /var/folders/d3/p12xj6d96hx5ptyrkl_lzds40000gn/T//ccJy2hBm.s 			page 18


 243      19BA73CC 
 243      1D
 244 04df F93A5C7E 		.ascii	"\371:\\~\276\276\263}}\363\245\3708ix*\367\313\364\222"
 244      BEBEB37D 
 244      7DF3A5F8 
 244      3869782A 
 244      F7CBF492 
 245 04f3 04293998 		.ascii	"\004)9\230\022]\205\3674^\234\255\274\010W(k9\271\013"
 245      125D85F7 
 245      345E9CAD 
 245      BC085728 
 245      6B39B90B 
 246 0507 D4A0B1AA 		.ascii	"\324\240\261\252_/\243o;\242\277\177\003}@A\337wD\263"
 246      5F2FA36F 
 246      3BA2BF7F 
 246      037D4041 
 246      DF7744B3 
 247 051b 880314F0 		.ascii	"\210\003\024\360I\005|\313\021<\344\010\356P\300\235"
 247      49057CCB 
 247      113CE408 
 247      EE50C09D 
 248 052b 8EE06FDE 		.ascii	"\216\340o\336\210\343\254\202\356wD\177\353H\235\251"
 248      88E3AC82 
 248      EE77447F 
 248      EB489DA9 
 249 053b 807F701E 		.ascii	"\200\177p\036\264\232\372\206\202\276\356\210\2766\035"
 249      B49AFA86 
 249      82BEEE88 
 249      BE361D
 250 054a BD4D6AEC 		.ascii	"\275Mj\354\373\013\001\217 \003\372\027\007\313\315"
 250      FB0B018F 
 250      2003FA17 
 250      07CBCD
 251 0559 43CD8E71 		.ascii	"C\315\216q\244)\314?:2\033\035\260\235\012\266\303y"
 251      A429CC3F 
 251      3A321B1D 
 251      B09D0AB6 
 251      C379
 252 056b 142AF069 		.ascii	"\024*\360i\005|\323\021<\340\010\256T\300w\2347\\\005"
 252      057CD311 
 252      3CE008AE 
 252      54C0779C 
 252      375C05
 253 057e EE56C0ED 		.ascii	"\356V\300\355\316\367R\200R\213\363\264\026}P\213n\216"
 253      CEF75280 
 253      528BF3B4 
 253      167D508B 
 253      6E8E
 254 0590 957F5178 		.ascii	"\225\177QxO\324e\316V\230\35792\337P\230\351y\2411\025"
 254      4FD465CE 
 254      5698EF39 
 254      32DF5098 
 254      E979A131 
 255 05a5 C0929680 		.ascii	"\300\222\226\200\004\376\335\021\354D\365\375>\344\013"
 255      04FEDD11 
 255      EC44F5FD 
 255      3EE40B
ARM GAS  /var/folders/d3/p12xj6d96hx5ptyrkl_lzds40000gn/T//ccJy2hBm.s 			page 19


 256 05b4 8729D5A0 		.ascii	"\207)\325\240\363\364\325\216k\025\307\303\316w%C\247"
 256      F3F4D58E 
 256      6B15C7C3 
 256      CE772543 
 256      A7
 257 05c5 F01F4709 		.ascii	"\360\037G\011Y\005\364\010\020\017\351\"\301C\010h\233"
 257      5905F408 
 257      100FE922 
 257      C1430868 
 257      9B
 258 05d6 E8877E46 		.ascii	"\350\207~F\276(A\364EO\3419\001\"\301x;\310$\214\307"
 258      BE2841F4 
 258      454FE139 
 258      0122C178 
 258      3BC8248C 
 259 05eb 40C641E2 		.ascii	"@\306A\342@\177\005\317Xx>\203\347\024\310O /A\236\203"
 259      407F05CF 
 259      58783E83 
 259      E714C84F 
 259      202F419E 
 260 0600 BC061905 		.ascii	"\274\006\031\005y\201|UI\345*A\336u^\035uJ\351\012\372"
 260      79817C55 
 260      49E52A41 
 260      DE755E1D 
 260      754AE90A 
 261 0615 81D38DC5 		.ascii	"\201\323\215\305\300\344\240\332\326]\352\205\3234\364"
 261      C0E4A0DA 
 261      D65DEA85 
 261      D334F4
 262 0624 F47623EE 		.ascii	"\364v#\356h\031B\263\375\234f\212v@\202\377\357dYw\007"
 262      681942B3 
 262      FD9C668A 
 262      764082FF 
 262      EF645977 
 263 0639 FB11E96E 		.ascii	"\373\021\351n\0228K\024\355\007\013\322l\032\263\264"
 263      12384B14 
 263      ED070BD2 
 263      6C1AB3B4 
 264 0649 FD608FD7 		.ascii	"\375`\217\327\264#E\222*A\001\355\024\331\221\002\236"
 264      B4234592 
 264      2A4101ED 
 264      14D99102 
 264      9E
 265 065a 803E5C3D 		.ascii	"\200>\\=\236\351\211\363h\206\350\370\265\311\001o8"
 265      9EE989F3 
 265      6886E8F8 
 265      B5C9016F 
 265      38
 266 066b C2345692 		.ascii	"\3024V\222#\314_/\026%\220\343W\336\037\350y\021\355"
 266      23CC5F2F 
 266      162590E3 
 266      57DE1FE8 
 266      7911ED
 267 067e 529CC150 		.ascii	"R\234\301P9\013\355\026\311I\246 \266\301\206q5#*\370"
 267      390BED16 
 267      C949A620 
 267      B6C18671 
ARM GAS  /var/folders/d3/p12xj6d96hx5ptyrkl_lzds40000gn/T//ccJy2hBm.s 			page 20


 267      35232AF8 
 268 0692 B1AE897F 		.ascii	"\261\256\211\177\325=A\035\310O+\322\260\317\305}\262"
 268      D53D411D 
 268      C84F2BD2 
 268      B0CFC57D 
 268      B2
 269 06a3 7CB8FD69 		.ascii	"|\270\375i\272\016_`\330\227\367\323z\021\303\222\200"
 269      BA0E5F60 
 269      D897F7D3 
 269      7A11C392 
 269      80
 270 06b4 120ED84E 		.ascii	"\022\016\330N\271\317\374\365\330'\362\257G\212H?\037"
 270      B9CFFCF5 
 270      D827F2AF 
 270      478A483F 
 270      1F
 271 06c5 5DCFCFFD 		.ascii	"]\317\317\375\254\307W(\225\246:v\350\260\027\362\363"
 271      ACC75728 
 271      95A63A76 
 271      E8B017F2 
 271      F3
 272 06d6 410047EC 		.ascii	"A\000G\354(O\376\023\022P\206\250C\251\"\226\377Y\314"
 272      284FFE13 
 272      125086A8 
 272      43A92296 
 272      FF59CC
 273 06e9 94807FE4 		.ascii	"\224\200\177\344\237d\032\306Z\372\244g\362\221|\311"
 273      9F641AC6 
 273      5AFAA467 
 273      F2917CC9 
 274 06f9 75AE8016 		.ascii	"u\256\200\026\323\217\023J\2036fP\177\351\242\017\332"
 274      D38F134A 
 274      83366650 
 274      7FE9A20F 
 274      DA
 275 070a CF1C8EDF 		.ascii	"\317\034\216\337\274\353\253\234\004\020\245\336\013"
 275      BCEBAB9C 
 275      0410A5DE 
 275      0B
 276 0717 CB7B4412 		.ascii	"\313{D\022\336\001\321 \007I\300}\315m\361\256:N\235"
 276      DE01D120 
 276      0749C07D 
 276      CD6DF1AE 
 276      3A4E9D
 277 072a FC9FA8EB 		.ascii	"\374\237\250\353\317\014\364\272\250\271\017\276\215"
 277      CF0CF4BA 
 277      A8B90FBE 
 277      8D
 278 0737 DB5676AD 		.ascii	"\333Vv\255\325m~\201\324\001G\316\256W\372T)\376\200"
 278      D56D7E81 
 278      D40147CE 
 278      AE57FA54 
 278      29FE80
 279 074a A44199A2 		.ascii	"\244A\231\242\001%C\243\340t\2562\375\032f\326C\035"
 279      012543A3 
 279      E074AE32 
 279      FD1A66D6 
ARM GAS  /var/folders/d3/p12xj6d96hx5ptyrkl_lzds40000gn/T//ccJy2hBm.s 			page 21


 279      431D
 280 075c B2C4F960 		.ascii	"\262\304\371`\331?U\227\347\211\257\263\362WdM>t\263"
 280      D93F5597 
 280      E789AFB3 
 280      F257644D 
 280      3E74B3
 281 076f F77C93AA 		.ascii	"\367|\223\252\347\344$\232\255\364<[\335\363\034\332"
 281      E7E4249A 
 281      ADF43C5B 
 281      DDF31CDA 
 282 077f F3860785 		.ascii	"\363\206\007\205\231\032|\213\021\035\033{\266\335\225"
 282      991A7C8B 
 282      111D1B7B 
 282      B6DD95
 283 078e 1135765E 		.ascii	"\0215v^\3253\026\272qr\025\222\\5\311!JR\274\315\266"
 283      D53316BA 
 283      71721592 
 283      5C35C921 
 283      4A52BCCD 
 284 07a3 DB158F31 		.ascii	"\333\025\2171\222\236\336\370:\276\031<T\007\3369\374"
 284      929EDEF8 
 284      3ABE193C 
 284      5407DE39 
 284      FC
 285 07b4 C03B39D2 		.ascii	"\300;9\3221\311\317|:R\336\362\251Z\327\231\367J\241"
 285      31C9CF7C 
 285      3A52DEF2 
 285      A95AD799 
 285      F74AA1
 286 07c7 BC570A58 		.ascii	"\274W\012X}\273\037e$"
 286      7DBB1F65 
 286      24
 287 07d0 22C7DEE5 		.ascii	"\"\307\336\345C\221\016\323\"\025\321\372\026\312\365"
 287      43910ED3 
 287      2215D1FA 
 287      16CAF5
 288 07df 9D282B1A 		.ascii	"\235(+\032\365r\354\306\214\350\243\235\245{5r7\036"
 288      F572ECC6 
 288      8CE8A39D 
 288      A57B3572 
 288      371E
 289 07f1 79F16E14 		.ascii	"y\361n\024\363n\300\277(*\323<\336\215\022\332\215\332"
 289      F36EC0BF 
 289      282AD33C 
 289      DE8D12DA 
 289      8DDA
 290 0803 8CFDBFC7 		.ascii	"\214\375\277\307\222\013M\177O\303\350\035\255\275\031"
 290      920B4D7F 
 290      4FC3E81D 
 290      ADBD19
 291 0812 FFD85762 		.ascii	"\377\330Wbo\006\371g\244T\251c\251\272\216e\264\216"
 291      6F06F967 
 291      A454A963 
 291      A9BA8E65 
 291      B48E
 292 0824 B75A1353 		.ascii	"\267Z\023S58\205\021%\365\016\224\3327\307#o\207p\232"
 292      35388511 
ARM GAS  /var/folders/d3/p12xj6d96hx5ptyrkl_lzds40000gn/T//ccJy2hBm.s 			page 22


 292      25F50E94 
 292      DA37C723 
 292      6F87709A 
 293 0838 A6857384 		.ascii	"\246\205s\204\207S.\316\027\\c\254k\"\303\255\332\325"
 293      87532ECE 
 293      175C63AC 
 293      6B22C3AD 
 293      DAD5
 294 084a 9FFC719E 		.ascii	"\237\374q\236) @\370\300\337\337h\012\013\337\020\376"
 294      292040F8 
 294      C0DFDF68 
 294      0A0BDF10 
 294      FE
 295 085b 6990312A 		.ascii	"i\2201*\306\030\026\034a\214\211\0161\306X\375C\004"
 295      C618161C 
 295      618C890E 
 295      31C658FD 
 295      4304
 296 086d 7D8C35C8 		.ascii	"}\2145\310\032\034m]\021\021\034\275Yg\261l\015\217"
 296      1A1C6D5D 
 296      11111CBD 
 296      5967B16C 
 296      0D8F
 297 087f B42E0EB4 		.ascii	"\264.\016\264X\377d\334\032\023m\214\210\012\001\360"
 297      58FF64DC 
 297      1A136D8C 
 297      880A01F0 
 298 088f 1721210B 		.ascii	"\027!!\013auadTd\350\302\320\340\015\341\013\227Z\226"
 298      61756164 
 298      5464E8C2 
 298      D0E00DE1 
 298      0B975A96 
 299 08a3 2C0C5C14 		.ascii	",\014\\\024\260\354o\201\306i\013\306\360\310\220\210"
 299      B0EC6F81 
 299      C6690BC6 
 299      F0C89088 
 300 08b3 AD1B438D 		.ascii	"\255\033C\215\233\203C\302\302#C\215\226\215\241\233"
 300      9B8343C2 
 300      C223438D 
 300      968DA19B 
 301 08c3 82B74658 		.ascii	"\202\267FX-\326\257\266\204\306\370\207\011Z\331\301"
 301      2DD6AFB6 
 301      84C6F887 
 301      095AD9C1 
 302 08d3 DAFFCD41 		.ascii	"\332\377\315A\314W1FK\214u#\260\001\253;\250\326\360"
 302      CC573146 
 302      4B8C7523 
 302      B001AB3B 
 302      A8D6F0
 303 08e6 CDA116EB 		.ascii	"\315\241\026\353\257\247\347\032m\265[\204\204\021\020"
 303      AFA7E71A 
 303      6DB55B84 
 303      841110
 304 08f5 0FC383A4 		.ascii	"\017\303\203\244\035\265\205e\015\343P\253<\\\315\207"
 304      1DB58565 
 304      0DE350AB 
 304      3C5CCD87 
ARM GAS  /var/folders/d3/p12xj6d96hx5ptyrkl_lzds40000gn/T//ccJy2hBm.s 			page 23


 305 0905 80B04444 		.ascii	"\200\260DDl\264\204C%\003\336,\340\226\250hk\2141h\375"
 305      6CB48443 
 305      2503DE2C 
 305      E096A868 
 305      6B8C3168 
 306 091a BAC581C6 		.ascii	"\272\305\201\306\265kW\032\327\257Y\367e\200\221\331"
 306      B56B571A 
 306      D7AF59F7 
 306      658091D9 
 307 092a 00BF8BC9 		.ascii	"\000\277\213\311\264\316\274X\374\324\254Y\271n\205"
 307      B4CEBC58 
 307      FCD4AC59 
 307      B96E85
 308 0939 19AF3499 		.ascii	"\031\2574\2315\037\255\\o\306&\223\031\233AV\230\315"
 308      351FAD5C 
 308      6FC62693 
 308      199B4156 
 308      98CD
 309 094b F8B32013 		.ascii	"\370\263 \0236}\262^c2\2552S| \275\007\340U\253\315"
 309      367DB25E 
 309      6332AD32 
 309      537C20BD 
 309      07E055AB 
 310 0960 621058AE 		.ascii	"b\020X\256Ye\326\004\255\003\264\311\034\010\022\000"
 310      5965D604 
 310      AD03B4C9 
 310      1C081200 
 311 0970 C83F9B97 		.ascii	"\310?\233\227\274{,\233I\235\3037\263t\271b\261\032"
 311      BC7B2C9B 
 311      499DC337 
 311      B374B962 
 311      B11A
 312 0982 786231A4 		.ascii	"xb1\244\355\226`\222\253\247\305\262ikd\210\305\342"
 312      ED966092 
 312      ABA7C5B2 
 312      696B6488 
 312      C5E2
 313 0994 BF2C70E9 		.ascii	"\277,p\351R\255\254iB\302\202\243\337\263\303\243\266"
 313      52ADAC69 
 313      42C282A3 
 313      DFB3C3A3 
 313      B6
 314 09a5 30F42C79 		.ascii	"0\364,y&\324\211\371\262@y\371\013\247\313\313\376\015"
 314      26D489F9 
 314      B24079F9 
 314      0BA7CBCB 
 314      FE0D
 315 09b7 4389EDC7 		.ascii	"C\211\355\307"
 316              		.text
 317              		.section	.gnu.lto_.symtab.ab31048a0a8d661a,"",%progbits
 318 0000 7374496E 		.ascii	"stInit\000"
 318      697400
 319 0007 00       		.ascii	"\000"
 320 0008 00       		.ascii	"\000"
 321 0009 00       		.ascii	"\000"
 322 000a 00000000 		.ascii	"\000\000\000\000\000\000\000\000"
 322      00000000 
ARM GAS  /var/folders/d3/p12xj6d96hx5ptyrkl_lzds40000gn/T//ccJy2hBm.s 			page 24


 323 0012 AD000000 		.ascii	"\255\000\000\000"
 324 0016 73745374 		.ascii	"stStartAlarm\000"
 324      61727441 
 324      6C61726D 
 324      00
 325 0023 00       		.ascii	"\000"
 326 0024 00       		.ascii	"\000"
 327 0025 00       		.ascii	"\000"
 328 0026 00000000 		.ascii	"\000\000\000\000\000\000\000\000"
 328      00000000 
 329 002e BC000000 		.ascii	"\274\000\000\000"
 330 0032 73745374 		.ascii	"stStopAlarm\000"
 330      6F70416C 
 330      61726D00 
 331 003e 00       		.ascii	"\000"
 332 003f 00       		.ascii	"\000"
 333 0040 00       		.ascii	"\000"
 334 0041 00000000 		.ascii	"\000\000\000\000\000\000\000\000"
 334      00000000 
 335 0049 BE000000 		.ascii	"\276\000\000\000"
 336 004d 73745365 		.ascii	"stSetAlarm\000"
 336      74416C61 
 336      726D00
 337 0058 00       		.ascii	"\000"
 338 0059 00       		.ascii	"\000"
 339 005a 00       		.ascii	"\000"
 340 005b 00000000 		.ascii	"\000\000\000\000\000\000\000\000"
 340      00000000 
 341 0063 C0000000 		.ascii	"\300\000\000\000"
 342 0067 73744765 		.ascii	"stGetAlarm\000"
 342      74416C61 
 342      726D00
 343 0072 00       		.ascii	"\000"
 344 0073 00       		.ascii	"\000"
 345 0074 00       		.ascii	"\000"
 346 0075 00000000 		.ascii	"\000\000\000\000\000\000\000\000"
 346      00000000 
 347 007d C3000000 		.ascii	"\303\000\000\000"
 348 0081 73745F6C 		.ascii	"st_lld_init\000"
 348      6C645F69 
 348      6E697400 
 349 008d 00       		.ascii	"\000"
 350 008e 02       		.ascii	"\002"
 351 008f 00       		.ascii	"\000"
 352 0090 00000000 		.ascii	"\000\000\000\000\000\000\000\000"
 352      00000000 
 353 0098 C5000000 		.ascii	"\305\000\000\000"
 354              		.text
 355              		.section	.gnu.lto_.opts,"",%progbits
 356 0000 272D666D 		.ascii	"'-fmath-errno' '-fsigned-zeros' '-ftrapping-math' '"
 356      6174682D 
 356      6572726E 
 356      6F272027 
 356      2D667369 
 357 0033 2D666E6F 		.ascii	"-fno-trapv' '-fno-openmp' '-fno-openacc' '-mcpu=cor"
 357      2D747261 
 357      70762720 
ARM GAS  /var/folders/d3/p12xj6d96hx5ptyrkl_lzds40000gn/T//ccJy2hBm.s 			page 25


 357      272D666E 
 357      6F2D6F70 
 358 0066 7465782D 		.ascii	"tex-m0' '-mno-thumb-interwork' '-mthumb' '-ggdb' '-"
 358      6D302720 
 358      272D6D6E 
 358      6F2D7468 
 358      756D622D 
 359 0099 4F322720 		.ascii	"O2' '-fomit-frame-pointer' '-falign-functions=16' '"
 359      272D666F 
 359      6D69742D 
 359      6672616D 
 359      652D706F 
 360 00cc 2D666675 		.ascii	"-ffunction-sections' '-fdata-sections' '-fno-common"
 360      6E637469 
 360      6F6E2D73 
 360      65637469 
 360      6F6E7327 
 361 00ff 2720272D 		.ascii	"' '-flto'\000"
 361      666C746F 
 361      2700
 362              		.text
 363              		.comm	__gnu_lto_v1,1,1
 364              		.comm	__gnu_lto_slim,1,1
 365              		.ident	"GCC: (GNU Tools for ARM Embedded Processors) 5.4.1 20160609 (release) [ARM/embedded-5-bran
ARM GAS  /var/folders/d3/p12xj6d96hx5ptyrkl_lzds40000gn/T//ccJy2hBm.s 			page 26


DEFINED SYMBOLS
                            *ABS*:0000000000000000 st.c
                            *COM*:0000000000000001 __gnu_lto_v1
                            *COM*:0000000000000001 __gnu_lto_slim

NO UNDEFINED SYMBOLS
