ARM GAS  /var/folders/d3/p12xj6d96hx5ptyrkl_lzds40000gn/T//ccpXWXYt.s 			page 1


   1              		.syntax unified
   2              		.cpu cortex-m0
   3              		.fpu softvfp
   4              		.eabi_attribute 20, 1
   5              		.eabi_attribute 21, 1
   6              		.eabi_attribute 23, 3
   7              		.eabi_attribute 24, 1
   8              		.eabi_attribute 25, 1
   9              		.eabi_attribute 26, 1
  10              		.eabi_attribute 30, 2
  11              		.eabi_attribute 34, 0
  12              		.eabi_attribute 18, 4
  13              		.thumb
  14              		.syntax unified
  15              		.file	"st_lld.c"
  16              		.text
  17              	.Ltext0:
  18              		.section	.gnu.lto_.profile.3a2dce6fd9c4c2b5,"",%progbits
  19 0000 789C6361 		.ascii	"x\234ca`d`a`\000\222V\262\000\000\373\000b"
  19      60646061 
  19      60009256 
  19      B20000FB 
  19      0062
  20              		.text
  21              		.section	.gnu.lto_.icf.3a2dce6fd9c4c2b5,"",%progbits
  22 0000 789C6361 		.ascii	"x\234ca`d\000\001>\006\004`bh\\\335\331\317\301\270"
  22      60640001 
  22      3E060460 
  22      62685CDD 
  22      D9CFC1B8 
  23 0014 7B59CF75 		.ascii	"{Y\317uV\006\000&\276\005,"
  23      56060026 
  23      BE052C
  24              		.text
  25              		.section	.gnu.lto_.jmpfuncs.3a2dce6fd9c4c2b5,"",%progbits
  26 0000 789C6361 		.ascii	"x\234ca`d\000\201@\006\004`\202b\006&\306\277L\214\353"
  26      60640081 
  26      40060460 
  26      82620626 
  26      C6BF4C8C 
  27 0015 DFECFCC9 		.ascii	"\337\354\374\311\373\205\251\225\031\250\222q9\243\014"
  27      FB85A995 
  27      19A89271 
  27      39A30C
  28 0024 0348070B 		.ascii	"\003H\007\013Hf\315\262\217\007\370A2\214\214\374\214"
  28      4866CDB2 
  28      8F07F841 
  28      328C8CFC 
  28      8C
  29 0035 2BC03240 		.ascii	"+\3002@\321=\363{VrAD\231\030W\202D\031\000\026#\023"
  29      D13DF37B 
  29      56724144 
  29      99185782 
  29      44190016 
  30 004b 4D       		.ascii	"M"
  31              		.text
  32              		.section	.gnu.lto_.inline.3a2dce6fd9c4c2b5,"",%progbits
ARM GAS  /var/folders/d3/p12xj6d96hx5ptyrkl_lzds40000gn/T//ccpXWXYt.s 			page 2


  33 0000 789C6361 		.ascii	"x\234ca`d\000\001'\006\004`b`\340\025cd`\342\273\027"
  33      60640001 
  33      27060460 
  33      6260E015 
  33      636460E2 
  34 0016 C0C0B640 		.ascii	"\300\300\266@\236\011,\306\315\300\3008\301\217\221"
  34      9E092CC6 
  34      CDC0C038 
  34      C18F91
  35 0025 0BAA8611 		.ascii	"\013\252\206\021\010Ed\200\212d\036\334b\204\253b\346"
  35      08456480 
  35      8A641EDC 
  35      6284AB62 
  35      E6
  36 0036 01EB6600 		.ascii	"\001\353f\000\000\353\262\006N"
  36      00EBB206 
  36      4E
  37              		.text
  38              		.section	.gnu.lto_.pureconst.3a2dce6fd9c4c2b5,"",%progbits
  39 0000 789C6361 		.ascii	"x\234ca`d`c```b\330\305\310(\005\000\003\241\000\344"
  39      60646063 
  39      60606062 
  39      D8C5C828 
  39      050003A1 
  40              		.text
  41              		.section	.gnu.lto_Vector7C.3a2dce6fd9c4c2b5,"",%progbits
  42 0000 789C8553 		.ascii	"x\234\205S]hTG\024>g\346\356o6I_+A\222\007\037D\335"
  42      5D685447 
  42      143E67E6 
  42      EE6F3649 
  42      5F2B4192 
  43 0018 8BADF4BD 		.ascii	"\213\255\364\275\244\010\202\213\340\372\036t\263\220"
  43      A408828B 
  43      E0FA1E74 
  43      B390
  44 0026 858D2BBB 		.ascii	"\205\215+\2731\350S&\356^+(\342\203\255\266\264\315"
  44      31E85326 
  44      EE5E2B28 
  44      E283ADB6 
  44      B4CD
  45 0038 8314539B 		.ascii	"\203\024S\233\037\327\377]5\271&jl\343\017\255X(R\210"
  45      1FD7FF5D 
  45      35B9266A 
  45      6CE30FAD 
  45      58285288 
  46 004c 11A38894 		.ascii	"\021\243\210\224\244\215\256\202\353\365\234\271Q\223"
  46      A48DAE82 
  46      EBF59CB9 
  46      5193
  47 005a BDD05ED8 		.ascii	"\275\320^\330\231\235\371\3169\337\371\276\2311\000"
  47      999DF9CE 
  47      39DFF9BE 
  47      993100
  48 0069 81BFA201 		.ascii	"\201\277\242\001\360\202\346u\364C\037\2408t\033\240"
  48      F082E675 
  48      F4431FA0 
  48      38741BA0 
ARM GAS  /var/folders/d3/p12xj6d96hx5ptyrkl_lzds40000gn/T//ccpXWXYt.s 			page 3


  49 0079 3728842C 		.ascii	"7(\204,/\007\0256\3760AE$\032\356\266\201\310\177T\020"
  49      2F071536 
  49      FE304145 
  49      241AEEB6 
  49      81C87F54 
  50 008e A1474803 		.ascii	"\241GH\003{\360\271\250\012\034\373r\246$V\036W\364"
  50      7BF0B9A8 
  50      0A1CFB72 
  50      A624561E 
  50      57F4
  51 00a0 4D3DAA84 		.ascii	"M=\252\204T\277\215\226\004p\204\246\000<\216+\201\302"
  51      54BF8D96 
  51      047084A6 
  51      003C8E2B 
  51      81C2
  52 00b2 7E2B9CFC 		.ascii	"~+\234\374N\316\013K\"\032\264\234\273\365\355\303\006"
  52      4ECE0B4B 
  52      221AB49C 
  52      BBF5EDC3 
  52      06
  53 00c3 5E0A6CA6 		.ascii	"^\012l\246\345\314\300@1\"\327!G\356\335\367\373\244"
  53      E5CCC040 
  53      3122D721 
  53      47EEDDF7 
  53      FBA4
  54 00d5 6FC531A5 		.ascii	"o\3051\245\366(\373\356\035\374F\331\205fKJ<\201\222"
  54      F628FBEE 
  54      1DFC46D9 
  54      85664B4A 
  54      3C8192
  55 00e8 8AE24FD8 		.ascii	"\212\342O\330\204\375\330\244\213S\364t\361\315W\365"
  55      84FDD8A4 
  55      8B53F474 
  55      F1CD57F5 
  56 00f8 FE02D337 		.ascii	"\376\002\3237\343\317\270\302%\306\001\364\223F\344"
  56      E3CFB8C2 
  56      25C601F4 
  56      9346E4
  57 0107 9DE1CDB6 		.ascii	"\235\341\315\266r\234\274\262G\033G^:\241\210\001\274"
  57      729CBCB2 
  57      471B475E 
  57      3AA18801 
  57      BC
  58 0118 EB034B1A 		.ascii	"\353\003K\032~\036\000f)\205\245\315\011\301\263|\202"
  58      7E1E0066 
  58      2985A5CD 
  58      09C1B37C 
  58      82
  59 0129 0566E622 		.ascii	"\005f\346\"y\311\335\226J\317\356\007z\252j\237R\037"
  59      79C9DD96 
  59      4ACFEE07 
  59      7AAA6A9F 
  59      521F
  60 013b 59D2E708 		.ascii	"Y\322\347\010\256=\210=\334\300\360\263\322\253zVB\204"
  60      AE3D883D 
  60      DCC0F0B3 
  60      D2AB7A56 
ARM GAS  /var/folders/d3/p12xj6d96hx5ptyrkl_lzds40000gn/T//ccpXWXYt.s 			page 4


  60      4284
  61 014d 38844D96 		.ascii	"8\204M\226\014\3004\012\335\001\361P\001\230\301\261"
  61      0CC0340A 
  61      DD01F150 
  61      0198C1B1 
  62 015d 72B132EE 		.ascii	"r\2612\356s\013\372(\351kk\354N\200\223\202Z\362\355"
  62      730BFA28 
  62      E96B6BEC 
  62      4E809382 
  62      5AF2ED
  63 0170 C1CA6CD8 		.ascii	"\301\312l\330]\262\020\246<6\364b\"\330\207\337\223"
  63      5DB210A6 
  63      3C36F462 
  63      22D887DF 
  63      93
  64 0181 99213C49 		.ascii	"\231!<I\232\207Y3\001'n\315\377\0330\007U\201\2200\026"
  64      9A875933 
  64      01276ECD 
  64      FF1B3007 
  64      55819030 
  65 0196 B10FDF68 		.ascii	"\261\017\337h\253\361\024\232\304\224\177\275\367\246"
  65      ABF1149A 
  65      C4947FBD 
  65      F7A6
  66 01a4 748916B8 		.ascii	"t\211\026\270\2569\025\273\221\213\033\324\325i\252"
  66      AE3915BB 
  66      918B1BD4 
  66      D569AA
  67 01b3 F2000BF7 		.ascii	"\362\000\013\367\363\313\026b\026+0H\301\231\005k\347"
  67      F3CB1662 
  67      162B3048 
  67      C199056B 
  67      E7
  68 01c4 8484F272 		.ascii	"\204\204\362rI\255\317\317V\036\352\326\027u\325\313"
  68      49ADCFCF 
  68      561EEAD6 
  68      1775D5CB 
  69 01d4 6DC6E1BF 		.ascii	"m\306\341\277{;\373\241\267sh.V\035&\242\363\224\363"
  69      7B3BFBA1 
  69      B773682E 
  69      561D26A2 
  69      F394F3
  70 01e7 187BA7AB 		.ascii	"\030{\247\253\017\006\345\322s\264'_\307\365\011:t\036"
  70      0F06E5D2 
  70      73B4275F 
  70      C7F5093A 
  70      741E
  71 01f9 3550E5E0 		.ascii	"5P\345\340~<\352\007\274\300\250\254E\253\207\017 \201"
  71      7E3CEA07 
  71      BCC0A8AC 
  71      45AB870F 
  71      2081
  72 020b 25068D5A 		.ascii	"%\006\215Z\360\307#\243|\311\313\014\372j@5\267\032"
  72      F0C723A3 
  72      7CC9CB0C 
  72      FA6A4035 
  72      B71A
ARM GAS  /var/folders/d3/p12xj6d96hx5ptyrkl_lzds40000gn/T//ccpXWXYt.s 			page 5


  73 021d F02223FE 		.ascii	"\360\"#\376\332K\005x\211j\002^\326#\374\205\204\367"
  73      DA4B0578 
  73      896A025E 
  73      D623FC85 
  73      84F7
  74 022f 8F8C3F8A 		.ascii	"\217\214?\212\264\314`\237:JW\263\216S\376\031:u\257"
  74      B4CC609F 
  74      3A4A57B3 
  74      8E53FE19 
  74      3A75AF
  75 0242 CE20B538 		.ascii	"\316 \2658\202-4\216\242\001O0?U\236\270\371qM#\373"
  75      822D348E 
  75      A2014F30 
  75      3F559EB8 
  75      F9714D23 
  76 0257 ABEFE405 		.ascii	"\253\357\344\005\274d\266\246\271\202\272\217\245\367"
  76      BC64B6A6 
  76      B982BA8F 
  76      A5F7
  77 0265 2EE288A0 		.ascii	".\342\210\240\306q\214\256\236%\353]\377\236\017x\374"
  77      C6718CAE 
  77      9E25EB5D 
  77      FF9E0F78 
  77      FC
  78 0276 7B4F10F2 		.ascii	"{O\020\362\372\367\203\366o\234\321\260\327\2772\227"
  78      FAF783F6 
  78      6F9CD1B0 
  78      D7BF3297 
  79 0286 BFCA609D 		.ascii	"\277\312`\235\327\277?\331\277k\014Fj\375;\273\006\360"
  79      D7BF3FD9 
  79      BF6B0C46 
  79      6AFD3BBB 
  79      06F0
  80 0298 3A23F55E 		.ascii	":#\365^I\023Z\322\015\327\277\277\377\327\277_\264\177"
  80      49135AD2 
  80      0DD7BFBF 
  80      FFD7BF5F 
  80      B47F
  81 02aa BF927F7C 		.ascii	"\277\222\177|\013\215w/r\352\252\243_\244\327\227\006"
  81      0B8D772F 
  81      72EAAAA3 
  81      5FA4D797 
  81      06
  82 02bb 473450C6 		.ascii	"G4P\306$\231B\257\315\222\215\360\024\367\330\316&\035"
  82      249942AF 
  82      CD928DF0 
  82      14F7D8CE 
  82      261D
  83 02cd CDDF2CBD 		.ascii	"\315\337,\275W\252B\305\327F\243fkGj[jS\334\314\344"
  83      57AA42C5 
  83      D746A366 
  83      6B476A5B 
  83      6A53DCCC 
  84 02e2 CC8EAD69 		.ascii	"\314\216\255isG&\333\2253\343[b\237~bn\334\370\205\271"
  84      734726DB 
  84      9533E35B 
  84      629F7E62 
ARM GAS  /var/folders/d3/p12xj6d96hx5ptyrkl_lzds40000gn/T//ccpXWXYt.s 			page 6


  84      6EDCF885 
  85 02f7 6543AC7B 		.ascii	"eC\254{\255\231\353jK\247\333\243\011\010\265\345\266"
  85      AD99EB6A 
  85      4BA7DBA3 
  85      0908B5E5 
  85      B6
  86 0308 7627DBDB 		.ascii	"v'\333\333\322\331\350\322\334\344\256.\2635\026\337"
  86      D2D9E8D2 
  86      DCE4AE2E 
  86      B33516DF 
  87 0318 103753DB 		.ascii	"\0207S\333\023\351\235\355I3\221\311&\333\022\235\353"
  87      13E99DED 
  87      493391C9 
  87      26DB129D 
  87      EB
  88 0329 776E4F44 		.ascii	"wnOD;\240\305K\225\311\321\220\355\322\2637\202\200"
  88      3BA0C54B 
  88      95C9D190 
  88      EDD2B337 
  88      8280
  89 033b F7953A72 		.ascii	"\367\225:r\273s\024\261\312\023\341v\373\371\346Xkl"
  89      BB7314B1 
  89      CA13E176 
  89      FBF9E658 
  89      6B6C
  90 034d 178569CA 		.ascii	"\027\205i\312\356\317:)6\230\330\221K\2657\247 \320"
  90      EECF3A29 
  90      3698D891 
  90      4BB537A7 
  90      20D0
  91 035f 99ECCC64 		.ascii	"\231\354\314dw\273\033I\332x\013O\264\001K"
  91      77BB1B49 
  91      DA780B4F 
  91      B4014B
  92              		.text
  93              		.section	.gnu.lto_st_lld_init.3a2dce6fd9c4c2b5,"",%progbits
  94 0000 789C9D94 		.ascii	"x\234\235\224KL\023A\030\307\347\277\273\335\226\"A"
  94      4B4C1341 
  94      18C7E7BF 
  94      BBDD9622 
  94      41
  95 0011 CFF6E0C5 		.ascii	"\317\366\340\305C=0\026\274{\320\213\011\304D\270x2"
  95      433D3016 
  95      BC7BD08B 
  95      09C444B8 
  95      7832
  96 0023 3E122121 		.ascii	">\022!!\301\010\361\332\301\262J\304\030\215\24111\006"
  96      C108F1DA 
  96      C1B24AC4 
  96      188DA131 
  96      3106
  97 0035 1313DEA5 		.ascii	"\023\023\336\245E\361QD)\005\005\037`\214o\0015&\"\021"
  97      45F15144 
  97      2905051F 
  97      608C6F01 
  97      35262211 
  98 0049 0FDB58D1 		.ascii	"\017\333X\321\013\324\371fK\301x\221N\322\331\316\243"
ARM GAS  /var/folders/d3/p12xj6d96hx5ptyrkl_lzds40000gn/T//ccpXWXYt.s 			page 7


  98      0BD4F966 
  98      4BC17891 
  98      4ED2D9CE 
  98      A3
  99 005a BFDFF7ED 		.ascii	"\277\337\367\355\314W\203\201Q;\352b\254L>7\313\017"
  99      CC578381 
  99      513BEA62 
  99      AC4C3E37 
  99      CB0F
 100 006c 7406EDFC 		.ascii	"t\006\355\374\024c\215\036\015\240/\302\003\026\324"
 100      14638D1E 
 100      0DA02FC2 
 100      0316D4
 101 007b 10C44F6D 		.ascii	"\020\304OmIC\362\364\\\\\363w\010\331>}i/\025\235\011"
 101      4943F2F4 
 101      5C5CF377 
 101      08D93E7D 
 101      692F159D 
 102 0090 583A6319 		.ascii	"X:c\031M\221\030:\340gr\333\347\376\345\326\"\263\211"
 102      4D91183A 
 102      E06772DB 
 102      E7FEE5D6 
 102      22B389
 103 00a3 B66D7116 		.ascii	"\266mq\026\321\011\223t\321}\011\221\311\204\204Hm\237"
 103      D1099374 
 103      D17D0991 
 103      C9848448 
 103      6D9F
 104 00b5 F76FD298 		.ascii	"\367o\322\230\245K\245\354\\\324\231\3241f\313\037\220"
 104      A54BA5EC 
 104      5CD499D4 
 104      3166CB1F 
 104      90
 105 00c6 3AA569F4 		.ascii	":\245i\364\324\347\220\034L\275\334A\210\220NQ\204\255"
 105      D4E7901C 
 105      4CBDDC41 
 105      88904E51 
 105      84AD
 106 00d8 E433775A 		.ascii	"\3443wZ\263t\015d\233\216N.x\234\241\270\332,\014\012"
 106      B3740D64 
 106      9B8E4E2E 
 106      789CA1B8 
 106      DA2C0C0A 
 107 00ec 60E24C51 		.ascii	"`\342LQ\033\256\310\340tt\303\207.\370\030m\03597\337"
 107      1BAEC8E0 
 107      7474C387 
 107      2EF8186D 
 107      1D3937DF 
 108 0100 5EC423A2 		.ascii	"^\304#\242\251Ql\264t\003=h\303\262\012\036\275\340"
 108      A9516CB4 
 108      74033D68 
 108      C3B20A1E 
 108      BDE0
 109 0112 6C0EA1DF 		.ascii	"l\016\241\337\246\343\321\035\325\300\330\370)\305\206"
 109      A6E3D11D 
 109      D5C0D8F8 
 109      29C586
ARM GAS  /var/folders/d3/p12xj6d96hx5ptyrkl_lzds40000gn/T//ccpXWXYt.s 			page 8


 110 0121 6C114991 		.ascii	"l\021I\221\301\204A[\326a\351[\265D\301%\233(\203\027"
 110      C184415B 
 110      D661E95B 
 110      B544C125 
 110      9B288317 
 111 0135 5E1B8ECA 		.ascii	"^\033\216\312\2656%\227J\251\365\325\327\305Bg(b\226"
 111      B5362597 
 111      4AA9F5D5 
 111      D7C54267 
 111      286296
 112 0148 4A69D97A 		.ascii	"Ji\331z\327\223\265\231\350\227\266X\326\3262z\351\262"
 112      D793B599 
 112      E897B658 
 112      D6D6327A 
 112      E9B2
 113 015a 778DEDBA 		.ascii	"w\215\355\272\262\321\313\306\215\277s\"\327?I\3747"
 113      B2D1CBC6 
 113      8DBF7322 
 113      D73F49FC 
 113      37
 114 016b 7760957B 		.ascii	"w`\225{\223\2620\011\223\266\3374\271\263\244\\\016"
 114      93B23009 
 114      93B6DF34 
 114      B9B3A45C 
 114      0E
 115 017c 6E95C354 		.ascii	"n\225\303T\344\227\355u\206t\021(\207k}\213\343\036"
 115      E497ED75 
 115      86741128 
 115      876B7D8B 
 115      E31E
 116 018e E96AA489 		.ascii	"\351j\244\211\235\362\264=\270-\215\267\262\306\356"
 116      9DF2B43D 
 116      B82D8DB7 
 116      B2C6EE
 117 019d C9F40F37 		.ascii	"\311\364\0177\031A\276;\312\247.O\034\\.\217\265\274"
 117      1941BE3B 
 117      CAA72E4F 
 117      1C5C2E8F 
 117      B5BC
 118 01af 9F01010D 		.ascii	"\237\001\001\015\014o\305\240\223G:6\223\013`]\370\273"
 118      0C6FC5A0 
 118      93473A36 
 118      930B605D 
 118      F8BB
 119 01c1 0AAF137E 		.ascii	"\012\257\023~H\341\027\206bo]\016>#[1\356e\015v\236"
 119      48E11786 
 119      626F5D0E 
 119      3E235B31 
 119      EE650D76 
 120 01d6 86FBCA60 		.ascii	"\206\373\312`\220aX\031r/\310\000Cb%\376\331|\350\005"
 120      90615819 
 120      722FC800 
 120      436225FE 
 120      D97CE805 
 121 01ea 18517459 		.ascii	"\030QtY\273\264\224\011\367\317\232\201(\235\225\330"
 121      BBB49409 
 121      F7CF9A81 
ARM GAS  /var/folders/d3/p12xj6d96hx5ptyrkl_lzds40000gn/T//ccpXWXYt.s 			page 9


 121      289D95D8 
 122 01fa 4FFC2438 		.ascii	"O\374$8\266\371\324\225\033E '\263\363\222\031\030S"
 122      B6F9D495 
 122      1B452027 
 122      B3F39219 
 122      1853
 123 020c 3293700F 		.ascii	"2\223p\017$9\027\373\207\374p\017\025\316M\270\3615"
 123      243917FB 
 123      87FC700F 
 123      15CE4DB8 
 123      F135
 124 021e 383B4FDC 		.ascii	"8;O\334\204\302y\010\367H\342\"+\321}\314\017\367X\341"
 124      84C27908 
 124      F748E222 
 124      2BD17DCC 
 124      0FF758E1 
 125 0232 0A08F724 		.ascii	"\012\010\367$\213\233\207\225\270\370B\225\014\355\217"
 125      8B9B8795 
 125      B8F84295 
 125      0CED8F
 126 0241 C7BF4FBB 		.ascii	"\307\277O\273\203K\242YPix3T\025x\212 \255\365\266\247"
 126      834BA259 
 126      50697833 
 126      5415788A 
 126      20ADF5B6 
 127 0256 12C574C8 		.ascii	"\022\305t\310\205(\306$|rj\250\355l\227\327\231\222"
 127      8528C624 
 127      7C726AA8 
 127      ED6C97D7 
 127      9992
 128 0268 65019FA5 		.ascii	"e\001\237\245o`\337p2\361\274R\001\251\331\022!\377"
 128      6F60DF70 
 128      32F1BC52 
 128      01A9D912 
 128      21FF
 129 027a EBE46D0F 		.ascii	"\353\344m\017\224\224\360]\3255\207j\366V\362\272z^"
 129      9494F05D 
 129      D535876A 
 129      F656F2BA 
 129      7A5E
 130 028c 7DB0961F 		.ascii	"}\260\226\037\253;\336P\317+\253*\312Jyy\371n^\265\247"
 130      AB3BDE50 
 130      CF2BAB2A 
 130      CA4A7979 
 130      F96E5EB5 
 131 02a1 E24480D7 		.ascii	"\342D\200\3277\034\250\255=Rr\230\375\001\030\206\342"
 131      371CA8AD 
 131      3D527298 
 131      FD011886 
 131      E2
 132 02b2 01       		.ascii	"\001"
 133              		.text
 134              		.section	.gnu.lto_.symbol_nodes.3a2dce6fd9c4c2b5,"",%progbits
 135 0000 789C55C8 		.ascii	"x\234U\310=\016@@\024\304\361\231}\3135p\322\267\205"
 135      3D0E4040 
 135      14C4F199 
 135      7DCB3570 
ARM GAS  /var/folders/d3/p12xj6d96hx5ptyrkl_lzds40000gn/T//ccpXWXYt.s 			page 10


 135      D2B785
 136 0013 90A81CC2 		.ascii	"\220\250\034\302\025|m-JgP(\235A\274\250\3544\377\311"
 136      157C6D2D 
 136      4A675028 
 136      9D41BCA8 
 136      EC34FFC9 
 137 0027 CF83E860 		.ascii	"\317\203\350`s#\025\350\017\300\022Ce2Q\231\010\027"
 137      732315E8 
 137      0FC01243 
 137      65325199 
 137      0817
 138 0039 AAFB0408 		.ascii	"\252\373\004\010\2414X\251\222\300L\365\011Dj\366\007"
 138      A13458A9 
 138      92C04CF5 
 138      09446AF6 
 138      07
 139 004a 81C7703E 		.ascii	"\201\307p>\024{\365\276\347\002\207\255\271\013a\206"
 139      147BF5BE 
 139      E70287AD 
 139      B90B6186 
 140 005a ABBD0BBC 		.ascii	"\253\275\013\274\021\341!\333"
 140      11E121DB 
 141              		.text
 142              		.section	.gnu.lto_.refs.3a2dce6fd9c4c2b5,"",%progbits
 143 0000 789C6361 		.ascii	"x\234ca`\004B \000\000\0009\000\007"
 143      60044220 
 143      00000039 
 143      0007
 144              		.text
 145              		.section	.gnu.lto_.decls.3a2dce6fd9c4c2b5,"",%progbits
 146 0000 789CB558 		.ascii	"x\234\265XyPTG\032\237~=\3000\\\026ZY\267\326\255MR"
 146      79505447 
 146      1A9F7E3D 
 146      C0305C16 
 146      5A59B7D6 
 147 0017 6CC9564A 		.ascii	"l\311VJG0\311\346\317\350\200G\225hj\320$\225M\355,"
 147      4730C9E6 
 147      CFE88047 
 147      95686AD0 
 147      24954DED 
 148 002c 8EA350E1 		.ascii	"\216\243P\3410\200Y\375k\237\202\007x\002\202\210\\"
 148      308059FD 
 148      6B9F8207 
 148      78028288 
 148      5C
 149 003d 2A822828 		.ascii	"*\202((\202\212\010\310 \202\250\210\210\034\002r\210"
 149      828A08C8 
 149      2082A888 
 149      881C0272 
 149      88
 150 004e 2866358A 		.ascii	"(f5\212\250\340\205\356\327\335o\246\337\014\203e\325"
 150      A8E085EE 
 150      D7DD6FA6 
 150      DF0C8365 
 150      D5
 151 005f EE4EF14D 		.ascii	"\356N\361M\277\257\337\257\177\337\325\363\372{(\025"
 151      BFAFDFAF 
ARM GAS  /var/folders/d3/p12xj6d96hx5ptyrkl_lzds40000gn/T//ccpXWXYt.s 			page 11


 151      7FDFD5F3 
 151      FA7B2815 
 152 006f 48413E65 		.ascii	"HA>eS\025\212\037\225\012E0\250\357\340\203a\356[\020"
 152      53158A1F 
 152      950A4530 
 152      A8EFE083 
 152      61EE5B10 
 153 0083 016409C8 		.ascii	"\001d\011\310\011\005\3738\202\234\002)\0059\007b\002"
 153      0905FB38 
 153      829C0229 
 153      05390762 
 153      02
 154 0094 A906A953 		.ascii	"\251\006\251S\214\377\020\334$\211\307\023d\012\310"
 154      8CFF10DC 
 154      2489C713 
 154      640AC8
 155 00a3 5990E920 		.ascii	"Y\220\351 \227$\336z\0207\260\351\002r\015\256\177\007"
 155      9724DE7A 
 155      1037B0E9 
 155      02720DAE 
 155      7F07
 156 00b5 E3549093 		.ascii	"\343T\220\223p\375{\030+a$\036b\370\362\2208\211\275"
 156      70FD7B18 
 156      2B61241E 
 156      62F8F290 
 156      3889BD
 157 00c8 3F80FE47 		.ascii	"?\200\376G\220?\201|\002\362g\220\351\210\371\363\027"
 157      903F817C 
 157      02F26790 
 157      E988F9F3 
 157      17
 158 00d9 183F0399 		.ascii	"\030?\003\231\001\242\001\361E\314W\333\017\211\301"
 158      01A201F1 
 158      45CC57DB 
 158      0F89C1
 159 00e8 4DF28FF8 		.ascii	"M\362\217\370\264\014p\201\222\037\313a\014B\334\267"
 159      B40C7081 
 159      921FCB61 
 159      0C42DCB7 
 160 00f8 6E983320 		.ascii	"n\2303 \226\207Z\0205\210?\350?\220|\301\265\003b\216"
 160      96875A10 
 160      35883FE8 
 160      3F907CC1 
 160      B503628E 
 161 010c 0A20AFE0 		.ascii	"\012 \257\340\322\031F\025\310\230\224\303\322\011r"
 161      D2194615 
 161      C89894C3 
 161      D20972
 162 011b 3426A0EE 		.ascii	"4&\240\356\372\374\243\370\231\200\246\253\021\311\274"
 162      FAFCA3F8 
 162      9980A6AB 
 162      11C9BC
 163 012a 074C1D7F 		.ascii	"\007L\035\177X\366\322\215M\021D\357\313\303\363f\026"
 163      58F6D28D 
 163      4D1144EF 
 163      CBC3F366 
 163      16
ARM GAS  /var/folders/d3/p12xj6d96hx5ptyrkl_lzds40000gn/T//ccpXWXYt.s 			page 12


 164 013b 88F0D925 		.ascii	"\210\360\331%\212\202\300\2276\357\034\316q\302.\024"
 164      8A82C097 
 164      36EF1CCE 
 164      71C22E14 
 165 014b 743DB628 		.ascii	"t=\266(\235\320x\252\221\022\324'W\323\356\270\203:"
 165      9DD078AA 
 165      9112D427 
 165      57D3EEB8 
 165      833A
 166 015d 458D3E1E 		.ascii	"E\215>\036\023\204\272\355%\305.\310[\235KX\372\272"
 166      1384BAED 
 166      25C52EC8 
 166      5B9D4B58 
 166      FABA
 167 016f 735CCB44 		.ascii	"s\\\313Dq\022:\206\324\350\010\302(\037\315$\356O'Q"
 167      71123A86 
 167      D4E808C2 
 167      281FCD24 
 167      EE4F2751 
 168 0183 6D11C50D 		.ascii	"m\021\305\015\342\256\030\321\263\336]\201\012\3204"
 168      E2AE18D1 
 168      B3DE5D81 
 168      0AD034
 169 0192 74144D53 		.ascii	"t\024MS\240B\344M\274!@t\030&\363`\022\254\344\347$"
 169      A042E44D 
 169      BC214074 
 169      1826F360 
 169      12ACE4E7 
 170 01a7 1C70C4E1 		.ascii	"\034p\304\341\304\001a\357\311#\243j\213\211\336\315"
 170      C40161EF 
 170      C923A36A 
 170      8B89DECD 
 171 01b7 9F171013 		.ascii	"\237\027\020\023'\300\304qn\002,Nh\243\310\216\015\262"
 171      27C0C471 
 171      6E022C4E 
 171      68A3C88E 
 171      0DB2
 172 01c9 1EEC1C49 		.ascii	"\036\354\034Ih=\213\273P\007\202\340\321$\032>B\354"
 172      683D8BBB 
 172      500782E0 
 172      D1241A3E 
 172      42EC
 173 01db 1B515130 		.ascii	"\033QQ0\241*\\\010\364[\301\247\220\031H\276\341K@\322"
 173      A12A5C08 
 173      F45BC1A7 
 173      901948BE 
 173      E14B40D2 
 174 01ef 9CC24246 		.ascii	"\234\302BF\377\244\365\3647@?\254\256\026v$-B\026\017"
 174      FFA4F5F4 
 174      37403FAC 
 174      AE167624 
 174      2D42160F 
 175 0203 E86D05BB 		.ascii	"\350m\005\273oae\203\300\027\310\370\230\273\022\035"
 175      6F616583 
 175      C017C8F8 
 175      98BB121D 
 176 0213 F7D91213 		.ascii	"\367\331\022\0232W7;\351P\276\032_@\264\274c\227\366"
ARM GAS  /var/folders/d3/p12xj6d96hx5ptyrkl_lzds40000gn/T//ccpXWXYt.s 			page 13


 176      3257373B 
 176      E950BE1A 
 176      5F40B4BC 
 176      6397F6
 177 0226 A5095353 		.ascii	"\245\011SS\350&\210\021?V\242o?\262dN\201N\"\370\375"
 177      E8268811 
 177      3F56A26F 
 177      3FB2644E 
 177      814E22F8 
 178 023b A2E54AB6 		.ascii	"\242\345J\266p\247X\331\206>\315\026\263\213\304\276"
 178      70A758D9 
 178      863ECD16 
 178      B38BC4BE 
 179 024b F2C688A4 		.ascii	"\362\306\210\244bQ\214\203uJ\002C%\274\030pI\206b\324"
 179      62518C83 
 179      754A0243 
 179      25BC1870 
 179      498662D4 
 180 025f 051E9C42 		.ascii	"\005\036\234B\237\222m\263\355q\266\007~\307l\036~\326"
 180      9F926DB3 
 180      ED71B607 
 180      7EC76C1E 
 180      7ED6
 181 0271 AA6734A6 		.ascii	"\252g4\246\322D\274W4\305\002\213@YNs\226\323r\226R"
 181      D244BC57 
 181      34C5028B 
 181      40594E73 
 181      96D37296 
 182 0286 CAD23BF4 		.ascii	"\312\322;\364\364\242\013\336*P\226\254[O\012\235p&"
 182      F4A20BDE 
 182      2A5096AC 
 182      5B4F0A9D 
 182      7026
 183 0298 5584C184 		.ascii	"U\204\301\204\334\0225r\365\216\347;@\036\011*\207="
 183      DC123572 
 183      F58EE73B 
 183      401E092A 
 183      873D
 184 02aa B0CC55A2 		.ascii	"\260\314U\242f;)\353\306\312'1\304\356Y\344\212\312"
 184      663B29EB 
 184      C6CA2731 
 184      C4EE59E4 
 184      8ACA
 185 02bc B8DD65AE 		.ascii	"\270\335e\256R\264\235\365q*%\331\030\004\0009\200\271"
 185      52B49DF5 
 185      712A25D9 
 185      18040039 
 185      80B9
 186 02ce BBADF519 		.ascii	"\273\255\365\031x\302lU\322lU )]\227n$\0149A\234}`\254"
 186      78C26C55 
 186      D26C5520 
 186      295D976E 
 186      240C3941 
 187 02e6 AA6D71EC 		.ascii	"\252mq\354\301M\246]\210\242\320\031n\356\014\015\023"
 187      C14DA65D 
 187      88A2D019 
 187      6EEE0C0D 
ARM GAS  /var/folders/d3/p12xj6d96hx5ptyrkl_lzds40000gn/T//ccpXWXYt.s 			page 14


 187      13
 188 02f7 2ECED110 		.ascii	".\316\321\020\343Jk\266c\374\232\205(Vv\225*%\206\212"
 188      E34A6BB6 
 188      63FC9A85 
 188      28567695 
 188      2A25868A 
 189 030b B41F77C7 		.ascii	"\264\037w\307d/\240Y\252\342\313\253\314\313Mt\371\243"
 189      642FA059 
 189      AAE2CBAB 
 189      CCCB4D74 
 189      F9A3
 190 031d F4C131F7 		.ascii	"\364\3011\367\247\002\316Q*P5\235\331\327\322\177P\300"
 190      A702CE51 
 190      2A50359D 
 190      D9D7D27F 
 190      50C0
 191 032f 4598126E 		.ascii	"E\230\022n~\230\323&\320\230\310\357\207\3054p\253\272"
 191      7E98D326 
 191      D098C8EF 
 191      87C53470 
 191      ABBA
 192 0341 C3C33257 		.ascii	"\303\3032W\203\350\344\236\224\344\347N\023\006ZK\003"
 192      83E8E49E 
 192      94E4E74E 
 192      13065A4B 
 192      03
 193 0352 BD600E74 		.ascii	"\275`\016t8n\313eg\311\315\304\314%\011\304M\200\240"
 193      386ECB65 
 193      67C9CDC4 
 193      CC2509C4 
 193      4D80A0
 194 0365 F3DCCDF3 		.ascii	"\363\334\315\363f7\353\250S\307\012^\027\251\251\315"
 194      6637EBA8 
 194      53C70A5E 
 194      17A9A9CD 
 195 0375 2566376E 		.ascii	"%f7nnl\311\264\332\210P.n\261\236Z\274h\266(f\211;\005"
 195      6E6CC9B4 
 195      DA88502E 
 195      6EB19E5A 
 195      BC68B628 
 196 038d 5779B101 		.ascii	"Wy\261\001 \203_B\256\324\032\214\200.\275\235\\\345"
 196      20835F42 
 196      AED41A8C 
 196      802EBD9D 
 196      5CE5
 197 039f CC1E6137 		.ascii	"\314\036a7\311\352\264\362g\227\035\230\256\"\267\037"
 197      C9EAB4F2 
 197      67971D98 
 197      AE22B71F 
 198 03af 1D2D7563 		.ascii	"\035-uc\2174\023\271}\343\336\376XWv\273\211\3505m\027"
 198      8F3413B9 
 198      7DE3DEFE 
 198      585776BB 
 198      89E8356D 
 199 03c4 8794F831 		.ascii	"\207\224\3701\313`S\336\226&\254\206\007M\314\207=h"
 199      CB6053DE 
 199      9626AC86 
ARM GAS  /var/folders/d3/p12xj6d96hx5ptyrkl_lzds40000gn/T//ccpXWXYt.s 			page 15


 199      074DCC87 
 199      3D68
 200 03d6 604943C3 		.ascii	"`IC\303\353\253\016\3709[\277\265\366T\235\3648\255"
 200      EBAB0EF8 
 200      395BBFB5 
 200      F6549DF4 
 200      38AD
 201 03e8 27FAEEB3 		.ascii	"'\372\356\2635\345.\370\005\273y'\276\277\306\021\217"
 201      35E52EF8 
 201      05BB7927 
 201      BEBFC611 
 201      8F
 202 03f9 31C5EC96 		.ascii	"1\305\354\226\247\344VV\327\363\313\010\257W\322\233"
 202      A7E45656 
 202      D7F3CB08 
 202      AF57D29B 
 203 0409 E5A51575 		.ascii	"\345\245\025uR\010\263\310\003{\250!\303\205\251\223"
 203      5208B3C8 
 203      037BA821 
 203      C385A993 
 204 0419 403D7DEF 		.ascii	"@=}\357R\235\232E$\"\320+\233o}\2157\261\225\347\207"
 204      529D9A45 
 204      2422D02B 
 204      9B6F7D8D 
 204      37B195E7 
 205 042e 8BF2A4E8 		.ascii	"\213\362\244\3500\250\217G\017\304\251H<\2429\223p\203"
 205      30A88F47 
 205      0FC4A948 
 205      3CA23993 
 205      7083
 206 0440 27B28B3C 		.ascii	"'\262\213<W\221f\032\352d\261l\316\350-q\360\334%\235"
 206      5791661A 
 206      EA64B16C 
 206      CEE82D71 
 206      F0DC259D 
 207 0454 195F47D3 		.ascii	"\031_G\323=s\023\340\355\024~\013y\232\027\021t\317"
 207      3D7313E0 
 207      ED147E0B 
 207      799A1711 
 207      74CF
 208 0466 9BF45A2C 		.ascii	"\233\364Z,G_{\037\372\330\301C{\3248\236\271\271\357"
 208      475F7B1F 
 208      FAD8C143 
 208      7BD4389E 
 208      B9B9EF
 209 0479 69F7AF52 		.ascii	"i\367\257R\315\274A\315\035)\217Q\341\035\354^\322\271"
 209      CDBC41CD 
 209      1D298F51 
 209      E11DEC5E 
 209      D2B9
 210 048b 8CAB4E38 		.ascii	"\214\253N8\221)\346\003\311\223\036HhC\373\\\234\302"
 210      9129E603 
 210      C9931E48 
 210      6843FB5C 
 210      9CC2
 211 049d EE542524 		.ascii	"\356T%$v#\234\306\224G\261w\373\244\014M\0055\371\312"
 211      76239CC6 
ARM GAS  /var/folders/d3/p12xj6d96hx5ptyrkl_lzds40000gn/T//ccpXWXYt.s 			page 16


 211      9447B177 
 211      FBA40C4D 
 211      0535F9CA 
 212 04b1 83E9388B 		.ascii	"\203\3518\213\335z[_3\035\037b\327u\247\017\347!|\224"
 212      DD7A5B5F 
 212      331D1F62 
 212      D775A70F 
 212      E7217C94 
 213 04c5 29C36975 		.ascii	")\303iu\017\324\3708S\262\233\323\317\250p1Sr_\244\344"
 213      0FD4F838 
 213      53B29BD3 
 213      CFA87031 
 213      53725FA4 
 214 04da BAE252A6 		.ascii	"\272\342R\246\264\224\265nq\301\025L\331r\342D\252\013"
 214      B494B56E 
 214      71C1154C 
 214      D972E244 
 214      AA0B
 215 04ec 36316543 		.ascii	"61eCyG\202\0073\332G\177j\207\006\262\235\245\2728\202"
 215      79478207 
 215      33DA477F 
 215      6A8706B2 
 215      9DA5BA38 
 216 0501 1EDFDC30 		.ascii	"\036\337\3340\212\360\005\006>\225\321\226\3512q%\236"
 216      8AF00506 
 216      3E95D196 
 216      E9327125 
 216      9E
 217 0512 982B318B 		.ascii	"\230+1\213\026b_\307\333\"\017)\265&s!\032\000}\205"
 217      16625FC7 
 217      DB220F29 
 217      B5267321 
 217      1A007D85 
 218 0526 A287696A 		.ascii	"\242\207ij\237\230S[\234t\250N%G_{\017\372\243\372\336"
 218      9F98535B 
 218      9C74A84E 
 218      25475F7B 
 218      0FFAA3FA 
 219 053b 8163CEC8 		.ascii	"\201c\316\310\313\346\343\355\3455\331\313\353\200\030"
 219      CBE6E3ED 
 219      E535D9CB 
 219      EB8018
 220 054a 1B23F695 		.ascii	"\033#\366\225\334\373\307\243\341\001QLt\245L\215\360"
 220      DCFBC7A3 
 220      E101514C 
 220      74A54C8D 
 220      F0
 221 055b 43DF2C4C 		.ascii	"C\337,L\346\277\204\253\224\266\200|+\350\012Sq\227"
 221      E6BF84AB 
 221      94B6807C 
 221      2BE80A53 
 221      7197
 222 056d ABB82B88 		.ascii	"\253\270+\210\242\357\331\242\357\216C\247r\364\003"
 222      A2EFD9A2 
 222      EF8E43A7 
 222      72F403
 223 057c 5B3473D9 		.ascii	"[4s\331\207\203Or\360\200-\270\337\026\334\304\301\255"
ARM GAS  /var/folders/d3/p12xj6d96hx5ptyrkl_lzds40000gn/T//ccpXWXYt.s 			page 17


 223      87834F72 
 223      F0802DB8 
 223      DF16DCC4 
 223      C1AD
 224 058e B6E09671 		.ascii	"\266\340\226q~Tpt\217-\272\315\226:\215\203\377m\337"
 224      7E547074 
 224      8F2DBACD 
 224      963A8D83 
 224      FF6DDF
 225 05a1 6939750B 		.ascii	"i9u\013G7\333\242\257[\243\327\213\246\316\277\021\360"
 225      4737DBA2 
 225      AF5BA3D7 
 225      8BA6CEBF 
 225      11F0
 226 05b3 53E48986 		.ascii	"S\344\211\206$\260\271z\350\262\255\037\2739\363o\266"
 226      24B0B97A 
 226      E8B2AD1F 
 226      BB39F36F 
 226      B6
 227 05c4 CC1A1B6C 		.ascii	"\314\032\033l3\307\336\260\357\205\014|\206\203o\333"
 227      33C7DEB0 
 227      EF850C7C 
 227      86836FDB 
 228 05d4 827B6DC1 		.ascii	"\202{m\301E\034<h\277\3402p\033\0077\331\337K><\027"
 228      451C3C68 
 228      BFE03270 
 228      1B0737D9 
 228      DF4B3E3C 
 229 05e9 E7682EBA 		.ascii	"\347h.\272!\027\035\022\326\374H\221j\"Os:g\376\325"
 229      21171D12 
 229      D6FC4891 
 229      6A224F73 
 229      3A67FED5 
 230 05fd 96B99D33 		.ascii	"\226\271\2353\323\226\300\224\004`QE@\012\351\340RX"
 230      D396C094 
 230      04605145 
 230      400AE9E0 
 230      5258
 231 060f 88CABBA6 		.ascii	"\210\312\273\246\221N\005S\252>\373\341\313\015\237"
 231      914E0553 
 231      AA3EFBE1 
 231      CB0D9F
 232 061e E686EFD8 		.ascii	"\346\206\357\330\337\225\014\235 =\035E\024\255@\217"
 232      DF950C9D 
 232      203D1D45 
 232      14AD408F 
 233 062e 01F188DE 		.ascii	"\001\361\210\336$xp\001\305\012\336h\014y\2418\301\013"
 233      24787001 
 233      C50ADE68 
 233      0C79A138 
 233      C10B
 234 0640 8DC0F80A 		.ascii	"\215\300\370\012$\006\256\267\200\210 \317A\037\005"
 234      2406AEB7 
 234      808820CF 
 234      411F05
 235 064f D904D7EF 		.ascii	"\331\004\327\357`\334\010\343K\0307\300\370\002\306"
 235      60DC08E3 
ARM GAS  /var/folders/d3/p12xj6d96hx5ptyrkl_lzds40000gn/T//ccpXWXYt.s 			page 18


 235      4B1837C0 
 235      F802C6
 236 065e B720AF41 		.ascii	"\267 \257A\326\203\376\014\3067\310K\026T&w\362\276"
 236      D683FE0C 
 236      C637C84B 
 236      16542677 
 236      F2BE
 237 0670 FDECC843 		.ascii	"\375\354\310CJ\341\350\207v7\026\003\223w\217\206\266"
 237      4AE1E887 
 237      76371603 
 237      93778F86 
 237      B6
 238 0681 C3EEF82D 		.ascii	"\303\356\370-}\260\011-1\205\371\010M\366\266\033)\332"
 238      7DB0092D 
 238      3185F908 
 238      4DF6B61B 
 238      29DA
 239 0693 0601FEBF 		.ascii	"\006\001\376\277\203e\325\355\356B\244\272[\301X\274"
 239      8365D5ED 
 239      EE42A4BA 
 239      5BC158BC 
 240 06a3 60E94C48 		.ascii	"`\351LH\261YO\261qo\273\273UO\261U\026\240\002m\027"
 240      B1594FB1 
 240      716FBBBB 
 240      554FB155 
 240      16A0026D 
 241 06b8 584F0123 		.ascii	"XO\001#y\224\277.<+\035;\344I\376\370\316h\377{\216"
 241      7994BF2E 
 241      3C2B1D3B 
 241      E449FEF8 
 241      CE68FF7B 
 242 06cd D19D82F4 		.ascii	"\321\235\202\364\360\336!\320\247\367\263\370\215\243"
 242      F0DE21D0 
 242      A7F7B3F8 
 242      8DA3
 243 06db 5217E044 		.ascii	"R\027\340D\032\342{\351;\\\331\271\360\025\250\255/"
 243      1AE27BE9 
 243      3B5CD9B9 
 243      F015A8AD 
 243      2F
 244 06ec 2A5FB9E2 		.ascii	"*_\271\342x\007\222=e\311\206\336\375\356\310{\032\002"
 244      7807923D 
 244      65C986DE 
 244      FDEEC87B 
 244      1A02
 245 06fe 32C45E82 		.ascii	"2\304^\202\310\333\232\002\245\010j\224(`\363\033_\232"
 245      C8DB9A02 
 245      A5086A94 
 245      2860F31B 
 245      5F9A
 246 0710 08D687FE 		.ascii	"\010\326\207\376E\246\341ZEG\372>4t@t\234\252@\263\351"
 246      45A6E15A 
 246      4547FA3E 
 246      34744074 
 246      9CAA40B3 
 247 0725 C9819220 		.ascii	"\311\201\222 \305)\324\233da\032\332\315\334\331\224"
 247      C529D49B 
ARM GAS  /var/folders/d3/p12xj6d96hx5ptyrkl_lzds40000gn/T//ccpXWXYt.s 			page 19


 247      64611ADA 
 247      CDDCD994 
 248 0735 9DF2D885 		.ascii	"\235\362\330\205\237\323\210r'\300\375]\002\361~\217"
 248      9FD38872 
 248      27C0FD5D 
 248      02F17E8F 
 249 0745 E0698E81 		.ascii	"\340i\216\201*\260\342\365\335\343\203\256V\311:i\325"
 249      2AB0E2F5 
 249      DDE383AE 
 249      56C93A69 
 249      D5
 250 0756 80A54AC9 		.ascii	"\200\245J\311J\245\311\252~S\234\350`\205\256\264B\357"
 250      4AA5C9AA 
 250      7E539CE8 
 250      6085AEB4 
 250      42EF
 251 0768 95D07B29 		.ascii	"\225\320{)z0O\034u\307;i\370hgws&\351-M\360\316\221"
 251      7A304F1C 
 251      75C73B69 
 251      F8686777 
 251      7326E92D 
 252 0780 FC60C196 		.ascii	"\374`\301\226\230+\333\304\354\015\342\327\254\021N"
 252      982BDBC4 
 252      EC0DE2D7 
 252      AC114E
 253 078f E3754C13 		.ascii	"\343uL\023d\257\013\373\004\322e\016\215\\I\300\370"
 253      64AF0BFB 
 253      04D2650E 
 253      8D5C49C0 
 253      F8
 254 07a0 02236A3B 		.ascii	"\002#j;u\346\202\223DT\221\346\237\022#\326C\264^\224"
 254      75E68293 
 254      445491E6 
 254      9F1223D6 
 254      43B45E94 
 255 07b4 269DD3A4 		.ascii	"&\235\323\244\313i2(M\315H\033\274h\2642\232nql\257"
 255      CB693228 
 255      4DCD481B 
 255      BC68B432 
 255      9A6E716C 
 256 07c9 874473AE 		.ascii	"\207Ds\256\355\357\311"
 256      EDEFC9
 257 07d0 729A4C4E 		.ascii	"r\232LN\223)\247\311\2424\271\243/\266\272\343\373\214"
 257      9329A7C9 
 257      A234B9A3 
 257      2FB6BAE3 
 257      FB8C
 258 07e2 66D0B42D 		.ascii	"f\320\264-\337\215\321\230N\266\301\317j\275(\365\366"
 258      DF8DD198 
 258      4EB6C1CF 
 258      6ABD28F5 
 258      F6
 259 07f3 D99C245B 		.ascii	"\331\234$[N\262\237\222<[\237t\\\205\207\031\311\221"
 259      4EB29F92 
 259      3C5B9F74 
 259      5C858719 
 259      C991
ARM GAS  /var/folders/d3/p12xj6d96hx5ptyrkl_lzds40000gn/T//ccpXWXYt.s 			page 20


 260 0805 C2CC2277 		.ascii	"\302\314\"w,:\262\306\362|M\272#\264\324\350 ]E:\352"
 260      2C3AB2C6 
 260      F27C4DBA 
 260      23B4D4E8 
 260      205D453A 
 261 081a DF6AF3B0 		.ascii	"\337j\363\260\344j\345\360\352\316\341\273p`\213b,\232"
 261      E46AE5F0 
 261      EACEE1BB 
 261      70608B62 
 261      2C9A
 262 082c 420D1D30 		.ascii	"B\015\0350\033B9\202\222h\334\326!j\353\305\363\352"
 262      1B423982 
 262      9268DCD6 
 262      216AEBC5 
 262      F3EA
 263 083e 6A15AE64 		.ascii	"j\025\256d\364\373k\217n\367\260\324am\252u\035r\271"
 263      F4FB6B8F 
 263      6EF7B0D4 
 263      616DAA75 
 263      1D72B9
 264 0851 D3B972A2 		.ascii	"\323\271r\242<Jt\340fG\261#\276\316\210z2+b\221\024"
 264      3C4A74E0 
 264      6647B123 
 264      BECE887A 
 264      322B6291 
 265 0866 F999E5EC 		.ascii	"\371\231\345\354\345o?{\371;\314Y\016\313Y\362)\313"
 265      E56F3F7B 
 265      F93BCC59 
 265      0ECB59F2 
 265      29CB
 266 0878 EE4317E3 		.ascii	"\356C\027\343\224\370\036c\031)\032{\355`\251\346wV"
 266      94F81E63 
 266      19291A7B 
 266      ED60A9E6 
 266      7756
 267 088a D53CC269 		.ascii	"\325<\302i\216\310i\216R\232K\003\205\347\335\361KF"
 267      8EC8698E 
 267      529A4B03 
 267      85E7DDF1 
 267      4B46
 268 089c D39C3052 		.ascii	"\323\2340R\257\266Ts\225U5\0138M\201\234\246\220\322"
 268      AFB65473 
 268      9555350B 
 268      384D819C 
 268      A690D2
 269 08af F4650D26 		.ascii	"\364e\015&\271\341\035N\224\346\334\306\275\271J)\246"
 269      B9E11D4E 
 269      94E6DCC6 
 269      BDB94A29 
 269      A6
 270 08c0 36AB6A1E 		.ascii	"6\253j\036\343$\307\344$\307)I\336\355\0359N8\315i\202"
 270      E324C7E4 
 270      24C72949 
 270      DEED1D39 
 270      4E38CD69 
 271 08d5 02269DAE 		.ascii	"\002&\235\256)s\260\024\360\373\016\233\002\026Y\012"
 271      2973B014 
ARM GAS  /var/folders/d3/p12xj6d96hx5ptyrkl_lzds40000gn/T//ccpXWXYt.s 			page 21


 271      F0FB0E9B 
 271      0216590A 
 272 08e5 78020A58 		.ascii	"x\002\012X$\247/f\005L\335\010\315l\036\243\277\322"
 272      24A72F66 
 272      054CDD08 
 272      CD6C1EA3 
 272      BFD2
 273 08f7 B6FF9803 		.ascii	"\266\377\230\003.d\312\325\301\023\315N\270\204){\312"
 273      2E64CAD5 
 273      C113CD4E 
 273      B884297B 
 273      CA
 274 0908 FA87DC71 		.ascii	"\372\207\334q9S\022j\236?u\301U\022,.1Y\300\027\230"
 274      3953126A 
 274      9E3F75C1 
 274      55122C2E 
 274      3159C017 
 275 091d F2A4A926 		.ascii	"\362\244\251&\336\03170%\276\272c\2233na\312\376\373"
 275      DE193730 
 275      25BEBA63 
 275      93336E61 
 275      CAFEFB
 276 0930 65491EB8 		.ascii	"eI\036\270\213)\025]\2474x\200]\347\227m\277\355\200"
 276      8B29155D 
 276      A7347880 
 276      5DE7976D 
 276      BFED80
 277 0943 7F63CA9D 		.ascii	"\177c\312\235\322\330\021%~\302\224\246\263}w\335\361"
 277      D2D81125 
 277      7EC294A6 
 277      B37D77DD 
 277      F1
 278 0954 0853CC8F 		.ascii	"\010S\314\217?O\366\370\033>x<\013I\357c\360\2122\351"
 278      3F4FF6F8 
 278      1B3E783C 
 278      0B49EF63 
 278      F08A32E9 
 279 0968 5E6AEC76 		.ascii	"^j\354v5\262\351C\245F\364\351\273\340\336f\336\210"
 279      35B2E943 
 279      A546F4E9 
 279      BBE0DE66 
 279      DE88
 280 097a 9E869434 		.ascii	"\236\206\2244Nt\322\262C,\261\323\352\020k\034\337\322"
 280      4E74D2B2 
 280      432CB1D3 
 280      EA106B1C 
 280      DFD2
 281 098c C9D143ED 		.ascii	"\311\321C\355\026t\271-w\273m\0273\302\301gl\301\343"
 281      1674B92D 
 281      77BB6D17 
 281      33C2C167 
 281      6CC1E3
 282 099f 7BDC4E8E 		.ascii	"{\334N\216>g\213\326\330\202\2079\370\254}?\344\350"
 282      3E678BD6 
 282      D8828739 
 282      F8AC7D3F 
 282      E4E8
ARM GAS  /var/folders/d3/p12xj6d96hx5ptyrkl_lzds40000gn/T//ccpXWXYt.s 			page 22


 283 09b1 371C7DCA 		.ascii	"7\034}\312\026=\256Q\353\341\340\012[\360\370\266\365"
 283      163DAE51 
 283      EBE1E00A 
 283      5BF0F8B6 
 283      F5
 284 09c2 194797D9 		.ascii	"\031G\227\331\217Q\326O\265\266\323~\252\321^?\225\320"
 284      8F51D64F 
 284      B5B6D37E 
 284      AAD15E3F 
 284      95D0
 285 09d4 3985F753 		.ascii	"9\205\367S%\266T\343\232\353\027\334n\251\375\"\373"
 285      25B654E3 
 285      9AEB17DC 
 285      6EA9FD22 
 285      FB
 286 09e5 8CEBA6AA 		.ascii	"\214\353\246\252\341\0043\321\023\254Qj0\256\300\351"
 286      E10433D1 
 286      13AC516A 
 286      30AEC0E9 
 287 09f5 771D9A83 		.ascii	"w\035\232\203:\220k \227@.\200\\\004\271\014R\013r\025"
 287      3A906B20 
 287      97402E80 
 287      5C04B90C 
 287      520B7215 
 288 0a09 E43C483D 		.ascii	"\344<H=H\023H\003H\215 \357\232nq_*\355gL\346\370[\016"
 288      48134803 
 288      488D20EF 
 288      9A6E715F 
 288      2AED674C 
 289 0a21 3E69BF16 		.ascii	">i\277\026\362\364\336\344\350*\273\233\302G\352\260"
 289      F2F4DEE4 
 289      E82ABB9B 
 289      C247EAB0 
 290 0a31 9E171474 		.ascii	"\236\027\024t\273\340B\025\355\260^\336l\355\307\266"
 290      BBE04215 
 290      EDB05EDE 
 290      6CEDC7B6 
 291 0a41 1D96397A 		.ascii	"\035\2269z\324\002A\377\257\022\300\352\232\234F;\251"
 291      D40241FF 
 291      AF12C0EA 
 291      9A9C463B 
 291      A9
 292 0a52 1B40DACC 		.ascii	"\033@\332\314\037p\215\346N*\243`\364\276\322\352\270"
 292      1F708DE6 
 292      4E2AA360 
 292      F4BED2EA 
 292      B8
 293 0a63 BF61D549 		.ascii	"\277a\325I\265J\307}+=\356_6\357\330\350\200\313h$\250"
 293      B54AC77D 
 293      2B3DEE5F 
 293      36EFD8E8 
 293      80CB6824 
 294 0a78 A6BBA848 		.ascii	"\246\273\250H\205ML\031\033\250\352s\306\027\251\342"
 294      854D4C19 
 294      1BA8EA73 
 294      C617A9E2 
 295 0a88 38149FD3 		.ascii	"8\024\237\323\214\020\375\375Of\271J\276&\333A\355\340"
ARM GAS  /var/folders/d3/p12xj6d96hx5ptyrkl_lzds40000gn/T//ccpXWXYt.s 			page 23


 295      8C10FDFD 
 295      4F66B94A 
 295      BE26DB41 
 295      EDE0
 296 0a9a 47CFFBDE 		.ascii	"G\317\373\336tR\257Y2\333f\213\035W\2644\016\276i\037"
 296      7452AF59 
 296      32DB668B 
 296      1D57B434 
 296      0EBE691F 
 297 0aae CC8AC6D2 		.ascii	"\314\212\306\322\221p\215n\363\036{\333|\217\334\311"
 297      91708D6E 
 297      F31E7BDB 
 297      7C8FDCC9 
 298 0abe 2ABB4EDA 		.ascii	"*\273N\332y\017\340\377#\351\221\012w\013\012\327\001"
 298      790FE0FF 
 298      23E9910A 
 298      770B0AD7 
 298      01
 299 0acf 85E806E9 		.ascii	"\205\350\006\351\004\351\222\012\002iJ\035\030\203\367"
 299      04E9920A 
 299      02694A1D 
 299      1883F7
 300 0ade 9146B615 		.ascii	"\221F\266\025\022_\035iP!\357\311\314\263\214\235\264"
 300      125F1D69 
 300      5021EFC9 
 300      CCB38C9D 
 300      B4
 301 0aef 50B781A4 		.ascii	"P\267\201\244\227\027\252\207\026\312\256A\324\007v"
 301      9717AA87 
 301      16CAAE41 
 301      D40776
 302 0afe 3EC0E6F6 		.ascii	">\300\346\366\236\216\"lU\342\333V%\356\227J\334OK\334"
 302      9E8E226C 
 302      55E2DB56 
 302      25EE974A 
 302      DC4F4BDC 
 303 0b12 B7FD61A9 		.ascii	"\267\375a\251\207\025\272\326\252\377\273#\241\311\250"
 303      8715BAD6 
 303      AAFFBB23 
 303      A1C9A8
 304 0b21 9ABF78D9 		.ascii	"\232\277x\331\307Z\037\037\205Z\257_\023\022\036=\333"
 304      C75A1F1F 
 304      855AAF5F 
 304      13121E3D 
 304      DB
 305 0b32 571FFD9D 		.ascii	"W\037\375\235fMT\244&4\302\020\024\252Ye0\314\010\212"
 305      664D54A4 
 305      2634C210 
 305      14AA5965 
 305      30CC088A 
 306 0b46 0C9B111E 		.ascii	"\014\233\021\036\021n\234a\014Z\0362\343\013\375\347"
 306      116E9C61 
 306      0C5A1E32 
 306      E30BFDE7 
 307 0b56 337C67F9 		.ascii	"3|g\371|\371\263\257\306\352\206&$\334\020\272f\205"
 307      7CF9B3AF 
 307      C6EA8626 
ARM GAS  /var/folders/d3/p12xj6d96hx5ptyrkl_lzds40000gn/T//ccpXWXYt.s 			page 24


 307      24DC10BA 
 307      6685
 308 0b68 51131664 		.ascii	"Q\023\026d\010\016\0117j\364+\214+\203\326\204F\353"
 308      080E0937 
 308      6AF42B8C 
 308      2B83D684 
 308      46EB
 309 0b7a A3D7AD36 		.ascii	"\243\327\2556F\315\014V\250\314\006\026\375w\006\242"
 309      46CD0C56 
 309      A8CC0616 
 309      FD7706A2 
 310 0b8a D64569F4 		.ascii	"\326Ei\364Q\321+\200\215\260~k4DGD\376U\3533s\246F\033"
 310      51D12B80 
 310      8DB07E6B 
 310      34444744 
 310      FE55EB33 
 311 0ba2 1CB23C64 		.ascii	"\034\262<dI\240&\"J\023\014\344\253#\"\243\2434\201"
 311      49A02622 
 311      4A130CE4 
 311      AB2322A3 
 311      A33481
 312 0bb5 4B0366FB 		.ascii	"K\003f\373j\026-\362\323,]\030\360\213\217&*Z\037\032"
 312      6A162DF2 
 312      D32C5D18 
 312      F08B8F26 
 312      2A5A1F1A 
 313 0bc9 BA62A641 		.ascii	"\272b\246A\341\302\256\364!\341!\321\236z\002\326\207"
 313      E1C2AEF4 
 313      21E121D1 
 313      9E7A02D6 
 313      87
 314 0bda 44FEAC37 		.ascii	"D\376\2547\256\016\011\215X\265\306\250\2124\256\002"
 314      AE0E098D 
 314      58B5C6A8 
 314      8A34AE02 
 315 0bea 0FF4D1D3 		.ascii	"\017\364\321\323\255\231#\243%\3429\272\000m\300Z\215"
 315      AD9923A3 
 315      25E239BA 
 315      006DC05A 
 315      8D
 316 0bfb 21D81011 		.ascii	"!\330\020\021i\004W>\373\020\234\376\227/\303\000\353"
 316      6904573E 
 316      FB109CFE 
 316      972FC300 
 316      EB
 317 0c0c 69080E5C 		.ascii	"i\010\016\\\027\2654$\314\030\271 (|E\2501r\341'\343"
 317      17B53424 
 317      CC18B920 
 317      287C45A8 
 317      3172E127 
 318 0c21 969B2336 		.ascii	"\226\233#6\004C\314\260hR\370/!\006\377\360\240\345"
 318      0443CCB0 
 318      6852F82F 
 318      2106FFF0 
 318      A0E5
 319 0c33 A14616F5 		.ascii	"\241F\026\365\214\211b6D\204\205E\204\233-\223e\260"
 319      8C896236 
ARM GAS  /var/folders/d3/p12xj6d96hx5ptyrkl_lzds40000gn/T//ccpXWXYt.s 			page 25


 319      44848545 
 319      849B2D93 
 319      65B0
 320 0c45 DC41AB0D 		.ascii	"\334A\253\015\320\315\026\226\350\224~\001st\330O\253"
 320      D0CD1696 
 320      E8947E01 
 320      7374D84F 
 320      AB
 321 0c56 53CEF55B 		.ascii	"S\316\365[\252\303Z\255\016\353@\346\350t\370\233@-"
 321      AAC35AAD 
 321      0EEB40E6 
 321      E874F89B 
 321      402D
 322 0c68 D62E5EAA 		.ascii	"\326.^\252\324j\375u\024\357K\277}\260\377|\235\020"
 322      D46AFD75 
 322      14EF4BBF 
 322      7DB0FF7C 
 322      9D10
 323 0c7a 082B17FA 		.ascii	"\010+\027\372\353\224\201\001\200\326\352|A|\000\371"
 323      EB948101 
 323      80D6EA7C 
 323      417C00F9 
 324 0c8a BDEEF30F 		.ascii	"\275\356\363\017\317}\030\331\001!$\005.\026E\037\255"
 324      CF7D18D9 
 324      01212405 
 324      2E16451F 
 324      AD
 325 0c9b 34040745 		.ascii	"4\004\007EzFD\005\205BV\026E\030~\232\027\031\021\266"
 325      7A464405 
 325      85425616 
 325      45187E9A 
 325      171911B6 
 326 0caf 3050F7C9 		.ascii	"0P\367\311xb\002\"\311!#\311\011M\244l\211'-$\354\256"
 326      78620222 
 326      C92123C9 
 326      094DA46C 
 326      89272D24 
 327 0cc5 9FF42B61 		.ascii	"\237\364+aF\037\022\025\351l\231r\323\353W\204D\221"
 327      461F1215 
 327      E96C9972 
 327      D3EB5784 
 327      4491
 328 0cd7 049252BB 		.ascii	"\004\222R\273\005\205\3763h]\024l\200P\330\2613\255"
 328      0585FE33 
 328      685D146C 
 328      8050D8B1 
 328      33AD
 329 0ce9 6D19D746 		.ascii	"m\031\327Fk\264\001\201\013\003y\031H\371\014a\363\326"
 329      6BB40181 
 329      0B037919 
 329      48F90C61 
 329      F3D6
 330 0cfb 84936C4E 		.ascii	"\204\223lN&\016,\261.\341\024)\202e\341\2412\207\250"
 330      260E2CB1 
 330      2EE11429 
 330      8265E1A1 
 330      3287A8
ARM GAS  /var/folders/d3/p12xj6d96hx5ptyrkl_lzds40000gn/T//ccpXWXYt.s 			page 26


 331 0d0e 87565353 		.ascii	"\207VSS\250Ck\302\255\274t\221M\272\352\365\306p\263"
 331      A8436BC2 
 331      ADBC7491 
 331      4DBAEAF5 
 331      C670B3
 332 0d21 9B0EDA79 		.ascii	"\233\016\332y\363u\263\351\267\257\323\234\005su\201"
 332      F375B3E9 
 332      B7AFD39C 
 332      05737581 
 333 0d31 A46881A4 		.ascii	"\244h\201\244zZ\235\323\234o\346\372\370/\246\243/\214"
 333      7A5A9DD3 
 333      9C6FE6FA 
 333      F82FA6A3 
 333      2F8C
 334 0d43 8E008041 		.ascii	"\216\000\200AE\246\011\220\\\370\262\025\013uJ\302!"
 334      45A60990 
 334      5CF8B215 
 334      0B754AC2 
 334      21
 335 0d54 6875B327 		.ascii	"hu\263'\0125p)+\331\274Yk\327\262b\255\234\365\205\317"
 335      0A357029 
 335      2BD9BC59 
 335      6BD7B262 
 335      AD9CF585 
 336 0d69 DAAF48B9 		.ascii	"\332\257H\271tZ\255~)\374\226\375\214+\035\011\373\274"
 336      745AAD7E 
 336      29FC96FD 
 336      8C2B1D09 
 336      FBBC
 337 0d7b 1F1C17FA 		.ascii	"\037\034\027\372i\227\370\371\023\315w\336\017\356~"
 337      6997F8F9 
 337      13CD77DE 
 337      0FEE7E
 338 0d8a 73E70768 		.ascii	"s\347\007h\227\2311\377\001\332\036\247\347"
 338      979931FF 
 338      01DA1EA7 
 338      E7
 339              		.text
 340              		.section	.gnu.lto_.symtab.3a2dce6fd9c4c2b5,"",%progbits
 341 0000 56656374 		.ascii	"Vector7C\000"
 341      6F723743 
 341      00
 342 0009 00       		.ascii	"\000"
 343 000a 00       		.ascii	"\000"
 344 000b 00       		.ascii	"\000"
 345 000c 00000000 		.ascii	"\000\000\000\000\000\000\000\000"
 345      00000000 
 346 0014 B5000000 		.ascii	"\265\000\000\000"
 347 0018 73745F6C 		.ascii	"st_lld_init\000"
 347      6C645F69 
 347      6E697400 
 348 0024 00       		.ascii	"\000"
 349 0025 00       		.ascii	"\000"
 350 0026 00       		.ascii	"\000"
 351 0027 00000000 		.ascii	"\000\000\000\000\000\000\000\000"
 351      00000000 
 352 002f B7000000 		.ascii	"\267\000\000\000"
ARM GAS  /var/folders/d3/p12xj6d96hx5ptyrkl_lzds40000gn/T//ccpXWXYt.s 			page 27


 353 0033 5F706F72 		.ascii	"_port_irq_epilogue\000"
 353      745F6972 
 353      715F6570 
 353      696C6F67 
 353      756500
 354 0046 00       		.ascii	"\000"
 355 0047 02       		.ascii	"\002"
 356 0048 00       		.ascii	"\000"
 357 0049 00000000 		.ascii	"\000\000\000\000\000\000\000\000"
 357      00000000 
 358 0051 BE000000 		.ascii	"\276\000\000\000"
 359 0055 63685379 		.ascii	"chSysTimerHandlerI\000"
 359      7354696D 
 359      65724861 
 359      6E646C65 
 359      724900
 360 0068 00       		.ascii	"\000"
 361 0069 02       		.ascii	"\002"
 362 006a 00       		.ascii	"\000"
 363 006b 00000000 		.ascii	"\000\000\000\000\000\000\000\000"
 363      00000000 
 364 0073 C0000000 		.ascii	"\300\000\000\000"
 365 0077 6E766963 		.ascii	"nvicEnableVector\000"
 365      456E6162 
 365      6C655665 
 365      63746F72 
 365      00
 366 0088 00       		.ascii	"\000"
 367 0089 02       		.ascii	"\002"
 368 008a 00       		.ascii	"\000"
 369 008b 00000000 		.ascii	"\000\000\000\000\000\000\000\000"
 369      00000000 
 370 0093 C6000000 		.ascii	"\306\000\000\000"
 371              		.text
 372              		.section	.gnu.lto_.opts,"",%progbits
 373 0000 272D666D 		.ascii	"'-fmath-errno' '-fsigned-zeros' '-ftrapping-math' '"
 373      6174682D 
 373      6572726E 
 373      6F272027 
 373      2D667369 
 374 0033 2D666E6F 		.ascii	"-fno-trapv' '-fno-openmp' '-fno-openacc' '-mcpu=cor"
 374      2D747261 
 374      70762720 
 374      272D666E 
 374      6F2D6F70 
 375 0066 7465782D 		.ascii	"tex-m0' '-mno-thumb-interwork' '-mthumb' '-ggdb' '-"
 375      6D302720 
 375      272D6D6E 
 375      6F2D7468 
 375      756D622D 
 376 0099 4F322720 		.ascii	"O2' '-fomit-frame-pointer' '-falign-functions=16' '"
 376      272D666F 
 376      6D69742D 
 376      6672616D 
 376      652D706F 
 377 00cc 2D666675 		.ascii	"-ffunction-sections' '-fdata-sections' '-fno-common"
 377      6E637469 
ARM GAS  /var/folders/d3/p12xj6d96hx5ptyrkl_lzds40000gn/T//ccpXWXYt.s 			page 28


 377      6F6E2D73 
 377      65637469 
 377      6F6E7327 
 378 00ff 2720272D 		.ascii	"' '-flto'\000"
 378      666C746F 
 378      2700
 379              		.text
 380              		.comm	__gnu_lto_v1,1,1
 381              		.comm	__gnu_lto_slim,1,1
 382              		.ident	"GCC: (GNU Tools for ARM Embedded Processors) 5.4.1 20160609 (release) [ARM/embedded-5-bran
ARM GAS  /var/folders/d3/p12xj6d96hx5ptyrkl_lzds40000gn/T//ccpXWXYt.s 			page 29


DEFINED SYMBOLS
                            *ABS*:0000000000000000 st_lld.c
                            *COM*:0000000000000001 __gnu_lto_v1
                            *COM*:0000000000000001 __gnu_lto_slim

NO UNDEFINED SYMBOLS
