ARM GAS  /var/folders/d3/p12xj6d96hx5ptyrkl_lzds40000gn/T//ccjVfbYc.s 			page 1


   1              		.syntax unified
   2              		.cpu cortex-m0
   3              		.fpu softvfp
   4              		.eabi_attribute 20, 1
   5              		.eabi_attribute 21, 1
   6              		.eabi_attribute 23, 3
   7              		.eabi_attribute 24, 1
   8              		.eabi_attribute 25, 1
   9              		.eabi_attribute 26, 1
  10              		.eabi_attribute 30, 2
  11              		.eabi_attribute 34, 0
  12              		.eabi_attribute 18, 4
  13              		.thumb
  14              		.syntax unified
  15              		.file	"vectors.c"
  16              		.text
  17              	.Ltext0:
  18              		.section	.gnu.lto_.profile.f76f9e687d729a82,"",%progbits
  19 0000 789C6361 		.ascii	"x\234ca`d`a`\000\222\014\014\000\000j\000\013"
  19      60646061 
  19      6000920C 
  19      0C00006A 
  19      000B
  20              		.text
  21              		.section	.gnu.lto_.icf.f76f9e687d729a82,"",%progbits
  22 0000 789C6361 		.ascii	"x\234ca`d\000\001>\006\004`bh\274}\352'\277\376\202"
  22      60640001 
  22      3E060460 
  22      6268BC7D 
  22      EA27BFFE 
  23 0015 BB2F1FF1 		.ascii	"\273/\037\3610\000\0002\240\006\307"
  23      30000032 
  23      A006C7
  24              		.text
  25              		.section	.gnu.lto_.jmpfuncs.f76f9e687d729a82,"",%progbits
  26 0000 789C6361 		.ascii	"x\234ca`d\000\001V\006\004\000\213\000\000\000\356\000"
  26      60640001 
  26      56060400 
  26      8B000000 
  26      EE00
  27 0012 0C       		.ascii	"\014"
  28              		.text
  29              		.section	.gnu.lto_.inline.f76f9e687d729a82,"",%progbits
  30 0000 789C6361 		.ascii	"x\234ca`d\000\001a\006\004\000\2120\001\011& \223\005"
  30      60640001 
  30      61060400 
  30      8A300109 
  30      26209305 
  31 0014 4C323000 		.ascii	"L20\000\000\003\272\000%"
  31      0003BA00 
  31      25
  32              		.text
  33              		.section	.gnu.lto_.pureconst.f76f9e687d729a82,"",%progbits
  34 0000 789C05C1 		.ascii	"x\234\005\301\007\002\301\000\020\000\260+\265i\255"
  34      0702C100 
  34      1000B02B 
  34      B569AD
ARM GAS  /var/folders/d3/p12xj6d96hx5ptyrkl_lzds40000gn/T//ccjVfbYc.s 			page 2


  35 000f 129BDADB 		.ascii	"\022\233\332\333\217\372\377_H\322H\242\212\210o\374"
  35      8FFAFF5F 
  35      48D248A2 
  35      8A886FFC 
  36 001f 123575A9 		.ascii	"\0225u\251\206\246\226\266\216\256\236\276\201Lnhdl"
  36      86A696B6 
  36      8EAE9EBE 
  36      814C6E68 
  36      646C
  37 0031 62AA3033 		.ascii	"b\25203\307\302\322\312\332\306\326\316\336A\351\350"
  37      C7C2D2CA 
  37      DAC6D6CE 
  37      DE41E9E8 
  38 0041 E4ECE2EA 		.ascii	"\344\354\342\352\346\356\341\351\345\355\343\017\227"
  38      E6EEE1E9 
  38      E5EDE30F 
  38      97
  39 004e 95094D   		.ascii	"\225\011M"
  40              		.text
  41              		.section	.gnu.lto__unhandled_exception.f76f9e687d729a82,"",%progbits
  42 0000 789C6361 		.ascii	"x\234ca`d\000\201J \266\001bS fde`d\232p\216\201\241"
  42      60640081 
  42      4A20B601 
  42      62532066 
  42      64656064 
  43 0019 91838991 		.ascii	"\221\203\211\221\031\304`dfd\201\010\260@\004\034\031"
  43      19C46064 
  43      66648108 
  43      B040041C 
  43      19
  44 002a 19EA9998 		.ascii	"\031\352\231\230Y\030\201\004\003\004|e\372\313\304"
  44      59188104 
  44      03047C65 
  44      FACBC4
  45 0039 78A8FDD9 		.ascii	"x\250\375\331N&\315\345\015@\360\340\350t\346\206\025"
  45      4E26CDE5 
  45      0D40F0E0 
  45      E874E686 
  45      15
  46 004a 07185B81 		.ascii	"\007\030[\201\012\3763A\3240.g\324d\000*{\264\361\337"
  46      0AFE3341 
  46      D4302E67 
  46      D464002A 
  46      7BB4F1DF 
  47 005e 545EB616 		.ascii	"T^\266\026\2202\005\210$\343\012F6\220C\326\007\035"
  47      90320588 
  47      24E30A46 
  47      369043D6 
  47      071D
  48 0070 68F8FFBF 		.ascii	"h\370\377\277\271\241a\262\341k&\240\300\007\240$#\220"
  48      B9A161B2 
  48      E16B26A0 
  48      C007A024 
  48      2390
  49 0082 64023AE1 		.ascii	"d\002:\341\003\320.\240\335\214\037\230X\2404\304\351"
  49      03D02EA0 
  49      DD8C1F98 
ARM GAS  /var/folders/d3/p12xj6d96hx5ptyrkl_lzds40000gn/T//ccjVfbYc.s 			page 3


  49      58A034C4 
  49      E9
  50 0093 567A7AFA 		.ascii	"Vzz\372\316\031\231I\231\376\301\372\371\305\372\311"
  50      CE199949 
  50      99FEC1FA 
  50      F9C5FAC9 
  51 00a3 F9B9B9F9 		.ascii	"\371\271\271\371y\372\005\371E%\305\372\216A\276\316"
  51      79FA05F9 
  51      4525C5FA 
  51      8E41BECE 
  52 00b3 BE1520B1 		.ascii	"\276\025 \261\202\314\234\324\242b}wgg\375\262\324\344"
  52      82CC9CD4 
  52      A2627D77 
  52      6767FDB2 
  52      D4E4
  53 00c5 92FCA262 		.ascii	"\222\374\242b\275d\006\000\336\376B\363"
  53      BD640600 
  53      DEFE42F3 
  54              		.text
  55              		.section	.gnu.lto__vectors.f76f9e687d729a82,"",%progbits
  56 0000 789C7595 		.ascii	"x\234u\225YO\023Q\030@\347\233i)\245-eQA\255\270\357"
  56      594F1351 
  56      1840E79B 
  56      6929A52D 
  56      655141AD 
  57 0016 DA467D31 		.ascii	"\332F}1\306\304\230\232\370`\214\211\376\000\023\011"
  57      C6C4989A 
  57      F8608C89 
  57      FE001309 
  58 0026 89246209 		.ascii	"\211$b\011%\3067j\244\006}\322\210\341AI\\\003\212\326"
  58      25C6376A 
  58      A4067DD2 
  58      88E14149 
  58      5C038AD6 
  59 003a E2426D01 		.ascii	"\342Bm\001E\020\021\005dq\253 \242\240\340\206\200\030"
  59      45101105 
  59      6471AB20 
  59      A2A0E086 
  59      8018
  60 004c A2D0EA77 		.ascii	"\242\320\352w\227>0\275\235\207\236\364\316\311|gfn"
  60      973E30BD 
  60      9D879EF4 
  60      CEC97C67 
  60      666E
  61 005e 538D0412 		.ascii	"S\215\004\0229B:I\332,\261#$\203\337\377\275[W\020r"
  61      39423A49 
  61      DA2CB123 
  61      2483DFFF 
  61      BD5B5710 
  62 0073 15B95C7D 		.ascii	"\025\271\\}\356o;\322\335\212\364Of\247N_\366\370M\343"
  62      EE6F3BD2 
  62      DD8AF44F 
  62      66A74E5F 
  62      F6F84DE3 
  63 0087 B25B0198 		.ascii	"\262[\001\230?\335tU\003\365\200z\201\243\025^\356e"
  63      3FDD7455 
  63      03F5807A 
ARM GAS  /var/folders/d3/p12xj6d96hx5ptyrkl_lzds40000gn/T//ccjVfbYc.s 			page 4


  63      81A3155E 
  63      EE65
  64 0099 A83C27D5 		.ascii	"\250<'\325d\252]\034jm\3262m\236J3PM\241\332\275\332"
  64      64AA5D1C 
  64      6A6DD632 
  64      6D9E4A33 
  64      504DA1DA 
  65 00af 1FEB9965 		.ascii	"\037\353\231e\231n\325u\365ncc5T,o\254\367\0013\347"
  65      996ED575 
  65      F56E6363 
  65      35542C6F 
  65      ACF70133 
  66 00c4 8AF3B4D4 		.ascii	"\212\363\264\324\033\034\274Pld\336\034a^\034\325\306"
  66      1B1CBC50 
  66      6C64DE1C 
  66      615E1CD5 
  66      C6
  67 00d5 4B5A8266 		.ascii	"KZ\202f\246\315\026\346\351\2506\\\370\251\317\300\264"
  67      A6CD16E6 
  67      E9A8365C 
  67      F8A9CFC0 
  67      B4
  68 00e6 74555F6D 		.ascii	"tU_m\244/\236\232\277J\334\307\343\231\231&\356\323"
  68      A42F9E9A 
  68      BF4ADCC7 
  68      E3999926 
  68      EED3
  69 00f8 53EFF79F 		.ascii	"S\357\367\237\023\303z\346\315\022\366%P\255\277,\\"
  69      13C37AE6 
  69      CD12F625 
  69      50ADBF2C 
  69      5C
  70 0109 12C7B499 		.ascii	"\022\307\264\231\302>\003\325F\247J}\374j3T}\276H\237"
  70      C23E03D5 
  70      46A74A7D 
  70      FC6A3354 
  70      7DBE489F 
  71 011d 91DDB0FF 		.ascii	"\221\335\260\377\330\337Df\246\212\373L\324\253\354"
  71      D8DF4466 
  71      A68AFB4C 
  71      D4ABEC
  72 012c 9BAAD130 		.ascii	"\233\252\3210/E\330\227H\265\242\246\336\227\374u$\013"
  72      2F45D897 
  72      48B5A2A6 
  72      DE97FC75 
  72      240B
  73 013e FBCC54EB 		.ascii	"\373\314T\353\034i)\345\317/I\325W\031\351K\242\246"
  73      1C6929E5 
  73      CF2F49D5 
  73      5719E94B 
  73      A2A6
  74 0150 676CDCC3 		.ascii	"gl\334\303o\330,\356K\246^\250\347HXf^\242\260/\205"
  74      6FD82CEE 
  74      4BA65EA8 
  74      E7485866 
  74      5EA2B02F 
  75 0165 6A97BEFA 		.ascii	"j\227\276\372\033\370\3663\011\373R\25169T\034\344\267"
ARM GAS  /var/folders/d3/p12xj6d96hx5ptyrkl_lzds40000gn/T//ccjVfbYc.s 			page 5


  75      1BF8F633 
  75      09FB52A9 
  75      3639541C 
  75      E4B7
  76 0177 6154F59D 		.ascii	"aT\365\235\215\364\315\240\346\353`\241\237\233\006"
  76      8DF4CDA0 
  76      E6EB60A1 
  76      9F9B06
  77 0186 71DF4CD6 		.ascii	"q\337L\3267\322\036\342\373/A\3307\213j\025UW\002\374"
  77      37D21EE2 
  77      FB2F41D8 
  77      378B6A15 
  77      555702FC 
  78 019a 727A615F 		.ascii	"rza_\232\372\367Zw&\022\224\316^\350\011\367\204\302"
  78      9AFAF75A 
  78      77261294 
  78      CE5EE809 
  78      F784C2
  79 01ad AEA01307 		.ascii	"\256\240\023\007\315\246\336\300\344\215\000\177\361"
  79      CDA6DEC0 
  79      E48D007F 
  79      F1
  80 01ba 71C2A039 		.ascii	"q\302\2409Tk\276\034\230\342\335Za\320\\\252u\024z\317"
  80      546BBE1C 
  80      98E2DD5A 
  80      61D05CAA 
  80      75147ACF 
  81 01ce F1A91A55 		.ascii	"\361\251\032U\337\251H\237\205\232\365c\3362~AE\334"
  81      DFA9489F 
  81      859AF563 
  81      DE327E41 
  81      45DC
  82 01e0 378F7A8D 		.ascii	"7\217z\215\377&\352\370/Q\026\366e\250\237\004\017\232"
  82      FF26EAF8 
  82      2F5116F6 
  82      65A89F04 
  82      0F9A
  83 01f2 4FD7EFF7 		.ascii	"O\327\357\367\267\245l\254r\025\235w\271\364nE\206u"
  83      B7A56CAC 
  83      72159D77 
  83      B9F46E45 
  83      8675
  84 0204 16E88702 		.ascii	"\026\350\207\002Xo\201\217\210\017`\201>\344{d/\362"
  84      586F818F 
  84      880F6081 
  84      3EE47B64 
  84      2FF2
  85 0216 1DB207D9 		.ascii	"\035\262\007\331\215|\213\014\"\337 _#_!7X\340%\342"
  85      8D7C8B0C 
  85      22DF205F 
  85      235F2137 
  85      58E025E2 
  86 022a 057EED42 		.ascii	"\005~\355Bv\";\220\355\310\347\3106d+\262\005\371\014"
  86      76223B90 
  86      EDC8E7C8 
  86      36642BB2 
  86      05F90C
ARM GAS  /var/folders/d3/p12xj6d96hx5ptyrkl_lzds40000gn/T//ccjVfbYc.s 			page 6


  87 023d F914D98C 		.ascii	"\371\024\331\214|\202lB>F6\"\037!\033\220\365\310\207"
  87      7C826C42 
  87      3E463622 
  87      1F211B90 
  87      F5C887
  88 0250 C83AE403 		.ascii	"\310:\344\003\344}d-\262\006Y\215\014 \375\310{H\037"
  88      E47D642D 
  88      B206598D 
  88      0C20FDC8 
  88      7B481F
  89 0263 B20A7917 		.ascii	"\262\012y\027y\007y\033y\013Y\211\364\"o\"=\310\033"
  89      7907791B 
  89      790B5989 
  89      F4226F22 
  89      3DC81B
  90 0276 C8EBC80A 		.ascii	"\310\353\310\012\3445\344Ud9\262\014\012\324;&\324\275"
  90      E435E455 
  90      6439B20C 
  90      0AD43B26 
  90      D4BD
  91 0288 853EA905 		.ascii	"\205>\251\005QO\320\307\336\300\302\250\023{\351\372"
  91      514FD0C7 
  91      DEC0C2A8 
  91      137BE9FA 
  92 0298 A2A8751D 		.ascii	"\242\250u\035]_\034\265)'\371\210%\261F,\2151bY\214"
  92      5D5F1CB5 
  92      2927F988 
  92      25B1462C 
  92      8D316259 
  93 02ad 11CBA346 		.ascii	"\021\313\243F\374\341#V\304\032\2612\306\210U1F\254"
  93      FCE12356 
  93      C41AB132 
  93      C6885531 
  93      46AC
  94 02bf 8E1A31C1 		.ascii	"\216\0321\301G\254\2115bm\214\021V\321\010\345\270\302"
  94      47AC8935 
  94      626D8C11 
  94      56D108E5 
  94      B8C2
  95 02d1 FE523D03 		.ascii	"\376R=\003\305\345Z\2669Oj\335\212&,K0\016\005a\031"
  95      C5E55AB6 
  95      394F6ADD 
  95      8A262C4B 
  95      300E0561 
  96 02e6 E017810C 		.ascii	"\340\027\201\014c\004\012\214\022h`\204@\013?\011\342"
  96      63040A8C 
  96      12686084 
  96      400B3F09 
  96      E2
  97 02f7 60984007 		.ascii	"`\230@\007?\010\342\341;\201\036\276\021$\300W\002\003"
  97      3F08E2E1 
  97      3B811EBE 
  97      1124C057 
  97      0203
  98 0309 7C2130C2 		.ascii	"|!0\302\020\201\011\006\011\022\3413\201\031>\021$\301"
  98      10810906 
  98      0912E133 
ARM GAS  /var/folders/d3/p12xj6d96hx5ptyrkl_lzds40000gn/T//ccjVfbYc.s 			page 7


  98      81193E11 
  98      24C1
  99 031b 006C94E0 		.ascii	"\000l\224\3407~l\262Zm\366\375\331\373\262w\355\261"
  99      377E6CB2 
  99      5A6DF6FD 
  99      D9FBB277 
  99      EDB1
 100 032d 399CB64C 		.ascii	"9\234\266LGN\216\343\240-\327\221\227\357\264m\335\275"
 100      474E8EE3 
 100      A02DD791 
 100      97EFB46D 
 100      DDBD
 101 033f D3BEF330 		.ascii	"\323\276\3630Y\313\315>\220\225\347\264m\267\333m\207"
 101      59CBCD3E 
 101      9095E7B4 
 101      6DB7DB6D 
 101      87
 102 0350 B232F31D 		.ascii	"\2622\363\035yNk\246\364\037<\210:U"
 102      794E6BA6 
 102      F41F3C88 
 102      3A55
 103              		.text
 104              		.section	.gnu.lto_.symbol_nodes.f76f9e687d729a82,"",%progbits
 105 0000 789C55D3 		.ascii	"x\234U\3237NC\001\000\004\321u\"'\233\234\215\263q\""
 105      374E4301 
 105      0004D175 
 105      22279B9C 
 105      8DB37122 
 106 0014 E770113A 		.ascii	"\347p\021:D\215\004\210vhh\2508\202\317AE\316\030\004"
 106      448D0488 
 106      766868A8 
 106      3882CF41 
 106      45CE1804 
 107 0028 1C880F12 		.ascii	"\034\210\017\022\305V+=m;Q\205\264\023\221\024N!\235"
 107      C5562B3D 
 107      6D3B5185 
 107      B4139114 
 107      4E219D
 108 003b 37A4602E 		.ascii	"7\244`.\352\361\000\322\204\376\341\254\236\011 C\330"
 108      EAF100D2 
 108      84FEE1AC 
 108      9E092043 
 108      D8
 109 004c 214BC421 		.ascii	"!K\304!G\324!O\314\241@\223C\221f\207iZ\034J\264:\224"
 109      47D4214F 
 109      CCA14093 
 109      43916687 
 109      695A1C4A 
 110 0063 6973A8D0 		.ascii	"is\250\320\356P\245\303\241F\247\303\014]\016\263t;"
 110      EE50A5C3 
 110      A146A7C3 
 110      0C5D0EB3 
 110      743B
 111 0075 CCD1E330 		.ascii	"\314\321\3430O\334a\201\204\303\"\275\016K\3649,\323"
 111      4FDC6181 
 111      84C322BD 
 111      0E4BF439 
ARM GAS  /var/folders/d3/p12xj6d96hx5ptyrkl_lzds40000gn/T//ccjVfbYc.s 			page 8


 111      2CD3
 112 0087 EFB0C280 		.ascii	"\357\260\302\200\303*\203\016k\0149\2543\354\260\301"
 112      C32A830E 
 112      6B0C39AC 
 112      33ECB0C1 
 113 0097 88C326A3 		.ascii	"\210\303&\243\016[\2149l3\356p)&\\\256\304\244\313\265"
 113      0E5B8C39 
 113      6C33EE70 
 113      29265CAE 
 113      C4A4CBB5 
 114 00ab 48BADC88 		.ascii	"H\272\334\210)\227[\221r\271\023i\227{\221qy\020Y\227"
 114      29975B91 
 114      72B91369 
 114      977B9171 
 114      79105997 
 115 00bf 47917379 		.ascii	"G\221sy\022y\227gQpy\021E\227W1\355\362&J.\015Qvy\027"
 115      12799767 
 115      51707911 
 115      45975731 
 115      EDF2264A 
 116 00d9 15970F51 		.ascii	"\025\227\017Q5\211}J\247\011U\217\367v\217\366\017\016"
 116      35897D4A 
 116      A709558F 
 116      F7768FF6 
 116      0F0E
 117 00eb 03F85228 		.ascii	"\003\370R(\031\204\024\372\026\265\277\253tR\377\225"
 117      198414FA 
 117      16B5BFAB 
 117      7452FF95 
 118 00fb 1F575CCE 		.ascii	"\037W\\\316\002"
 118      02
 119              		.text
 120              		.section	.gnu.lto_.refs.f76f9e687d729a82,"",%progbits
 121 0000 789C15C4 		.ascii	"x\234\025\304\305\001\302@\000\000\301\273M\220\340"
 121      C501C240 
 121      0000C1BB 
 121      4D90E0
 122 000f 16DC3558 		.ascii	"\026\3345X\2002\350\277!\330yL\032b\370\306\020bL\376"
 122      8032E8BF 
 122      21D8794C 
 122      1A62F8C6 
 122      10624CFE 
 123 0023 6189A556 		.ascii	"a\211\245V\261\252\325\254n\2315\254i-k[\307\272\326"
 123      B1AAD5AC 
 123      6E9935AC 
 123      692D6B5B 
 123      C7BAD6
 124 0036 B3BE0D6C 		.ascii	"\263\276\015lh#\313ml\023\233\332\314\346\266\260\245"
 124      6823CB6D 
 124      6C139BDA 
 124      CCE6B6B0 
 124      A5
 125 0047 AD6C6D1B 		.ascii	"\255lm\033\333\332\316\366v\260\243\235\354l\027+\354"
 125      DBDACEF6 
 125      76B0A39D 
 125      EC6C172B 
 125      EC
ARM GAS  /var/folders/d3/p12xj6d96hx5ptyrkl_lzds40000gn/T//ccjVfbYc.s 			page 9


 126 0058 6A37BBDB 		.ascii	"j7\273\333\303\236V\376{\277x\363!\002\011)\025\252"
 126      C39E56FE 
 126      7BBF78F3 
 126      21020929 
 126      15AA
 127 006a D4A893D1 		.ascii	"\324\250\223\321\240I\2136\035\272\364\3503`\310\210"
 127      A0498B36 
 127      1DBAF4E8 
 127      3360C888 
 128 007a 9C3113A6 		.ascii	"\2341\023\246\314\230\263`\311\2125\033\266\354\330"
 128      CC98B360 
 128      C98A351B 
 128      B6ECD8
 129 0089 73E0C889 		.ascii	"s\340\310\2113\027\012\256\334\270\363\340I\031~\324"
 129      33170AAE 
 129      DCB8F3E0 
 129      49197ED4 
 130 0099 F70A9A   		.ascii	"\367\012\232"
 131              		.text
 132              		.section	.gnu.lto_.decls.f76f9e687d729a82,"",%progbits
 133 0000 789CB59A 		.ascii	"x\234\265\232yPTI\236\307++\037\002\005\0056\332\263"
 133      79505449 
 133      9EC72B2B 
 133      1F020505 
 133      36DAB3
 134 0013 3D31CCB6 		.ascii	"=1\314\266v\3303DLh\251\355\325\0331\021\243\354\366"
 134      76D83344 
 134      4C68A9ED 
 134      D51B3111 
 134      A3ECF6
 135 0026 F4448CD3 		.ascii	"\364D\214\323\035\323\323\356\037\375\007\201P\253D"
 135      1DD3D3EE 
 135      1FFD0781 
 135      50AB44
 136 0035 0BDA14F4 		.ascii	"\013\332\024\364NGlD\227\210\250x \210\334\227\034\312"
 136      4E476C44 
 136      9788A878 
 136      2088DC97 
 136      1CCA
 137 0047 D502851C 		.ascii	"\325\002\205\034\012\"\240\234\242r\310%r\264\010\250"
 137      0A22A09C 
 137      A272C825 
 137      72B408A8 
 138 0057 2020A072 		.ascii	"  \240r\312\374^\036\357!\363\334?\336\306V\370\255"
 138      CAFC5E1E 
 138      EF21F3DC 
 138      3FDEC656 
 138      F8AD
 139 0069 7A99F9CD 		.ascii	"z\231\371\315\374}2\177\371\016\342)h\220F\374\034\370"
 139      FC7D327F 
 139      F90EE229 
 139      689046FC 
 139      1CF8
 140 007b 8D46734E 		.ascii	"\215FsN\320h\376\254\325h\026\341\203\241n\217F\376"
 140      D068FEAC 
 140      D56816E1 
 140      83A16E8F 
ARM GAS  /var/folders/d3/p12xj6d96hx5ptyrkl_lzds40000gn/T//ccjVfbYc.s 			page 10


 140      46FE
 141 008d 6C04FD04 		.ascii	"l\004\375\004\272\001\252\002\335\0065\201\332A\335"
 141      BA01AA02 
 141      DD063581 
 141      DA41DD
 142 009c A07ED053 		.ascii	"\240~\320S\320\030\350%h\016\204`hk\220\036\264\012"
 142      D018E825 
 142      680E8460 
 142      686B901E 
 142      B40A
 143 00ae F44BD087 		.ascii	"\364K\320\207\240\217A\277\003m\002m\007\375\036\344"
 143      A08F41BF 
 143      036D026D 
 143      07FD1EE4 
 144 00be 0AFA13E8 		.ascii	"\012\372\023\350\013\320\327\240o@\356\240} o\220\011"
 144      0BD0D7A0 
 144      6F40EEA0 
 144      7D206F90 
 144      09
 145 00cf F403E847 		.ascii	"\364\003\350G\320Q\320IP((\022\024\017J\001e\200r@\005"
 145      D051D049 
 145      50282812 
 145      140F4A01 
 145      65807240 
 146 00e4 A0125005 		.ascii	"\240\022P\005\250\006t\007t\017\004S\323|\004_\353\264"
 146      A8067407 
 146      740F0453 
 146      D37C045F 
 146      EBB4
 147 00f6 9AB73EE2 		.ascii	"\232\267>\342\274\320\222\371\"V\267\374#\366\265\202"
 147      BCD092F9 
 147      2256B7FC 
 147      23F6B582 
 148 0106 DF2130AC 		.ascii	"\337!0\254\206_;([\203\326\202\336\203\262=\374\376"
 148      865F3B28 
 148      5B83D682 
 148      DE83B23D 
 148      FCFE
 149 0118 02F43EC8 		.ascii	"\002\364>\310\011\244\007\375\013\350\327\240U G\320"
 149      09A407FD 
 149      0BE8D7A0 
 149      552047D0 
 150 0128 6AD02F41 		.ascii	"j\320/A+A\016 g\320\277\202~%\216\0012h(o\015\343/a"
 150      2B410E20 
 150      67D0BF82 
 150      7E258E01 
 150      3268286F 
 151 0140 F3C961F3 		.ascii	"\363\311a\363Ka\363\215d\363?\311\326\343G\266>&\266"
 151      4B61F38D 
 151      64F33FC9 
 151      D6E347B6 
 151      3E26B6
 152 0153 5EFBD8FA 		.ascii	"^\373\330\372}\303\326\363\013\266\276\256l\275\267"
 152      7DC3D6F3 
 152      0BB6BEAE 
 152      6CBDB7
 153 0162 B3F5FF1D 		.ascii	"\263\365\377\035\313\307\207,?\253X\276\304\274\211"
ARM GAS  /var/folders/d3/p12xj6d96hx5ptyrkl_lzds40000gn/T//ccjVfbYc.s 			page 11


 153      CBC7872C 
 153      3FAB58BE 
 153      C4BC89
 154 0171 F99B63F9 		.ascii	"\371\233c\371\034c\371\355g\371ng\371\277\315\366\203"
 154      1C63F9ED 
 154      67F96E67 
 154      F9BFCDF6 
 154      83
 155 0182 B82FC435 		.ascii	"\270/\3045\026\327n\371\372.hQfh\3535\334\205:\0214"
 155      16D76EF9 
 155      FA2E6851 
 155      6668EB35 
 155      DC853A11 
 156 0197 A1957495 		.ascii	"\241\225t\225\021\375FD\032*R\204\003\255\206\215\305"
 156      11FD4644 
 156      1A2A5284 
 156      03AD868D 
 156      C5
 157 01a8 AB10378A 		.ascii	"\253\0207\212\337\360\245E\254N#\015F\376\261\376d\017"
 157      DFF0A545 
 157      AC4E230D 
 157      46FEB1FE 
 157      640F
 158 01ba 930F1944 		.ascii	"\223\017\031D\036\035\261NH\" \315\032\332.\215J\177"
 158      1E1DB14E 
 158      482220CD 
 158      1ADA2E8D 
 158      4A7F
 159 01cc B4728725 		.ascii	"\264r\207%\343Q\\6\234\314,\315\011\361I\217\345_>f"
 159      E3515C36 
 159      9CCC2CCD 
 159      09F1498F 
 159      E55F3E66 
 160 01e0 87B5483C 		.ascii	"\207\265H<\356\235I\377lC\266\031>g\315f\255A^\231\246"
 160      EE9D49FF 
 160      6C43B619 
 160      3E67CD66 
 160      AD415E99 
 161 01f5 C0DC383C 		.ascii	"\300\3348<\245EN:$@\361\305\235\230~\007(\256\326\241"
 161      A5454E3A 
 161      2440F1C5 
 161      9D987E07 
 161      28AED6A1 
 162 0209 35505CA8 		.ascii	"5P\\\250\213\215\321~\020A\372\0351\257\021\320\236"
 162      8B8DD17E 
 162      1041FA1D 
 162      31AF11D0 
 162      9E
 163 021a 5FA02CE4 		.ascii	"_\240,\344\2142\2213\004\312F\037\300\367^\201\2164"
 163      8C329133 
 163      04CA461F 
 163      C0F75E81 
 163      8E34
 164 022c DDF7FAAE 		.ascii	"\335\367\372\256\376\243$sn\236\271/tfs\264\271<\020"
 164      FEA32473 
 164      6E9EB92F 
 164      746673B4 
ARM GAS  /var/folders/d3/p12xj6d96hx5ptyrkl_lzds40000gn/T//ccjVfbYc.s 			page 12


 164      B93C10
 165 023f BA7D24BA 		.ascii	"\272}$\272P:\302(\003m\020\351\340P\374\271\204\272"
 165      503AC228 
 165      036D10E9 
 165      E050FCB9 
 165      84BA
 166 0251 00FB27F4 		.ascii	"\000\373'\364\221\010Z\331\237\240\305\337\020\320;"
 166      91085AD9 
 166      9FA0C5DF 
 166      10D03B
 167 0260 0F9F675B 		.ascii	"\017\237g[\341}\34487n\276\311F\200\\\344\220>\"\336"
 167      E17DE438 
 167      376EBEC9 
 167      46805CE4 
 167      903E22DE 
 168 0274 7C7C912D 		.ascii	"||\221-\245]\015\305\353\247\312\006\004\335q\206\347"
 168      A55D0DC5 
 168      EBA7CA06 
 168      04DD7186 
 168      E7
 169 0285 54EB2036 		.ascii	"T\353 6\310|\026\244\203o\2033\312\203\"\330\373/\275"
 169      C87C16A4 
 169      836F8333 
 169      CA8322D8 
 169      FB2FBD
 170 0298 895C417B 		.ascii	"\211\\A{\277\017\305\311tK\202\015\235k:\202r\353\364"
 170      BF0FC5C9 
 170      744B820D 
 170      9D6B3A82 
 170      72EBF4
 171 02ab F5597B7C 		.ascii	"\365Y{|@\014-\344\007\364^p@.\316\010\006C\272\213|"
 171      400C2DE4 
 171      07F45E70 
 171      402ECE08 
 171      0643BA8B 
 172 02c0 E134E82A 		.ascii	"\3414\350*\322\241\002\202C>1f\210>\376\243X\015\307"
 172      D2A10282 
 172      433E3166 
 172      883EFEA3 
 172      580DC7
 173 02d3 36E4176A 		.ascii	"6\344\027j\002\314\343\311\346\025\037h\320'\316h\243"
 173      02CCE3C9 
 173      E6151F68 
 173      D027CE68 
 173      A3
 174 02e4 B3061522 		.ascii	"\263\006\025\"\027\322\244A\3050`\021\305)\237l\031"
 174      17D2A441 
 174      C5306011 
 174      C5299F6C 
 174      19
 175 02f5 B2713ACB 		.ascii	"\262q:\313\306\376\003\"c_\201\366|B\177\0159\3619\210"
 175      C6FE0322 
 175      635F81F6 
 175      7C427F0D 
 175      39F13988 
 176 0309 EE234359 		.ascii	"\356#CY\035\302\332\357\022\315QkH\023T=\236\351\356"
 176      1DC2DAEF 
ARM GAS  /var/folders/d3/p12xj6d96hx5ptyrkl_lzds40000gn/T//ccjVfbYc.s 			page 13


 176      12CD516B 
 176      4813543D 
 176      9EE9EE
 177 031c 7014C42D 		.ascii	"p\024\304-]\202\326\022S\306\215\226(+|\014\221\345"
 177      5D82D612 
 177      53C68D96 
 177      282B7C0C 
 177      91E5
 178 032e 9BB1F4BE 		.ascii	"\233\261\364\276\260\025\227\357:\254~)\022P.\022\304"
 178      B01597EF 
 178      3AAC7E29 
 178      12502E12 
 178      C4
 179 033f FAC40771 		.ascii	"\372\304\007qCV\220\250\276$s\371\270\321|BKRt\231\247"
 179      435690A8 
 179      BE2473F9 
 179      B8D17C42 
 179      4B527499 
 180 0354 089581F5 		.ascii	"\010\225\201\3652\233\"\272A2\024\230\222\372d\005>"
 180      329B22BA 
 180      41321498 
 180      92FA6405 
 180      3E
 181 0365 8DDE9196 		.ascii	"\215\336\221\226\377\225\255\222\261\275\205s\023bT"
 181      FF95AD92 
 181      B1BD8573 
 181      136254
 182 0374 509CE0E1 		.ascii	"P\234\340\341\363\233\031\315\204DS.\321\334\002g9\247"
 182      F39B19CD 
 182      8444532E 
 182      D1DC0267 
 182      39A7
 183 0386 A92234C9 		.ascii	"\251\"4\311\235%\235\2668Q\025M\255\022M\035\304\250"
 183      9D259DB6 
 183      3851154D 
 183      AD124D1D 
 183      C4A8
 184 0398 A134772F 		.ascii	"\2414w/\345\345\3312\234)\011\247Z\302\251\007k5\307"
 184      E5E5D932 
 184      9C2909A7 
 184      5AC2A907 
 184      6B35C7
 185 03ab B94D707A 		.ascii	"\271Mpz\242\363\312\020\316S\205sW\011\347\036\304\270"
 185      A2F3CA10 
 185      CE538573 
 185      5709E71E 
 185      C4B8
 186 03bd 43716E2C 		.ascii	"Cqn,N\275\262c8\257$\234\006\011\247\021\254\015\034"
 186      4EBDB263 
 186      38AF249C 
 186      0609A711 
 186      AC0D1C
 187 03d0 A789E084 		.ascii	"\247\211\340\2044\334\033\326\343JU8\367\225pZ!F\013"
 187      34DC1BD6 
 187      E34A5538 
 187      F795705A 
 187      21460B
ARM GAS  /var/folders/d3/p12xj6d96hx5ptyrkl_lzds40000gn/T//ccjVfbYc.s 			page 14


 188 03e3 C549099A 		.ascii	"\305I\011\232\214wd8\323\022N\263\204\323\006\326f\216"
 188      8C776438 
 188      D3124EB3 
 188      84D306D6 
 188      668E
 189 03f5 D34E709E 		.ascii	"\323Np\236>N\350\262\303\255\252p\036(\341tA\214N\212"
 189      3E4EE8B2 
 189      C3ADAA70 
 189      1E28E174 
 189      418C4E8A 
 190 0409 7371E265 		.ascii	"sq\342e\333\012\2063+\341tH8\017\301\332\301q\272\011"
 190      DB0A8633 
 190      2BE17448 
 190      380FC1DA 
 190      C171BA09 
 191 041d 4EE7D58A 		.ascii	"N\347\325\212\032=\356Q\205\323\247\204\3633\304\350"
 191      1A3DEE51 
 191      85D3A784 
 191      F333C4E8 
 192 042d A53801B5 		.ascii	"\2458\001\265\231I:\2063/\341\364H8\217\300\332\303"
 192      99493A86 
 192      332FE1F4 
 192      48388FC0 
 192      DAC3
 193 043f 71FA094E 		.ascii	"q\372\011N]\302\\\224=\036R\2053\250\2043\0041\006("
 193      5DC25C94 
 193      3D1E5285 
 193      33A88433 
 193      04310628 
 194 0453 CEDCC22D 		.ascii	"\316\334\302-\013O\326\033\011\347\261\204\363\004\254"
 194      0B4FD61B 
 194      09E7B184 
 194      F304AC
 195 0462 8F39CE53 		.ascii	"\2179\316S\202\223\335q,B\207\307U\341\214(\341<\207"
 195      8293DD71 
 195      2C4287C7 
 195      55E18C28 
 195      E13C87
 196 0475 18C31467 		.ascii	"\030\303\024g\321\334h\3468g\253\355\315g\327\022\236"
 196      D1DC68E6 
 196      3867ABED 
 196      CD67D712 
 196      9E
 197 0486 6712CF28 		.ascii	"g\022\317(x\237q\2361\302\223^5\225\206\361\214*\236"
 197      789F719E 
 197      31C2935E 
 197      359586F1 
 197      8C2A9E
 198 0499 09259E49 		.ascii	"\011%\236I\210\361\202\362\264\016\326\225`\306\023"
 198      88F182F2 
 198      B40ED695 
 198      60C613
 199 04a8 26F38C4B 		.ascii	"&\363\214K<S\340\035\347</\011\317H\360\233v=>\252U"
 199      3C53E01D 
 199      E73C2F09 
 199      CF48F09B 
 199      763D3EAA 
ARM GAS  /var/folders/d3/p12xj6d96hx5ptyrkl_lzds40000gn/T//ccjVfbYc.s 			page 15


 200 04bd C333ADC4 		.ascii	"\3033\255\3043\0031^S\236\206\340\262x~\345\011\227"
 200      3303315E 
 200      539E86E0 
 200      B2787EE5 
 200      0997
 201 04cf 795E493C 		.ascii	"y^I<\263\340}\305y\346\010\317\203\202W\267\3658B\025"
 201      B3E07DC5 
 201      79E608CF 
 201      838257B7 
 201      F5384215 
 202 04e3 CF1B259E 		.ascii	"\317\033%\236E\210\261\300\256\313A\031c\016\214'B\346"
 202      4588B1C0 
 202      AECB4119 
 202      630E8C27 
 202      42E6
 203 04f5 999778CC 		.ascii	"\231\227x\314ZA,Q\236\303Z\221\347\376th\222\026'\252"
 203      5A412C51 
 203      9EC35A91 
 203      E7FE7468 
 203      921627AA 
 204 0509 E209D42A 		.ascii	"\342\011\324*\360\034\205\030G\264\204g\350an\220\015"
 204      F01C8518 
 204      47B48467 
 204      E8616E90 
 204      0D
 205 051a E3899279 		.ascii	"\343\211\222y\002\264\234'\010\274P\242<\307\010O\355"
 205      02B49C27 
 205      08BC50A2 
 205      3CC7084F 
 205      ED
 206 052b D1FCD70E 		.ascii	"\321\374\327\016\370\262*\236`%\236\223\020\343\004"
 206      F8B22A9E 
 206      60259E93 
 206      10E304
 207 053a E5793834 		.ascii	"\345y84\030\315\327'F\3469.\361\234\002\357q\316s\232"
 207      18CDD727 
 207      46E6392E 
 207      F19C02EF 
 207      71CE739A 
 208 054e F0B4A69D 		.ascii	"\360\264\246\235*\262\301e\252x\316*\361\204B\214\020"
 208      2AB2C165 
 208      AA78CE2A 
 208      F184428C 
 208      10
 209 055f CA939D65 		.ascii	"\312\223\235e\031\3223\2368\231\347\214\304\023\006"
 209      19D2339E 
 209      3899E78C 
 209      C41306
 210 056e DE339CE7 		.ascii	"\3363\234\347\034\341y\225|\276\320\026\327\250\342"
 210      1CE17995 
 210      7CBED016 
 210      D7A8E2
 211 057d 8950E289 		.ascii	"\211P\342\211\204\030\347)OHH\305(\277u%\310<\341\022"
 211      8418E729 
 211      4F4848C5 
 211      28BF7525 
 211      C83CE112 
ARM GAS  /var/folders/d3/p12xj6d96hx5ptyrkl_lzds40000gn/T//ccjVfbYc.s 			page 16


 212 0591 4F1478C3 		.ascii	"O\024x\3039O4\341\271\032\025l\261\306\215\252x\342"
 212      394F34E1 
 212      B91A156C 
 212      B1C68DAA 
 212      78E2
 213 05a3 9478E221 		.ascii	"\224x\342!F,\345\271[VY(0\236\\\231'F\342I\000o\014"
 213      462CE5B9 
 213      5B565928 
 213      309E5C99 
 213      2746E249 
 214 05ba E749243C 		.ascii	"\347I$<\213\005\261AV\270S\025O\262\022O\012\304\270"
 214      8B05B141 
 214      56B85315 
 214      4FB2124F 
 214      0AC4B8
 215 05cd 4079BABB 		.ascii	"@y\272\273\363gx\276,2O\222\304\223\012\336$\316\223"
 215      F36778BE 
 215      2C324F92 
 215      C4930ADE 
 215      24CE93
 216 05e0 46786E77 		.ascii	"Fxnw\317\206!\374H\025O\272\022O\006\304\270Dybb:\312"
 216      CF8621FC 
 216      48154FBA 
 216      124F06C4 
 216      B8447962 
 217 05f7 11E32994 		.ascii	"\021\343)\224y.J<\231\340\275\310y\262\010Oun\212\305"
 217      792E4A3C 
 217      99E0BDC8 
 217      79B2084F 
 217      756E8AC5 
 218 060b 0E0FABE2 		.ascii	"\016\017\253\342\271\254\304\223\0031~\242<s\361'z\371"
 218      B9ACC493 
 218      03317EA2 
 218      3C73F127 
 218      7AF9
 219 061d 636AB1CC 		.ascii	"cj\261\314\223-\361\344\2027\233\363\344\321\375<^\327"
 219      932DF1E4 
 219      82379BF3 
 219      E4D1FD3C 
 219      5ED7
 220 062f A117FF9C 		.ascii	"\241\027\377\234Q\301sE\211\247\000b\344S\236\330\261"
 220      51C17345 
 220      89A70062 
 220      E4539ED8 
 220      B1
 221 0640 DB797C7D 		.ascii	"\333y|}\256\311<\026\211\247\020\274\026\316SD\363\225"
 221      AEC93C16 
 221      89A710BC 
 221      16CE5344 
 221      F395
 222 0652 5276558F 		.ascii	"RvU\217\027T\361\\S\342)\201\030W)\317\314\353\322g"
 222      1754F15C 
 222      53E22981 
 222      185729CF 
 222      CCEBD267 
 223 0666 FC7E5A2A 		.ascii	"\374~Z*\363\024K<\245\340-\346<\327\011O\341\305\272"
 223      F3144B3C 
ARM GAS  /var/folders/d3/p12xj6d96hx5ptyrkl_lzds40000gn/T//ccjVfbYc.s 			page 17


 223      A5E02DE6 
 223      3CD7094F 
 223      E1C5BA
 224 0679 5A8483B0 		.ascii	"Z\204\203\260\032\236r%\236\012\210q\203\362\204\225"
 224      1A9E7225 
 224      9E0A8871 
 224      83F28495 
 225 0689 A544F1FB 		.ascii	"\245D\361\373i\263\314S&\361T\202\267\214\363\334$<"
 225      69B3CC53 
 225      26F15482 
 225      B78CF3DC 
 225      243C
 226 069b 43173AAF 		.ascii	"C\027:\257\351q\210*\236j%\236\032\210QEy\032\216\035"
 226      E971882A 
 226      9E6A259E 
 226      1A885145 
 226      791A8E1D 
 227 06af 6BE2F9BA 		.ascii	"k\342\371\272/\363\334\222xj\301{\213\363\324\021\236"
 227      2FF3DC92 
 227      786AC17B 
 227      8BF3D411 
 227      9E
 228 06c0 A311216D 		.ascii	"\243\021!m\3668J\025O\203\022\317\035\210q\233\362D"
 228      F6384A15 
 228      4F8312CF 
 228      1D88719B 
 228      F244
 229 06d2 9525E75B 		.ascii	"\225%\347[3\2366\231\247^\342\271\013\336z\316s\217"
 229      339E3699 
 229      A75EE2B9 
 229      0BDE7ACE 
 229      738F
 230 06e4 F0B497E4 		.ascii	"\360\264\227\344\306\333\341\013\252x\232\225xZ F\023"
 230      C6DBE10B 
 230      AA789A95 
 230      785A2046 
 230      13
 231 06f5 E5296B1E 		.ascii	"\345)k\036:\302\2377:d\236F\211\347>x\0339O+\341)\016"
 231      3AC29F37 
 231      3A649E46 
 231      89E73E78 
 231      1B394F2B 
 232 070c 6899B6C5 		.ascii	"h\231\266\305\231\252x:\224x:!F;\345)\250(\015\3242"
 232      99AA783A 
 232      94783A21 
 232      463BE529 
 232      A8280DD4 
 233 0721 9E1E99A7 		.ascii	"\236\036\231\247M\342y\000\3366\316\323E\257\317\301"
 233      4DE27900 
 233      DE36CED3 
 233      45AFCFC1 
 234 0731 571E38E0 		.ascii	"W\0368\340|U<=J<\275\020\243\233\362\344\207d6\362\375"
 234      7C553C3D 
 234      4A3CBD10 
 234      A39BF2E4 
 234      876436F2 
 235 0746 332EF33C 		.ascii	"3.\363<\224x\372\300\373\220\363\374Lx\272\312\352\217"
ARM GAS  /var/folders/d3/p12xj6d96hx5ptyrkl_lzds40000gn/T//ccjVfbYc.s 			page 18


 235      9478FAC0 
 235      FB90F3FC 
 235      4C78BACA 
 235      EA8F
 236 0758 0BB85415 		.ascii	"\013\270T\025\317c%\236\001\210\321OyRC\306\026\371"
 236      CF63259E 
 236      0188D14F 
 236      795243C6 
 236      16F9
 237 076a F3CF84CC 		.ascii	"\363\317\204\314\363H\342\031\004\357#\3163Dx\222\316"
 237      F348E219 
 237      04EF23CE 
 237      33447892 
 237      CE
 238 077b A565E870 		.ascii	"\245e\350p\225*\236gJ<\303\020\343)\34595\326%\255\317"
 238      952A9E67 
 238      4A3CC310 
 238      E329E539 
 238      35D625AD 
 239 0790 94CCF344 		.ascii	"\224\314\363D\342\031\001\357\023\316\363\234\362\014"
 239      E21901EF 
 239      13CEF39C 
 239      F20C
 240 079e 37B408F8 		.ascii	"7\264\010\370\256*\236q%\236\027\020c\214\3624\217["
 240      AE2A9E71 
 240      259E1710 
 240      638CF234 
 240      8F5B
 241 07b0 1EF3BFBE 		.ascii	"\036\363\277\276fe\236Q\211g\002\274\243\234g\222\360"
 241      66659E51 
 241      896702BC 
 241      A39C6792 
 241      F0
 242 07c1 344D5AE6 		.ascii	"4MZ\346\035p\273*\236WJ<\257!\306"
 242      1D70BB2A 
 242      9E574A3C 
 242      AF21C6
 243 07d0 4BCA73A4 		.ascii	"K\312s\244<!\205\337\277\346e\236)\211g\032\274S\234"
 243      3C2185DF 
 243      BFE6659E 
 243      2989671A 
 243      BC539C
 244 07e3 6786F044 		.ascii	"g\206\360D\264OW\254\300}\252x\346\225x\026 \306\034"
 244      B44F57AC 
 244      C07DAA78 
 244      E6957816 
 244      20C61C
 245 07f6 E529BEF1 		.ascii	"\345)\276\361\244\212\347\353\215\3143+\361\274\001"
 245      A48AE7EB 
 245      8DCC332B 
 245      F1BC01
 246 0805 EF2CE759 		.ascii	"\357,\347Y$<\013\221\305O\035\361SU<\001X\201\347\010"
 246      243C0B91 
 246      C54F1DF1 
 246      53553C01 
 246      5881E708 
 247 0819 16D0614C 		.ascii	"\026\320aL\237\177\032z\316\330\363\277\007k$\0363\346"
ARM GAS  /var/folders/d3/p12xj6d96hx5ptyrkl_lzds40000gn/T//ccjVfbYc.s 			page 19


 247      9F7F1A7A 
 247      CED8F3BF 
 247      076B241E 
 247      33E6
 248 082b 3C81E085 		.ascii	"<\201\340\205\022\3459\212E\236\222\312\364I{<\241\212"
 248      12E5398A 
 248      459E92CA 
 248      F4497B3C 
 248      A18A
 249 083d E7B812CF 		.ascii	"\347\270\022\317\011\210q\214\362\364\017\344=\342\317"
 249      0988718C 
 249      F2F40FE4 
 249      3DE2CF
 250 084c 8711324F 		.ascii	"\207\0212O\220\304\023\014\336 \316s\222\360\224\036"
 250      90C4130C 
 250      DE20CE73 
 250      92F0941E 
 251 085c 9E8D75C4 		.ascii	"\236\215u\304s\252x\316(\361\204@\214\323\224\347U\301"
 251      73AA78CE 
 251      28F18440 
 251      8CD394E7 
 251      55C1
 252 086e 9D9FF9F5 		.ascii	"\235\237\371\3650J\3469%\361\234\005\357)\316\023Jx"
 252      304AE639 
 252      25F19C05 
 252      EF29CE13 
 252      4A78
 253 0880 32A3A2AD 		.ascii	"2\243\242\255p\240\240\006'\\\011\347<\2048Gq\032j#"
 253      70A0A006 
 253      275C09E7 
 253      3C843847 
 253      711A6A23 
 254 0894 43A53F77 		.ascii	"C\245?wd\2340\011'\002\274a\034'\222\340\034\356\032"
 254      649C3009 
 254      2702BC61 
 254      1C2792E0 
 254      1CEE1A
 255 08a7 1BB7C1A7 		.ascii	"\033\267\301\247U\361\304(\361\304B\214h\312s\375\372"
 255      55F1C428 
 255      F1C4428C 
 255      68CA73FD 
 255      FA
 256 08b8 FD20BE3C 		.ascii	"\375 \276<q2O\224\304\023\007\336(\316\023Ox\316\364"
 256      71324F94 
 256      C41307DE 
 256      28CE134F 
 256      78CEF4
 257 08cb 04DFB0C5 		.ascii	"\004\337\260\305\021\252x\222\224x.@\214D\266\235C\314"
 257      11AA7892 
 257      94782E40 
 257      8C44B69D 
 257      43CC
 258 08dd 83FCCF1D 		.ascii	"\203\374\317\035\213\314\223 \361$\2037\201\363\244"
 258      8BCC9320 
 258      F1248337 
 258      81F3A4
 259 08ec 109EAA8B 		.ascii	"\020\236\252\213\255\3168Q\025\316E%\234K\020\"\215"
ARM GAS  /var/folders/d3/p12xj6d96hx5ptyrkl_lzds40000gn/T//ccjVfbYc.s 			page 20


 259      ADCE3851 
 259      15CE4525 
 259      9C4B1022 
 259      8D
 260 08fd E2A45D9C 		.ascii	"\342\244]\234\215\344w\367+2N\252\204\223\016\336T\216"
 260      8DE477F7 
 260      2B324EAA 
 260      84930EDE 
 260      548E
 261 090f 93417066 		.ascii	"\223Apf\237\317E9\342tU<\331J<?A\214,\312\023}f\370"
 261      9FCF4539 
 261      E274553C 
 261      D94A3C3F 
 261      418C2CCA 
 262 0927 1ABF3A17 		.ascii	"\032\277:\027\312<\231\022\317e\360fr\236\034\302\223"
 262      CA3C9912 
 262      CF65F066 
 262      729E1CC2 
 262      93
 263 0938 D65D750B 		.ascii	"\326]u\013\341<U<\026%\236|\210\221GyN\232\207G\370"
 263      E13C553C 
 263      16259E7C 
 263      88914779 
 263      4E9A8747 
 264 094d D36AB1CC 		.ascii	"\323j\261\314\223+\361\\\001o.\347) <\317\307F.9\340"
 264      932BF15C 
 264      016F2EE7 
 264      29203CCF 
 264      C7462E39 
 265 0962 6BAA788A 		.ascii	"k\252x\212\225x\256B\214\"\312\023\3712\246\201\337"
 265      9578AE42 
 265      8C22CA13 
 265      F932A681 
 265      DF
 266 0973 DDCB649E 		.ascii	"\335\313d\236B\211\347\032x\0139O\011\341\271q! \311"
 266      4289E71A 
 266      780B394F 
 266      09E1B971 
 266      2120C9
 267 0986 11DF54C5 		.ascii	"\021\337T\305S\246\304s\003b\\gW\303K\317Ry\276\032"
 267      53A6C473 
 267      03625C67 
 267      57C34BCF 
 267      5279BE1A 
 268 099a 659E5289 		.ascii	"e\236R\211\247\034\274\245\234\247\202\360\314\337-"
 268      A71CBCA5 
 268      9CA782F0 
 268      CCDF2D
 269 09a9 396C8F1B 		.ascii	"9l\217\033T\361\334R\342\251\202\0307)\317\323\211\230"
 269      54F1DC52 
 269      E2A98218 
 269      3729CFD3 
 269      8998
 270 09bb 47FCF46A 		.ascii	"G\374\364j\226y*%\236j\360Vr\236\032\302S_\330_\341"
 270      96792A25 
 270      9E6AF056 
 270      729E1AC2 
ARM GAS  /var/folders/d3/p12xj6d96hx5ptyrkl_lzds40000gn/T//ccjVfbYc.s 			page 21


 270      535FD85F 
 271 09d0 885B55F1 		.ascii	"\210[U\361\324+\361\334\206\030u\224\347\302\263\240"
 271      D42BF1DC 
 271      86187594 
 271      E7C2B3A0 
 272 09e0 2C7EF7BA 		.ascii	",~\367\272/\363\324J<\015\340\255\345<w\010\317\260"
 272      2FF3D44A 
 272      3C0DE0AD 
 272      E53C7708 
 272      CFB0
 273 09f2 E578AF16 		.ascii	"\345x\257\026\367P\236\211\351\226$\362x`\206\307]c"
 273      F7509E89 
 273      E99624F2 
 273      786086C7 
 273      5D63
 274 0a04 A02DE97E 		.ascii	"\240-\351~\227w\327\210\207\354/\001\322w\262\241x\324"
 274      9777D788 
 274      87EC2F01 
 274      D277B2A1 
 274      78D4
 275 0a16 118FD0BE 		.ascii	"\021\217\320\276\331\225\321\365v\370%-\304?j\375\017"
 275      D995D1F5 
 275      76F8252D 
 275      C43F6AFD 
 275      0F
 276 0a27 11B009B3 		.ascii	"\021\260\011\263y\025\016\326U\353\340o\340/u\310,\276"
 276      79150ED6 
 276      55EBE06F 
 276      E02F75C8 
 276      2CBE
 277 0a39 D76A5B6C 		.ascii	"\327j[l\014\267#\223j\301\316\304\321s$gX\217gi\377"
 277      0CB72393 
 277      6AC1CEC4 
 277      D1732467 
 277      588F6769 
 278 0a4e 949AD1F3 		.ascii	"\224\232\321\363\342\234Q+\004\277\017\324\315t\206"
 278      E29C512B 
 278      04BF0FD4 
 278      CD7486
 279 0a5d 312553F5 		.ascii	"1%S\365V\364m\231\015\024\353&:\357\352\337\375\256"
 279      56F46D99 
 279      0D14EB26 
 279      3AEFEADF 
 279      FDAE
 280 0a6f AD03B377 		.ascii	"\255\003\263wm\355\230\274\334\312*L\273\206ho[\361"
 280      6DED98BC 
 280      DCCA2A4C 
 280      BB86686F 
 280      5BF1
 281 0a81 74AB2AA8 		.ascii	"t\253*\250\306\364][-i\316\256\357\263^\376\356\353"
 281      C6F45D5B 
 281      2D69CEAE 
 281      EFB35EFE 
 281      EEEB
 282 0a93 0176469D 		.ascii	"\001vF\235\"\"\352\302N|Lr\361\210,\264\330\255\015"
 282      2222EAC2 
 282      4E7C4C72 
ARM GAS  /var/folders/d3/p12xj6d96hx5ptyrkl_lzds40000gn/T//ccjVfbYc.s 			page 22


 282      F1882CB4 
 282      D8AD0D
 283 0aa6 B022A912 		.ascii	"\260\"\251\022\333\240.\264b\241\222\316\352!K\325\300"
 283      DBA02EB4 
 283      62A192CE 
 283      EA214BD5 
 283      C0
 284 0ab7 E1EA483D 		.ascii	"\341\352H=>eEfu}\242~\2178\251\036\230T7L\252\215N*"
 284      3E654566 
 284      757DA27E 
 284      8F38A91E 
 284      9854374C 
 285 0acf B734F0B9 		.ascii	"\2674\360\271\003\305*\027\327\246f\244\255\316\232"
 285      03C52A17 
 285      D7A666A4 
 285      ADCE9A
 286 0ade 7299EDA1 		.ascii	"r\231\355\241\\4\232U\244g\355K\327\322\211\255\345"
 286      5C349A55 
 286      A467ED4B 
 286      D7D289AD 
 286      E5
 287 0aef 42DBF02D 		.ascii	"B\333\360-\304\374\342\252\244\017\306\235\261\247\355"
 287      C4FCE2AA 
 287      A40FC69D 
 287      B1A7ED
 288 0afe 3BA03878 		.ascii	";\2408x\246\366\215\026\207S\204\271\201\234!{\373`"
 288      A6F68D16 
 288      875384B9 
 288      819C217B 
 288      FB60
 289 0b10 F16D205B 		.ascii	"\361m [11\305\362\222\015a{\226l0O'\206\265hq*\351\251"
 289      3131C5F2 
 289      920D617B 
 289      966C304F 
 289      2786B568 
 290 0b28 3D9D3311 		.ascii	"=\2353\021n\207\354]\336\325\027=\303.K\272\223\327"
 290      6E87EC5D 
 290      DED5173D 
 290      C32E4BBA 
 290      93D7
 291 0b3a 937D2DC3 		.ascii	"\223}-\303_F\0345\233\341T\201\206'\362F\002\037\015"
 291      5F461C35 
 291      9BE15481 
 291      8627F246 
 291      021F0D
 292 0b4d 31D2773B 		.ascii	"1\322w;H\300#\024\256\244\250\264\232ew\243\270\243"
 292      48C02314 
 292      AEA4A8B4 
 292      9A6577A3 
 292      B8A3
 293 0b5f 6263DA04 		.ascii	"bc\332\004<G\333\342f\252\347\2648p\005)\304Nv?e\257"
 293      3C47DBE2 
 293      66AAE7B4 
 293      38700529 
 293      C44E763F 
 294 0b75 5C5DA0D8 		.ascii	"\\]\240\330\330\226\222m\215\243i\333\344`\300Q+\234"
 294      D896926D 
ARM GAS  /var/folders/d3/p12xj6d96hx5ptyrkl_lzds40000gn/T//ccjVfbYc.s 			page 23


 294      8DA369DB 
 294      E460C051 
 294      2B9C
 295 0b87 460BFCD5 		.ascii	"F\013\374\325\261\023}u\\\327|3\330\012_\246mUI\013"
 295      B1137D75 
 295      5CD77C33 
 295      D80A5FA6 
 295      6D55490B 
 296 0b9b A1D6B888 		.ascii	"\241\326\270\210\026F\003\007\372\354\250\361\003\021"
 296      16460307 
 296      FAECA8F1 
 296      0311
 297 0ba9 2BAF3DD0 		.ascii	"+\257=\320\032\227\323\266\222\341\200\315\270\216\036"
 297      1A97D3B6 
 297      92E180CD 
 297      B88E1E
 298 0bb8 378F37C4 		.ascii	"7\2177\3043\337J1r{H\215\016?\244m\263\355\351Q\010"
 298      33DF4A31 
 298      727B488D 
 298      0E3FA46D 
 298      B3EDE951 
 299 0bcd 3FA78527 		.ascii	"?\247\205'\205\335\361z\274H\013\247\232\302\341\266"
 299      85DDF17A 
 299      BC480BA7 
 299      9AC2E1B6 
 300 0bdd 166A4D87 		.ascii	"\026jM\207X\314\231\263\305\361\264P\026\234\033\250"
 300      58CC99B3 
 300      C5F1B450 
 300      169C1BA8 
 301 0bed C359B4D0 		.ascii	"\303Y\264\320]\233\221%n\310\337\352\220\370Z\335\021"
 301      5D9B9125 
 301      6EC8DFEA 
 301      90F85ADD 
 301      11
 302 0bfe AA7246AE 		.ascii	"\252rF\256\316\350i\025\351\0332\221j\215\013\211]["
 302      CEE86915 
 302      E91B3291 
 302      6A8D0B89 
 302      5D5B
 303 0c10 7D3ADF62 		.ascii	"}:\337b\207\\\350\233\340\276so>\217\2320\233\327\240"
 303      875CE89B 
 303      E0BE736F 
 303      3E8F9A30 
 303      9BD7A0
 304 0c23 23820E1D 		.ascii	"#\202\016\035\026\244\245\376\255\270_\217\313I\323"
 304      16A4A5FE 
 304      ADB85F8F 
 304      CB49D3
 305 0c32 C8190B10 		.ascii	"\310\031\013\020\\\304\201E#2\013\316h\221\236&\031"
 305      5CC48145 
 305      23320BCE 
 305      68919E26 
 305      19
 306 0c43 A9A1C92B 		.ascii	"\251\241\311+p\264\015\011\022}%\363\265N\012r>eg5\311"
 306      70B40D09 
 306      127D25F3 
 306      B54E0A72 
ARM GAS  /var/folders/d3/p12xj6d96hx5ptyrkl_lzds40000gn/T//ccjVfbYc.s 			page 24


 306      3E656735 
 307 0c58 67100409 		.ascii	"g\020\004\011\224\203@\314wF9\252\034\305\334\232\260"
 307      948340CC 
 307      774639AA 
 307      1CC5DC9A 
 307      B0
 308 0c69 FAAD8D28 		.ascii	"\372\255\215(\016)o\304c\202\270CD\343\211\212\340i"
 308      0E296FC4 
 308      6382B843 
 308      44E3898A 
 308      E069
 309 0c7b 7B3C4670 		.ascii	"{<Fp\320\271\324\313W\331\271\360!\024+\313'v\276\373"
 309      D0B9D4CB 
 309      57D9B9F0 
 309      21142BCB 
 309      2776BEFB 
 310 0c8f FC0F16D8 		.ascii	"\374\017\026\330\371\177B !\023c\315\367m\345\023\334"
 310      F97F4220 
 310      211363CD 
 310      F76DE513 
 310      DC
 311 0ca0 8FECCAC7 		.ascii	"\217\354\312\307p\202\367\223\023\374\244\340\304;\201"
 311      7082F793 
 311      13FCA4E0 
 311      C43B81
 312 0caf 7B5568F2 		.ascii	"{Uh\362\275`G\264n\311g\325:\027\361'Y\204\206\255\375"
 312      BD6047B4 
 312      6EC967D5 
 312      3A17F127 
 312      598486AD 
 313 0cc4 874B6941 		.ascii	"\207KiA\346\263\356\"*z\003{;JX%\317\332 \216\270\011"
 313      E6B3EE22 
 313      2A7A037B 
 313      3B4A5825 
 313      CFDA208E 
 314 0cda BE34C45E 		.ascii	"\2764\304^>\223\206\304\377}\200I\314\331\345\356i\274"
 314      3E9386C4 
 314      FF7D8049 
 314      CCD9E5EE 
 314      69BC
 315 0cec CC4E5E26 		.ascii	"\314N^&\270\023\363\350r\363\310r\363Y\331<\265\334"
 315      B813F3E8 
 315      72F3C872 
 315      F359D93C 
 315      B5DC
 316 0cfe 3CB1DC1C 		.ascii	"<\261\334\034!\233\307\227\233\307\2109\01317\334\005"
 316      219BC797 
 316      9BC78839 
 316      0B3137DC 
 316      05
 317 0d0f 723F13CD 		.ascii	"r?\023\315\2602\350\270@\315|\275\320\243\345#\213\357"
 317      B032E8B8 
 317      40CD7CBD 
 317      D0A3E523 
 317      8BEF
 318 0d21 82579081 		.ascii	"\202W\220\201\347\226\017\334\376\366\300\001\364\345"
 318      E7960FDC 
ARM GAS  /var/folders/d3/p12xj6d96hx5ptyrkl_lzds40000gn/T//ccjVfbYc.s 			page 25


 318      FEF6C001 
 318      F4E5
 319 0d2f 1F35BF5A 		.ascii	"\0375\277Zn~\371O\3460\231yRy\202K\335S\322\320\363"
 319      6E7EF94F 
 319      E6309979 
 319      5279824B 
 319      DD53D2D0 
 320 0d44 CA1C4B98 		.ascii	"\312\034K\230'$\357\202b\006\227\216;+yg\224\363G\315"
 320      2724EF82 
 320      6206978E 
 320      3B2B7967 
 320      94F347CD 
 321 0d58 A16C7F99 		.ascii	"\241l\177\231\221\237\006\375\014\253\325G\032E?\234"
 321      919F06FD 
 321      0CABD547 
 321      1A453F9C 
 322 0d68 0328064E 		.ascii	"\003(\006N\207S\302:\024\001:\017\012\003\235\006E\202"
 322      8753C23A 
 322      14013A0F 
 322      0A039D06 
 322      4582
 323 0d7a E241E740 		.ascii	"\342A\347@!\240pP4\350,\350\014(\016\224\000\212\005"
 323      21A07050 
 323      34E82CE8 
 323      0C280E94 
 323      008A05
 324 0d8d 850AEBC8 		.ascii	"\205\012\353\310}\230r\205\313\253\363B9\243d\302\344"
 324      7D987285 
 324      CBABF342 
 324      39A364C2 
 324      E4
 325 0d9e 0C2EEF35 		.ascii	"\014.\3575\232\3156\242G\303\316]y\234\304\352\325\362"
 325      9ACD36A2 
 325      47C3CE5D 
 325      799CC4EA 
 325      D5F2
 326 0db0 161D5C3E 		.ascii	"\026\035\\>\322\300?\255s\214\034\367\271\362\036]\352"
 326      D2C03FAD 
 326      738C1CF7 
 326      B9F21E5D 
 326      EA
 327 0dc1 9E9756EF 		.ascii	"\236\227V\357\265r\302\227d%N\036yX\231\203\230\305"
 327      B572C297 
 327      64254E1E 
 327      79589983 
 327      98C5
 328 0dd3 537AFA59 		.ascii	"Sz\372Y\261\035~M\257U\011\243\225\377\203\\V\321\211"
 328      B11D7E4D 
 328      AF5509A3 
 328      95FF835C 
 328      56D189
 329 0de6 E6572371 		.ascii	"\346W#q\246\027\240o\242|\241\022'\376\216\024\241$"
 329      A617A06F 
 329      A27CA112 
 329      27FE8E14 
 329      A124
 330 0df8 C8CCFF47 		.ascii	"\310\314\377G\226\304[\370Db\226\366\343\024s\022<["
ARM GAS  /var/folders/d3/p12xj6d96hx5ptyrkl_lzds40000gn/T//ccjVfbYc.s 			page 26


 330      96C45BF8 
 330      446296F6 
 330      E3147312 
 330      3C5B
 331 0e0a 850E6C8F 		.ascii	"\205\016l\217\0150\037\011\325\021\266FzS\344\024\250"
 331      0D301F09 
 331      D511B646 
 331      7A53E414 
 331      A8
 332 0e1b 179E0948 		.ascii	"\027\236\011H\345\337\340A!Y\370\030:[\272R\333l\360"
 332      E5DFE041 
 332      2159F818 
 332      3A5BBA52 
 332      DB6CF0
 333 0e2e 615B7A2B 		.ascii	"a[z+I\264\274^\001#\365\3012u\213\327\224J\201\\9S\350"
 333      49B4BC5E 
 333      0123F5C1 
 333      32758BD7 
 333      944A815C 
 334 0e45 1C975CFD 		.ascii	"\034\227\\\375\240F|a#|\254Y\355\346\357\263\337\335"
 334      A0467C61 
 334      237CAC59 
 334      EDE6EFB3 
 334      DFDD
 335 0e57 C7F380D1 		.ascii	"\307\363\200\321\323\315\370w\017\343!?\257\203>6\177"
 335      D3CDF877 
 335      0FE3213F 
 335      AF833E36 
 335      7F
 336 0e68 FCCBD76B 		.ascii	"\374\313\327k\\7m\322\374\333\206\015\006\327\375^{"
 336      5C376DD2 
 336      FCDB860D 
 336      06D7FD5E 
 336      7B
 337 0e79 BDBEF8CA 		.ascii	"\275\276\370\312p\320d\3608\350\355}\320\307p\350\240"
 337      70D064F0 
 337      38E8ED7D 
 337      D0C770E8 
 337      A0
 338 0e8a AF9FC9B0 		.ascii	"\257\237\311\260\363\257\273]w\377]\254;\344u\300\350"
 338      F3AFBB5D 
 338      77FF5DAC 
 338      3BE475C0 
 338      E8
 339 0e9b 6B32FCD1 		.ascii	"k2\374\321\325\325\360\275\321\303\357\240\257i\203"
 339      D5D5F0BD 
 339      D1C3EFA0 
 339      AF6983
 340 0eaa 87C6EE2F 		.ascii	"\207\306\356/\273\377\344\3669\031\331W\370o\243\373"
 340      BBFFE4F6 
 340      3919D957 
 340      F86FA3FB 
 341 0eba B782C77E 		.ascii	"\267\202\307~w\337\367\225\302i\254\334\017x\271\233"
 341      77DFF795 
 341      C269ACDC 
 341      0F78B99B 
 342 0eca DEFBDCDD 		.ascii	"\336\373\334\335\327\3633w\377\003~\274\337{\273\215"
ARM GAS  /var/folders/d3/p12xj6d96hx5ptyrkl_lzds40000gn/T//ccjVfbYc.s 			page 27


 342      D7F33377 
 342      FF037EBC 
 342      DF7BBB8D 
 343 0eda DEBBDD7D 		.ascii	"\336\273\335}\334\367\031y\315\312]\376\246\267,N_\233"
 343      DCF71979 
 343      CDCA5DFE 
 343      A6B72C4E 
 343      5F9B
 344 0eec A0F9AD2A 		.ascii	"\240\371\255*\233=\004b\223+;\330\274\221\037l\341\007"
 344      9B3D0462 
 344      932B3BD8 
 344      BC911F6C 
 344      E107
 345 0efe 3BECBEDA 		.ascii	";\354\276\332\343*\215\371\357\306\275\376\373v\037"
 345      E32A8DF9 
 345      EFC6BDFE 
 345      FB761F
 346 0f0d F45936C0 		.ascii	"\364Y6\300'[\034\2764\372x~\265\207\327;~\365\203\351"
 346      275B1CBE 
 346      34FA787E 
 346      B587D73B 
 346      7EF583E9 
 347 0f21 6F5E1EDF 		.ascii	"o^\036\337.\363m\341\343o\341\343o\331\301\0178\303"
 347      2EF36DE1 
 347      E36FE1E3 
 347      6FD9C10F 
 347      38C3
 348 0f33 56EED9CA 		.ascii	"V\356\331\312=[\271g+\367l\343\236m\334\263\215{\266"
 348      3D5BB967 
 348      2BF76CE3 
 348      9E6DDCB3 
 348      8D7BB6
 349 0f46 71CF76EE 		.ascii	"q\317v\356\331\316=\333\271g;\367\354\340\236\035\334"
 349      D9CE3DDB 
 349      B9673BF7 
 349      ECE09E1D 
 349      DC
 350 0f57 B3837B76 		.ascii	"\263\203{vp\317\247\334\363)\367|\312=\237r\317N\356"
 350      70CFA7DC 
 350      F329F77C 
 350      CA3D9F72 
 350      CF4EEE
 351 0f6a D9C93D3B 		.ascii	"\331\311=;\271g'\367\354\342\236]\334\263\213{v\271"
 351      B96727F7 
 351      ECE29E5D 
 351      DCB38B7B 
 351      76B9
 352 0f7c EAFF6A34 		.ascii	"\352\377j4\031\345\264\270\261\315!\370\233\214\236"
 352      19E5B4B8 
 352      B1CD21F8 
 352      9B8C9E
 353 0f8b D690F27D 		.ascii	"\326\220\362}>FO\333\015\254Vcm\202\003\330\015\216"
 353      3E464FDB 
 353      0DAC5663 
 353      6D8203D8 
 353      0D8E
 354 0f9d A61F4C   		.ascii	"\246\037L"
ARM GAS  /var/folders/d3/p12xj6d96hx5ptyrkl_lzds40000gn/T//ccjVfbYc.s 			page 28


 355 0fa0 7EE22AD3 		.ascii	"~\342*\323}\342k\357\345\373\035\353\352\346\247zC\356"
 355      7DE26BEF 
 355      E5FB1DEB 
 355      EAE6A77A 
 355      43EE
 356 0fb2 D7381C82 		.ascii	"\3278\034\202d\232\276\347\303\332|\317\222\274\332"
 356      649ABEE7 
 356      C3DA7CCF 
 356      92BCDA
 357 0fc1 534C3F0C 		.ascii	"SL?\014\343%F`\255v\246\357=\22697\357\340\007[\370"
 357      E3254660 
 357      AD76A6EF 
 357      3D963937 
 357      EFE0075B 
 358 0fd6 C14676B0 		.ascii	"\301Fv\260\311\303\311_\334\206\377E\266!\353\266r\257"
 358      C9C3C95F 
 358      DC86FF45 
 358      B621EBB6 
 358      72AF
 359 0fe8 BFE9AD8A 		.ascii	"\277\351\255\212\367\274\215\336\336t7\363\0328#<\337"
 359      F7BC8DDE 
 359      DE7437F3 
 359      1A38233C 
 359      DF
 360 0ff9 F2D8F978 		.ascii	"\362\330\371x{\361c"
 360      7BF163
 361 1000 BD2F593E 		.ascii	"\275/Y>V\322y\001\240\233\311\317\335\343[\235\233\233"
 361      56D27901 
 361      A09BC9CF 
 361      DDE35B9D 
 361      9B9B
 362 1012 BF978FDF 		.ascii	"\277\227\217\337'\233\335\374\376\323\340o\3625\034"
 362      279BDDFC 
 362      FED3E06F 
 362      F2351C
 363 1021 38E8E17E 		.ascii	"8\350\341~\300\260\317\303c\275\273\257\367z\237\203"
 363      C0B0CFC3 
 363      63BDBBAF 
 363      F77A9F83 
 364 1031 3EC6F546 		.ascii	">\306\365F\367\275^\353\267\272mY\277y\343\246m\337"
 364      F7BD5EEB 
 364      B7BA6D59 
 364      BF79E3A6 
 364      6DDF
 365 1043 6D36BCD5 		.ascii	"m6\274\325`\360\362\3618\340\357i4x\273{\354\367\362"
 365      60F0F2F1 
 365      38E0EF69 
 365      3478BB7B 
 365      ECF7F2
 366 1056 311ADC3C 		.ascii	"1\032\334<\031\273\337\017\207\214\342b\331\360\000"
 366      19BBDF0F 
 366      878CE262 
 366      D9F000
 367 1065 7FFEBF05 		.ascii	"\177\376\277\005\200\\\032\000\332\023F\203Q\255Y6l"
 367      805C1A00 
 367      DA134683 
 367      51AD5936 
ARM GAS  /var/folders/d3/p12xj6d96hx5ptyrkl_lzds40000gn/T//ccjVfbYc.s 			page 29


 367      6C
 368 1076 D9AF9B9F 		.ascii	"\331\257\233\237\223\233\233\267\273\227\017\235\227"
 368      939B9BB7 
 368      BB970F9D 
 368      97
 369 1083 1B24C8CD 		.ascii	"\033$\310\315\355\037\325/dU"
 369      ED1FD52F 
 369      6455
 370              		.text
 371              		.section	.gnu.lto_.symtab.f76f9e687d729a82,"",%progbits
 372 0000 5F756E68 		.ascii	"_unhandled_exception\000"
 372      616E646C 
 372      65645F65 
 372      78636570 
 372      74696F6E 
 373 0015 00       		.ascii	"\000"
 374 0016 00       		.ascii	"\000"
 375 0017 00       		.ascii	"\000"
 376 0018 00000000 		.ascii	"\000\000\000\000\000\000\000\000"
 376      00000000 
 377 0020 AD000000 		.ascii	"\255\000\000\000"
 378 0024 4E4D495F 		.ascii	"NMI_Handler\000"
 378      48616E64 
 378      6C657200 
 379 0030 00       		.ascii	"\000"
 380 0031 01       		.ascii	"\001"
 381 0032 00       		.ascii	"\000"
 382 0033 00000000 		.ascii	"\000\000\000\000\000\000\000\000"
 382      00000000 
 383 003b BF000000 		.ascii	"\277\000\000\000"
 384 003f 48617264 		.ascii	"HardFault_Handler\000"
 384      4661756C 
 384      745F4861 
 384      6E646C65 
 384      7200
 385 0051 00       		.ascii	"\000"
 386 0052 01       		.ascii	"\001"
 387 0053 00       		.ascii	"\000"
 388 0054 00000000 		.ascii	"\000\000\000\000\000\000\000\000"
 388      00000000 
 389 005c C5000000 		.ascii	"\305\000\000\000"
 390 0060 4D656D4D 		.ascii	"MemManage_Handler\000"
 390      616E6167 
 390      655F4861 
 390      6E646C65 
 390      7200
 391 0072 00       		.ascii	"\000"
 392 0073 01       		.ascii	"\001"
 393 0074 00       		.ascii	"\000"
 394 0075 00000000 		.ascii	"\000\000\000\000\000\000\000\000"
 394      00000000 
 395 007d CB000000 		.ascii	"\313\000\000\000"
 396 0081 42757346 		.ascii	"BusFault_Handler\000"
 396      61756C74 
 396      5F48616E 
 396      646C6572 
 396      00
ARM GAS  /var/folders/d3/p12xj6d96hx5ptyrkl_lzds40000gn/T//ccjVfbYc.s 			page 30


 397 0092 00       		.ascii	"\000"
 398 0093 01       		.ascii	"\001"
 399 0094 00       		.ascii	"\000"
 400 0095 00000000 		.ascii	"\000\000\000\000\000\000\000\000"
 400      00000000 
 401 009d D1000000 		.ascii	"\321\000\000\000"
 402 00a1 55736167 		.ascii	"UsageFault_Handler\000"
 402      65466175 
 402      6C745F48 
 402      616E646C 
 402      657200
 403 00b4 00       		.ascii	"\000"
 404 00b5 01       		.ascii	"\001"
 405 00b6 00       		.ascii	"\000"
 406 00b7 00000000 		.ascii	"\000\000\000\000\000\000\000\000"
 406      00000000 
 407 00bf D7000000 		.ascii	"\327\000\000\000"
 408 00c3 56656374 		.ascii	"Vector1C\000"
 408      6F723143 
 408      00
 409 00cc 00       		.ascii	"\000"
 410 00cd 01       		.ascii	"\001"
 411 00ce 00       		.ascii	"\000"
 412 00cf 00000000 		.ascii	"\000\000\000\000\000\000\000\000"
 412      00000000 
 413 00d7 DD000000 		.ascii	"\335\000\000\000"
 414 00db 56656374 		.ascii	"Vector20\000"
 414      6F723230 
 414      00
 415 00e4 00       		.ascii	"\000"
 416 00e5 01       		.ascii	"\001"
 417 00e6 00       		.ascii	"\000"
 418 00e7 00000000 		.ascii	"\000\000\000\000\000\000\000\000"
 418      00000000 
 419 00ef E3000000 		.ascii	"\343\000\000\000"
 420 00f3 56656374 		.ascii	"Vector24\000"
 420      6F723234 
 420      00
 421 00fc 00       		.ascii	"\000"
 422 00fd 01       		.ascii	"\001"
 423 00fe 00       		.ascii	"\000"
 424 00ff 00000000 		.ascii	"\000\000\000\000\000\000\000\000"
 424      00000000 
 425 0107 E9000000 		.ascii	"\351\000\000\000"
 426 010b 56656374 		.ascii	"Vector28\000"
 426      6F723238 
 426      00
 427 0114 00       		.ascii	"\000"
 428 0115 01       		.ascii	"\001"
 429 0116 00       		.ascii	"\000"
 430 0117 00000000 		.ascii	"\000\000\000\000\000\000\000\000"
 430      00000000 
 431 011f EF000000 		.ascii	"\357\000\000\000"
 432 0123 5356435F 		.ascii	"SVC_Handler\000"
 432      48616E64 
 432      6C657200 
 433 012f 00       		.ascii	"\000"
ARM GAS  /var/folders/d3/p12xj6d96hx5ptyrkl_lzds40000gn/T//ccjVfbYc.s 			page 31


 434 0130 01       		.ascii	"\001"
 435 0131 00       		.ascii	"\000"
 436 0132 00000000 		.ascii	"\000\000\000\000\000\000\000\000"
 436      00000000 
 437 013a F5000000 		.ascii	"\365\000\000\000"
 438 013e 44656275 		.ascii	"DebugMon_Handler\000"
 438      674D6F6E 
 438      5F48616E 
 438      646C6572 
 438      00
 439 014f 00       		.ascii	"\000"
 440 0150 01       		.ascii	"\001"
 441 0151 00       		.ascii	"\000"
 442 0152 00000000 		.ascii	"\000\000\000\000\000\000\000\000"
 442      00000000 
 443 015a FB000000 		.ascii	"\373\000\000\000"
 444 015e 56656374 		.ascii	"Vector34\000"
 444      6F723334 
 444      00
 445 0167 00       		.ascii	"\000"
 446 0168 01       		.ascii	"\001"
 447 0169 00       		.ascii	"\000"
 448 016a 00000000 		.ascii	"\000\000\000\000\000\000\000\000"
 448      00000000 
 449 0172 01010000 		.ascii	"\001\001\000\000"
 450 0176 50656E64 		.ascii	"PendSV_Handler\000"
 450      53565F48 
 450      616E646C 
 450      657200
 451 0185 00       		.ascii	"\000"
 452 0186 01       		.ascii	"\001"
 453 0187 00       		.ascii	"\000"
 454 0188 00000000 		.ascii	"\000\000\000\000\000\000\000\000"
 454      00000000 
 455 0190 07010000 		.ascii	"\007\001\000\000"
 456 0194 53797354 		.ascii	"SysTick_Handler\000"
 456      69636B5F 
 456      48616E64 
 456      6C657200 
 457 01a4 00       		.ascii	"\000"
 458 01a5 01       		.ascii	"\001"
 459 01a6 00       		.ascii	"\000"
 460 01a7 00000000 		.ascii	"\000\000\000\000\000\000\000\000"
 460      00000000 
 461 01af 0D010000 		.ascii	"\015\001\000\000"
 462 01b3 56656374 		.ascii	"Vector40\000"
 462      6F723430 
 462      00
 463 01bc 00       		.ascii	"\000"
 464 01bd 01       		.ascii	"\001"
 465 01be 00       		.ascii	"\000"
 466 01bf 00000000 		.ascii	"\000\000\000\000\000\000\000\000"
 466      00000000 
 467 01c7 13010000 		.ascii	"\023\001\000\000"
 468 01cb 56656374 		.ascii	"Vector44\000"
 468      6F723434 
 468      00
ARM GAS  /var/folders/d3/p12xj6d96hx5ptyrkl_lzds40000gn/T//ccjVfbYc.s 			page 32


 469 01d4 00       		.ascii	"\000"
 470 01d5 01       		.ascii	"\001"
 471 01d6 00       		.ascii	"\000"
 472 01d7 00000000 		.ascii	"\000\000\000\000\000\000\000\000"
 472      00000000 
 473 01df 19010000 		.ascii	"\031\001\000\000"
 474 01e3 56656374 		.ascii	"Vector48\000"
 474      6F723438 
 474      00
 475 01ec 00       		.ascii	"\000"
 476 01ed 01       		.ascii	"\001"
 477 01ee 00       		.ascii	"\000"
 478 01ef 00000000 		.ascii	"\000\000\000\000\000\000\000\000"
 478      00000000 
 479 01f7 1F010000 		.ascii	"\037\001\000\000"
 480 01fb 56656374 		.ascii	"Vector4C\000"
 480      6F723443 
 480      00
 481 0204 00       		.ascii	"\000"
 482 0205 01       		.ascii	"\001"
 483 0206 00       		.ascii	"\000"
 484 0207 00000000 		.ascii	"\000\000\000\000\000\000\000\000"
 484      00000000 
 485 020f 25010000 		.ascii	"%\001\000\000"
 486 0213 56656374 		.ascii	"Vector50\000"
 486      6F723530 
 486      00
 487 021c 00       		.ascii	"\000"
 488 021d 01       		.ascii	"\001"
 489 021e 00       		.ascii	"\000"
 490 021f 00000000 		.ascii	"\000\000\000\000\000\000\000\000"
 490      00000000 
 491 0227 2B010000 		.ascii	"+\001\000\000"
 492 022b 56656374 		.ascii	"Vector54\000"
 492      6F723534 
 492      00
 493 0234 00       		.ascii	"\000"
 494 0235 01       		.ascii	"\001"
 495 0236 00       		.ascii	"\000"
 496 0237 00000000 		.ascii	"\000\000\000\000\000\000\000\000"
 496      00000000 
 497 023f 31010000 		.ascii	"1\001\000\000"
 498 0243 56656374 		.ascii	"Vector58\000"
 498      6F723538 
 498      00
 499 024c 00       		.ascii	"\000"
 500 024d 01       		.ascii	"\001"
 501 024e 00       		.ascii	"\000"
 502 024f 00000000 		.ascii	"\000\000\000\000\000\000\000\000"
 502      00000000 
 503 0257 37010000 		.ascii	"7\001\000\000"
 504 025b 56656374 		.ascii	"Vector5C\000"
 504      6F723543 
 504      00
 505 0264 00       		.ascii	"\000"
 506 0265 01       		.ascii	"\001"
 507 0266 00       		.ascii	"\000"
ARM GAS  /var/folders/d3/p12xj6d96hx5ptyrkl_lzds40000gn/T//ccjVfbYc.s 			page 33


 508 0267 00000000 		.ascii	"\000\000\000\000\000\000\000\000"
 508      00000000 
 509 026f 3D010000 		.ascii	"=\001\000\000"
 510 0273 56656374 		.ascii	"Vector60\000"
 510      6F723630 
 510      00
 511 027c 00       		.ascii	"\000"
 512 027d 01       		.ascii	"\001"
 513 027e 00       		.ascii	"\000"
 514 027f 00000000 		.ascii	"\000\000\000\000\000\000\000\000"
 514      00000000 
 515 0287 43010000 		.ascii	"C\001\000\000"
 516 028b 56656374 		.ascii	"Vector64\000"
 516      6F723634 
 516      00
 517 0294 00       		.ascii	"\000"
 518 0295 01       		.ascii	"\001"
 519 0296 00       		.ascii	"\000"
 520 0297 00000000 		.ascii	"\000\000\000\000\000\000\000\000"
 520      00000000 
 521 029f 49010000 		.ascii	"I\001\000\000"
 522 02a3 56656374 		.ascii	"Vector68\000"
 522      6F723638 
 522      00
 523 02ac 00       		.ascii	"\000"
 524 02ad 01       		.ascii	"\001"
 525 02ae 00       		.ascii	"\000"
 526 02af 00000000 		.ascii	"\000\000\000\000\000\000\000\000"
 526      00000000 
 527 02b7 4F010000 		.ascii	"O\001\000\000"
 528 02bb 56656374 		.ascii	"Vector6C\000"
 528      6F723643 
 528      00
 529 02c4 00       		.ascii	"\000"
 530 02c5 01       		.ascii	"\001"
 531 02c6 00       		.ascii	"\000"
 532 02c7 00000000 		.ascii	"\000\000\000\000\000\000\000\000"
 532      00000000 
 533 02cf 55010000 		.ascii	"U\001\000\000"
 534 02d3 56656374 		.ascii	"Vector70\000"
 534      6F723730 
 534      00
 535 02dc 00       		.ascii	"\000"
 536 02dd 01       		.ascii	"\001"
 537 02de 00       		.ascii	"\000"
 538 02df 00000000 		.ascii	"\000\000\000\000\000\000\000\000"
 538      00000000 
 539 02e7 5B010000 		.ascii	"[\001\000\000"
 540 02eb 56656374 		.ascii	"Vector74\000"
 540      6F723734 
 540      00
 541 02f4 00       		.ascii	"\000"
 542 02f5 01       		.ascii	"\001"
 543 02f6 00       		.ascii	"\000"
 544 02f7 00000000 		.ascii	"\000\000\000\000\000\000\000\000"
 544      00000000 
 545 02ff 61010000 		.ascii	"a\001\000\000"
ARM GAS  /var/folders/d3/p12xj6d96hx5ptyrkl_lzds40000gn/T//ccjVfbYc.s 			page 34


 546 0303 56656374 		.ascii	"Vector78\000"
 546      6F723738 
 546      00
 547 030c 00       		.ascii	"\000"
 548 030d 01       		.ascii	"\001"
 549 030e 00       		.ascii	"\000"
 550 030f 00000000 		.ascii	"\000\000\000\000\000\000\000\000"
 550      00000000 
 551 0317 67010000 		.ascii	"g\001\000\000"
 552 031b 56656374 		.ascii	"Vector7C\000"
 552      6F723743 
 552      00
 553 0324 00       		.ascii	"\000"
 554 0325 01       		.ascii	"\001"
 555 0326 00       		.ascii	"\000"
 556 0327 00000000 		.ascii	"\000\000\000\000\000\000\000\000"
 556      00000000 
 557 032f 6D010000 		.ascii	"m\001\000\000"
 558 0333 56656374 		.ascii	"Vector80\000"
 558      6F723830 
 558      00
 559 033c 00       		.ascii	"\000"
 560 033d 01       		.ascii	"\001"
 561 033e 00       		.ascii	"\000"
 562 033f 00000000 		.ascii	"\000\000\000\000\000\000\000\000"
 562      00000000 
 563 0347 73010000 		.ascii	"s\001\000\000"
 564 034b 56656374 		.ascii	"Vector84\000"
 564      6F723834 
 564      00
 565 0354 00       		.ascii	"\000"
 566 0355 01       		.ascii	"\001"
 567 0356 00       		.ascii	"\000"
 568 0357 00000000 		.ascii	"\000\000\000\000\000\000\000\000"
 568      00000000 
 569 035f 79010000 		.ascii	"y\001\000\000"
 570 0363 56656374 		.ascii	"Vector88\000"
 570      6F723838 
 570      00
 571 036c 00       		.ascii	"\000"
 572 036d 01       		.ascii	"\001"
 573 036e 00       		.ascii	"\000"
 574 036f 00000000 		.ascii	"\000\000\000\000\000\000\000\000"
 574      00000000 
 575 0377 7F010000 		.ascii	"\177\001\000\000"
 576 037b 56656374 		.ascii	"Vector8C\000"
 576      6F723843 
 576      00
 577 0384 00       		.ascii	"\000"
 578 0385 01       		.ascii	"\001"
 579 0386 00       		.ascii	"\000"
 580 0387 00000000 		.ascii	"\000\000\000\000\000\000\000\000"
 580      00000000 
 581 038f 85010000 		.ascii	"\205\001\000\000"
 582 0393 56656374 		.ascii	"Vector90\000"
 582      6F723930 
 582      00
ARM GAS  /var/folders/d3/p12xj6d96hx5ptyrkl_lzds40000gn/T//ccjVfbYc.s 			page 35


 583 039c 00       		.ascii	"\000"
 584 039d 01       		.ascii	"\001"
 585 039e 00       		.ascii	"\000"
 586 039f 00000000 		.ascii	"\000\000\000\000\000\000\000\000"
 586      00000000 
 587 03a7 8B010000 		.ascii	"\213\001\000\000"
 588 03ab 56656374 		.ascii	"Vector94\000"
 588      6F723934 
 588      00
 589 03b4 00       		.ascii	"\000"
 590 03b5 01       		.ascii	"\001"
 591 03b6 00       		.ascii	"\000"
 592 03b7 00000000 		.ascii	"\000\000\000\000\000\000\000\000"
 592      00000000 
 593 03bf 91010000 		.ascii	"\221\001\000\000"
 594 03c3 56656374 		.ascii	"Vector98\000"
 594      6F723938 
 594      00
 595 03cc 00       		.ascii	"\000"
 596 03cd 01       		.ascii	"\001"
 597 03ce 00       		.ascii	"\000"
 598 03cf 00000000 		.ascii	"\000\000\000\000\000\000\000\000"
 598      00000000 
 599 03d7 97010000 		.ascii	"\227\001\000\000"
 600 03db 56656374 		.ascii	"Vector9C\000"
 600      6F723943 
 600      00
 601 03e4 00       		.ascii	"\000"
 602 03e5 01       		.ascii	"\001"
 603 03e6 00       		.ascii	"\000"
 604 03e7 00000000 		.ascii	"\000\000\000\000\000\000\000\000"
 604      00000000 
 605 03ef 9D010000 		.ascii	"\235\001\000\000"
 606 03f3 56656374 		.ascii	"VectorA0\000"
 606      6F724130 
 606      00
 607 03fc 00       		.ascii	"\000"
 608 03fd 01       		.ascii	"\001"
 609 03fe 00       		.ascii	"\000"
 610 03ff 00000000 		.ascii	"\000\000\000\000\000\000\000\000"
 610      00000000 
 611 0407 A3010000 		.ascii	"\243\001\000\000"
 612 040b 56656374 		.ascii	"VectorA4\000"
 612      6F724134 
 612      00
 613 0414 00       		.ascii	"\000"
 614 0415 01       		.ascii	"\001"
 615 0416 00       		.ascii	"\000"
 616 0417 00000000 		.ascii	"\000\000\000\000\000\000\000\000"
 616      00000000 
 617 041f A9010000 		.ascii	"\251\001\000\000"
 618 0423 56656374 		.ascii	"VectorA8\000"
 618      6F724138 
 618      00
 619 042c 00       		.ascii	"\000"
 620 042d 01       		.ascii	"\001"
 621 042e 00       		.ascii	"\000"
ARM GAS  /var/folders/d3/p12xj6d96hx5ptyrkl_lzds40000gn/T//ccjVfbYc.s 			page 36


 622 042f 00000000 		.ascii	"\000\000\000\000\000\000\000\000"
 622      00000000 
 623 0437 AF010000 		.ascii	"\257\001\000\000"
 624 043b 56656374 		.ascii	"VectorAC\000"
 624      6F724143 
 624      00
 625 0444 00       		.ascii	"\000"
 626 0445 01       		.ascii	"\001"
 627 0446 00       		.ascii	"\000"
 628 0447 00000000 		.ascii	"\000\000\000\000\000\000\000\000"
 628      00000000 
 629 044f B5010000 		.ascii	"\265\001\000\000"
 630 0453 56656374 		.ascii	"VectorB0\000"
 630      6F724230 
 630      00
 631 045c 00       		.ascii	"\000"
 632 045d 01       		.ascii	"\001"
 633 045e 00       		.ascii	"\000"
 634 045f 00000000 		.ascii	"\000\000\000\000\000\000\000\000"
 634      00000000 
 635 0467 BB010000 		.ascii	"\273\001\000\000"
 636 046b 56656374 		.ascii	"VectorB4\000"
 636      6F724234 
 636      00
 637 0474 00       		.ascii	"\000"
 638 0475 01       		.ascii	"\001"
 639 0476 00       		.ascii	"\000"
 640 0477 00000000 		.ascii	"\000\000\000\000\000\000\000\000"
 640      00000000 
 641 047f C1010000 		.ascii	"\301\001\000\000"
 642 0483 56656374 		.ascii	"VectorB8\000"
 642      6F724238 
 642      00
 643 048c 00       		.ascii	"\000"
 644 048d 01       		.ascii	"\001"
 645 048e 00       		.ascii	"\000"
 646 048f 00000000 		.ascii	"\000\000\000\000\000\000\000\000"
 646      00000000 
 647 0497 C7010000 		.ascii	"\307\001\000\000"
 648 049b 56656374 		.ascii	"VectorBC\000"
 648      6F724243 
 648      00
 649 04a4 00       		.ascii	"\000"
 650 04a5 01       		.ascii	"\001"
 651 04a6 00       		.ascii	"\000"
 652 04a7 00000000 		.ascii	"\000\000\000\000\000\000\000\000"
 652      00000000 
 653 04af CD010000 		.ascii	"\315\001\000\000"
 654 04b3 5F766563 		.ascii	"_vectors\000"
 654      746F7273 
 654      00
 655 04bc 00       		.ascii	"\000"
 656 04bd 00       		.ascii	"\000"
 657 04be 00       		.ascii	"\000"
 658 04bf 00000000 		.ascii	"\000\000\000\000\000\000\000\000"
 658      00000000 
 659 04c7 22020000 		.ascii	"\"\002\000\000"
ARM GAS  /var/folders/d3/p12xj6d96hx5ptyrkl_lzds40000gn/T//ccjVfbYc.s 			page 37


 660 04cb 5F5F6D61 		.ascii	"__main_stack_end__\000"
 660      696E5F73 
 660      7461636B 
 660      5F656E64 
 660      5F5F00
 661 04de 00       		.ascii	"\000"
 662 04df 02       		.ascii	"\002"
 663 04e0 00       		.ascii	"\000"
 664 04e1 00000000 		.ascii	"\000\000\000\000\000\000\000\000"
 664      00000000 
 665 04e9 24020000 		.ascii	"$\002\000\000"
 666 04ed 52657365 		.ascii	"Reset_Handler\000"
 666      745F4861 
 666      6E646C65 
 666      7200
 667 04fb 00       		.ascii	"\000"
 668 04fc 02       		.ascii	"\002"
 669 04fd 00       		.ascii	"\000"
 670 04fe 00000000 		.ascii	"\000\000\000\000\000\000\000\000"
 670      00000000 
 671 0506 CF010000 		.ascii	"\317\001\000\000"
 672              		.text
 673              		.section	.gnu.lto_.opts,"",%progbits
 674 0000 272D666D 		.ascii	"'-fmath-errno' '-fsigned-zeros' '-ftrapping-math' '"
 674      6174682D 
 674      6572726E 
 674      6F272027 
 674      2D667369 
 675 0033 2D666E6F 		.ascii	"-fno-trapv' '-fno-openmp' '-fno-openacc' '-mcpu=cor"
 675      2D747261 
 675      70762720 
 675      272D666E 
 675      6F2D6F70 
 676 0066 7465782D 		.ascii	"tex-m0' '-mno-thumb-interwork' '-mthumb' '-ggdb' '-"
 676      6D302720 
 676      272D6D6E 
 676      6F2D7468 
 676      756D622D 
 677 0099 4F322720 		.ascii	"O2' '-fomit-frame-pointer' '-falign-functions=16' '"
 677      272D666F 
 677      6D69742D 
 677      6672616D 
 677      652D706F 
 678 00cc 2D666675 		.ascii	"-ffunction-sections' '-fdata-sections' '-fno-common"
 678      6E637469 
 678      6F6E2D73 
 678      65637469 
 678      6F6E7327 
 679 00ff 2720272D 		.ascii	"' '-flto'\000"
 679      666C746F 
 679      2700
 680              		.text
 681              		.comm	__gnu_lto_v1,1,1
 682              		.comm	__gnu_lto_slim,1,1
 683              		.ident	"GCC: (GNU Tools for ARM Embedded Processors) 5.4.1 20160609 (release) [ARM/embedded-5-bran
ARM GAS  /var/folders/d3/p12xj6d96hx5ptyrkl_lzds40000gn/T//ccjVfbYc.s 			page 38


DEFINED SYMBOLS
                            *ABS*:0000000000000000 vectors.c
                            *COM*:0000000000000001 __gnu_lto_v1
                            *COM*:0000000000000001 __gnu_lto_slim

NO UNDEFINED SYMBOLS
